<?xml version="1.0" encoding="UTF-8"?>
<testsuite name="com.app.server.service.appbasicsetup.aaa.JwtConfigTestCase" tests="5" skipped="0" failures="0" errors="0" timestamp="2016-06-29T08:24:42" hostname="f4c97bdd9de9" time="23.098">
  <properties/>
  <testcase name="test1Save" classname="com.app.server.service.appbasicsetup.aaa.JwtConfigTestCase" time="23.009"/>
  <testcase name="test2Update" classname="com.app.server.service.appbasicsetup.aaa.JwtConfigTestCase" time="0.028"/>
  <testcase name="test3FindById" classname="com.app.server.service.appbasicsetup.aaa.JwtConfigTestCase" time="0.011"/>
  <testcase name="test5NegativeTesting" classname="com.app.server.service.appbasicsetup.aaa.JwtConfigTestCase" time="0.032"/>
  <testcase name="test6Delete" classname="com.app.server.service.appbasicsetup.aaa.JwtConfigTestCase" time="0.017"/>
  <system-out><![CDATA[Wed Jun 29 08:24:41 UTC 2016|Log Manager Factory|Initialization Process started.....
Wed Jun 29 08:24:41 UTC 2016|Log Manager|Initialized with Path = [/home/applifire/workspace/newtest1/src/main/webapp/WEB-INF/conf]
Wed Jun 29 08:24:41 UTC 2016|Alarm Manager|Initialized with Path = [/home/applifire/workspace/newtest1/src/main/webapp/WEB-INF/conf]
Wed Jun 29 08:24:41 UTC 2016|Alarm Manager|Loading Alarms ......
Wed Jun 29 08:24:42 UTC 2016|Alarm XML Parser|FWA|XML Parsing Complete........ 
Wed Jun 29 08:24:41 UTC 2016|Alarm File Manager|FWA|Alarm File Status.. [ApplicationFrameworkAlarms.xml]|Version=15|Status=Done 
Wed Jun 29 08:24:42 UTC 2016|Alarm File Manager|FWA|Alarm Stats = ( BC/AL=4/676 SYS=4/10 [676/0]  TPL=0/0 [0/0]  APP= A.Map=[759]  E.Map EC/RC=[322/67] )
Wed Jun 29 08:24:42 UTC 2016|Alarm XML Parser|APP|XML Parsing Complete........ 
Wed Jun 29 08:24:42 UTC 2016|Alarm File Manager|APP|Alarm File Status.. [ApplicationAlarms.xml]|Version=1|Status=Done 
Wed Jun 29 08:24:42 UTC 2016|Alarm File Manager|APP|Alarm Stats = ( BC/AL=4/676 SYS=4/10 [676/0]  TPL=0/0 [0/0]  APP=0/0 [0/0]  A.Map=[759]  E.Map EC/RC=[322/67] )
Wed Jun 29 08:24:42 UTC 2016|ApplicationAlarmContext| <><><><><> Create App Alarms ....  <><><><><> 
Wed Jun 29 08:24:42 UTC 2016|ApplicationAlarmContext|Alarms are generated ONLY in Development Mode.. 
Wed Jun 29 08:24:42 UTC 2016|Alarm Manager|APP|Alarm Stats = ( BC/AL=4/676 SYS=4/10 [676/0]  TPL=0/0 [0/0]  APP=0/0 [0/0]  A.Map=[759]  E.Map EC/RC=[322/67] )
Wed Jun 29 08:24:42 UTC 2016|Alarm Manager|Initialized Exception Lookup...
Wed Jun 29 08:24:42 UTC 2016|Log Manager|Initialize Log Config File ......
Wed Jun 29 08:24:42 UTC 2016|Pluggable Connectors|Adding Connectors : StandardOutputConnector isEnabled=true isDefault=false isFallBack=true
Wed Jun 29 08:24:42 UTC 2016|Pluggable Connectors|Adding Connectors : StandardFileConnector isEnabled=true isDefault=false isFallBack=false
Wed Jun 29 08:24:42 UTC 2016|Pluggable Connectors|Adding Connectors : Sprinkler isEnabled=true isDefault=true isFallBack=false
Wed Jun 29 08:24:42 UTC 2016|Pluggable Connectors|Default Connector Name : com.spartan.logger.core.LogMessenger
Wed Jun 29 08:24:42 UTC 2016|Log Config Parser|Connector Least Log Level =[4]  FallBack Log Level =[3]
Wed Jun 29 08:24:42 UTC 2016|Log Manager|Loading Default Connector for Logging ......
Wed Jun 29 08:24:42 UTC 2016|Log Manager|Loading class .. com.spartan.logger.core.LogMessenger
Wed Jun 29 08:24:42 UTC 2016|Plugggable Connector|Connector class com.spartan.logger.core.LogMessenger Initialized... @ Log Level = 3
Wed Jun 29 08:24:42 UTC 2016|Log Manager|Starting the Default Connector [com.spartan.logger.core.LogMessenger@339c98d3] ....
Wed Jun 29 08:24:42 UTC 2016|Scheduler|Starting the Scheduler ......
Wed Jun 29 08:24:42 UTC 2016|Scheduler|Adding [LMID=[5d52d36d-00f8-4e5f-abb6-f05e0aef71ec]] Delay=5 Time Unit=MINUTES
Wed Jun 29 08:24:42 UTC 2016|Scheduler|Adding [App Alarm Manager File=[ApplicationAlarms.xml]] Delay=30 Time Unit=MINUTES
Wed Jun 29 08:24:42 UTC 2016|Scheduler|Adding [FW Alarm Manager File=[ApplicationFrameworkAlarms.xml]] Delay=3 Time Unit=MINUTES
Wed Jun 29 08:24:42 UTC 2016|Scheduler|Startup Completed..
Wed Jun 29 08:24:42 UTC 2016|Log Manager|Initialization Process Complete ......
Wed Jun 29 08:24:42 UTC 2016|Log Manager Factory|Log Manager READY! ID = 5d52d36d-00f8-4e5f-abb6-f05e0aef71ec
[EL Finest]: jpa: 2016-06-29 08:24:49.514--ServerSession(1088819099)--Thread(Thread[Test worker,5,main])--Begin predeploying Persistence Unit com; session file:/home/applifire/workspace/newtest1/build/libs/app-shared-appbasicsetup-aaa-1.0.jar_com; state Initial; factoryCount 0
[EL Finest]: properties: 2016-06-29 08:24:49.529--ServerSession(1088819099)--Thread(Thread[Test worker,5,main])--property=eclipselink.orm.throw.exceptions; default value=true
[EL Finest]: properties: 2016-06-29 08:24:49.529--ServerSession(1088819099)--Thread(Thread[Test worker,5,main])--property=eclipselink.multitenant.tenants-share-emf; default value=true
[EL Finest]: properties: 2016-06-29 08:24:49.53--ServerSession(1088819099)--Thread(Thread[Test worker,5,main])--property=eclipselink.multitenant.tenants-share-cache; default value=false
[EL Finer]: metadata: 2016-06-29 08:24:49.543--ServerSession(1088819099)--Thread(Thread[Test worker,5,main])--Searching for default mapping file in file:/home/applifire/workspace/newtest1/build/libs/app-shared-appbasicsetup-aaa-1.0.jar (There is no English translation for this message.)
[EL Finer]: metadata: 2016-06-29 08:24:49.546--ServerSession(1088819099)--Thread(Thread[Test worker,5,main])--Searching for default mapping file in file:/home/applifire/workspace/newtest1/build/libs/app-shared-appbasicsetup-aaa-1.0.jar (There is no English translation for this message.)
[EL Config]: metadata: 2016-06-29 08:24:49.69--ServerSession(1088819099)--Thread(Thread[Test worker,5,main])--The access type for the persistent class [class com.app.shared.appbasicsetup.usermanagement.ArtPasswordPolicy] is set to [FIELD].
[EL Config]: metadata: 2016-06-29 08:24:49.709--ServerSession(1088819099)--Thread(Thread[Test worker,5,main])--The access type for the persistent class [class com.app.shared.appbasicsetup.usermanagement.PasswordAlgo] is set to [FIELD].
[EL Config]: metadata: 2016-06-29 08:24:49.71--ServerSession(1088819099)--Thread(Thread[Test worker,5,main])--The access type for the persistent class [class com.app.shared.organization.contactmanagement.ContactType] is set to [FIELD].
[EL Config]: metadata: 2016-06-29 08:24:49.711--ServerSession(1088819099)--Thread(Thread[Test worker,5,main])--The access type for the persistent class [class com.app.shared.organization.locationmanagement.City] is set to [FIELD].
[EL Config]: metadata: 2016-06-29 08:24:49.712--ServerSession(1088819099)--Thread(Thread[Test worker,5,main])--The access type for the persistent class [class com.app.shared.organization.contactmanagement.CoreContacts] is set to [FIELD].
[EL Config]: metadata: 2016-06-29 08:24:49.718--ServerSession(1088819099)--Thread(Thread[Test worker,5,main])--The target entity (reference) class for the one to one mapping element [field timezone] is being defaulted to: class com.app.shared.organization.locationmanagement.Timezone.
[EL Config]: metadata: 2016-06-29 08:24:49.723--ServerSession(1088819099)--Thread(Thread[Test worker,5,main])--The target entity (reference) class for the one to many mapping element [field address] is being defaulted to: class com.app.shared.organization.locationmanagement.Address.
[EL Config]: metadata: 2016-06-29 08:24:49.724--ServerSession(1088819099)--Thread(Thread[Test worker,5,main])--The target entity (reference) class for the one to many mapping element [field communicationData] is being defaulted to: class com.app.shared.organization.contactmanagement.CommunicationData.
[EL Config]: metadata: 2016-06-29 08:24:49.724--ServerSession(1088819099)--Thread(Thread[Test worker,5,main])--The access type for the persistent class [class com.app.shared.appbasicsetup.usermanagement.ArtPasswordAlgorithm] is set to [FIELD].
[EL Config]: metadata: 2016-06-29 08:24:49.725--ServerSession(1088819099)--Thread(Thread[Test worker,5,main])--The access type for the persistent class [class com.app.shared.appbasicsetup.usermanagement.SessionData] is set to [FIELD].
[EL Config]: metadata: 2016-06-29 08:24:49.726--ServerSession(1088819099)--Thread(Thread[Test worker,5,main])--The access type for the persistent class [class com.athena.shared.pluggable.entity.ArtEntity] is set to [FIELD].
[EL Config]: metadata: 2016-06-29 08:24:49.727--ServerSession(1088819099)--Thread(Thread[Test worker,5,main])--The access type for the persistent class [class com.athena.shared.pluggable.entity.AuditPropertiesEntity] is set to [FIELD].
[EL Config]: metadata: 2016-06-29 08:24:49.729--ServerSession(1088819099)--Thread(Thread[Test worker,5,main])--The access type for the persistent class [class com.app.shared.appbasicsetup.aaa.ArtUserLastStatus] is set to [FIELD].
[EL Config]: metadata: 2016-06-29 08:24:49.73--ServerSession(1088819099)--Thread(Thread[Test worker,5,main])--The access type for the persistent class [class com.spartan.healthmeter.entity.ArtHealthStatusConfiguration] is set to [FIELD].
[EL Config]: metadata: 2016-06-29 08:24:49.73--ServerSession(1088819099)--Thread(Thread[Test worker,5,main])--The access type for the persistent class [class com.app.shared.appinsight.alarms.ArtLogSeverity] is set to [FIELD].
[EL Config]: metadata: 2016-06-29 08:24:49.731--ServerSession(1088819099)--Thread(Thread[Test worker,5,main])--The access type for the persistent class [class com.app.shared.appbasicsetup.usermanagement.ArtAppNotificationTemplate] is set to [FIELD].
[EL Config]: metadata: 2016-06-29 08:24:49.731--ServerSession(1088819099)--Thread(Thread[Test worker,5,main])--The access type for the persistent class [class com.app.shared.appbasicsetup.userrolemanagement.Roles] is set to [FIELD].
[EL Config]: metadata: 2016-06-29 08:24:49.732--ServerSession(1088819099)--Thread(Thread[Test worker,5,main])--The target entity (reference) class for the one to many mapping element [field roleMenuBridge] is being defaulted to: class com.app.shared.appbasicsetup.userrolemanagement.RoleMenuBridge.
[EL Config]: metadata: 2016-06-29 08:24:49.732--ServerSession(1088819099)--Thread(Thread[Test worker,5,main])--The access type for the persistent class [class com.app.shared.organization.locationmanagement.Country] is set to [FIELD].
[EL Config]: metadata: 2016-06-29 08:24:49.733--ServerSession(1088819099)--Thread(Thread[Test worker,5,main])--The access type for the persistent class [class com.app.shared.appinsight.alarms.ArtLogBoundedContext] is set to [FIELD].
[EL Config]: metadata: 2016-06-29 08:24:49.733--ServerSession(1088819099)--Thread(Thread[Test worker,5,main])--The target entity (reference) class for the one to many mapping element [field artLogDomain] is being defaulted to: class com.app.shared.appinsight.alarms.ArtLogDomain.
[EL Config]: metadata: 2016-06-29 08:24:49.734--ServerSession(1088819099)--Thread(Thread[Test worker,5,main])--The access type for the persistent class [class com.app.shared.appinsight.alarms.ArtLogEvents] is set to [FIELD].
[EL Config]: metadata: 2016-06-29 08:24:49.735--ServerSession(1088819099)--Thread(Thread[Test worker,5,main])--The access type for the persistent class [class com.app.shared.appinsight.alarms.ArtLogAlarm] is set to [FIELD].
[EL Config]: metadata: 2016-06-29 08:24:49.736--ServerSession(1088819099)--Thread(Thread[Test worker,5,main])--The access type for the persistent class [class com.spartan.healthmeter.entity.ZenHealthGauge] is set to [FIELD].
[EL Config]: metadata: 2016-06-29 08:24:49.736--ServerSession(1088819099)--Thread(Thread[Test worker,5,main])--The access type for the persistent class [class com.app.shared.organization.contactmanagement.Gender] is set to [FIELD].
[EL Config]: metadata: 2016-06-29 08:24:49.737--ServerSession(1088819099)--Thread(Thread[Test worker,5,main])--The access type for the persistent class [class com.app.shared.organization.contactmanagement.CommunicationType] is set to [FIELD].
[EL Config]: metadata: 2016-06-29 08:24:49.737--ServerSession(1088819099)--Thread(Thread[Test worker,5,main])--The access type for the persistent class [class com.app.shared.appbasicsetup.userrolemanagement.RoleMenuBridge] is set to [FIELD].
[EL Config]: metadata: 2016-06-29 08:24:49.738--ServerSession(1088819099)--Thread(Thread[Test worker,5,main])--The target entity (reference) class for the one to one mapping element [field roles] is being defaulted to: class com.app.shared.appbasicsetup.userrolemanagement.Roles.
[EL Config]: metadata: 2016-06-29 08:24:49.738--ServerSession(1088819099)--Thread(Thread[Test worker,5,main])--The access type for the persistent class [class com.app.shared.organization.locationmanagement.Timezone] is set to [FIELD].
[EL Config]: metadata: 2016-06-29 08:24:49.739--ServerSession(1088819099)--Thread(Thread[Test worker,5,main])--The access type for the persistent class [class com.app.shared.appbasicsetup.usermanagement.PasswordPolicy] is set to [FIELD].
[EL Config]: metadata: 2016-06-29 08:24:49.74--ServerSession(1088819099)--Thread(Thread[Test worker,5,main])--The access type for the persistent class [class com.spartan.healthmeter.entity.HealthSchedulerConfiguration] is set to [FIELD].
[EL Config]: metadata: 2016-06-29 08:24:49.74--ServerSession(1088819099)--Thread(Thread[Test worker,5,main])--The access type for the persistent class [class com.app.shared.appinsight.alarms.ArtLogStatus] is set to [FIELD].
[EL Config]: metadata: 2016-06-29 08:24:49.741--ServerSession(1088819099)--Thread(Thread[Test worker,5,main])--The access type for the persistent class [class com.spartan.healthmeter.entity.ZenSchedulerHealth] is set to [FIELD].
[EL Config]: metadata: 2016-06-29 08:24:49.742--ServerSession(1088819099)--Thread(Thread[Test worker,5,main])--The access type for the persistent class [class com.app.shared.organization.locationmanagement.Address] is set to [FIELD].
[EL Config]: metadata: 2016-06-29 08:24:49.743--ServerSession(1088819099)--Thread(Thread[Test worker,5,main])--The access type for the persistent class [class com.app.shared.organization.locationmanagement.Language] is set to [FIELD].
[EL Config]: metadata: 2016-06-29 08:24:49.744--ServerSession(1088819099)--Thread(Thread[Test worker,5,main])--The access type for the persistent class [class com.app.shared.appbasicsetup.usermanagement.PassRecovery] is set to [FIELD].
[EL Config]: metadata: 2016-06-29 08:24:49.745--ServerSession(1088819099)--Thread(Thread[Test worker,5,main])--The target entity (reference) class for the one to one mapping element [field user] is being defaulted to: class com.app.shared.appbasicsetup.usermanagement.User.
[EL Config]: metadata: 2016-06-29 08:24:49.745--ServerSession(1088819099)--Thread(Thread[Test worker,5,main])--The access type for the persistent class [class com.app.shared.appinsight.alarms.ArtLogConfig] is set to [FIELD].
[EL Config]: metadata: 2016-06-29 08:24:49.745--ServerSession(1088819099)--Thread(Thread[Test worker,5,main])--The access type for the persistent class [class com.app.shared.appinsight.alarms.ArtLogEventAction] is set to [FIELD].
[EL Config]: metadata: 2016-06-29 08:24:49.745--ServerSession(1088819099)--Thread(Thread[Test worker,5,main])--The access type for the persistent class [class com.app.shared.appbasicsetup.usermanagement.LoginSession] is set to [FIELD].
[EL Config]: metadata: 2016-06-29 08:24:49.746--ServerSession(1088819099)--Thread(Thread[Test worker,5,main])--The access type for the persistent class [class com.app.shared.organization.locationmanagement.State] is set to [FIELD].
[EL Config]: metadata: 2016-06-29 08:24:49.747--ServerSession(1088819099)--Thread(Thread[Test worker,5,main])--The access type for the persistent class [class com.app.shared.appbasicsetup.usermanagement.UserAccessDomain] is set to [FIELD].
[EL Config]: metadata: 2016-06-29 08:24:49.748--ServerSession(1088819099)--Thread(Thread[Test worker,5,main])--The access type for the persistent class [class com.app.shared.organization.contactmanagement.CommunicationGroup] is set to [FIELD].
[EL Config]: metadata: 2016-06-29 08:24:49.748--ServerSession(1088819099)--Thread(Thread[Test worker,5,main])--The access type for the persistent class [class com.app.shared.appinsight.alarms.ArtLoggingProperties] is set to [FIELD].
[EL Config]: metadata: 2016-06-29 08:24:49.748--ServerSession(1088819099)--Thread(Thread[Test worker,5,main])--The target entity (reference) class for the many to one mapping element [field artLogConfig] is being defaulted to: class com.app.shared.appinsight.alarms.ArtLogConfig.
[EL Config]: metadata: 2016-06-29 08:24:49.749--ServerSession(1088819099)--Thread(Thread[Test worker,5,main])--The access type for the persistent class [class com.app.shared.appinsight.alarms.ArtLogConnector] is set to [FIELD].
[EL Config]: metadata: 2016-06-29 08:24:49.749--ServerSession(1088819099)--Thread(Thread[Test worker,5,main])--The target entity (reference) class for the one to many mapping element [field logConnectorAttributes] is being defaulted to: class com.app.shared.appinsight.alarms.ArtLogConnectorAttributes.
[EL Config]: metadata: 2016-06-29 08:24:49.749--ServerSession(1088819099)--Thread(Thread[Test worker,5,main])--The target entity (reference) class for the many to one mapping element [field artLogConfig] is being defaulted to: class com.app.shared.appinsight.alarms.ArtLogConfig.
[EL Config]: metadata: 2016-06-29 08:24:49.75--ServerSession(1088819099)--Thread(Thread[Test worker,5,main])--The access type for the persistent class [class com.app.shared.appbasicsetup.usermanagement.User] is set to [FIELD].
[EL Config]: metadata: 2016-06-29 08:24:49.75--ServerSession(1088819099)--Thread(Thread[Test worker,5,main])--The target entity (reference) class for the one to one mapping element [field userData] is being defaulted to: class com.app.shared.appbasicsetup.usermanagement.UserData.
[EL Config]: metadata: 2016-06-29 08:24:49.751--ServerSession(1088819099)--Thread(Thread[Test worker,5,main])--The target entity (reference) class for the one to many mapping element [field passRecovery] is being defaulted to: class com.app.shared.appbasicsetup.usermanagement.PassRecovery.
[EL Config]: metadata: 2016-06-29 08:24:49.751--ServerSession(1088819099)--Thread(Thread[Test worker,5,main])--The access type for the persistent class [class com.app.shared.appinsight.alarms.ArtLogArchitectureLayer] is set to [FIELD].
[EL Config]: metadata: 2016-06-29 08:24:49.751--ServerSession(1088819099)--Thread(Thread[Test worker,5,main])--The access type for the persistent class [class com.app.shared.appbasicsetup.aaa.JwtConfig] is set to [FIELD].
[EL Config]: metadata: 2016-06-29 08:24:49.752--ServerSession(1088819099)--Thread(Thread[Test worker,5,main])--The access type for the persistent class [class com.spartan.healthmeter.entity.ZenHealthStatus] is set to [FIELD].
[EL Config]: metadata: 2016-06-29 08:24:49.752--ServerSession(1088819099)--Thread(Thread[Test worker,5,main])--The access type for the persistent class [class com.app.shared.organization.contactmanagement.CommunicationData] is set to [FIELD].
[EL Config]: metadata: 2016-06-29 08:24:49.753--ServerSession(1088819099)--Thread(Thread[Test worker,5,main])--The access type for the persistent class [class com.app.shared.appbasicsetup.userrolemanagement.UserRoleBridge] is set to [FIELD].
[EL Config]: metadata: 2016-06-29 08:24:49.753--ServerSession(1088819099)--Thread(Thread[Test worker,5,main])--The access type for the persistent class [class com.app.shared.appbasicsetup.usermanagement.Question] is set to [FIELD].
[EL Config]: metadata: 2016-06-29 08:24:49.754--ServerSession(1088819099)--Thread(Thread[Test worker,5,main])--The access type for the persistent class [class com.app.shared.appbasicsetup.aaa.PublicApi] is set to [FIELD].
[EL Config]: metadata: 2016-06-29 08:24:49.754--ServerSession(1088819099)--Thread(Thread[Test worker,5,main])--The access type for the persistent class [class com.app.shared.appinsight.alarms.ArtLogException] is set to [FIELD].
[EL Config]: metadata: 2016-06-29 08:24:49.754--ServerSession(1088819099)--Thread(Thread[Test worker,5,main])--The access type for the persistent class [class com.spartan.healthmeter.entity.ZenRequestDetails] is set to [FIELD].
[EL Config]: metadata: 2016-06-29 08:24:49.755--ServerSession(1088819099)--Thread(Thread[Test worker,5,main])--The access type for the persistent class [class com.spartan.healthmeter.entity.ArtHealthSchedulerConfiguration] is set to [FIELD].
[EL Config]: metadata: 2016-06-29 08:24:49.756--ServerSession(1088819099)--Thread(Thread[Test worker,5,main])--The access type for the persistent class [class com.athena.shared.dataengine.report.ArtReportUI] is set to [FIELD].
[EL Config]: metadata: 2016-06-29 08:24:49.757--ServerSession(1088819099)--Thread(Thread[Test worker,5,main])--The access type for the persistent class [class com.spartan.healthmeter.entity.ZenHealthCounter] is set to [FIELD].
[EL Config]: metadata: 2016-06-29 08:24:49.757--ServerSession(1088819099)--Thread(Thread[Test worker,5,main])--The access type for the persistent class [class com.app.shared.appbasicsetup.usermanagement.Login] is set to [FIELD].
[EL Config]: metadata: 2016-06-29 08:24:49.758--ServerSession(1088819099)--Thread(Thread[Test worker,5,main])--The target entity (reference) class for the one to one mapping element [field coreContacts] is being defaulted to: class com.app.shared.organization.contactmanagement.CoreContacts.
[EL Config]: metadata: 2016-06-29 08:24:49.758--ServerSession(1088819099)--Thread(Thread[Test worker,5,main])--The target entity (reference) class for the one to one mapping element [field user] is being defaulted to: class com.app.shared.appbasicsetup.usermanagement.User.
[EL Config]: metadata: 2016-06-29 08:24:49.758--ServerSession(1088819099)--Thread(Thread[Test worker,5,main])--The access type for the persistent class [class com.spartan.healthmeter.entity.ZenHealth] is set to [FIELD].
[EL Config]: metadata: 2016-06-29 08:24:49.76--ServerSession(1088819099)--Thread(Thread[Test worker,5,main])--The access type for the persistent class [class com.spartan.server.session.entity.AppSessionConfig] is set to [FIELD].
[EL Config]: metadata: 2016-06-29 08:24:49.761--ServerSession(1088819099)--Thread(Thread[Test worker,5,main])--The access type for the persistent class [class com.app.shared.appbasicsetup.userrolemanagement.AppMenus] is set to [FIELD].
[EL Config]: metadata: 2016-06-29 08:24:49.761--ServerSession(1088819099)--Thread(Thread[Test worker,5,main])--The access type for the persistent class [class com.app.shared.appinsight.alarms.ArtLogDomain] is set to [FIELD].
[EL Config]: metadata: 2016-06-29 08:24:49.762--ServerSession(1088819099)--Thread(Thread[Test worker,5,main])--The target entity (reference) class for the many to one mapping element [field artLogBoundedContext] is being defaulted to: class com.app.shared.appinsight.alarms.ArtLogBoundedContext.
[EL Config]: metadata: 2016-06-29 08:24:49.762--ServerSession(1088819099)--Thread(Thread[Test worker,5,main])--The target entity (reference) class for the one to many mapping element [field artLogAlarm] is being defaulted to: class com.app.shared.appinsight.alarms.ArtLogAlarm.
[EL Config]: metadata: 2016-06-29 08:24:49.762--ServerSession(1088819099)--Thread(Thread[Test worker,5,main])--The access type for the persistent class [class com.app.shared.appinsight.alarms.ArtLogConnectorAttributes] is set to [FIELD].
[EL Config]: metadata: 2016-06-29 08:24:49.763--ServerSession(1088819099)--Thread(Thread[Test worker,5,main])--The target entity (reference) class for the many to one mapping element [field artLogConnector] is being defaulted to: class com.app.shared.appinsight.alarms.ArtLogConnector.
[EL Config]: metadata: 2016-06-29 08:24:49.763--ServerSession(1088819099)--Thread(Thread[Test worker,5,main])--The access type for the persistent class [class com.app.shared.appbasicsetup.usermanagement.UserAccessLevel] is set to [FIELD].
[EL Config]: metadata: 2016-06-29 08:24:49.763--ServerSession(1088819099)--Thread(Thread[Test worker,5,main])--The access type for the persistent class [class com.app.shared.appbasicsetup.usermanagement.UserData] is set to [FIELD].
[EL Config]: metadata: 2016-06-29 08:24:49.764--ServerSession(1088819099)--Thread(Thread[Test worker,5,main])--The target entity (reference) class for the one to one mapping element [field user] is being defaulted to: class com.app.shared.appbasicsetup.usermanagement.User.
[EL Config]: metadata: 2016-06-29 08:24:49.764--ServerSession(1088819099)--Thread(Thread[Test worker,5,main])--The access type for the persistent class [class com.app.shared.organization.locationmanagement.AddressType] is set to [FIELD].
[EL Config]: metadata: 2016-06-29 08:24:49.764--ServerSession(1088819099)--Thread(Thread[Test worker,5,main])--The access type for the persistent class [class com.app.shared.organization.contactmanagement.Title] is set to [FIELD].
[EL Config]: metadata: 2016-06-29 08:24:49.765--ServerSession(1088819099)--Thread(Thread[Test worker,5,main])--The access type for the persistent class [class com.athena.shared.dataengine.query.ArtQuery] is set to [FIELD].
[EL Config]: metadata: 2016-06-29 08:24:49.765--ServerSession(1088819099)--Thread(Thread[Test worker,5,main])--The access type for the persistent class [class com.spartan.healthmeter.shared.EntityAudit] is set to [FIELD].
[EL Config]: metadata: 2016-06-29 08:24:49.766--ServerSession(1088819099)--Thread(Thread[Test worker,5,main])--The access type for the persistent class [class com.app.shared.SystemInfo] is set to [FIELD].
[EL Config]: metadata: 2016-06-29 08:24:49.767--ServerSession(1088819099)--Thread(Thread[Test worker,5,main])--The access type for the persistent class [class com.spartan.healthmeter.shared.SystemInfo] is set to [FIELD].
[EL Config]: metadata: 2016-06-29 08:24:49.767--ServerSession(1088819099)--Thread(Thread[Test worker,5,main])--The access type for the persistent class [class com.app.shared.EntityAudit] is set to [FIELD].
[EL Config]: metadata: 2016-06-29 08:24:49.773--ServerSession(1088819099)--Thread(Thread[Test worker,5,main])--The alias name for the entity class [class com.app.shared.appbasicsetup.usermanagement.ArtPasswordPolicy] is being defaulted to: ArtPasswordPolicy.
[EL Config]: metadata: 2016-06-29 08:24:49.786--ServerSession(1088819099)--Thread(Thread[Test worker,5,main])--The alias name for the entity class [class com.app.shared.appbasicsetup.usermanagement.PasswordAlgo] is being defaulted to: PasswordAlgo.
[EL Config]: metadata: 2016-06-29 08:24:49.788--ServerSession(1088819099)--Thread(Thread[Test worker,5,main])--The alias name for the entity class [class com.app.shared.organization.contactmanagement.ContactType] is being defaulted to: ContactType.
[EL Config]: metadata: 2016-06-29 08:24:49.788--ServerSession(1088819099)--Thread(Thread[Test worker,5,main])--The alias name for the entity class [class com.app.shared.organization.locationmanagement.City] is being defaulted to: City.
[EL Config]: metadata: 2016-06-29 08:24:49.789--ServerSession(1088819099)--Thread(Thread[Test worker,5,main])--The alias name for the entity class [class com.app.shared.organization.contactmanagement.CoreContacts] is being defaulted to: CoreContacts.
[EL Config]: metadata: 2016-06-29 08:24:49.79--ServerSession(1088819099)--Thread(Thread[Test worker,5,main])--The alias name for the entity class [class com.app.shared.appbasicsetup.usermanagement.ArtPasswordAlgorithm] is being defaulted to: ArtPasswordAlgorithm.
[EL Config]: metadata: 2016-06-29 08:24:49.79--ServerSession(1088819099)--Thread(Thread[Test worker,5,main])--The alias name for the entity class [class com.app.shared.appbasicsetup.usermanagement.SessionData] is being defaulted to: SessionData.
[EL Config]: metadata: 2016-06-29 08:24:49.791--ServerSession(1088819099)--Thread(Thread[Test worker,5,main])--The alias name for the entity class [class com.app.shared.appbasicsetup.aaa.ArtUserLastStatus] is being defaulted to: ArtUserLastStatus.
[EL Config]: metadata: 2016-06-29 08:24:49.792--ServerSession(1088819099)--Thread(Thread[Test worker,5,main])--The alias name for the entity class [class com.spartan.healthmeter.entity.ArtHealthStatusConfiguration] is being defaulted to: ArtHealthStatusConfiguration.
[EL Config]: metadata: 2016-06-29 08:24:49.793--ServerSession(1088819099)--Thread(Thread[Test worker,5,main])--The alias name for the entity class [class com.app.shared.appinsight.alarms.ArtLogSeverity] is being defaulted to: ArtLogSeverity.
[EL Config]: metadata: 2016-06-29 08:24:49.793--ServerSession(1088819099)--Thread(Thread[Test worker,5,main])--The alias name for the entity class [class com.app.shared.appbasicsetup.usermanagement.ArtAppNotificationTemplate] is being defaulted to: ArtAppNotificationTemplate.
[EL Config]: metadata: 2016-06-29 08:24:49.793--ServerSession(1088819099)--Thread(Thread[Test worker,5,main])--The alias name for the entity class [class com.app.shared.appbasicsetup.userrolemanagement.Roles] is being defaulted to: Roles.
[EL Config]: metadata: 2016-06-29 08:24:49.794--ServerSession(1088819099)--Thread(Thread[Test worker,5,main])--The alias name for the entity class [class com.app.shared.organization.locationmanagement.Country] is being defaulted to: Country.
[EL Config]: metadata: 2016-06-29 08:24:49.794--ServerSession(1088819099)--Thread(Thread[Test worker,5,main])--The alias name for the entity class [class com.app.shared.appinsight.alarms.ArtLogBoundedContext] is being defaulted to: ArtLogBoundedContext.
[EL Config]: metadata: 2016-06-29 08:24:49.795--ServerSession(1088819099)--Thread(Thread[Test worker,5,main])--The alias name for the entity class [class com.app.shared.appinsight.alarms.ArtLogEvents] is being defaulted to: ArtLogEvents.
[EL Config]: metadata: 2016-06-29 08:24:49.796--ServerSession(1088819099)--Thread(Thread[Test worker,5,main])--The alias name for the entity class [class com.app.shared.appinsight.alarms.ArtLogAlarm] is being defaulted to: ArtLogAlarm.
[EL Config]: metadata: 2016-06-29 08:24:49.796--ServerSession(1088819099)--Thread(Thread[Test worker,5,main])--The alias name for the entity class [class com.spartan.healthmeter.entity.ZenHealthGauge] is being defaulted to: ZenHealthGauge.
[EL Config]: metadata: 2016-06-29 08:24:49.797--ServerSession(1088819099)--Thread(Thread[Test worker,5,main])--The alias name for the entity class [class com.app.shared.organization.contactmanagement.Gender] is being defaulted to: Gender.
[EL Config]: metadata: 2016-06-29 08:24:49.797--ServerSession(1088819099)--Thread(Thread[Test worker,5,main])--The alias name for the entity class [class com.app.shared.organization.contactmanagement.CommunicationType] is being defaulted to: CommunicationType.
[EL Config]: metadata: 2016-06-29 08:24:49.798--ServerSession(1088819099)--Thread(Thread[Test worker,5,main])--The alias name for the entity class [class com.app.shared.appbasicsetup.userrolemanagement.RoleMenuBridge] is being defaulted to: RoleMenuBridge.
[EL Config]: metadata: 2016-06-29 08:24:49.798--ServerSession(1088819099)--Thread(Thread[Test worker,5,main])--The alias name for the entity class [class com.app.shared.organization.locationmanagement.Timezone] is being defaulted to: Timezone.
[EL Config]: metadata: 2016-06-29 08:24:49.799--ServerSession(1088819099)--Thread(Thread[Test worker,5,main])--The alias name for the entity class [class com.app.shared.appbasicsetup.usermanagement.PasswordPolicy] is being defaulted to: PasswordPolicy.
[EL Config]: metadata: 2016-06-29 08:24:49.8--ServerSession(1088819099)--Thread(Thread[Test worker,5,main])--The alias name for the entity class [class com.spartan.healthmeter.entity.HealthSchedulerConfiguration] is being defaulted to: HealthSchedulerConfiguration.
[EL Config]: metadata: 2016-06-29 08:24:49.8--ServerSession(1088819099)--Thread(Thread[Test worker,5,main])--The alias name for the entity class [class com.app.shared.appinsight.alarms.ArtLogStatus] is being defaulted to: ArtLogStatus.
[EL Config]: metadata: 2016-06-29 08:24:49.8--ServerSession(1088819099)--Thread(Thread[Test worker,5,main])--The alias name for the entity class [class com.spartan.healthmeter.entity.ZenSchedulerHealth] is being defaulted to: ZenSchedulerHealth.
[EL Config]: metadata: 2016-06-29 08:24:49.802--ServerSession(1088819099)--Thread(Thread[Test worker,5,main])--The alias name for the entity class [class com.app.shared.organization.locationmanagement.Address] is being defaulted to: Address.
[EL Config]: metadata: 2016-06-29 08:24:49.802--ServerSession(1088819099)--Thread(Thread[Test worker,5,main])--The alias name for the entity class [class com.app.shared.organization.locationmanagement.Language] is being defaulted to: Language.
[EL Config]: metadata: 2016-06-29 08:24:49.803--ServerSession(1088819099)--Thread(Thread[Test worker,5,main])--The alias name for the entity class [class com.app.shared.appbasicsetup.usermanagement.PassRecovery] is being defaulted to: PassRecovery.
[EL Config]: metadata: 2016-06-29 08:24:49.803--ServerSession(1088819099)--Thread(Thread[Test worker,5,main])--The alias name for the entity class [class com.app.shared.appinsight.alarms.ArtLogConfig] is being defaulted to: ArtLogConfig.
[EL Config]: metadata: 2016-06-29 08:24:49.804--ServerSession(1088819099)--Thread(Thread[Test worker,5,main])--The alias name for the entity class [class com.app.shared.appinsight.alarms.ArtLogEventAction] is being defaulted to: ArtLogEventAction.
[EL Config]: metadata: 2016-06-29 08:24:49.804--ServerSession(1088819099)--Thread(Thread[Test worker,5,main])--The alias name for the entity class [class com.app.shared.appbasicsetup.usermanagement.LoginSession] is being defaulted to: LoginSession.
[EL Config]: metadata: 2016-06-29 08:24:49.805--ServerSession(1088819099)--Thread(Thread[Test worker,5,main])--The alias name for the entity class [class com.app.shared.organization.locationmanagement.State] is being defaulted to: State.
[EL Config]: metadata: 2016-06-29 08:24:49.805--ServerSession(1088819099)--Thread(Thread[Test worker,5,main])--The alias name for the entity class [class com.app.shared.appbasicsetup.usermanagement.UserAccessDomain] is being defaulted to: UserAccessDomain.
[EL Config]: metadata: 2016-06-29 08:24:49.806--ServerSession(1088819099)--Thread(Thread[Test worker,5,main])--The alias name for the entity class [class com.app.shared.organization.contactmanagement.CommunicationGroup] is being defaulted to: CommunicationGroup.
[EL Config]: metadata: 2016-06-29 08:24:49.806--ServerSession(1088819099)--Thread(Thread[Test worker,5,main])--The alias name for the entity class [class com.app.shared.appinsight.alarms.ArtLoggingProperties] is being defaulted to: ArtLoggingProperties.
[EL Config]: metadata: 2016-06-29 08:24:49.807--ServerSession(1088819099)--Thread(Thread[Test worker,5,main])--The alias name for the entity class [class com.app.shared.appinsight.alarms.ArtLogConnector] is being defaulted to: ArtLogConnector.
[EL Config]: metadata: 2016-06-29 08:24:49.807--ServerSession(1088819099)--Thread(Thread[Test worker,5,main])--The alias name for the entity class [class com.app.shared.appbasicsetup.usermanagement.User] is being defaulted to: User.
[EL Config]: metadata: 2016-06-29 08:24:49.808--ServerSession(1088819099)--Thread(Thread[Test worker,5,main])--The alias name for the entity class [class com.app.shared.appinsight.alarms.ArtLogArchitectureLayer] is being defaulted to: ArtLogArchitectureLayer.
[EL Config]: metadata: 2016-06-29 08:24:49.808--ServerSession(1088819099)--Thread(Thread[Test worker,5,main])--The alias name for the entity class [class com.app.shared.appbasicsetup.aaa.JwtConfig] is being defaulted to: JwtConfig.
[EL Config]: metadata: 2016-06-29 08:24:49.809--ServerSession(1088819099)--Thread(Thread[Test worker,5,main])--The alias name for the entity class [class com.spartan.healthmeter.entity.ZenHealthStatus] is being defaulted to: ZenHealthStatus.
[EL Config]: metadata: 2016-06-29 08:24:49.809--ServerSession(1088819099)--Thread(Thread[Test worker,5,main])--The alias name for the entity class [class com.app.shared.organization.contactmanagement.CommunicationData] is being defaulted to: CommunicationData.
[EL Config]: metadata: 2016-06-29 08:24:49.81--ServerSession(1088819099)--Thread(Thread[Test worker,5,main])--The alias name for the entity class [class com.app.shared.appbasicsetup.userrolemanagement.UserRoleBridge] is being defaulted to: UserRoleBridge.
[EL Config]: metadata: 2016-06-29 08:24:49.81--ServerSession(1088819099)--Thread(Thread[Test worker,5,main])--The alias name for the entity class [class com.app.shared.appbasicsetup.usermanagement.Question] is being defaulted to: Question.
[EL Config]: metadata: 2016-06-29 08:24:49.81--ServerSession(1088819099)--Thread(Thread[Test worker,5,main])--The alias name for the entity class [class com.app.shared.appbasicsetup.aaa.PublicApi] is being defaulted to: PublicApi.
[EL Config]: metadata: 2016-06-29 08:24:49.811--ServerSession(1088819099)--Thread(Thread[Test worker,5,main])--The alias name for the entity class [class com.app.shared.appinsight.alarms.ArtLogException] is being defaulted to: ArtLogException.
[EL Config]: metadata: 2016-06-29 08:24:49.811--ServerSession(1088819099)--Thread(Thread[Test worker,5,main])--The alias name for the entity class [class com.spartan.healthmeter.entity.ZenRequestDetails] is being defaulted to: ZenRequestDetails.
[EL Config]: metadata: 2016-06-29 08:24:49.812--ServerSession(1088819099)--Thread(Thread[Test worker,5,main])--The alias name for the entity class [class com.spartan.healthmeter.entity.ArtHealthSchedulerConfiguration] is being defaulted to: ArtHealthSchedulerConfiguration.
[EL Config]: metadata: 2016-06-29 08:24:49.812--ServerSession(1088819099)--Thread(Thread[Test worker,5,main])--The alias name for the entity class [class com.athena.shared.dataengine.report.ArtReportUI] is being defaulted to: ArtReportUI.
[EL Config]: metadata: 2016-06-29 08:24:49.813--ServerSession(1088819099)--Thread(Thread[Test worker,5,main])--The alias name for the entity class [class com.spartan.healthmeter.entity.ZenHealthCounter] is being defaulted to: ZenHealthCounter.
[EL Config]: metadata: 2016-06-29 08:24:49.814--ServerSession(1088819099)--Thread(Thread[Test worker,5,main])--The alias name for the entity class [class com.app.shared.appbasicsetup.usermanagement.Login] is being defaulted to: Login.
[EL Config]: metadata: 2016-06-29 08:24:49.815--ServerSession(1088819099)--Thread(Thread[Test worker,5,main])--The alias name for the entity class [class com.spartan.healthmeter.entity.ZenHealth] is being defaulted to: ZenHealth.
[EL Config]: metadata: 2016-06-29 08:24:49.816--ServerSession(1088819099)--Thread(Thread[Test worker,5,main])--The alias name for the entity class [class com.spartan.server.session.entity.AppSessionConfig] is being defaulted to: AppSessionConfig.
[EL Config]: metadata: 2016-06-29 08:24:49.816--ServerSession(1088819099)--Thread(Thread[Test worker,5,main])--The alias name for the entity class [class com.app.shared.appbasicsetup.userrolemanagement.AppMenus] is being defaulted to: AppMenus.
[EL Config]: metadata: 2016-06-29 08:24:49.817--ServerSession(1088819099)--Thread(Thread[Test worker,5,main])--The alias name for the entity class [class com.app.shared.appinsight.alarms.ArtLogDomain] is being defaulted to: ArtLogDomain.
[EL Config]: metadata: 2016-06-29 08:24:49.818--ServerSession(1088819099)--Thread(Thread[Test worker,5,main])--The alias name for the entity class [class com.app.shared.appinsight.alarms.ArtLogConnectorAttributes] is being defaulted to: ArtLogConnectorAttributes.
[EL Config]: metadata: 2016-06-29 08:24:49.818--ServerSession(1088819099)--Thread(Thread[Test worker,5,main])--The alias name for the entity class [class com.app.shared.appbasicsetup.usermanagement.UserAccessLevel] is being defaulted to: UserAccessLevel.
[EL Config]: metadata: 2016-06-29 08:24:49.818--ServerSession(1088819099)--Thread(Thread[Test worker,5,main])--The alias name for the entity class [class com.app.shared.appbasicsetup.usermanagement.UserData] is being defaulted to: UserData.
[EL Config]: metadata: 2016-06-29 08:24:49.819--ServerSession(1088819099)--Thread(Thread[Test worker,5,main])--The alias name for the entity class [class com.app.shared.organization.locationmanagement.AddressType] is being defaulted to: AddressType.
[EL Config]: metadata: 2016-06-29 08:24:49.82--ServerSession(1088819099)--Thread(Thread[Test worker,5,main])--The alias name for the entity class [class com.app.shared.organization.contactmanagement.Title] is being defaulted to: Title.
[EL Config]: metadata: 2016-06-29 08:24:49.82--ServerSession(1088819099)--Thread(Thread[Test worker,5,main])--The alias name for the entity class [class com.athena.shared.dataengine.query.ArtQuery] is being defaulted to: ArtQuery.
[EL Finest]: jpa: 2016-06-29 08:24:50.006--ServerSession(1088819099)--Thread(Thread[Test worker,5,main])--End predeploying Persistence Unit com; session file:/home/applifire/workspace/newtest1/build/libs/app-shared-appbasicsetup-aaa-1.0.jar_com; state Predeployed; factoryCount 1
[EL Finest]: properties: 2016-06-29 08:24:50.01--ServerSession(1088819099)--Thread(Thread[Test worker,5,main])--property=eclipselink.deploy-on-startup; value=true
[EL Finest]: jpa: 2016-06-29 08:24:50.01--ServerSession(1088819099)--Thread(Thread[Test worker,5,main])--Begin deploying Persistence Unit com; session file:/home/applifire/workspace/newtest1/build/libs/app-shared-appbasicsetup-aaa-1.0.jar_com; state Predeployed; factoryCount 1
[EL Finest]: properties: 2016-06-29 08:24:50.065--ServerSession(1088819099)--Thread(Thread[Test worker,5,main])--property=eclipselink.logging.level; value=FINEST; translated value=FINEST
[EL Finest]: properties: 2016-06-29 08:24:50.066--ServerSession(1088819099)--Thread(Thread[Test worker,5,main])--property=eclipselink.logging.level; value=FINEST; translated value=FINEST
[EL Finest]: properties: 2016-06-29 08:24:50.068--ServerSession(1088819099)--Thread(Thread[Test worker,5,main])--property=eclipselink.connection-pool.default.min; value=6
[EL Finest]: properties: 2016-06-29 08:24:50.068--ServerSession(1088819099)--Thread(Thread[Test worker,5,main])--property=eclipselink.connection-pool.default.initial; value=15
[EL Finest]: properties: 2016-06-29 08:24:50.068--ServerSession(1088819099)--Thread(Thread[Test worker,5,main])--property=eclipselink.connection-pool.default.max; value=10
[EL Finest]: properties: 2016-06-29 08:24:50.068--ServerSession(1088819099)--Thread(Thread[Test worker,5,main])--property=eclipselink.cache.shared.default; value=false; translated value=false
[EL Finest]: properties: 2016-06-29 08:24:50.068--ServerSession(1088819099)--Thread(Thread[Test worker,5,main])--property=eclipselink.allow-zero-id; value=true
[EL Finest]: properties: 2016-06-29 08:24:50.069--ServerSession(1088819099)--Thread(Thread[Test worker,5,main])--property=eclipselink.session.customizer; value=com.app.config.UUIDGenerator
[EL Info]: 2016-06-29 08:24:50.07--ServerSession(1088819099)--Thread(Thread[Test worker,5,main])--EclipseLink, version: Eclipse Persistence Services - 2.5.1.v20130918-f2b9fc5
[EL Finest]: dbPlatformHelper_regExprDbPlatform: 2016-06-29 08:24:50.266--Thread(Thread[Test worker,5,main])--(?i)oracle.*12 (There is no English translation for this message.)
[EL Finest]: dbPlatformHelper_regExprDbPlatform: 2016-06-29 08:24:50.267--Thread(Thread[Test worker,5,main])--(?i)oracle.*11 (There is no English translation for this message.)
[EL Finest]: dbPlatformHelper_regExprDbPlatform: 2016-06-29 08:24:50.267--Thread(Thread[Test worker,5,main])--(?i)oracle.*10 (There is no English translation for this message.)
[EL Finest]: dbPlatformHelper_regExprDbPlatform: 2016-06-29 08:24:50.267--Thread(Thread[Test worker,5,main])--(?i)oracle.*9 (There is no English translation for this message.)
[EL Finest]: dbPlatformHelper_regExprDbPlatform: 2016-06-29 08:24:50.267--Thread(Thread[Test worker,5,main])--(?i)oracle.* (There is no English translation for this message.)
[EL Finest]: dbPlatformHelper_regExprDbPlatform: 2016-06-29 08:24:50.267--Thread(Thread[Test worker,5,main])--SQL\ Anywhere.* (There is no English translation for this message.)
[EL Finest]: dbPlatformHelper_regExprDbPlatform: 2016-06-29 08:24:50.267--Thread(Thread[Test worker,5,main])--(?i)(sybase.*)|(adaptive\ server\ enterprise.*)|(SQL\ Server.*) (There is no English translation for this message.)
[EL Finest]: dbPlatformHelper_regExprDbPlatform: 2016-06-29 08:24:50.268--Thread(Thread[Test worker,5,main])--(?i)microsoft.* (There is no English translation for this message.)
[EL Finest]: dbPlatformHelper_regExprDbPlatform: 2016-06-29 08:24:50.268--Thread(Thread[Test worker,5,main])--(?i).*derby.* (There is no English translation for this message.)
[EL Finest]: dbPlatformHelper_regExprDbPlatform: 2016-06-29 08:24:50.268--Thread(Thread[Test worker,5,main])--(?i).*db2.* (There is no English translation for this message.)
[EL Finest]: dbPlatformHelper_regExprDbPlatform: 2016-06-29 08:24:50.268--Thread(Thread[Test worker,5,main])--(?i)pointbase.* (There is no English translation for this message.)
[EL Finest]: dbPlatformHelper_regExprDbPlatform: 2016-06-29 08:24:50.268--Thread(Thread[Test worker,5,main])--(?i)mysql.* (There is no English translation for this message.)
[EL Fine]: connection: 2016-06-29 08:24:50.269--Thread(Thread[Test worker,5,main])--Detected database platform: org.eclipse.persistence.platform.database.MySQLPlatform
[EL Config]: connection: 2016-06-29 08:24:50.276--ServerSession(1088819099)--Connection(2059860973)--Thread(Thread[Test worker,5,main])--connecting(DatabaseLogin(
	platform=>MySQLPlatform
	user name=> ""
	connector=>JNDIConnector datasource name=>null
))
[EL Config]: connection: 2016-06-29 08:24:50.278--ServerSession(1088819099)--Connection(581646545)--Thread(Thread[Test worker,5,main])--Connected: jdbc:mysql://localhost-MYSQL:3306/newtest1?useUnicode=true&characterEncoding=UTF-8&zeroDateTimeBehavior=convertToNull
	User: algo@ip-172-17-0-6.us-west-2.compute.internal
	Database: MySQL  Version: 5.7.7-rc
	Driver: MySQL Connector Java  Version: mysql-connector-java-5.1.31 ( Revision: alexander.soklakov@oracle.com-20140520065950-groqzzbvxprqdmnz )
[EL Finest]: connection: 2016-06-29 08:24:50.278--ServerSession(1088819099)--Connection(387920671)--Thread(Thread[Test worker,5,main])--Connection acquired from connection pool [read].
[EL Finest]: connection: 2016-06-29 08:24:50.278--ServerSession(1088819099)--Connection(387920671)--Thread(Thread[Test worker,5,main])--Connection released to connection pool [read].
[EL Config]: connection: 2016-06-29 08:24:50.278--ServerSession(1088819099)--Connection(22365205)--Thread(Thread[Test worker,5,main])--connecting(DatabaseLogin(
	platform=>MySQLPlatform
	user name=> ""
	connector=>JNDIConnector datasource name=>null
))
[EL Config]: connection: 2016-06-29 08:24:50.279--ServerSession(1088819099)--Connection(1282194802)--Thread(Thread[Test worker,5,main])--Connected: jdbc:mysql://localhost-MYSQL:3306/newtest1?useUnicode=true&characterEncoding=UTF-8&zeroDateTimeBehavior=convertToNull
	User: algo@ip-172-17-0-6.us-west-2.compute.internal
	Database: MySQL  Version: 5.7.7-rc
	Driver: MySQL Connector Java  Version: mysql-connector-java-5.1.31 ( Revision: alexander.soklakov@oracle.com-20140520065950-groqzzbvxprqdmnz )
[EL Finest]: sequencing: 2016-06-29 08:24:50.286--ServerSession(1088819099)--Thread(Thread[Test worker,5,main])--sequencing connected, state is NoPreallocation_State
[EL Finest]: sequencing: 2016-06-29 08:24:50.287--ServerSession(1088819099)--Thread(Thread[Test worker,5,main])--sequence UUIDGenerator: preallocation size 50
[EL Finest]: sequencing: 2016-06-29 08:24:50.287--ServerSession(1088819099)--Thread(Thread[Test worker,5,main])--sequence SEQ_GEN_IDENTITY: preallocation size 1
[EL Warning]: metadata: 2016-06-29 08:24:50.29--ServerSession(1088819099)--Thread(Thread[Test worker,5,main])--Reverting the lazy setting on the OneToOne or ManyToOne attribute [timezone] for the entity class [class com.app.shared.organization.contactmanagement.CoreContacts] since weaving was not enabled or did not occur.
[EL Warning]: metadata: 2016-06-29 08:24:50.291--ServerSession(1088819099)--Thread(Thread[Test worker,5,main])--Reverting the lazy setting on the OneToOne or ManyToOne attribute [coreContacts] for the entity class [class com.app.shared.appbasicsetup.usermanagement.Login] since weaving was not enabled or did not occur.
[EL Warning]: metadata: 2016-06-29 08:24:50.291--ServerSession(1088819099)--Thread(Thread[Test worker,5,main])--Reverting the lazy setting on the OneToOne or ManyToOne attribute [user] for the entity class [class com.app.shared.appbasicsetup.usermanagement.Login] since weaving was not enabled or did not occur.
[EL Warning]: metadata: 2016-06-29 08:24:50.292--ServerSession(1088819099)--Thread(Thread[Test worker,5,main])--Reverting the lazy setting on the OneToOne or ManyToOne attribute [userData] for the entity class [class com.app.shared.appbasicsetup.usermanagement.User] since weaving was not enabled or did not occur.
[EL Warning]: metadata: 2016-06-29 08:24:50.294--ServerSession(1088819099)--Thread(Thread[Test worker,5,main])--Reverting the lazy setting on the OneToOne or ManyToOne attribute [user] for the entity class [class com.app.shared.appbasicsetup.usermanagement.PassRecovery] since weaving was not enabled or did not occur.
[EL Warning]: metadata: 2016-06-29 08:24:50.297--ServerSession(1088819099)--Thread(Thread[Test worker,5,main])--Reverting the lazy setting on the OneToOne or ManyToOne attribute [user] for the entity class [class com.app.shared.appbasicsetup.usermanagement.UserData] since weaving was not enabled or did not occur.
[EL Info]: connection: 2016-06-29 08:24:50.501--ServerSession(1088819099)--Thread(Thread[Test worker,5,main])--file:/home/applifire/workspace/newtest1/build/libs/app-shared-appbasicsetup-aaa-1.0.jar_com login successful
[EL Finer]: metamodel: 2016-06-29 08:24:50.518--ServerSession(1088819099)--Thread(Thread[Test worker,5,main])--Canonical Metamodel class [com.app.shared.appinsight.alarms.ArtLogConnector_] not found during initialization.
[EL Finer]: metamodel: 2016-06-29 08:24:50.519--ServerSession(1088819099)--Thread(Thread[Test worker,5,main])--Canonical Metamodel class [com.app.shared.appinsight.alarms.ArtLogDomain_] not found during initialization.
[EL Finer]: metamodel: 2016-06-29 08:24:50.519--ServerSession(1088819099)--Thread(Thread[Test worker,5,main])--Canonical Metamodel class [com.app.shared.appinsight.alarms.ArtLogBoundedContext_] not found during initialization.
[EL Finer]: metamodel: 2016-06-29 08:24:50.519--ServerSession(1088819099)--Thread(Thread[Test worker,5,main])--Canonical Metamodel class [com.app.shared.organization.contactmanagement.ContactType_] not found during initialization.
[EL Finer]: metamodel: 2016-06-29 08:24:50.52--ServerSession(1088819099)--Thread(Thread[Test worker,5,main])--Canonical Metamodel class [com.spartan.server.session.entity.AppSessionConfig_] not found during initialization.
[EL Finer]: metamodel: 2016-06-29 08:24:50.52--ServerSession(1088819099)--Thread(Thread[Test worker,5,main])--Canonical Metamodel class [com.app.shared.appinsight.alarms.ArtLoggingProperties_] not found during initialization.
[EL Finer]: metamodel: 2016-06-29 08:24:50.52--ServerSession(1088819099)--Thread(Thread[Test worker,5,main])--Canonical Metamodel class [com.app.shared.appbasicsetup.userrolemanagement.AppMenus_] not found during initialization.
[EL Finer]: metamodel: 2016-06-29 08:24:50.521--ServerSession(1088819099)--Thread(Thread[Test worker,5,main])--Canonical Metamodel class [com.app.shared.appbasicsetup.userrolemanagement.RoleMenuBridge_] not found during initialization.
[EL Finer]: metamodel: 2016-06-29 08:24:50.521--ServerSession(1088819099)--Thread(Thread[Test worker,5,main])--Canonical Metamodel class [com.app.shared.appbasicsetup.usermanagement.PasswordPolicy_] not found during initialization.
[EL Finer]: metamodel: 2016-06-29 08:24:50.521--ServerSession(1088819099)--Thread(Thread[Test worker,5,main])--Canonical Metamodel class [com.app.shared.appbasicsetup.usermanagement.ArtPasswordPolicy_] not found during initialization.
[EL Finer]: metamodel: 2016-06-29 08:24:50.522--ServerSession(1088819099)--Thread(Thread[Test worker,5,main])--Canonical Metamodel class [com.spartan.healthmeter.entity.ZenSchedulerHealth_] not found during initialization.
[EL Finer]: metamodel: 2016-06-29 08:24:50.522--ServerSession(1088819099)--Thread(Thread[Test worker,5,main])--Canonical Metamodel class [com.spartan.healthmeter.entity.ZenHealthStatus_] not found during initialization.
[EL Finer]: metamodel: 2016-06-29 08:24:50.522--ServerSession(1088819099)--Thread(Thread[Test worker,5,main])--Canonical Metamodel class [com.app.shared.organization.contactmanagement.CoreContacts_] not found during initialization.
[EL Finer]: metamodel: 2016-06-29 08:24:50.523--ServerSession(1088819099)--Thread(Thread[Test worker,5,main])--Canonical Metamodel class [com.app.shared.appinsight.alarms.ArtLogConfig_] not found during initialization.
[EL Finer]: metamodel: 2016-06-29 08:24:50.523--ServerSession(1088819099)--Thread(Thread[Test worker,5,main])--Canonical Metamodel class [com.app.shared.appbasicsetup.usermanagement.Login_] not found during initialization.
[EL Finer]: metamodel: 2016-06-29 08:24:50.523--ServerSession(1088819099)--Thread(Thread[Test worker,5,main])--Canonical Metamodel class [com.app.shared.appinsight.alarms.ArtLogEventAction_] not found during initialization.
[EL Finer]: metamodel: 2016-06-29 08:24:50.524--ServerSession(1088819099)--Thread(Thread[Test worker,5,main])--Canonical Metamodel class [com.app.shared.appbasicsetup.usermanagement.ArtPasswordAlgorithm_] not found during initialization.
[EL Finer]: metamodel: 2016-06-29 08:24:50.524--ServerSession(1088819099)--Thread(Thread[Test worker,5,main])--Canonical Metamodel class [com.spartan.healthmeter.shared.SystemInfo_] not found during initialization.
[EL Finer]: metamodel: 2016-06-29 08:24:50.524--ServerSession(1088819099)--Thread(Thread[Test worker,5,main])--Canonical Metamodel class [com.app.shared.appbasicsetup.aaa.JwtConfig_] not found during initialization.
[EL Finer]: metamodel: 2016-06-29 08:24:50.525--ServerSession(1088819099)--Thread(Thread[Test worker,5,main])--Canonical Metamodel class [com.athena.shared.dataengine.query.ArtQuery_] not found during initialization.
[EL Finer]: metamodel: 2016-06-29 08:24:50.525--ServerSession(1088819099)--Thread(Thread[Test worker,5,main])--Canonical Metamodel class [com.app.shared.organization.contactmanagement.CommunicationType_] not found during initialization.
[EL Finer]: metamodel: 2016-06-29 08:24:50.525--ServerSession(1088819099)--Thread(Thread[Test worker,5,main])--Canonical Metamodel class [com.athena.shared.dataengine.report.ArtReportUI_] not found during initialization.
[EL Finer]: metamodel: 2016-06-29 08:24:50.526--ServerSession(1088819099)--Thread(Thread[Test worker,5,main])--Canonical Metamodel class [com.spartan.healthmeter.entity.ArtHealthStatusConfiguration_] not found during initialization.
[EL Finer]: metamodel: 2016-06-29 08:24:50.526--ServerSession(1088819099)--Thread(Thread[Test worker,5,main])--Canonical Metamodel class [com.app.shared.appbasicsetup.usermanagement.User_] not found during initialization.
[EL Finer]: metamodel: 2016-06-29 08:24:50.526--ServerSession(1088819099)--Thread(Thread[Test worker,5,main])--Canonical Metamodel class [com.app.shared.appinsight.alarms.ArtLogAlarm_] not found during initialization.
[EL Finer]: metamodel: 2016-06-29 08:24:50.527--ServerSession(1088819099)--Thread(Thread[Test worker,5,main])--Canonical Metamodel class [com.app.shared.organization.locationmanagement.Timezone_] not found during initialization.
[EL Finer]: metamodel: 2016-06-29 08:24:50.527--ServerSession(1088819099)--Thread(Thread[Test worker,5,main])--Canonical Metamodel class [com.app.shared.organization.contactmanagement.Gender_] not found during initialization.
[EL Finer]: metamodel: 2016-06-29 08:24:50.527--ServerSession(1088819099)--Thread(Thread[Test worker,5,main])--Canonical Metamodel class [com.spartan.healthmeter.shared.EntityAudit_] not found during initialization.
[EL Finer]: metamodel: 2016-06-29 08:24:50.528--ServerSession(1088819099)--Thread(Thread[Test worker,5,main])--Canonical Metamodel class [com.app.shared.appinsight.alarms.ArtLogStatus_] not found during initialization.
[EL Finer]: metamodel: 2016-06-29 08:24:50.528--ServerSession(1088819099)--Thread(Thread[Test worker,5,main])--Canonical Metamodel class [com.spartan.healthmeter.entity.ArtHealthSchedulerConfiguration_] not found during initialization.
[EL Finer]: metamodel: 2016-06-29 08:24:50.528--ServerSession(1088819099)--Thread(Thread[Test worker,5,main])--Canonical Metamodel class [com.app.shared.organization.locationmanagement.City_] not found during initialization.
[EL Finer]: metamodel: 2016-06-29 08:24:50.529--ServerSession(1088819099)--Thread(Thread[Test worker,5,main])--Canonical Metamodel class [com.app.shared.organization.locationmanagement.Country_] not found during initialization.
[EL Finer]: metamodel: 2016-06-29 08:24:50.529--ServerSession(1088819099)--Thread(Thread[Test worker,5,main])--Canonical Metamodel class [com.app.shared.appbasicsetup.usermanagement.PassRecovery_] not found during initialization.
[EL Finer]: metamodel: 2016-06-29 08:24:50.529--ServerSession(1088819099)--Thread(Thread[Test worker,5,main])--Canonical Metamodel class [com.app.shared.appbasicsetup.usermanagement.LoginSession_] not found during initialization.
[EL Finer]: metamodel: 2016-06-29 08:24:50.53--ServerSession(1088819099)--Thread(Thread[Test worker,5,main])--Canonical Metamodel class [com.app.shared.organization.contactmanagement.CommunicationGroup_] not found during initialization.
[EL Finer]: metamodel: 2016-06-29 08:24:50.53--ServerSession(1088819099)--Thread(Thread[Test worker,5,main])--Canonical Metamodel class [com.app.shared.appbasicsetup.aaa.ArtUserLastStatus_] not found during initialization.
[EL Finer]: metamodel: 2016-06-29 08:24:50.53--ServerSession(1088819099)--Thread(Thread[Test worker,5,main])--Canonical Metamodel class [com.spartan.healthmeter.entity.ZenHealth_] not found during initialization.
[EL Finer]: metamodel: 2016-06-29 08:24:50.531--ServerSession(1088819099)--Thread(Thread[Test worker,5,main])--Canonical Metamodel class [com.app.shared.appbasicsetup.usermanagement.UserAccessDomain_] not found during initialization.
[EL Finer]: metamodel: 2016-06-29 08:24:50.531--ServerSession(1088819099)--Thread(Thread[Test worker,5,main])--Canonical Metamodel class [com.app.shared.appbasicsetup.usermanagement.PasswordAlgo_] not found during initialization.
[EL Finer]: metamodel: 2016-06-29 08:24:50.531--ServerSession(1088819099)--Thread(Thread[Test worker,5,main])--Canonical Metamodel class [com.app.shared.appbasicsetup.usermanagement.ArtAppNotificationTemplate_] not found during initialization.
[EL Finer]: metamodel: 2016-06-29 08:24:50.532--ServerSession(1088819099)--Thread(Thread[Test worker,5,main])--Canonical Metamodel class [com.spartan.healthmeter.entity.HealthSchedulerConfiguration_] not found during initialization.
[EL Finer]: metamodel: 2016-06-29 08:24:50.532--ServerSession(1088819099)--Thread(Thread[Test worker,5,main])--Canonical Metamodel class [com.app.shared.organization.contactmanagement.Title_] not found during initialization.
[EL Finer]: metamodel: 2016-06-29 08:24:50.532--ServerSession(1088819099)--Thread(Thread[Test worker,5,main])--Canonical Metamodel class [com.app.shared.organization.locationmanagement.State_] not found during initialization.
[EL Finer]: metamodel: 2016-06-29 08:24:50.533--ServerSession(1088819099)--Thread(Thread[Test worker,5,main])--Canonical Metamodel class [com.app.shared.appbasicsetup.userrolemanagement.Roles_] not found during initialization.
[EL Finer]: metamodel: 2016-06-29 08:24:50.533--ServerSession(1088819099)--Thread(Thread[Test worker,5,main])--Canonical Metamodel class [com.spartan.healthmeter.entity.ZenRequestDetails_] not found during initialization.
[EL Finer]: metamodel: 2016-06-29 08:24:50.533--ServerSession(1088819099)--Thread(Thread[Test worker,5,main])--Canonical Metamodel class [com.app.shared.appbasicsetup.usermanagement.SessionData_] not found during initialization.
[EL Finer]: metamodel: 2016-06-29 08:24:50.534--ServerSession(1088819099)--Thread(Thread[Test worker,5,main])--Canonical Metamodel class [com.app.shared.appinsight.alarms.ArtLogConnectorAttributes_] not found during initialization.
[EL Finer]: metamodel: 2016-06-29 08:24:50.534--ServerSession(1088819099)--Thread(Thread[Test worker,5,main])--Canonical Metamodel class [com.app.shared.appbasicsetup.aaa.PublicApi_] not found during initialization.
[EL Finer]: metamodel: 2016-06-29 08:24:50.534--ServerSession(1088819099)--Thread(Thread[Test worker,5,main])--Canonical Metamodel class [com.spartan.healthmeter.entity.ZenHealthGauge_] not found during initialization.
[EL Finer]: metamodel: 2016-06-29 08:24:50.535--ServerSession(1088819099)--Thread(Thread[Test worker,5,main])--Canonical Metamodel class [com.app.shared.SystemInfo_] not found during initialization.
[EL Finer]: metamodel: 2016-06-29 08:24:50.535--ServerSession(1088819099)--Thread(Thread[Test worker,5,main])--Canonical Metamodel class [com.app.shared.appinsight.alarms.ArtLogSeverity_] not found during initialization.
[EL Finer]: metamodel: 2016-06-29 08:24:50.535--ServerSession(1088819099)--Thread(Thread[Test worker,5,main])--Canonical Metamodel class [com.app.shared.organization.locationmanagement.Address_] not found during initialization.
[EL Finer]: metamodel: 2016-06-29 08:24:50.536--ServerSession(1088819099)--Thread(Thread[Test worker,5,main])--Canonical Metamodel class [com.app.shared.organization.locationmanagement.AddressType_] not found during initialization.
[EL Finer]: metamodel: 2016-06-29 08:24:50.536--ServerSession(1088819099)--Thread(Thread[Test worker,5,main])--Canonical Metamodel class [com.spartan.healthmeter.entity.ZenHealthCounter_] not found during initialization.
[EL Finer]: metamodel: 2016-06-29 08:24:50.536--ServerSession(1088819099)--Thread(Thread[Test worker,5,main])--Canonical Metamodel class [com.app.shared.appbasicsetup.userrolemanagement.UserRoleBridge_] not found during initialization.
[EL Finer]: metamodel: 2016-06-29 08:24:50.537--ServerSession(1088819099)--Thread(Thread[Test worker,5,main])--Canonical Metamodel class [com.app.shared.appinsight.alarms.ArtLogArchitectureLayer_] not found during initialization.
[EL Finer]: metamodel: 2016-06-29 08:24:50.537--ServerSession(1088819099)--Thread(Thread[Test worker,5,main])--Canonical Metamodel class [com.app.shared.appbasicsetup.usermanagement.UserAccessLevel_] not found during initialization.
[EL Finer]: metamodel: 2016-06-29 08:24:50.537--ServerSession(1088819099)--Thread(Thread[Test worker,5,main])--Canonical Metamodel class [com.app.shared.appbasicsetup.usermanagement.UserData_] not found during initialization.
[EL Finer]: metamodel: 2016-06-29 08:24:50.538--ServerSession(1088819099)--Thread(Thread[Test worker,5,main])--Canonical Metamodel class [com.app.shared.organization.contactmanagement.CommunicationData_] not found during initialization.
[EL Finer]: metamodel: 2016-06-29 08:24:50.538--ServerSession(1088819099)--Thread(Thread[Test worker,5,main])--Canonical Metamodel class [com.app.shared.appinsight.alarms.ArtLogException_] not found during initialization.
[EL Finer]: metamodel: 2016-06-29 08:24:50.538--ServerSession(1088819099)--Thread(Thread[Test worker,5,main])--Canonical Metamodel class [com.app.shared.organization.locationmanagement.Language_] not found during initialization.
[EL Finer]: metamodel: 2016-06-29 08:24:50.539--ServerSession(1088819099)--Thread(Thread[Test worker,5,main])--Canonical Metamodel class [com.app.shared.EntityAudit_] not found during initialization.
[EL Finer]: metamodel: 2016-06-29 08:24:50.539--ServerSession(1088819099)--Thread(Thread[Test worker,5,main])--Canonical Metamodel class [com.app.shared.appbasicsetup.usermanagement.Question_] not found during initialization.
[EL Finer]: metamodel: 2016-06-29 08:24:50.539--ServerSession(1088819099)--Thread(Thread[Test worker,5,main])--Canonical Metamodel class [com.app.shared.appinsight.alarms.ArtLogEvents_] not found during initialization.
[EL Finer]: metamodel: 2016-06-29 08:24:50.54--ServerSession(1088819099)--Thread(Thread[Test worker,5,main])--Canonical Metamodel class [com.athena.shared.pluggable.entity.ArtEntity_] not found during initialization.
[EL Finer]: metamodel: 2016-06-29 08:24:50.54--ServerSession(1088819099)--Thread(Thread[Test worker,5,main])--Canonical Metamodel class [com.athena.shared.pluggable.entity.AuditPropertiesEntity_] not found during initialization.
[EL Finest]: jpa: 2016-06-29 08:24:50.54--ServerSession(1088819099)--Thread(Thread[Test worker,5,main])--End deploying Persistence Unit com; session file:/home/applifire/workspace/newtest1/build/libs/app-shared-appbasicsetup-aaa-1.0.jar_com; state Deployed; factoryCount 1
FROM TRANSACTION MANAGER ENTITY MANAGER FACTORY BEAN  is org.springframework.orm.jpa.LocalContainerEntityManagerFactoryBean@606dd22b
[EL Finer]: connection: 2016-06-29 08:24:56.458--ServerSession(1088819099)--Thread(Thread[Test worker,5,main])--client acquired: 546047216
[EL Finer]: transaction: 2016-06-29 08:24:56.466--ClientSession(546047216)--Thread(Thread[Test worker,5,main])--acquire unit of work: 837979101
[EL Finest]: connection: 2016-06-29 08:24:56.466--ServerSession(1088819099)--Connection(716993481)--Thread(Thread[Test worker,5,main])--Connection acquired from connection pool [default].
[EL Finer]: transaction: 2016-06-29 08:24:56.466--ClientSession(546047216)--Connection(716993481)--Thread(Thread[Test worker,5,main])--begin transaction
[EL Finest]: connection: 2016-06-29 08:24:56.466--ClientSession(546047216)--Thread(Thread[Test worker,5,main])--reconnecting to external connection pool
[EL Finer]: transaction: 2016-06-29 08:24:56.48--UnitOfWork(837979101)--Thread(Thread[Test worker,5,main])--begin unit of work flush
[EL Finer]: transaction: 2016-06-29 08:24:56.48--UnitOfWork(837979101)--Thread(Thread[Test worker,5,main])--end unit of work flush
[EL Finest]: query: 2016-06-29 08:24:56.481--UnitOfWork(837979101)--Thread(Thread[Test worker,5,main])--Execute query ReadAllQuery(referenceClass=ArtQuery sql="SELECT query_id, active_status, app_creator_id, created_by, created_date, hidden_name, jpql_query, name, project_id, project_version_id, query_json, query_type, sql_query, updated_by, updated_date, user_access, version_id FROM art_query WHERE (active_status = ?)")
[EL Fine]: sql: 2016-06-29 08:24:56.482--ClientSession(546047216)--Connection(910000739)--Thread(Thread[Test worker,5,main])--SELECT query_id, active_status, app_creator_id, created_by, created_date, hidden_name, jpql_query, name, project_id, project_version_id, query_json, query_type, sql_query, updated_by, updated_date, user_access, version_id FROM art_query WHERE (active_status = ?)
	bind => [true]
Repository handle
[EL Finer]: transaction: 2016-06-29 08:24:56.495--UnitOfWork(837979101)--Thread(Thread[Test worker,5,main])--begin unit of work commit
[EL Finer]: transaction: 2016-06-29 08:24:56.498--ClientSession(546047216)--Connection(910000739)--Thread(Thread[Test worker,5,main])--commit transaction
[EL Finest]: connection: 2016-06-29 08:24:56.499--ServerSession(1088819099)--Connection(716993481)--Thread(Thread[Test worker,5,main])--Connection released to connection pool [default].
[EL Finer]: transaction: 2016-06-29 08:24:56.499--UnitOfWork(837979101)--Thread(Thread[Test worker,5,main])--end unit of work commit
[EL Finer]: transaction: 2016-06-29 08:24:56.499--UnitOfWork(837979101)--Thread(Thread[Test worker,5,main])--resume unit of work
[EL Finer]: transaction: 2016-06-29 08:24:56.499--UnitOfWork(837979101)--Thread(Thread[Test worker,5,main])--release unit of work
[EL Finer]: connection: 2016-06-29 08:24:56.5--ClientSession(546047216)--Thread(Thread[Test worker,5,main])--client released
[EL Finer]: connection: 2016-06-29 08:24:56.5--ServerSession(1088819099)--Thread(Thread[Test worker,5,main])--client acquired: 2131540161
[EL Finer]: transaction: 2016-06-29 08:24:56.5--ClientSession(2131540161)--Thread(Thread[Test worker,5,main])--acquire unit of work: 473286673
[EL Finest]: connection: 2016-06-29 08:24:56.5--ServerSession(1088819099)--Connection(249684623)--Thread(Thread[Test worker,5,main])--Connection acquired from connection pool [default].
[EL Finer]: transaction: 2016-06-29 08:24:56.5--ClientSession(2131540161)--Connection(249684623)--Thread(Thread[Test worker,5,main])--begin transaction
[EL Finest]: connection: 2016-06-29 08:24:56.501--ClientSession(2131540161)--Thread(Thread[Test worker,5,main])--reconnecting to external connection pool
[EL Finest]: transaction: 2016-06-29 08:24:56.506--UnitOfWork(473286673)--Thread(Thread[Test worker,5,main])--Merge clone with references AwsQuery [queryId=1971BFAA-16FC-449F-9D40-8B2FCD0B8D34, jpqlQuery=SELECT u FROM Login u WHERE u.systemInfo.activeStatus=1 AND u.user.userId IN (SELECT ub.userId FROM UserRoleBridge ub), queryType=1, name=findMappedUser, hiddenName=FINDMAPPEDUSER]
[EL Finest]: query: 2016-06-29 08:24:56.507--UnitOfWork(473286673)--Thread(Thread[Test worker,5,main])--Execute query ReadObjectQuery(referenceClass=ArtQuery )
[EL Fine]: sql: 2016-06-29 08:24:56.508--ClientSession(2131540161)--Connection(1547099812)--Thread(Thread[Test worker,5,main])--SELECT query_id, active_status, app_creator_id, created_by, created_date, hidden_name, jpql_query, name, project_id, project_version_id, query_json, query_type, sql_query, updated_by, updated_date, user_access, version_id FROM art_query WHERE (query_id = ?)
	bind => [1971BFAA-16FC-449F-9D40-8B2FCD0B8D34]
SELECT t0.loginPk, t0.failedLoginAttempts, t0.loginId, t0.serverAuthImage, t0.serverAuthText, t0.versionId, t0.createdBy, t0.createdDate, t0.updatedBy, t0.updatedDate, t0.activeStatus, t0.txnAccessCode, t0.contactId, t0.userId FROM ast_Login_T t0, ast_User_T t1 WHERE (((t0.activeStatus = ?) AND t1.userId IN (SELECT t2.userId FROM ast_UserRoleBridge_T t2)) AND (t1.userId = t0.userId))
[EL Finer]: transaction: 2016-06-29 08:24:56.51--UnitOfWork(473286673)--Thread(Thread[Test worker,5,main])--begin unit of work commit
[EL Finest]: query: 2016-06-29 08:24:56.511--UnitOfWork(473286673)--Thread(Thread[Test worker,5,main])--Execute query UpdateObjectQuery(AwsQuery [queryId=1971BFAA-16FC-449F-9D40-8B2FCD0B8D34, jpqlQuery=SELECT u FROM Login u WHERE u.systemInfo.activeStatus=1 AND u.user.userId IN (SELECT ub.userId FROM UserRoleBridge ub), queryType=1, name=findMappedUser, hiddenName=FINDMAPPEDUSER])
[EL Fine]: sql: 2016-06-29 08:24:56.512--ClientSession(2131540161)--Connection(1547099812)--Thread(Thread[Test worker,5,main])--UPDATE art_query SET sql_query = ? WHERE (query_id = ?)
	bind => [SELECT t0.loginPk, t0.failedLoginAttempts, t0.loginId, t0.serverAuthImage, t0.serverAuthText, t0.versionId, t0.createdBy, t0.createdDate, t0.updatedBy, t0.updatedDate, t0.activeStatus, t0.txnAccessCode, t0.contactId, t0.userId FROM ast_Login_T t0, ast_User_T t1 WHERE (((t0.activeStatus = ?) AND t1.userId IN (SELECT t2.userId FROM ast_UserRoleBridge_T t2)) AND (t1.userId = t0.userId)), 1971BFAA-16FC-449F-9D40-8B2FCD0B8D34]
[EL Finer]: transaction: 2016-06-29 08:24:56.514--ClientSession(2131540161)--Connection(1547099812)--Thread(Thread[Test worker,5,main])--commit transaction
[EL Finest]: connection: 2016-06-29 08:24:56.52--ServerSession(1088819099)--Connection(249684623)--Thread(Thread[Test worker,5,main])--Connection released to connection pool [default].
[EL Finer]: transaction: 2016-06-29 08:24:56.521--UnitOfWork(473286673)--Thread(Thread[Test worker,5,main])--end unit of work commit
[EL Finer]: transaction: 2016-06-29 08:24:56.521--UnitOfWork(473286673)--Thread(Thread[Test worker,5,main])--resume unit of work
[EL Finer]: transaction: 2016-06-29 08:24:56.521--UnitOfWork(473286673)--Thread(Thread[Test worker,5,main])--release unit of work
[EL Finer]: connection: 2016-06-29 08:24:56.521--ClientSession(2131540161)--Thread(Thread[Test worker,5,main])--client released
[EL Finer]: connection: 2016-06-29 08:24:56.521--ServerSession(1088819099)--Thread(Thread[Test worker,5,main])--client acquired: 1262269367
[EL Finer]: transaction: 2016-06-29 08:24:56.522--ClientSession(1262269367)--Thread(Thread[Test worker,5,main])--acquire unit of work: 2117786103
[EL Finest]: connection: 2016-06-29 08:24:56.522--ServerSession(1088819099)--Connection(1237067743)--Thread(Thread[Test worker,5,main])--Connection acquired from connection pool [default].
[EL Finer]: transaction: 2016-06-29 08:24:56.522--ClientSession(1262269367)--Connection(1237067743)--Thread(Thread[Test worker,5,main])--begin transaction
[EL Finest]: connection: 2016-06-29 08:24:56.522--ClientSession(1262269367)--Thread(Thread[Test worker,5,main])--reconnecting to external connection pool
[EL Finest]: transaction: 2016-06-29 08:24:56.538--UnitOfWork(2117786103)--Thread(Thread[Test worker,5,main])--Merge clone with references AwsQuery [queryId=2240F1C6-8A49-46D8-A08B-DD58CB626292, jpqlQuery=SELECT CONCAT(login.coreContacts.firstName, ' : ', abcRequestDetails.ipAddress,  ' : ' , abcRequestDetails.requestId, ' : ',abcRequestDetails.appSessionId ) AS login_corecontacts_firstname,abcRequestDetails.requestId,abcRequestDetails.className,abcRequestDetails.requestTime,abcRequestDetails.requestMethod,abcRequestDetails.httpStatus,abcRequestDetails.returnStatus,abcRequestDetails.executionTime,abcRequestDetails.methodName,abcRequestDetails.startTime,abcRequestDetails.endTime,abcRequestDetails.typeofClass,abcRequestDetails.callSeqId,abcRequestDetails.exceptionId,abcRequestDetails.userId,abcRequestDetails.appSessionId FROM ZenRequestDetails AS abcRequestDetails LEFT OUTER JOIN Login AS login  WHERE    login.user.userId = abcRequestDetails.userId   AND abcRequestDetails.requestTime >= :requestTime   AND abcRequestDetails.requestTime <= :updatedDate  ORDER BY  abcRequestDetails.requestTime DESC ,abcRequestDetails.requestId, abcRequestDetails.callSeqId ASC, queryType=2, name=Request Details, hiddenName=REQUEST DETAILS]
[EL Finest]: query: 2016-06-29 08:24:56.539--UnitOfWork(2117786103)--Thread(Thread[Test worker,5,main])--Execute query ReadObjectQuery(referenceClass=ArtQuery )
[EL Fine]: sql: 2016-06-29 08:24:56.539--ClientSession(1262269367)--Connection(793787968)--Thread(Thread[Test worker,5,main])--SELECT query_id, active_status, app_creator_id, created_by, created_date, hidden_name, jpql_query, name, project_id, project_version_id, query_json, query_type, sql_query, updated_by, updated_date, user_access, version_id FROM art_query WHERE (query_id = ?)
	bind => [2240F1C6-8A49-46D8-A08B-DD58CB626292]
SELECT CONCAT(CONCAT(CONCAT(CONCAT(CONCAT(CONCAT(t0.firstName, ?), t2.ipAddress), ?), t2.requestId), ?), t2.appSessionId), t2.requestId, t2.className, t2.requestTime, t2.requestMethod, t2.httpStatus, t2.returnStatus, t2.executionTime, t2.methodName, t2.startTime, t2.endTime, t2.typeofClass, t2.callSeqId, t2.exceptionId, t2.userId, t2.appSessionId FROM ast_User_T t3, zen_request_details t2, ast_Login_T t1, ast_CoreContacts_T t0 WHERE ((((t3.userId = t2.userId) AND (t2.requestTime >= ?)) AND (t2.requestTime <= ?)) AND ((t3.userId = t1.userId) AND (t0.contactId = t1.contactId))) ORDER BY t2.requestTime DESC, t2.requestId, t2.callSeqId ASC
[EL Finer]: transaction: 2016-06-29 08:24:56.541--UnitOfWork(2117786103)--Thread(Thread[Test worker,5,main])--begin unit of work commit
[EL Finest]: query: 2016-06-29 08:24:56.541--UnitOfWork(2117786103)--Thread(Thread[Test worker,5,main])--Execute query UpdateObjectQuery(AwsQuery [queryId=2240F1C6-8A49-46D8-A08B-DD58CB626292, jpqlQuery=SELECT CONCAT(login.coreContacts.firstName, ' : ', abcRequestDetails.ipAddress,  ' : ' , abcRequestDetails.requestId, ' : ',abcRequestDetails.appSessionId ) AS login_corecontacts_firstname,abcRequestDetails.requestId,abcRequestDetails.className,abcRequestDetails.requestTime,abcRequestDetails.requestMethod,abcRequestDetails.httpStatus,abcRequestDetails.returnStatus,abcRequestDetails.executionTime,abcRequestDetails.methodName,abcRequestDetails.startTime,abcRequestDetails.endTime,abcRequestDetails.typeofClass,abcRequestDetails.callSeqId,abcRequestDetails.exceptionId,abcRequestDetails.userId,abcRequestDetails.appSessionId FROM ZenRequestDetails AS abcRequestDetails LEFT OUTER JOIN Login AS login  WHERE    login.user.userId = abcRequestDetails.userId   AND abcRequestDetails.requestTime >= :requestTime   AND abcRequestDetails.requestTime <= :updatedDate  ORDER BY  abcRequestDetails.requestTime DESC ,abcRequestDetails.requestId, abcRequestDetails.callSeqId ASC, queryType=2, name=Request Details, hiddenName=REQUEST DETAILS])
[EL Fine]: sql: 2016-06-29 08:24:56.542--ClientSession(1262269367)--Connection(793787968)--Thread(Thread[Test worker,5,main])--UPDATE art_query SET sql_query = ? WHERE (query_id = ?)
	bind => [SELECT CONCAT(CONCAT(CONCAT(CONCAT(CONCAT(CONCAT(t0.firstName, ?), t2.ipAddress), ?), t2.requestId), ?), t2.appSessionId), t2.requestId, t2.className, t2.requestTime, t2.requestMethod, t2.httpStatus, t2.returnStatus, t2.executionTime, t2.methodName, t2.startTime, t2.endTime, t2.typeofClass, t2.callSeqId, t2.exceptionId, t2.userId, t2.appSessionId FROM ast_User_T t3, zen_request_details t2, ast_Login_T t1, ast_CoreContacts_T t0 WHERE ((((t3.userId = t2.userId) AND (t2.requestTime >= ?)) AND (t2.requestTime <= ?)) AND ((t3.userId = t1.userId) AND (t0.contactId = t1.contactId))) ORDER BY t2.requestTime DESC, t2.requestId, t2.callSeqId ASC, 2240F1C6-8A49-46D8-A08B-DD58CB626292]
[EL Finer]: transaction: 2016-06-29 08:24:56.543--ClientSession(1262269367)--Connection(793787968)--Thread(Thread[Test worker,5,main])--commit transaction
[EL Finest]: connection: 2016-06-29 08:24:56.545--ServerSession(1088819099)--Connection(1237067743)--Thread(Thread[Test worker,5,main])--Connection released to connection pool [default].
[EL Finer]: transaction: 2016-06-29 08:24:56.545--UnitOfWork(2117786103)--Thread(Thread[Test worker,5,main])--end unit of work commit
[EL Finer]: transaction: 2016-06-29 08:24:56.545--UnitOfWork(2117786103)--Thread(Thread[Test worker,5,main])--resume unit of work
[EL Finer]: transaction: 2016-06-29 08:24:56.546--UnitOfWork(2117786103)--Thread(Thread[Test worker,5,main])--release unit of work
[EL Finer]: connection: 2016-06-29 08:24:56.546--ClientSession(1262269367)--Thread(Thread[Test worker,5,main])--client released
[EL Finer]: connection: 2016-06-29 08:24:56.546--ServerSession(1088819099)--Thread(Thread[Test worker,5,main])--client acquired: 1414649953
[EL Finer]: transaction: 2016-06-29 08:24:56.546--ClientSession(1414649953)--Thread(Thread[Test worker,5,main])--acquire unit of work: 1230304134
[EL Finest]: connection: 2016-06-29 08:24:56.546--ServerSession(1088819099)--Connection(1749026822)--Thread(Thread[Test worker,5,main])--Connection acquired from connection pool [default].
[EL Finer]: transaction: 2016-06-29 08:24:56.546--ClientSession(1414649953)--Connection(1749026822)--Thread(Thread[Test worker,5,main])--begin transaction
[EL Finest]: connection: 2016-06-29 08:24:56.546--ClientSession(1414649953)--Thread(Thread[Test worker,5,main])--reconnecting to external connection pool
[EL Finest]: transaction: 2016-06-29 08:24:56.548--UnitOfWork(1230304134)--Thread(Thread[Test worker,5,main])--Merge clone with references AwsQuery [queryId=38381F17-73FB-4630-9C3C-6EC33F04B957, jpqlQuery=select e from SessionData e where e.systemInfo.activeStatus=1 and e.appSessionId=:appSessionId, queryType=1, name=findByAppSessionId, hiddenName=FINDBYAPPSESSIONID]
[EL Finest]: query: 2016-06-29 08:24:56.548--UnitOfWork(1230304134)--Thread(Thread[Test worker,5,main])--Execute query ReadObjectQuery(referenceClass=ArtQuery )
[EL Fine]: sql: 2016-06-29 08:24:56.549--ClientSession(1414649953)--Connection(1300684968)--Thread(Thread[Test worker,5,main])--SELECT query_id, active_status, app_creator_id, created_by, created_date, hidden_name, jpql_query, name, project_id, project_version_id, query_json, query_type, sql_query, updated_by, updated_date, user_access, version_id FROM art_query WHERE (query_id = ?)
	bind => [38381F17-73FB-4630-9C3C-6EC33F04B957]
SELECT dataId, appSessionId, booleanValue, customerId, dataType, dateTimeValue, jsonValue, numberValue, sessionKey, stringValue, userId, versionId, createdBy, createdDate, updatedBy, updatedDate, activeStatus, txnAccessCode FROM ast_SessionData_T WHERE ((activeStatus = ?) AND (appSessionId = ?))
[EL Finer]: transaction: 2016-06-29 08:24:56.55--UnitOfWork(1230304134)--Thread(Thread[Test worker,5,main])--begin unit of work commit
[EL Finest]: query: 2016-06-29 08:24:56.551--UnitOfWork(1230304134)--Thread(Thread[Test worker,5,main])--Execute query UpdateObjectQuery(AwsQuery [queryId=38381F17-73FB-4630-9C3C-6EC33F04B957, jpqlQuery=select e from SessionData e where e.systemInfo.activeStatus=1 and e.appSessionId=:appSessionId, queryType=1, name=findByAppSessionId, hiddenName=FINDBYAPPSESSIONID])
[EL Fine]: sql: 2016-06-29 08:24:56.551--ClientSession(1414649953)--Connection(1300684968)--Thread(Thread[Test worker,5,main])--UPDATE art_query SET sql_query = ? WHERE (query_id = ?)
	bind => [SELECT dataId, appSessionId, booleanValue, customerId, dataType, dateTimeValue, jsonValue, numberValue, sessionKey, stringValue, userId, versionId, createdBy, createdDate, updatedBy, updatedDate, activeStatus, txnAccessCode FROM ast_SessionData_T WHERE ((activeStatus = ?) AND (appSessionId = ?)), 38381F17-73FB-4630-9C3C-6EC33F04B957]
[EL Finer]: transaction: 2016-06-29 08:24:56.552--ClientSession(1414649953)--Connection(1300684968)--Thread(Thread[Test worker,5,main])--commit transaction
[EL Finest]: connection: 2016-06-29 08:24:56.556--ServerSession(1088819099)--Connection(1749026822)--Thread(Thread[Test worker,5,main])--Connection released to connection pool [default].
[EL Finer]: transaction: 2016-06-29 08:24:56.556--UnitOfWork(1230304134)--Thread(Thread[Test worker,5,main])--end unit of work commit
[EL Finer]: transaction: 2016-06-29 08:24:56.556--UnitOfWork(1230304134)--Thread(Thread[Test worker,5,main])--resume unit of work
[EL Finer]: transaction: 2016-06-29 08:24:56.556--UnitOfWork(1230304134)--Thread(Thread[Test worker,5,main])--release unit of work
[EL Finer]: connection: 2016-06-29 08:24:56.556--ClientSession(1414649953)--Thread(Thread[Test worker,5,main])--client released
[EL Finer]: connection: 2016-06-29 08:24:56.557--ServerSession(1088819099)--Thread(Thread[Test worker,5,main])--client acquired: 1907199383
[EL Finer]: transaction: 2016-06-29 08:24:56.557--ClientSession(1907199383)--Thread(Thread[Test worker,5,main])--acquire unit of work: 959114959
[EL Finest]: connection: 2016-06-29 08:24:56.557--ServerSession(1088819099)--Connection(832861531)--Thread(Thread[Test worker,5,main])--Connection acquired from connection pool [default].
[EL Finer]: transaction: 2016-06-29 08:24:56.557--ClientSession(1907199383)--Connection(832861531)--Thread(Thread[Test worker,5,main])--begin transaction
[EL Finest]: connection: 2016-06-29 08:24:56.557--ClientSession(1907199383)--Thread(Thread[Test worker,5,main])--reconnecting to external connection pool
[EL Finest]: transaction: 2016-06-29 08:24:56.56--UnitOfWork(959114959)--Thread(Thread[Test worker,5,main])--Merge clone with references AwsQuery [queryId=3B9372F9-4A69-404A-82A4-E73D08CB50C0, jpqlQuery=delete from SessionData e where e.systemInfo.activeStatus=1 and e.appSessionId=:appSessionId, queryType=1, name=deleteAllSessionData, hiddenName=DELETEALLSESSIONDATA]
[EL Finest]: query: 2016-06-29 08:24:56.56--UnitOfWork(959114959)--Thread(Thread[Test worker,5,main])--Execute query ReadObjectQuery(referenceClass=ArtQuery )
[EL Fine]: sql: 2016-06-29 08:24:56.56--ClientSession(1907199383)--Connection(1067916706)--Thread(Thread[Test worker,5,main])--SELECT query_id, active_status, app_creator_id, created_by, created_date, hidden_name, jpql_query, name, project_id, project_version_id, query_json, query_type, sql_query, updated_by, updated_date, user_access, version_id FROM art_query WHERE (query_id = ?)
	bind => [3B9372F9-4A69-404A-82A4-E73D08CB50C0]
DELETE FROM ast_SessionData_T WHERE ((activeStatus = ?) AND (appSessionId = ?))
[EL Finer]: transaction: 2016-06-29 08:24:56.562--UnitOfWork(959114959)--Thread(Thread[Test worker,5,main])--begin unit of work commit
[EL Finest]: query: 2016-06-29 08:24:56.562--UnitOfWork(959114959)--Thread(Thread[Test worker,5,main])--Execute query UpdateObjectQuery(AwsQuery [queryId=3B9372F9-4A69-404A-82A4-E73D08CB50C0, jpqlQuery=delete from SessionData e where e.systemInfo.activeStatus=1 and e.appSessionId=:appSessionId, queryType=1, name=deleteAllSessionData, hiddenName=DELETEALLSESSIONDATA])
[EL Fine]: sql: 2016-06-29 08:24:56.562--ClientSession(1907199383)--Connection(1067916706)--Thread(Thread[Test worker,5,main])--UPDATE art_query SET sql_query = ? WHERE (query_id = ?)
	bind => [DELETE FROM ast_SessionData_T WHERE ((activeStatus = ?) AND (appSessionId = ?)), 3B9372F9-4A69-404A-82A4-E73D08CB50C0]
[EL Finer]: transaction: 2016-06-29 08:24:56.563--ClientSession(1907199383)--Connection(1067916706)--Thread(Thread[Test worker,5,main])--commit transaction
[EL Finest]: connection: 2016-06-29 08:24:56.566--ServerSession(1088819099)--Connection(832861531)--Thread(Thread[Test worker,5,main])--Connection released to connection pool [default].
[EL Finer]: transaction: 2016-06-29 08:24:56.566--UnitOfWork(959114959)--Thread(Thread[Test worker,5,main])--end unit of work commit
[EL Finer]: transaction: 2016-06-29 08:24:56.566--UnitOfWork(959114959)--Thread(Thread[Test worker,5,main])--resume unit of work
[EL Finer]: transaction: 2016-06-29 08:24:56.566--UnitOfWork(959114959)--Thread(Thread[Test worker,5,main])--release unit of work
[EL Finer]: connection: 2016-06-29 08:24:56.566--ClientSession(1907199383)--Thread(Thread[Test worker,5,main])--client released
[EL Finer]: connection: 2016-06-29 08:24:56.567--ServerSession(1088819099)--Thread(Thread[Test worker,5,main])--client acquired: 723975715
[EL Finer]: transaction: 2016-06-29 08:24:56.567--ClientSession(723975715)--Thread(Thread[Test worker,5,main])--acquire unit of work: 217498103
[EL Finest]: connection: 2016-06-29 08:24:56.567--ServerSession(1088819099)--Connection(473449927)--Thread(Thread[Test worker,5,main])--Connection acquired from connection pool [default].
[EL Finer]: transaction: 2016-06-29 08:24:56.567--ClientSession(723975715)--Connection(473449927)--Thread(Thread[Test worker,5,main])--begin transaction
[EL Finest]: connection: 2016-06-29 08:24:56.567--ClientSession(723975715)--Thread(Thread[Test worker,5,main])--reconnecting to external connection pool
[EL Finest]: transaction: 2016-06-29 08:24:56.57--UnitOfWork(217498103)--Thread(Thread[Test worker,5,main])--Merge clone with references AwsQuery [queryId=54AFCB9D-7690-4D5D-B341-34740767113C, jpqlQuery=SELECT u FROM Login u WHERE u.systemInfo.activeStatus=1 AND u.user.userId NOT IN (SELECT ub.userId FROM UserRoleBridge ub), queryType=1, name=findUnMappedUser, hiddenName=FINDUNMAPPEDUSER]
[EL Finest]: query: 2016-06-29 08:24:56.57--UnitOfWork(217498103)--Thread(Thread[Test worker,5,main])--Execute query ReadObjectQuery(referenceClass=ArtQuery )
[EL Fine]: sql: 2016-06-29 08:24:56.57--ClientSession(723975715)--Connection(449105620)--Thread(Thread[Test worker,5,main])--SELECT query_id, active_status, app_creator_id, created_by, created_date, hidden_name, jpql_query, name, project_id, project_version_id, query_json, query_type, sql_query, updated_by, updated_date, user_access, version_id FROM art_query WHERE (query_id = ?)
	bind => [54AFCB9D-7690-4D5D-B341-34740767113C]
SELECT t0.loginPk, t0.failedLoginAttempts, t0.loginId, t0.serverAuthImage, t0.serverAuthText, t0.versionId, t0.createdBy, t0.createdDate, t0.updatedBy, t0.updatedDate, t0.activeStatus, t0.txnAccessCode, t0.contactId, t0.userId FROM ast_Login_T t0, ast_User_T t1 WHERE (((t0.activeStatus = ?) AND t1.userId NOT IN (SELECT t2.userId FROM ast_UserRoleBridge_T t2)) AND (t1.userId = t0.userId))
[EL Finer]: transaction: 2016-06-29 08:24:56.572--UnitOfWork(217498103)--Thread(Thread[Test worker,5,main])--begin unit of work commit
[EL Finest]: query: 2016-06-29 08:24:56.572--UnitOfWork(217498103)--Thread(Thread[Test worker,5,main])--Execute query UpdateObjectQuery(AwsQuery [queryId=54AFCB9D-7690-4D5D-B341-34740767113C, jpqlQuery=SELECT u FROM Login u WHERE u.systemInfo.activeStatus=1 AND u.user.userId NOT IN (SELECT ub.userId FROM UserRoleBridge ub), queryType=1, name=findUnMappedUser, hiddenName=FINDUNMAPPEDUSER])
[EL Fine]: sql: 2016-06-29 08:24:56.573--ClientSession(723975715)--Connection(449105620)--Thread(Thread[Test worker,5,main])--UPDATE art_query SET sql_query = ? WHERE (query_id = ?)
	bind => [SELECT t0.loginPk, t0.failedLoginAttempts, t0.loginId, t0.serverAuthImage, t0.serverAuthText, t0.versionId, t0.createdBy, t0.createdDate, t0.updatedBy, t0.updatedDate, t0.activeStatus, t0.txnAccessCode, t0.contactId, t0.userId FROM ast_Login_T t0, ast_User_T t1 WHERE (((t0.activeStatus = ?) AND t1.userId NOT IN (SELECT t2.userId FROM ast_UserRoleBridge_T t2)) AND (t1.userId = t0.userId)), 54AFCB9D-7690-4D5D-B341-34740767113C]
[EL Finer]: transaction: 2016-06-29 08:24:56.574--ClientSession(723975715)--Connection(449105620)--Thread(Thread[Test worker,5,main])--commit transaction
[EL Finest]: connection: 2016-06-29 08:24:56.576--ServerSession(1088819099)--Connection(473449927)--Thread(Thread[Test worker,5,main])--Connection released to connection pool [default].
[EL Finer]: transaction: 2016-06-29 08:24:56.576--UnitOfWork(217498103)--Thread(Thread[Test worker,5,main])--end unit of work commit
[EL Finer]: transaction: 2016-06-29 08:24:56.576--UnitOfWork(217498103)--Thread(Thread[Test worker,5,main])--resume unit of work
[EL Finer]: transaction: 2016-06-29 08:24:56.577--UnitOfWork(217498103)--Thread(Thread[Test worker,5,main])--release unit of work
[EL Finer]: connection: 2016-06-29 08:24:56.577--ClientSession(723975715)--Thread(Thread[Test worker,5,main])--client released
[EL Finer]: connection: 2016-06-29 08:24:56.577--ServerSession(1088819099)--Thread(Thread[Test worker,5,main])--client acquired: 1088824309
[EL Finer]: transaction: 2016-06-29 08:24:56.577--ClientSession(1088824309)--Thread(Thread[Test worker,5,main])--acquire unit of work: 1162005276
[EL Finest]: connection: 2016-06-29 08:24:56.577--ServerSession(1088819099)--Connection(606387914)--Thread(Thread[Test worker,5,main])--Connection acquired from connection pool [default].
[EL Finer]: transaction: 2016-06-29 08:24:56.577--ClientSession(1088824309)--Connection(606387914)--Thread(Thread[Test worker,5,main])--begin transaction
[EL Finest]: connection: 2016-06-29 08:24:56.578--ClientSession(1088824309)--Thread(Thread[Test worker,5,main])--reconnecting to external connection pool
[EL Finest]: transaction: 2016-06-29 08:24:56.593--UnitOfWork(1162005276)--Thread(Thread[Test worker,5,main])--Merge clone with references AwsQuery [queryId=80617FE1-A9F8-4823-A81B-7E1E25AC2A71, jpqlQuery=SELECT zenHealth.monitorId,zenHealth.scheduledDateTime,zenHealth.serverInstanceId,zenHealth.serverIpAddress,zenHealth.totalClass,zenHealth.classLoaded, zenHealth.classUnloaded,zenHealth.gcCollectionTime,zenHealth.gcMemoryName, ((zenHealth.nonHeapCommitted/1024)/1024) AS nonHeapCommitted, (zenHealth.nonHeapUsed/1024)/1024 AS nonHeapUsed, (zenHealth.heapCommitted/1024)/1024 AS heapCommitted, (zenHealth.maxMemory/1024)/1024 AS maxMemory , 100 - ((zenHealth.usedMemory/zenHealth.totalMemory) * 100) AS freeMemory, (zenHealth.heapUsed/1024)/1024 AS heapUsed, (zenHealth.totalMemory/1024)/1024 AS totalMemory, zenHealth.startTime, zenHealth.upTime,zenHealth.cpuTime, (zenHealth.freePhysicalSize/1024)/1024 AS freePhysicalSize, (zenHealth.totalPhysicalMemorySize/1024)/1024 AS totalPhysicalMemorySize, zenHealth.cpuLoadTime, FUNCTION('ROUND',(zenHealth.freeSwapSize/1024)/1024) AS freeSwapSize, zenHealth.systemLoadAverage, FUNCTION('ROUND',(zenHealth.totalSwapSize/1024)/1024) AS totalSwapSize, zenHealth.availableProcessor,zenHealth.totalThread, zenHealth.threadPeakCount,zenHealth.threadStartedCount,zenHealth.threadDaemonCount,zenHealth.threadCpuTime, zenHealth.threadUserTime,zenHealth.cpuLoad, (zenHealth.usedMemory/zenHealth.totalMemory) * 100 AS usedMemory, (zenHealth.usedSwapSize/1024)/1024 AS usedSwapSize, (zenHealth.usedPhysicalMemory /1024)/1024 AS usedPhysicalMemory FROM ZenHealth AS zenHealth ORDER BY zenHealth.scheduledDateTime DESC, queryType=2, name=App Server Memory Usage, hiddenName=APP SERVER MEMORY USAGE]
[EL Finest]: query: 2016-06-29 08:24:56.593--UnitOfWork(1162005276)--Thread(Thread[Test worker,5,main])--Execute query ReadObjectQuery(referenceClass=ArtQuery )
[EL Fine]: sql: 2016-06-29 08:24:56.593--ClientSession(1088824309)--Connection(1979520140)--Thread(Thread[Test worker,5,main])--SELECT query_id, active_status, app_creator_id, created_by, created_date, hidden_name, jpql_query, name, project_id, project_version_id, query_json, query_type, sql_query, updated_by, updated_date, user_access, version_id FROM art_query WHERE (query_id = ?)
	bind => [80617FE1-A9F8-4823-A81B-7E1E25AC2A71]
SELECT monitorId, scheduledDateTime, serverInstanceId, serverIpAddress, totalClass, classLoaded, classUnloaded, gcCollectionTime, gcMemoryName, ((nonHeapCommitted / ?) / ?), ((nonHeapUsed / ?) / ?), ((heapCommitted / ?) / ?), ((maxMemory / ?) / ?), (? - ((usedMemory / totalMemory) * ?)), ((heapUsed / ?) / ?), ((totalMemory / ?) / ?), startTime, upTime, cpuTime, ((freePhysicalSize / ?) / ?), ((totalPhysicalMemorySize / ?) / ?), cpuLoadTime, ROUND(((freeSwapSize / ?) / ?)), systemLoadAverage, ROUND(((totalSwapSize / ?) / ?)), availableProcessor, totalThread, threadPeakCount, threadStartedCount, threadDaemonCount, threadCpuTime, threadUserTime, cpuLoad, ((usedMemory / totalMemory) * ?), ((usedSwapSize / ?) / ?), ((usedPhysicalMemory / ?) / ?) FROM zen_health ORDER BY scheduledDateTime DESC
[EL Finer]: transaction: 2016-06-29 08:24:56.596--UnitOfWork(1162005276)--Thread(Thread[Test worker,5,main])--begin unit of work commit
[EL Finest]: query: 2016-06-29 08:24:56.597--UnitOfWork(1162005276)--Thread(Thread[Test worker,5,main])--Execute query UpdateObjectQuery(AwsQuery [queryId=80617FE1-A9F8-4823-A81B-7E1E25AC2A71, jpqlQuery=SELECT zenHealth.monitorId,zenHealth.scheduledDateTime,zenHealth.serverInstanceId,zenHealth.serverIpAddress,zenHealth.totalClass,zenHealth.classLoaded, zenHealth.classUnloaded,zenHealth.gcCollectionTime,zenHealth.gcMemoryName, ((zenHealth.nonHeapCommitted/1024)/1024) AS nonHeapCommitted, (zenHealth.nonHeapUsed/1024)/1024 AS nonHeapUsed, (zenHealth.heapCommitted/1024)/1024 AS heapCommitted, (zenHealth.maxMemory/1024)/1024 AS maxMemory , 100 - ((zenHealth.usedMemory/zenHealth.totalMemory) * 100) AS freeMemory, (zenHealth.heapUsed/1024)/1024 AS heapUsed, (zenHealth.totalMemory/1024)/1024 AS totalMemory, zenHealth.startTime, zenHealth.upTime,zenHealth.cpuTime, (zenHealth.freePhysicalSize/1024)/1024 AS freePhysicalSize, (zenHealth.totalPhysicalMemorySize/1024)/1024 AS totalPhysicalMemorySize, zenHealth.cpuLoadTime, FUNCTION('ROUND',(zenHealth.freeSwapSize/1024)/1024) AS freeSwapSize, zenHealth.systemLoadAverage, FUNCTION('ROUND',(zenHealth.totalSwapSize/1024)/1024) AS totalSwapSize, zenHealth.availableProcessor,zenHealth.totalThread, zenHealth.threadPeakCount,zenHealth.threadStartedCount,zenHealth.threadDaemonCount,zenHealth.threadCpuTime, zenHealth.threadUserTime,zenHealth.cpuLoad, (zenHealth.usedMemory/zenHealth.totalMemory) * 100 AS usedMemory, (zenHealth.usedSwapSize/1024)/1024 AS usedSwapSize, (zenHealth.usedPhysicalMemory /1024)/1024 AS usedPhysicalMemory FROM ZenHealth AS zenHealth ORDER BY zenHealth.scheduledDateTime DESC, queryType=2, name=App Server Memory Usage, hiddenName=APP SERVER MEMORY USAGE])
[EL Fine]: sql: 2016-06-29 08:24:56.597--ClientSession(1088824309)--Connection(1979520140)--Thread(Thread[Test worker,5,main])--UPDATE art_query SET sql_query = ? WHERE (query_id = ?)
	bind => [SELECT monitorId, scheduledDateTime, serverInstanceId, serverIpAddress, totalClass, classLoaded, classUnloaded, gcCollectionTime, gcMemoryName, ((nonHeapCommitted / ?) / ?), ((nonHeapUsed / ?) / ?), ((heapCommitted / ?) / ?), ((maxMemory / ?) / ?), (? - ((usedMemory / totalMemory) * ?)), ((heapUsed / ?) / ?), ((totalMemory / ?) / ?), startTime, upTime, cpuTime, ((freePhysicalSize / ?) / ?), ((totalPhysicalMemorySize / ?) / ?), cpuLoadTime, ROUND(((freeSwapSize / ?) / ?)), systemLoadAverage, ROUND(((totalSwapSize / ?) / ?)), availableProcessor, totalThread, threadPeakCount, threadStartedCount, threadDaemonCount, threadCpuTime, threadUserTime, cpuLoad, ((usedMemory / totalMemory) * ?), ((usedSwapSize / ?) / ?), ((usedPhysicalMemory / ?) / ?) FROM zen_health ORDER BY scheduledDateTime DESC, 80617FE1-A9F8-4823-A81B-7E1E25AC2A71]
[EL Finer]: transaction: 2016-06-29 08:24:56.599--ClientSession(1088824309)--Connection(1979520140)--Thread(Thread[Test worker,5,main])--commit transaction
[EL Finest]: connection: 2016-06-29 08:24:56.601--ServerSession(1088819099)--Connection(606387914)--Thread(Thread[Test worker,5,main])--Connection released to connection pool [default].
[EL Finer]: transaction: 2016-06-29 08:24:56.602--UnitOfWork(1162005276)--Thread(Thread[Test worker,5,main])--end unit of work commit
[EL Finer]: transaction: 2016-06-29 08:24:56.602--UnitOfWork(1162005276)--Thread(Thread[Test worker,5,main])--resume unit of work
[EL Finer]: transaction: 2016-06-29 08:24:56.602--UnitOfWork(1162005276)--Thread(Thread[Test worker,5,main])--release unit of work
[EL Finer]: connection: 2016-06-29 08:24:56.602--ClientSession(1088824309)--Thread(Thread[Test worker,5,main])--client released
[EL Finer]: connection: 2016-06-29 08:24:56.603--ServerSession(1088819099)--Thread(Thread[Test worker,5,main])--client acquired: 822888568
[EL Finer]: transaction: 2016-06-29 08:24:56.603--ClientSession(822888568)--Thread(Thread[Test worker,5,main])--acquire unit of work: 493475696
[EL Finest]: connection: 2016-06-29 08:24:56.603--ServerSession(1088819099)--Connection(264177958)--Thread(Thread[Test worker,5,main])--Connection acquired from connection pool [default].
[EL Finer]: transaction: 2016-06-29 08:24:56.603--ClientSession(822888568)--Connection(264177958)--Thread(Thread[Test worker,5,main])--begin transaction
[EL Finest]: connection: 2016-06-29 08:24:56.603--ClientSession(822888568)--Thread(Thread[Test worker,5,main])--reconnecting to external connection pool
[EL Finest]: transaction: 2016-06-29 08:24:56.606--UnitOfWork(493475696)--Thread(Thread[Test worker,5,main])--Merge clone with references AwsQuery [queryId=841550EF-717E-45A3-B3AE-D1CB58C4A325, jpqlQuery=select e from SessionData e where e.systemInfo.activeStatus=1 and e.appSessionId=:appSessionId and e.sessionKey =:sessionKey, queryType=1, name=findBySessionKey, hiddenName=FINDBYSESSIONKEY]
[EL Finest]: query: 2016-06-29 08:24:56.607--UnitOfWork(493475696)--Thread(Thread[Test worker,5,main])--Execute query ReadObjectQuery(referenceClass=ArtQuery )
[EL Fine]: sql: 2016-06-29 08:24:56.607--ClientSession(822888568)--Connection(1751926781)--Thread(Thread[Test worker,5,main])--SELECT query_id, active_status, app_creator_id, created_by, created_date, hidden_name, jpql_query, name, project_id, project_version_id, query_json, query_type, sql_query, updated_by, updated_date, user_access, version_id FROM art_query WHERE (query_id = ?)
	bind => [841550EF-717E-45A3-B3AE-D1CB58C4A325]
SELECT dataId, appSessionId, booleanValue, customerId, dataType, dateTimeValue, jsonValue, numberValue, sessionKey, stringValue, userId, versionId, createdBy, createdDate, updatedBy, updatedDate, activeStatus, txnAccessCode FROM ast_SessionData_T WHERE (((activeStatus = ?) AND (appSessionId = ?)) AND (sessionKey = ?))
[EL Finer]: transaction: 2016-06-29 08:24:56.609--UnitOfWork(493475696)--Thread(Thread[Test worker,5,main])--begin unit of work commit
[EL Finest]: query: 2016-06-29 08:24:56.61--UnitOfWork(493475696)--Thread(Thread[Test worker,5,main])--Execute query UpdateObjectQuery(AwsQuery [queryId=841550EF-717E-45A3-B3AE-D1CB58C4A325, jpqlQuery=select e from SessionData e where e.systemInfo.activeStatus=1 and e.appSessionId=:appSessionId and e.sessionKey =:sessionKey, queryType=1, name=findBySessionKey, hiddenName=FINDBYSESSIONKEY])
[EL Fine]: sql: 2016-06-29 08:24:56.61--ClientSession(822888568)--Connection(1751926781)--Thread(Thread[Test worker,5,main])--UPDATE art_query SET sql_query = ? WHERE (query_id = ?)
	bind => [SELECT dataId, appSessionId, booleanValue, customerId, dataType, dateTimeValue, jsonValue, numberValue, sessionKey, stringValue, userId, versionId, createdBy, createdDate, updatedBy, updatedDate, activeStatus, txnAccessCode FROM ast_SessionData_T WHERE (((activeStatus = ?) AND (appSessionId = ?)) AND (sessionKey = ?)), 841550EF-717E-45A3-B3AE-D1CB58C4A325]
[EL Finer]: transaction: 2016-06-29 08:24:56.612--ClientSession(822888568)--Connection(1751926781)--Thread(Thread[Test worker,5,main])--commit transaction
[EL Finest]: connection: 2016-06-29 08:24:56.614--ServerSession(1088819099)--Connection(264177958)--Thread(Thread[Test worker,5,main])--Connection released to connection pool [default].
[EL Finer]: transaction: 2016-06-29 08:24:56.614--UnitOfWork(493475696)--Thread(Thread[Test worker,5,main])--end unit of work commit
[EL Finer]: transaction: 2016-06-29 08:24:56.614--UnitOfWork(493475696)--Thread(Thread[Test worker,5,main])--resume unit of work
[EL Finer]: transaction: 2016-06-29 08:24:56.615--UnitOfWork(493475696)--Thread(Thread[Test worker,5,main])--release unit of work
[EL Finer]: connection: 2016-06-29 08:24:56.615--ClientSession(822888568)--Thread(Thread[Test worker,5,main])--client released
[EL Finer]: connection: 2016-06-29 08:24:56.615--ServerSession(1088819099)--Thread(Thread[Test worker,5,main])--client acquired: 1336176308
[EL Finer]: transaction: 2016-06-29 08:24:56.615--ClientSession(1336176308)--Thread(Thread[Test worker,5,main])--acquire unit of work: 878711877
[EL Finest]: connection: 2016-06-29 08:24:56.615--ServerSession(1088819099)--Connection(265476320)--Thread(Thread[Test worker,5,main])--Connection acquired from connection pool [default].
[EL Finer]: transaction: 2016-06-29 08:24:56.616--ClientSession(1336176308)--Connection(265476320)--Thread(Thread[Test worker,5,main])--begin transaction
[EL Finest]: connection: 2016-06-29 08:24:56.616--ClientSession(1336176308)--Thread(Thread[Test worker,5,main])--reconnecting to external connection pool
[EL Finest]: transaction: 2016-06-29 08:24:56.62--UnitOfWork(878711877)--Thread(Thread[Test worker,5,main])--Merge clone with references AwsQuery [queryId=9B98F228-F003-4060-971F-D797C9A8ED1B, jpqlQuery=SELECT zenHealthStatus.healthId,zenHealthStatus.scheduledDateTime,zenHealthStatus.serverInstanceId,zenHealthStatus.serverIpAddress, FUNCTION('ROUND',100 - (zenHealthStatus.usedSpace/zenHealthStatus.totalSpace )* 100) AS freeSpace, FUNCTION('ROUND',(zenHealthStatus.usedSpace/zenHealthStatus.totalSpace )* 100 ) AS usedSpace, FUNCTION('ROUND',(zenHealthStatus.totalSpace/1024)/1024) AS totalSpace, zenHealthStatus.status FROM ZenHealthStatus AS zenHealthStatus ORDER BY zenHealthStatus.scheduledDateTime DESC, queryType=2, name=System Memory Usage, hiddenName=SYSTEM MEMORY USAGE]
[EL Finest]: query: 2016-06-29 08:24:56.621--UnitOfWork(878711877)--Thread(Thread[Test worker,5,main])--Execute query ReadObjectQuery(referenceClass=ArtQuery )
[EL Fine]: sql: 2016-06-29 08:24:56.621--ClientSession(1336176308)--Connection(1356707994)--Thread(Thread[Test worker,5,main])--SELECT query_id, active_status, app_creator_id, created_by, created_date, hidden_name, jpql_query, name, project_id, project_version_id, query_json, query_type, sql_query, updated_by, updated_date, user_access, version_id FROM art_query WHERE (query_id = ?)
	bind => [9B98F228-F003-4060-971F-D797C9A8ED1B]
SELECT healthId, scheduledDateTime, serverInstanceId, serverIpAddress, ROUND((? - ((usedSpace / totalSpace) * ?))), ROUND(((usedSpace / totalSpace) * ?)), ROUND(((totalSpace / ?) / ?)), status FROM zen_health_status ORDER BY scheduledDateTime DESC
[EL Finer]: transaction: 2016-06-29 08:24:56.623--UnitOfWork(878711877)--Thread(Thread[Test worker,5,main])--begin unit of work commit
[EL Finest]: query: 2016-06-29 08:24:56.623--UnitOfWork(878711877)--Thread(Thread[Test worker,5,main])--Execute query UpdateObjectQuery(AwsQuery [queryId=9B98F228-F003-4060-971F-D797C9A8ED1B, jpqlQuery=SELECT zenHealthStatus.healthId,zenHealthStatus.scheduledDateTime,zenHealthStatus.serverInstanceId,zenHealthStatus.serverIpAddress, FUNCTION('ROUND',100 - (zenHealthStatus.usedSpace/zenHealthStatus.totalSpace )* 100) AS freeSpace, FUNCTION('ROUND',(zenHealthStatus.usedSpace/zenHealthStatus.totalSpace )* 100 ) AS usedSpace, FUNCTION('ROUND',(zenHealthStatus.totalSpace/1024)/1024) AS totalSpace, zenHealthStatus.status FROM ZenHealthStatus AS zenHealthStatus ORDER BY zenHealthStatus.scheduledDateTime DESC, queryType=2, name=System Memory Usage, hiddenName=SYSTEM MEMORY USAGE])
[EL Fine]: sql: 2016-06-29 08:24:56.624--ClientSession(1336176308)--Connection(1356707994)--Thread(Thread[Test worker,5,main])--UPDATE art_query SET sql_query = ? WHERE (query_id = ?)
	bind => [SELECT healthId, scheduledDateTime, serverInstanceId, serverIpAddress, ROUND((? - ((usedSpace / totalSpace) * ?))), ROUND(((usedSpace / totalSpace) * ?)), ROUND(((totalSpace / ?) / ?)), status FROM zen_health_status ORDER BY scheduledDateTime DESC, 9B98F228-F003-4060-971F-D797C9A8ED1B]
[EL Finer]: transaction: 2016-06-29 08:24:56.625--ClientSession(1336176308)--Connection(1356707994)--Thread(Thread[Test worker,5,main])--commit transaction
[EL Finest]: connection: 2016-06-29 08:24:56.627--ServerSession(1088819099)--Connection(265476320)--Thread(Thread[Test worker,5,main])--Connection released to connection pool [default].
[EL Finer]: transaction: 2016-06-29 08:24:56.627--UnitOfWork(878711877)--Thread(Thread[Test worker,5,main])--end unit of work commit
[EL Finer]: transaction: 2016-06-29 08:24:56.627--UnitOfWork(878711877)--Thread(Thread[Test worker,5,main])--resume unit of work
[EL Finer]: transaction: 2016-06-29 08:24:56.627--UnitOfWork(878711877)--Thread(Thread[Test worker,5,main])--release unit of work
[EL Finer]: connection: 2016-06-29 08:24:56.628--ClientSession(1336176308)--Thread(Thread[Test worker,5,main])--client released
Setting logged in user info for ADD
[EL Finer]: connection: 2016-06-29 08:25:05.547--ServerSession(1088819099)--Thread(Thread[Test worker,5,main])--client acquired: 1519650992
[EL Finer]: transaction: 2016-06-29 08:25:05.547--ClientSession(1519650992)--Thread(Thread[Test worker,5,main])--acquire unit of work: 751208773
[EL Finest]: connection: 2016-06-29 08:25:05.547--ServerSession(1088819099)--Connection(509487098)--Thread(Thread[Test worker,5,main])--Connection acquired from connection pool [default].
[EL Finer]: transaction: 2016-06-29 08:25:05.548--ClientSession(1519650992)--Connection(509487098)--Thread(Thread[Test worker,5,main])--begin transaction
[EL Finest]: connection: 2016-06-29 08:25:05.548--ClientSession(1519650992)--Thread(Thread[Test worker,5,main])--reconnecting to external connection pool
[EL Finest]: transaction: 2016-06-29 08:25:05.552--UnitOfWork(751208773)--Thread(Thread[Test worker,5,main])--persist() operation called on: .
[EL Finest]: sequencing: 2016-06-29 08:25:05.553--UnitOfWork(751208773)--Thread(Thread[Test worker,5,main])--assign sequence to the object (D3B12DF4-3B9F-4B65-A17B-3964C7E833F3 -> )
Wed Jun 29 08:25:05 UTC 2016|Unknown Alarm = ABSAA322100200 Alarm Split = ABS-AA-3-2-2-100-200
[EL Finer]: transaction: 2016-06-29 08:25:05.554--UnitOfWork(751208773)--Thread(Thread[Test worker,5,main])--begin unit of work commit
[EL Finest]: query: 2016-06-29 08:25:05.555--UnitOfWork(751208773)--Thread(Thread[Test worker,5,main])--Execute query InsertObjectQuery()
[EL Fine]: sql: 2016-06-29 08:25:05.555--ClientSession(1519650992)--Connection(1234058004)--Thread(Thread[Test worker,5,main])--INSERT INTO ast_JwtConfig_M (configId, expiration, jwtAlgorithm, tokenKey, versionId, createdBy, createdDate, updatedBy, updatedDate, activeStatus, txnAccessCode) VALUES (?, ?, ?, ?, ?, ?, ?, ?, ?, ?, ?)
	bind => [D3B12DF4-3B9F-4B65-A17B-3964C7E833F3, 2016-06-29 08:12:59.088, v3WNtifU0bFy70FWUaclO6YZzJC1N0DIwKq0iNO2W3qEjmKpf5, nmZQC279tQjPZmAhzKoFmbJkqusLeNNrHt6FgYA74oMIJvzeRW, 1, AAAAA, 2016-06-29 08:25:05.525, AAAAA, 2016-06-29 08:25:05.525, 1, 51000]
[EL Finer]: transaction: 2016-06-29 08:25:05.557--ClientSession(1519650992)--Connection(1234058004)--Thread(Thread[Test worker,5,main])--commit transaction
[EL Finest]: connection: 2016-06-29 08:25:05.565--ServerSession(1088819099)--Connection(509487098)--Thread(Thread[Test worker,5,main])--Connection released to connection pool [default].
[EL Finer]: transaction: 2016-06-29 08:25:05.566--UnitOfWork(751208773)--Thread(Thread[Test worker,5,main])--end unit of work commit
[EL Finer]: transaction: 2016-06-29 08:25:05.566--UnitOfWork(751208773)--Thread(Thread[Test worker,5,main])--resume unit of work
[EL Finer]: transaction: 2016-06-29 08:25:05.567--UnitOfWork(751208773)--Thread(Thread[Test worker,5,main])--release unit of work
[EL Finer]: connection: 2016-06-29 08:25:05.567--ClientSession(1519650992)--Thread(Thread[Test worker,5,main])--client released
[EL Finer]: connection: 2016-06-29 08:25:05.575--ServerSession(1088819099)--Thread(Thread[Test worker,5,main])--client acquired: 731692780
[EL Finer]: transaction: 2016-06-29 08:25:05.575--ClientSession(731692780)--Thread(Thread[Test worker,5,main])--acquire unit of work: 1069190738
[EL Finest]: connection: 2016-06-29 08:25:05.575--ServerSession(1088819099)--Connection(1893059117)--Thread(Thread[Test worker,5,main])--Connection acquired from connection pool [default].
[EL Finer]: transaction: 2016-06-29 08:25:05.575--ClientSession(731692780)--Connection(1893059117)--Thread(Thread[Test worker,5,main])--begin transaction
[EL Finest]: connection: 2016-06-29 08:25:05.575--ClientSession(731692780)--Thread(Thread[Test worker,5,main])--reconnecting to external connection pool
[EL Finer]: transaction: 2016-06-29 08:25:05.577--UnitOfWork(1069190738)--Thread(Thread[Test worker,5,main])--begin unit of work flush
[EL Finer]: transaction: 2016-06-29 08:25:05.578--UnitOfWork(1069190738)--Thread(Thread[Test worker,5,main])--end unit of work flush
[EL Finest]: query: 2016-06-29 08:25:05.578--UnitOfWork(1069190738)--Thread(Thread[Test worker,5,main])--Execute query ReadAllQuery(name="JwtConfig.findById" referenceClass=JwtConfig sql="SELECT configId, expiration, jwtAlgorithm, tokenKey, versionId, createdBy, createdDate, updatedBy, updatedDate, activeStatus, txnAccessCode FROM ast_JwtConfig_M WHERE ((activeStatus = ?) AND (configId = ?))")
[EL Fine]: sql: 2016-06-29 08:25:05.578--ClientSession(731692780)--Connection(1422290299)--Thread(Thread[Test worker,5,main])--SELECT configId, expiration, jwtAlgorithm, tokenKey, versionId, createdBy, createdDate, updatedBy, updatedDate, activeStatus, txnAccessCode FROM ast_JwtConfig_M WHERE ((activeStatus = ?) AND (configId = ?))
	bind => [1, D3B12DF4-3B9F-4B65-A17B-3964C7E833F3]
Wed Jun 29 08:25:05 UTC 2016|Unknown Alarm = ABSAA324100200 Alarm Split = ABS-AA-3-2-4-100-200
[EL Finer]: transaction: 2016-06-29 08:25:05.58--UnitOfWork(1069190738)--Thread(Thread[Test worker,5,main])--begin unit of work commit
[EL Finer]: transaction: 2016-06-29 08:25:05.581--ClientSession(731692780)--Connection(1422290299)--Thread(Thread[Test worker,5,main])--commit transaction
[EL Finest]: connection: 2016-06-29 08:25:05.582--ServerSession(1088819099)--Connection(1893059117)--Thread(Thread[Test worker,5,main])--Connection released to connection pool [default].
[EL Finer]: transaction: 2016-06-29 08:25:05.582--UnitOfWork(1069190738)--Thread(Thread[Test worker,5,main])--end unit of work commit
[EL Finer]: transaction: 2016-06-29 08:25:05.582--UnitOfWork(1069190738)--Thread(Thread[Test worker,5,main])--resume unit of work
[EL Finer]: transaction: 2016-06-29 08:25:05.582--UnitOfWork(1069190738)--Thread(Thread[Test worker,5,main])--release unit of work
[EL Finer]: connection: 2016-06-29 08:25:05.582--ClientSession(731692780)--Thread(Thread[Test worker,5,main])--client released
Setting logged in user info for UPDATE
[EL Finer]: connection: 2016-06-29 08:25:05.583--ServerSession(1088819099)--Thread(Thread[Test worker,5,main])--client acquired: 1219793386
[EL Finer]: transaction: 2016-06-29 08:25:05.583--ClientSession(1219793386)--Thread(Thread[Test worker,5,main])--acquire unit of work: 1188544240
[EL Finest]: connection: 2016-06-29 08:25:05.584--ServerSession(1088819099)--Connection(2117640933)--Thread(Thread[Test worker,5,main])--Connection acquired from connection pool [default].
[EL Finer]: transaction: 2016-06-29 08:25:05.584--ClientSession(1219793386)--Connection(2117640933)--Thread(Thread[Test worker,5,main])--begin transaction
[EL Finest]: connection: 2016-06-29 08:25:05.584--ClientSession(1219793386)--Thread(Thread[Test worker,5,main])--reconnecting to external connection pool
[EL Finest]: transaction: 2016-06-29 08:25:05.588--UnitOfWork(1188544240)--Thread(Thread[Test worker,5,main])--Merge clone with references 
[EL Finest]: query: 2016-06-29 08:25:05.588--UnitOfWork(1188544240)--Thread(Thread[Test worker,5,main])--Execute query ReadObjectQuery(referenceClass=JwtConfig )
[EL Fine]: sql: 2016-06-29 08:25:05.589--ClientSession(1219793386)--Connection(844288734)--Thread(Thread[Test worker,5,main])--SELECT configId, expiration, jwtAlgorithm, tokenKey, versionId, createdBy, createdDate, updatedBy, updatedDate, activeStatus, txnAccessCode FROM ast_JwtConfig_M WHERE (configId = ?)
	bind => [D3B12DF4-3B9F-4B65-A17B-3964C7E833F3]
Wed Jun 29 08:25:05 UTC 2016|Unknown Alarm = ABSAA321100200 Alarm Split = ABS-AA-3-2-1-100-200
[EL Finer]: transaction: 2016-06-29 08:25:05.591--UnitOfWork(1188544240)--Thread(Thread[Test worker,5,main])--begin unit of work commit
[EL Finest]: query: 2016-06-29 08:25:05.591--UnitOfWork(1188544240)--Thread(Thread[Test worker,5,main])--Execute query UpdateObjectQuery()
[EL Fine]: sql: 2016-06-29 08:25:05.592--ClientSession(1219793386)--Connection(844288734)--Thread(Thread[Test worker,5,main])--UPDATE ast_JwtConfig_M SET expiration = ?, jwtAlgorithm = ?, tokenKey = ?, versionId = ? WHERE ((configId = ?) AND (versionId = ?))
	bind => [2016-06-29 08:12:59.181, mLdSW7IDcJxGKuMCx3vOx9GfBYefguQ6F63WleOMl0KtjxXp4T, hvvUulPLFpynFnlHe07IUOx2mygWK3CRjpomhMA2O3JdrafYJr, 2, D3B12DF4-3B9F-4B65-A17B-3964C7E833F3, 1]
[EL Finer]: transaction: 2016-06-29 08:25:05.593--ClientSession(1219793386)--Connection(844288734)--Thread(Thread[Test worker,5,main])--commit transaction
[EL Finest]: connection: 2016-06-29 08:25:05.596--ServerSession(1088819099)--Connection(2117640933)--Thread(Thread[Test worker,5,main])--Connection released to connection pool [default].
[EL Finer]: transaction: 2016-06-29 08:25:05.596--UnitOfWork(1188544240)--Thread(Thread[Test worker,5,main])--end unit of work commit
[EL Finer]: transaction: 2016-06-29 08:25:05.597--UnitOfWork(1188544240)--Thread(Thread[Test worker,5,main])--resume unit of work
[EL Finer]: transaction: 2016-06-29 08:25:05.597--UnitOfWork(1188544240)--Thread(Thread[Test worker,5,main])--release unit of work
[EL Finer]: connection: 2016-06-29 08:25:05.597--ClientSession(1219793386)--Thread(Thread[Test worker,5,main])--client released
[EL Finer]: connection: 2016-06-29 08:25:05.603--ServerSession(1088819099)--Thread(Thread[Test worker,5,main])--client acquired: 198155452
[EL Finer]: transaction: 2016-06-29 08:25:05.603--ClientSession(198155452)--Thread(Thread[Test worker,5,main])--acquire unit of work: 1799028914
[EL Finest]: connection: 2016-06-29 08:25:05.604--ServerSession(1088819099)--Connection(1856691485)--Thread(Thread[Test worker,5,main])--Connection acquired from connection pool [default].
[EL Finer]: transaction: 2016-06-29 08:25:05.604--ClientSession(198155452)--Connection(1856691485)--Thread(Thread[Test worker,5,main])--begin transaction
[EL Finest]: connection: 2016-06-29 08:25:05.604--ClientSession(198155452)--Thread(Thread[Test worker,5,main])--reconnecting to external connection pool
[EL Finer]: transaction: 2016-06-29 08:25:05.605--UnitOfWork(1799028914)--Thread(Thread[Test worker,5,main])--begin unit of work flush
[EL Finer]: transaction: 2016-06-29 08:25:05.605--UnitOfWork(1799028914)--Thread(Thread[Test worker,5,main])--end unit of work flush
[EL Finest]: query: 2016-06-29 08:25:05.605--UnitOfWork(1799028914)--Thread(Thread[Test worker,5,main])--Execute query ReadAllQuery(name="JwtConfig.findById" referenceClass=JwtConfig sql="SELECT configId, expiration, jwtAlgorithm, tokenKey, versionId, createdBy, createdDate, updatedBy, updatedDate, activeStatus, txnAccessCode FROM ast_JwtConfig_M WHERE ((activeStatus = ?) AND (configId = ?))")
[EL Fine]: sql: 2016-06-29 08:25:05.606--ClientSession(198155452)--Connection(431967888)--Thread(Thread[Test worker,5,main])--SELECT configId, expiration, jwtAlgorithm, tokenKey, versionId, createdBy, createdDate, updatedBy, updatedDate, activeStatus, txnAccessCode FROM ast_JwtConfig_M WHERE ((activeStatus = ?) AND (configId = ?))
	bind => [1, D3B12DF4-3B9F-4B65-A17B-3964C7E833F3]
Wed Jun 29 08:25:05 UTC 2016|Unknown Alarm = ABSAA324100200 Alarm Split = ABS-AA-3-2-4-100-200
[EL Finer]: transaction: 2016-06-29 08:25:05.608--UnitOfWork(1799028914)--Thread(Thread[Test worker,5,main])--begin unit of work commit
[EL Finer]: transaction: 2016-06-29 08:25:05.608--ClientSession(198155452)--Connection(431967888)--Thread(Thread[Test worker,5,main])--commit transaction
[EL Finest]: connection: 2016-06-29 08:25:05.608--ServerSession(1088819099)--Connection(1856691485)--Thread(Thread[Test worker,5,main])--Connection released to connection pool [default].
[EL Finer]: transaction: 2016-06-29 08:25:05.608--UnitOfWork(1799028914)--Thread(Thread[Test worker,5,main])--end unit of work commit
[EL Finer]: transaction: 2016-06-29 08:25:05.609--UnitOfWork(1799028914)--Thread(Thread[Test worker,5,main])--resume unit of work
[EL Finer]: transaction: 2016-06-29 08:25:05.609--UnitOfWork(1799028914)--Thread(Thread[Test worker,5,main])--release unit of work
[EL Finer]: connection: 2016-06-29 08:25:05.609--ClientSession(198155452)--Thread(Thread[Test worker,5,main])--client released
[EL Finer]: connection: 2016-06-29 08:25:05.647--ServerSession(1088819099)--Thread(Thread[Test worker,5,main])--client acquired: 265105437
[EL Finer]: transaction: 2016-06-29 08:25:05.647--ClientSession(265105437)--Thread(Thread[Test worker,5,main])--acquire unit of work: 1745995781
[EL Finest]: connection: 2016-06-29 08:25:05.647--ServerSession(1088819099)--Connection(1734538659)--Thread(Thread[Test worker,5,main])--Connection acquired from connection pool [default].
[EL Finer]: transaction: 2016-06-29 08:25:05.647--ClientSession(265105437)--Connection(1734538659)--Thread(Thread[Test worker,5,main])--begin transaction
[EL Finest]: connection: 2016-06-29 08:25:05.647--ClientSession(265105437)--Thread(Thread[Test worker,5,main])--reconnecting to external connection pool
[EL Finest]: query: 2016-06-29 08:25:05.649--UnitOfWork(1745995781)--Thread(Thread[Test worker,5,main])--Execute query ReadObjectQuery(name="readJwtConfig" referenceClass=JwtConfig sql="SELECT configId, expiration, jwtAlgorithm, tokenKey, versionId, createdBy, createdDate, updatedBy, updatedDate, activeStatus, txnAccessCode FROM ast_JwtConfig_M WHERE (configId = ?)")
[EL Fine]: sql: 2016-06-29 08:25:05.65--ClientSession(265105437)--Connection(1372647137)--Thread(Thread[Test worker,5,main])--SELECT configId, expiration, jwtAlgorithm, tokenKey, versionId, createdBy, createdDate, updatedBy, updatedDate, activeStatus, txnAccessCode FROM ast_JwtConfig_M WHERE (configId = ?)
	bind => [D3B12DF4-3B9F-4B65-A17B-3964C7E833F3]
[EL Finest]: transaction: 2016-06-29 08:25:05.651--UnitOfWork(1745995781)--Thread(Thread[Test worker,5,main])--remove() operation called on: 
Wed Jun 29 08:25:05 UTC 2016|Unknown Alarm = ABSAA328100200 Alarm Split = ABS-AA-3-2-8-100-200
[EL Finer]: transaction: 2016-06-29 08:25:05.652--UnitOfWork(1745995781)--Thread(Thread[Test worker,5,main])--begin unit of work commit
[EL Finest]: query: 2016-06-29 08:25:05.652--UnitOfWork(1745995781)--Thread(Thread[Test worker,5,main])--Execute query DoesExistQuery(referenceClass=JwtConfig )
[EL Finest]: query: 2016-06-29 08:25:05.653--UnitOfWork(1745995781)--Thread(Thread[Test worker,5,main])--Execute query DeleteObjectQuery()
[EL Fine]: sql: 2016-06-29 08:25:05.653--ClientSession(265105437)--Connection(1372647137)--Thread(Thread[Test worker,5,main])--DELETE FROM ast_JwtConfig_M WHERE ((configId = ?) AND (versionId = ?))
	bind => [D3B12DF4-3B9F-4B65-A17B-3964C7E833F3, 2]
[EL Finer]: transaction: 2016-06-29 08:25:05.654--ClientSession(265105437)--Connection(1372647137)--Thread(Thread[Test worker,5,main])--commit transaction
[EL Finest]: connection: 2016-06-29 08:25:05.657--ServerSession(1088819099)--Connection(1734538659)--Thread(Thread[Test worker,5,main])--Connection released to connection pool [default].
[EL Finer]: transaction: 2016-06-29 08:25:05.657--UnitOfWork(1745995781)--Thread(Thread[Test worker,5,main])--end unit of work commit
[EL Finer]: transaction: 2016-06-29 08:25:05.657--UnitOfWork(1745995781)--Thread(Thread[Test worker,5,main])--resume unit of work
[EL Finer]: transaction: 2016-06-29 08:25:05.658--UnitOfWork(1745995781)--Thread(Thread[Test worker,5,main])--release unit of work
[EL Finer]: connection: 2016-06-29 08:25:05.658--ClientSession(265105437)--Thread(Thread[Test worker,5,main])--client released
]]></system-out>
  <system-err><![CDATA[log4j:WARN No appenders could be found for logger (org.springframework.test.context.junit4.SpringJUnit4ClassRunner).
log4j:WARN Please initialize the log4j system properly.
log4j:WARN See http://logging.apache.org/log4j/1.2/faq.html#noconfig for more info.
JwtConfig.jwtAlgorithm may not be null
java.lang.SecurityException: JwtConfig.jwtAlgorithm may not be null
	at com.athena.server.pluggable.utils.helper.EntityValidatorHelper.validateEntity(EntityValidatorHelper.java:37)
	at com.app.shared.appbasicsetup.aaa.JwtConfig.isValid(JwtConfig.java:173)
	at com.app.server.service.appbasicsetup.aaa.JwtConfigTestCase.validateJwtConfig(JwtConfigTestCase.java:181)
	at com.app.server.service.appbasicsetup.aaa.JwtConfigTestCase.test5NegativeTesting(JwtConfigTestCase.java:215)
	at sun.reflect.NativeMethodAccessorImpl.invoke0(Native Method)
	at sun.reflect.NativeMethodAccessorImpl.invoke(NativeMethodAccessorImpl.java:57)
	at sun.reflect.DelegatingMethodAccessorImpl.invoke(DelegatingMethodAccessorImpl.java:43)
	at java.lang.reflect.Method.invoke(Method.java:606)
	at org.junit.runners.model.FrameworkMethod$1.runReflectiveCall(FrameworkMethod.java:47)
	at org.junit.internal.runners.model.ReflectiveCallable.run(ReflectiveCallable.java:12)
	at org.junit.runners.model.FrameworkMethod.invokeExplosively(FrameworkMethod.java:44)
	at org.junit.internal.runners.statements.InvokeMethod.evaluate(InvokeMethod.java:17)
	at org.junit.internal.runners.statements.RunBefores.evaluate(RunBefores.java:26)
	at org.springframework.test.context.junit4.statements.RunBeforeTestMethodCallbacks.evaluate(RunBeforeTestMethodCallbacks.java:74)
	at org.junit.internal.runners.statements.RunAfters.evaluate(RunAfters.java:27)
	at org.springframework.test.context.junit4.statements.RunAfterTestMethodCallbacks.evaluate(RunAfterTestMethodCallbacks.java:83)
	at org.springframework.test.context.junit4.statements.SpringRepeat.evaluate(SpringRepeat.java:72)
	at org.springframework.test.context.junit4.SpringJUnit4ClassRunner.runChild(SpringJUnit4ClassRunner.java:233)
	at org.springframework.test.context.junit4.SpringJUnit4ClassRunner.runChild(SpringJUnit4ClassRunner.java:87)
	at org.junit.runners.ParentRunner$3.run(ParentRunner.java:238)
	at org.junit.runners.ParentRunner$1.schedule(ParentRunner.java:63)
	at org.junit.runners.ParentRunner.runChildren(ParentRunner.java:236)
	at org.junit.runners.ParentRunner.access$000(ParentRunner.java:53)
	at org.junit.runners.ParentRunner$2.evaluate(ParentRunner.java:229)
	at org.junit.internal.runners.statements.RunBefores.evaluate(RunBefores.java:26)
	at org.springframework.test.context.junit4.statements.RunBeforeTestClassCallbacks.evaluate(RunBeforeTestClassCallbacks.java:61)
	at org.springframework.test.context.junit4.statements.RunAfterTestClassCallbacks.evaluate(RunAfterTestClassCallbacks.java:71)
	at org.junit.runners.ParentRunner.run(ParentRunner.java:309)
	at org.springframework.test.context.junit4.SpringJUnit4ClassRunner.run(SpringJUnit4ClassRunner.java:176)
	at org.gradle.api.internal.tasks.testing.junit.JUnitTestClassExecuter.runTestClass(JUnitTestClassExecuter.java:86)
	at org.gradle.api.internal.tasks.testing.junit.JUnitTestClassExecuter.execute(JUnitTestClassExecuter.java:49)
	at org.gradle.api.internal.tasks.testing.junit.JUnitTestClassProcessor.processTestClass(JUnitTestClassProcessor.java:64)
	at org.gradle.api.internal.tasks.testing.SuiteTestClassProcessor.processTestClass(SuiteTestClassProcessor.java:50)
	at sun.reflect.NativeMethodAccessorImpl.invoke0(Native Method)
	at sun.reflect.NativeMethodAccessorImpl.invoke(NativeMethodAccessorImpl.java:57)
	at sun.reflect.DelegatingMethodAccessorImpl.invoke(DelegatingMethodAccessorImpl.java:43)
	at java.lang.reflect.Method.invoke(Method.java:606)
	at org.gradle.messaging.dispatch.ReflectionDispatch.dispatch(ReflectionDispatch.java:35)
	at org.gradle.messaging.dispatch.ReflectionDispatch.dispatch(ReflectionDispatch.java:24)
	at org.gradle.messaging.dispatch.ContextClassLoaderDispatch.dispatch(ContextClassLoaderDispatch.java:32)
	at org.gradle.messaging.dispatch.ProxyDispatchAdapter$DispatchingInvocationHandler.invoke(ProxyDispatchAdapter.java:93)
	at com.sun.proxy.$Proxy2.processTestClass(Unknown Source)
	at org.gradle.api.internal.tasks.testing.worker.TestWorker.processTestClass(TestWorker.java:106)
	at sun.reflect.NativeMethodAccessorImpl.invoke0(Native Method)
	at sun.reflect.NativeMethodAccessorImpl.invoke(NativeMethodAccessorImpl.java:57)
	at sun.reflect.DelegatingMethodAccessorImpl.invoke(DelegatingMethodAccessorImpl.java:43)
	at java.lang.reflect.Method.invoke(Method.java:606)
	at org.gradle.messaging.dispatch.ReflectionDispatch.dispatch(ReflectionDispatch.java:35)
	at org.gradle.messaging.dispatch.ReflectionDispatch.dispatch(ReflectionDispatch.java:24)
	at org.gradle.messaging.remote.internal.hub.MessageHub$Handler.run(MessageHub.java:360)
	at org.gradle.internal.concurrent.DefaultExecutorFactory$StoppableExecutorImpl$1.run(DefaultExecutorFactory.java:64)
	at java.util.concurrent.ThreadPoolExecutor.runWorker(ThreadPoolExecutor.java:1145)
	at java.util.concurrent.ThreadPoolExecutor$Worker.run(ThreadPoolExecutor.java:615)
	at java.lang.Thread.run(Thread.java:745)
JwtConfig.jwtAlgorithm size must be between 1 and 256
java.lang.SecurityException: JwtConfig.jwtAlgorithm size must be between 1 and 256
	at com.athena.server.pluggable.utils.helper.EntityValidatorHelper.validateEntity(EntityValidatorHelper.java:37)
	at com.app.shared.appbasicsetup.aaa.JwtConfig.isValid(JwtConfig.java:173)
	at com.app.server.service.appbasicsetup.aaa.JwtConfigTestCase.validateJwtConfig(JwtConfigTestCase.java:179)
	at com.app.server.service.appbasicsetup.aaa.JwtConfigTestCase.test5NegativeTesting(JwtConfigTestCase.java:220)
	at sun.reflect.NativeMethodAccessorImpl.invoke0(Native Method)
	at sun.reflect.NativeMethodAccessorImpl.invoke(NativeMethodAccessorImpl.java:57)
	at sun.reflect.DelegatingMethodAccessorImpl.invoke(DelegatingMethodAccessorImpl.java:43)
	at java.lang.reflect.Method.invoke(Method.java:606)
	at org.junit.runners.model.FrameworkMethod$1.runReflectiveCall(FrameworkMethod.java:47)
	at org.junit.internal.runners.model.ReflectiveCallable.run(ReflectiveCallable.java:12)
	at org.junit.runners.model.FrameworkMethod.invokeExplosively(FrameworkMethod.java:44)
	at org.junit.internal.runners.statements.InvokeMethod.evaluate(InvokeMethod.java:17)
	at org.junit.internal.runners.statements.RunBefores.evaluate(RunBefores.java:26)
	at org.springframework.test.context.junit4.statements.RunBeforeTestMethodCallbacks.evaluate(RunBeforeTestMethodCallbacks.java:74)
	at org.junit.internal.runners.statements.RunAfters.evaluate(RunAfters.java:27)
	at org.springframework.test.context.junit4.statements.RunAfterTestMethodCallbacks.evaluate(RunAfterTestMethodCallbacks.java:83)
	at org.springframework.test.context.junit4.statements.SpringRepeat.evaluate(SpringRepeat.java:72)
	at org.springframework.test.context.junit4.SpringJUnit4ClassRunner.runChild(SpringJUnit4ClassRunner.java:233)
	at org.springframework.test.context.junit4.SpringJUnit4ClassRunner.runChild(SpringJUnit4ClassRunner.java:87)
	at org.junit.runners.ParentRunner$3.run(ParentRunner.java:238)
	at org.junit.runners.ParentRunner$1.schedule(ParentRunner.java:63)
	at org.junit.runners.ParentRunner.runChildren(ParentRunner.java:236)
	at org.junit.runners.ParentRunner.access$000(ParentRunner.java:53)
	at org.junit.runners.ParentRunner$2.evaluate(ParentRunner.java:229)
	at org.junit.internal.runners.statements.RunBefores.evaluate(RunBefores.java:26)
	at org.springframework.test.context.junit4.statements.RunBeforeTestClassCallbacks.evaluate(RunBeforeTestClassCallbacks.java:61)
	at org.springframework.test.context.junit4.statements.RunAfterTestClassCallbacks.evaluate(RunAfterTestClassCallbacks.java:71)
	at org.junit.runners.ParentRunner.run(ParentRunner.java:309)
	at org.springframework.test.context.junit4.SpringJUnit4ClassRunner.run(SpringJUnit4ClassRunner.java:176)
	at org.gradle.api.internal.tasks.testing.junit.JUnitTestClassExecuter.runTestClass(JUnitTestClassExecuter.java:86)
	at org.gradle.api.internal.tasks.testing.junit.JUnitTestClassExecuter.execute(JUnitTestClassExecuter.java:49)
	at org.gradle.api.internal.tasks.testing.junit.JUnitTestClassProcessor.processTestClass(JUnitTestClassProcessor.java:64)
	at org.gradle.api.internal.tasks.testing.SuiteTestClassProcessor.processTestClass(SuiteTestClassProcessor.java:50)
	at sun.reflect.NativeMethodAccessorImpl.invoke0(Native Method)
	at sun.reflect.NativeMethodAccessorImpl.invoke(NativeMethodAccessorImpl.java:57)
	at sun.reflect.DelegatingMethodAccessorImpl.invoke(DelegatingMethodAccessorImpl.java:43)
	at java.lang.reflect.Method.invoke(Method.java:606)
	at org.gradle.messaging.dispatch.ReflectionDispatch.dispatch(ReflectionDispatch.java:35)
	at org.gradle.messaging.dispatch.ReflectionDispatch.dispatch(ReflectionDispatch.java:24)
	at org.gradle.messaging.dispatch.ContextClassLoaderDispatch.dispatch(ContextClassLoaderDispatch.java:32)
	at org.gradle.messaging.dispatch.ProxyDispatchAdapter$DispatchingInvocationHandler.invoke(ProxyDispatchAdapter.java:93)
	at com.sun.proxy.$Proxy2.processTestClass(Unknown Source)
	at org.gradle.api.internal.tasks.testing.worker.TestWorker.processTestClass(TestWorker.java:106)
	at sun.reflect.NativeMethodAccessorImpl.invoke0(Native Method)
	at sun.reflect.NativeMethodAccessorImpl.invoke(NativeMethodAccessorImpl.java:57)
	at sun.reflect.DelegatingMethodAccessorImpl.invoke(DelegatingMethodAccessorImpl.java:43)
	at java.lang.reflect.Method.invoke(Method.java:606)
	at org.gradle.messaging.dispatch.ReflectionDispatch.dispatch(ReflectionDispatch.java:35)
	at org.gradle.messaging.dispatch.ReflectionDispatch.dispatch(ReflectionDispatch.java:24)
	at org.gradle.messaging.remote.internal.hub.MessageHub$Handler.run(MessageHub.java:360)
	at org.gradle.internal.concurrent.DefaultExecutorFactory$StoppableExecutorImpl$1.run(DefaultExecutorFactory.java:64)
	at java.util.concurrent.ThreadPoolExecutor.runWorker(ThreadPoolExecutor.java:1145)
	at java.util.concurrent.ThreadPoolExecutor$Worker.run(ThreadPoolExecutor.java:615)
	at java.lang.Thread.run(Thread.java:745)
JwtConfig.expiration may not be null
java.lang.SecurityException: JwtConfig.expiration may not be null
	at com.athena.server.pluggable.utils.helper.EntityValidatorHelper.validateEntity(EntityValidatorHelper.java:37)
	at com.app.shared.appbasicsetup.aaa.JwtConfig.isValid(JwtConfig.java:173)
	at com.app.server.service.appbasicsetup.aaa.JwtConfigTestCase.validateJwtConfig(JwtConfigTestCase.java:181)
	at com.app.server.service.appbasicsetup.aaa.JwtConfigTestCase.test5NegativeTesting(JwtConfigTestCase.java:226)
	at sun.reflect.NativeMethodAccessorImpl.invoke0(Native Method)
	at sun.reflect.NativeMethodAccessorImpl.invoke(NativeMethodAccessorImpl.java:57)
	at sun.reflect.DelegatingMethodAccessorImpl.invoke(DelegatingMethodAccessorImpl.java:43)
	at java.lang.reflect.Method.invoke(Method.java:606)
	at org.junit.runners.model.FrameworkMethod$1.runReflectiveCall(FrameworkMethod.java:47)
	at org.junit.internal.runners.model.ReflectiveCallable.run(ReflectiveCallable.java:12)
	at org.junit.runners.model.FrameworkMethod.invokeExplosively(FrameworkMethod.java:44)
	at org.junit.internal.runners.statements.InvokeMethod.evaluate(InvokeMethod.java:17)
	at org.junit.internal.runners.statements.RunBefores.evaluate(RunBefores.java:26)
	at org.springframework.test.context.junit4.statements.RunBeforeTestMethodCallbacks.evaluate(RunBeforeTestMethodCallbacks.java:74)
	at org.junit.internal.runners.statements.RunAfters.evaluate(RunAfters.java:27)
	at org.springframework.test.context.junit4.statements.RunAfterTestMethodCallbacks.evaluate(RunAfterTestMethodCallbacks.java:83)
	at org.springframework.test.context.junit4.statements.SpringRepeat.evaluate(SpringRepeat.java:72)
	at org.springframework.test.context.junit4.SpringJUnit4ClassRunner.runChild(SpringJUnit4ClassRunner.java:233)
	at org.springframework.test.context.junit4.SpringJUnit4ClassRunner.runChild(SpringJUnit4ClassRunner.java:87)
	at org.junit.runners.ParentRunner$3.run(ParentRunner.java:238)
	at org.junit.runners.ParentRunner$1.schedule(ParentRunner.java:63)
	at org.junit.runners.ParentRunner.runChildren(ParentRunner.java:236)
	at org.junit.runners.ParentRunner.access$000(ParentRunner.java:53)
	at org.junit.runners.ParentRunner$2.evaluate(ParentRunner.java:229)
	at org.junit.internal.runners.statements.RunBefores.evaluate(RunBefores.java:26)
	at org.springframework.test.context.junit4.statements.RunBeforeTestClassCallbacks.evaluate(RunBeforeTestClassCallbacks.java:61)
	at org.springframework.test.context.junit4.statements.RunAfterTestClassCallbacks.evaluate(RunAfterTestClassCallbacks.java:71)
	at org.junit.runners.ParentRunner.run(ParentRunner.java:309)
	at org.springframework.test.context.junit4.SpringJUnit4ClassRunner.run(SpringJUnit4ClassRunner.java:176)
	at org.gradle.api.internal.tasks.testing.junit.JUnitTestClassExecuter.runTestClass(JUnitTestClassExecuter.java:86)
	at org.gradle.api.internal.tasks.testing.junit.JUnitTestClassExecuter.execute(JUnitTestClassExecuter.java:49)
	at org.gradle.api.internal.tasks.testing.junit.JUnitTestClassProcessor.processTestClass(JUnitTestClassProcessor.java:64)
	at org.gradle.api.internal.tasks.testing.SuiteTestClassProcessor.processTestClass(SuiteTestClassProcessor.java:50)
	at sun.reflect.NativeMethodAccessorImpl.invoke0(Native Method)
	at sun.reflect.NativeMethodAccessorImpl.invoke(NativeMethodAccessorImpl.java:57)
	at sun.reflect.DelegatingMethodAccessorImpl.invoke(DelegatingMethodAccessorImpl.java:43)
	at java.lang.reflect.Method.invoke(Method.java:606)
	at org.gradle.messaging.dispatch.ReflectionDispatch.dispatch(ReflectionDispatch.java:35)
	at org.gradle.messaging.dispatch.ReflectionDispatch.dispatch(ReflectionDispatch.java:24)
	at org.gradle.messaging.dispatch.ContextClassLoaderDispatch.dispatch(ContextClassLoaderDispatch.java:32)
	at org.gradle.messaging.dispatch.ProxyDispatchAdapter$DispatchingInvocationHandler.invoke(ProxyDispatchAdapter.java:93)
	at com.sun.proxy.$Proxy2.processTestClass(Unknown Source)
	at org.gradle.api.internal.tasks.testing.worker.TestWorker.processTestClass(TestWorker.java:106)
	at sun.reflect.NativeMethodAccessorImpl.invoke0(Native Method)
	at sun.reflect.NativeMethodAccessorImpl.invoke(NativeMethodAccessorImpl.java:57)
	at sun.reflect.DelegatingMethodAccessorImpl.invoke(DelegatingMethodAccessorImpl.java:43)
	at java.lang.reflect.Method.invoke(Method.java:606)
	at org.gradle.messaging.dispatch.ReflectionDispatch.dispatch(ReflectionDispatch.java:35)
	at org.gradle.messaging.dispatch.ReflectionDispatch.dispatch(ReflectionDispatch.java:24)
	at org.gradle.messaging.remote.internal.hub.MessageHub$Handler.run(MessageHub.java:360)
	at org.gradle.internal.concurrent.DefaultExecutorFactory$StoppableExecutorImpl$1.run(DefaultExecutorFactory.java:64)
	at java.util.concurrent.ThreadPoolExecutor.runWorker(ThreadPoolExecutor.java:1145)
	at java.util.concurrent.ThreadPoolExecutor$Worker.run(ThreadPoolExecutor.java:615)
	at java.lang.Thread.run(Thread.java:745)
JwtConfig.tokenKey may not be null
java.lang.SecurityException: JwtConfig.tokenKey may not be null
	at com.athena.server.pluggable.utils.helper.EntityValidatorHelper.validateEntity(EntityValidatorHelper.java:37)
	at com.app.shared.appbasicsetup.aaa.JwtConfig.isValid(JwtConfig.java:173)
	at com.app.server.service.appbasicsetup.aaa.JwtConfigTestCase.validateJwtConfig(JwtConfigTestCase.java:181)
	at com.app.server.service.appbasicsetup.aaa.JwtConfigTestCase.test5NegativeTesting(JwtConfigTestCase.java:232)
	at sun.reflect.NativeMethodAccessorImpl.invoke0(Native Method)
	at sun.reflect.NativeMethodAccessorImpl.invoke(NativeMethodAccessorImpl.java:57)
	at sun.reflect.DelegatingMethodAccessorImpl.invoke(DelegatingMethodAccessorImpl.java:43)
	at java.lang.reflect.Method.invoke(Method.java:606)
	at org.junit.runners.model.FrameworkMethod$1.runReflectiveCall(FrameworkMethod.java:47)
	at org.junit.internal.runners.model.ReflectiveCallable.run(ReflectiveCallable.java:12)
	at org.junit.runners.model.FrameworkMethod.invokeExplosively(FrameworkMethod.java:44)
	at org.junit.internal.runners.statements.InvokeMethod.evaluate(InvokeMethod.java:17)
	at org.junit.internal.runners.statements.RunBefores.evaluate(RunBefores.java:26)
	at org.springframework.test.context.junit4.statements.RunBeforeTestMethodCallbacks.evaluate(RunBeforeTestMethodCallbacks.java:74)
	at org.junit.internal.runners.statements.RunAfters.evaluate(RunAfters.java:27)
	at org.springframework.test.context.junit4.statements.RunAfterTestMethodCallbacks.evaluate(RunAfterTestMethodCallbacks.java:83)
	at org.springframework.test.context.junit4.statements.SpringRepeat.evaluate(SpringRepeat.java:72)
	at org.springframework.test.context.junit4.SpringJUnit4ClassRunner.runChild(SpringJUnit4ClassRunner.java:233)
	at org.springframework.test.context.junit4.SpringJUnit4ClassRunner.runChild(SpringJUnit4ClassRunner.java:87)
	at org.junit.runners.ParentRunner$3.run(ParentRunner.java:238)
	at org.junit.runners.ParentRunner$1.schedule(ParentRunner.java:63)
	at org.junit.runners.ParentRunner.runChildren(ParentRunner.java:236)
	at org.junit.runners.ParentRunner.access$000(ParentRunner.java:53)
	at org.junit.runners.ParentRunner$2.evaluate(ParentRunner.java:229)
	at org.junit.internal.runners.statements.RunBefores.evaluate(RunBefores.java:26)
	at org.springframework.test.context.junit4.statements.RunBeforeTestClassCallbacks.evaluate(RunBeforeTestClassCallbacks.java:61)
	at org.springframework.test.context.junit4.statements.RunAfterTestClassCallbacks.evaluate(RunAfterTestClassCallbacks.java:71)
	at org.junit.runners.ParentRunner.run(ParentRunner.java:309)
	at org.springframework.test.context.junit4.SpringJUnit4ClassRunner.run(SpringJUnit4ClassRunner.java:176)
	at org.gradle.api.internal.tasks.testing.junit.JUnitTestClassExecuter.runTestClass(JUnitTestClassExecuter.java:86)
	at org.gradle.api.internal.tasks.testing.junit.JUnitTestClassExecuter.execute(JUnitTestClassExecuter.java:49)
	at org.gradle.api.internal.tasks.testing.junit.JUnitTestClassProcessor.processTestClass(JUnitTestClassProcessor.java:64)
	at org.gradle.api.internal.tasks.testing.SuiteTestClassProcessor.processTestClass(SuiteTestClassProcessor.java:50)
	at sun.reflect.NativeMethodAccessorImpl.invoke0(Native Method)
	at sun.reflect.NativeMethodAccessorImpl.invoke(NativeMethodAccessorImpl.java:57)
	at sun.reflect.DelegatingMethodAccessorImpl.invoke(DelegatingMethodAccessorImpl.java:43)
	at java.lang.reflect.Method.invoke(Method.java:606)
	at org.gradle.messaging.dispatch.ReflectionDispatch.dispatch(ReflectionDispatch.java:35)
	at org.gradle.messaging.dispatch.ReflectionDispatch.dispatch(ReflectionDispatch.java:24)
	at org.gradle.messaging.dispatch.ContextClassLoaderDispatch.dispatch(ContextClassLoaderDispatch.java:32)
	at org.gradle.messaging.dispatch.ProxyDispatchAdapter$DispatchingInvocationHandler.invoke(ProxyDispatchAdapter.java:93)
	at com.sun.proxy.$Proxy2.processTestClass(Unknown Source)
	at org.gradle.api.internal.tasks.testing.worker.TestWorker.processTestClass(TestWorker.java:106)
	at sun.reflect.NativeMethodAccessorImpl.invoke0(Native Method)
	at sun.reflect.NativeMethodAccessorImpl.invoke(NativeMethodAccessorImpl.java:57)
	at sun.reflect.DelegatingMethodAccessorImpl.invoke(DelegatingMethodAccessorImpl.java:43)
	at java.lang.reflect.Method.invoke(Method.java:606)
	at org.gradle.messaging.dispatch.ReflectionDispatch.dispatch(ReflectionDispatch.java:35)
	at org.gradle.messaging.dispatch.ReflectionDispatch.dispatch(ReflectionDispatch.java:24)
	at org.gradle.messaging.remote.internal.hub.MessageHub$Handler.run(MessageHub.java:360)
	at org.gradle.internal.concurrent.DefaultExecutorFactory$StoppableExecutorImpl$1.run(DefaultExecutorFactory.java:64)
	at java.util.concurrent.ThreadPoolExecutor.runWorker(ThreadPoolExecutor.java:1145)
	at java.util.concurrent.ThreadPoolExecutor$Worker.run(ThreadPoolExecutor.java:615)
	at java.lang.Thread.run(Thread.java:745)
JwtConfig.tokenKey size must be between 1 and 256
java.lang.SecurityException: JwtConfig.tokenKey size must be between 1 and 256
	at com.athena.server.pluggable.utils.helper.EntityValidatorHelper.validateEntity(EntityValidatorHelper.java:37)
	at com.app.shared.appbasicsetup.aaa.JwtConfig.isValid(JwtConfig.java:173)
	at com.app.server.service.appbasicsetup.aaa.JwtConfigTestCase.validateJwtConfig(JwtConfigTestCase.java:179)
	at com.app.server.service.appbasicsetup.aaa.JwtConfigTestCase.test5NegativeTesting(JwtConfigTestCase.java:237)
	at sun.reflect.NativeMethodAccessorImpl.invoke0(Native Method)
	at sun.reflect.NativeMethodAccessorImpl.invoke(NativeMethodAccessorImpl.java:57)
	at sun.reflect.DelegatingMethodAccessorImpl.invoke(DelegatingMethodAccessorImpl.java:43)
	at java.lang.reflect.Method.invoke(Method.java:606)
	at org.junit.runners.model.FrameworkMethod$1.runReflectiveCall(FrameworkMethod.java:47)
	at org.junit.internal.runners.model.ReflectiveCallable.run(ReflectiveCallable.java:12)
	at org.junit.runners.model.FrameworkMethod.invokeExplosively(FrameworkMethod.java:44)
	at org.junit.internal.runners.statements.InvokeMethod.evaluate(InvokeMethod.java:17)
	at org.junit.internal.runners.statements.RunBefores.evaluate(RunBefores.java:26)
	at org.springframework.test.context.junit4.statements.RunBeforeTestMethodCallbacks.evaluate(RunBeforeTestMethodCallbacks.java:74)
	at org.junit.internal.runners.statements.RunAfters.evaluate(RunAfters.java:27)
	at org.springframework.test.context.junit4.statements.RunAfterTestMethodCallbacks.evaluate(RunAfterTestMethodCallbacks.java:83)
	at org.springframework.test.context.junit4.statements.SpringRepeat.evaluate(SpringRepeat.java:72)
	at org.springframework.test.context.junit4.SpringJUnit4ClassRunner.runChild(SpringJUnit4ClassRunner.java:233)
	at org.springframework.test.context.junit4.SpringJUnit4ClassRunner.runChild(SpringJUnit4ClassRunner.java:87)
	at org.junit.runners.ParentRunner$3.run(ParentRunner.java:238)
	at org.junit.runners.ParentRunner$1.schedule(ParentRunner.java:63)
	at org.junit.runners.ParentRunner.runChildren(ParentRunner.java:236)
	at org.junit.runners.ParentRunner.access$000(ParentRunner.java:53)
	at org.junit.runners.ParentRunner$2.evaluate(ParentRunner.java:229)
	at org.junit.internal.runners.statements.RunBefores.evaluate(RunBefores.java:26)
	at org.springframework.test.context.junit4.statements.RunBeforeTestClassCallbacks.evaluate(RunBeforeTestClassCallbacks.java:61)
	at org.springframework.test.context.junit4.statements.RunAfterTestClassCallbacks.evaluate(RunAfterTestClassCallbacks.java:71)
	at org.junit.runners.ParentRunner.run(ParentRunner.java:309)
	at org.springframework.test.context.junit4.SpringJUnit4ClassRunner.run(SpringJUnit4ClassRunner.java:176)
	at org.gradle.api.internal.tasks.testing.junit.JUnitTestClassExecuter.runTestClass(JUnitTestClassExecuter.java:86)
	at org.gradle.api.internal.tasks.testing.junit.JUnitTestClassExecuter.execute(JUnitTestClassExecuter.java:49)
	at org.gradle.api.internal.tasks.testing.junit.JUnitTestClassProcessor.processTestClass(JUnitTestClassProcessor.java:64)
	at org.gradle.api.internal.tasks.testing.SuiteTestClassProcessor.processTestClass(SuiteTestClassProcessor.java:50)
	at sun.reflect.NativeMethodAccessorImpl.invoke0(Native Method)
	at sun.reflect.NativeMethodAccessorImpl.invoke(NativeMethodAccessorImpl.java:57)
	at sun.reflect.DelegatingMethodAccessorImpl.invoke(DelegatingMethodAccessorImpl.java:43)
	at java.lang.reflect.Method.invoke(Method.java:606)
	at org.gradle.messaging.dispatch.ReflectionDispatch.dispatch(ReflectionDispatch.java:35)
	at org.gradle.messaging.dispatch.ReflectionDispatch.dispatch(ReflectionDispatch.java:24)
	at org.gradle.messaging.dispatch.ContextClassLoaderDispatch.dispatch(ContextClassLoaderDispatch.java:32)
	at org.gradle.messaging.dispatch.ProxyDispatchAdapter$DispatchingInvocationHandler.invoke(ProxyDispatchAdapter.java:93)
	at com.sun.proxy.$Proxy2.processTestClass(Unknown Source)
	at org.gradle.api.internal.tasks.testing.worker.TestWorker.processTestClass(TestWorker.java:106)
	at sun.reflect.NativeMethodAccessorImpl.invoke0(Native Method)
	at sun.reflect.NativeMethodAccessorImpl.invoke(NativeMethodAccessorImpl.java:57)
	at sun.reflect.DelegatingMethodAccessorImpl.invoke(DelegatingMethodAccessorImpl.java:43)
	at java.lang.reflect.Method.invoke(Method.java:606)
	at org.gradle.messaging.dispatch.ReflectionDispatch.dispatch(ReflectionDispatch.java:35)
	at org.gradle.messaging.dispatch.ReflectionDispatch.dispatch(ReflectionDispatch.java:24)
	at org.gradle.messaging.remote.internal.hub.MessageHub$Handler.run(MessageHub.java:360)
	at org.gradle.internal.concurrent.DefaultExecutorFactory$StoppableExecutorImpl$1.run(DefaultExecutorFactory.java:64)
	at java.util.concurrent.ThreadPoolExecutor.runWorker(ThreadPoolExecutor.java:1145)
	at java.util.concurrent.ThreadPoolExecutor$Worker.run(ThreadPoolExecutor.java:615)
	at java.lang.Thread.run(Thread.java:745)
]]></system-err>
</testsuite>
