<?xml version="1.0" encoding="UTF-8"?>
<testsuite name="com.app.server.service.appbasicsetup.usermanagement.UserAccessDomainTestCase" tests="5" skipped="0" failures="0" errors="0" timestamp="2016-06-29T08:25:07" hostname="f4c97bdd9de9" time="0.242">
  <properties/>
  <testcase name="test1Save" classname="com.app.server.service.appbasicsetup.usermanagement.UserAccessDomainTestCase" time="0.132"/>
  <testcase name="test2Update" classname="com.app.server.service.appbasicsetup.usermanagement.UserAccessDomainTestCase" time="0.024"/>
  <testcase name="test3FindById" classname="com.app.server.service.appbasicsetup.usermanagement.UserAccessDomainTestCase" time="0.01"/>
  <testcase name="test5NegativeTesting" classname="com.app.server.service.appbasicsetup.usermanagement.UserAccessDomainTestCase" time="0.062"/>
  <testcase name="test6Delete" classname="com.app.server.service.appbasicsetup.usermanagement.UserAccessDomainTestCase" time="0.014"/>
  <system-out><![CDATA[Wed Jun 29 08:25:07 UTC 2016|Log Manager Factory|Initialization Process started.....
Wed Jun 29 08:25:07 UTC 2016|Log Manager|Initialized with Path = [/home/applifire/workspace/newtest1/src/main/webapp/WEB-INF/conf]
Wed Jun 29 08:25:07 UTC 2016|Alarm Manager|Initialized with Path = [/home/applifire/workspace/newtest1/src/main/webapp/WEB-INF/conf]
Wed Jun 29 08:25:07 UTC 2016|Alarm Manager|Loading Alarms ......
Wed Jun 29 08:25:07 UTC 2016|Alarm XML Parser|FWA|XML Parsing Complete........ 
Wed Jun 29 08:25:07 UTC 2016|Alarm File Manager|FWA|Alarm File Status.. [ApplicationFrameworkAlarms.xml]|Version=15|Status=Done 
Wed Jun 29 08:25:07 UTC 2016|Alarm File Manager|FWA|Alarm Stats = ( BC/AL=4/676 SYS=4/10 [676/0]  TPL=0/0 [0/0]  APP= A.Map=[759]  E.Map EC/RC=[322/67] )
Wed Jun 29 08:25:07 UTC 2016|Alarm XML Parser|APP|XML Parsing Complete........ 
Wed Jun 29 08:25:07 UTC 2016|Alarm File Manager|APP|Alarm File Status.. [ApplicationAlarms.xml]|Version=1|Status=Done 
Wed Jun 29 08:25:07 UTC 2016|Alarm File Manager|APP|Alarm Stats = ( BC/AL=4/676 SYS=4/10 [676/0]  TPL=0/0 [0/0]  APP=0/0 [0/0]  A.Map=[759]  E.Map EC/RC=[322/67] )
Wed Jun 29 08:25:07 UTC 2016|ApplicationAlarmContext| <><><><><> Create App Alarms ....  <><><><><> 
Wed Jun 29 08:25:07 UTC 2016|ApplicationAlarmContext|Alarms are generated ONLY in Development Mode.. 
Wed Jun 29 08:25:07 UTC 2016|Alarm Manager|APP|Alarm Stats = ( BC/AL=4/676 SYS=4/10 [676/0]  TPL=0/0 [0/0]  APP=0/0 [0/0]  A.Map=[759]  E.Map EC/RC=[322/67] )
Wed Jun 29 08:25:07 UTC 2016|Alarm Manager|Initialized Exception Lookup...
Wed Jun 29 08:25:07 UTC 2016|Log Manager|Initialize Log Config File ......
Wed Jun 29 08:25:07 UTC 2016|Pluggable Connectors|Adding Connectors : StandardOutputConnector isEnabled=true isDefault=false isFallBack=true
Wed Jun 29 08:25:07 UTC 2016|Pluggable Connectors|Adding Connectors : StandardFileConnector isEnabled=true isDefault=false isFallBack=false
Wed Jun 29 08:25:07 UTC 2016|Pluggable Connectors|Adding Connectors : Sprinkler isEnabled=true isDefault=true isFallBack=false
Wed Jun 29 08:25:07 UTC 2016|Pluggable Connectors|Default Connector Name : com.spartan.logger.core.LogMessenger
Wed Jun 29 08:25:07 UTC 2016|Log Config Parser|Connector Least Log Level =[4]  FallBack Log Level =[3]
Wed Jun 29 08:25:07 UTC 2016|Log Manager|Loading Default Connector for Logging ......
Wed Jun 29 08:25:07 UTC 2016|Log Manager|Loading class .. com.spartan.logger.core.LogMessenger
Wed Jun 29 08:25:07 UTC 2016|Plugggable Connector|Connector class com.spartan.logger.core.LogMessenger Initialized... @ Log Level = 3
Wed Jun 29 08:25:07 UTC 2016|Log Manager|Starting the Default Connector [com.spartan.logger.core.LogMessenger@11d28476] ....
Wed Jun 29 08:25:07 UTC 2016|Scheduler|Starting the Scheduler ......
Wed Jun 29 08:25:07 UTC 2016|Scheduler|Adding [LMID=[5d52d36d-00f8-4e5f-abb6-f05e0aef71ec]] Delay=5 Time Unit=MINUTES
Wed Jun 29 08:25:07 UTC 2016|Scheduler|Adding [App Alarm Manager File=[ApplicationAlarms.xml]] Delay=30 Time Unit=MINUTES
Wed Jun 29 08:25:07 UTC 2016|Scheduler|Adding [FW Alarm Manager File=[ApplicationFrameworkAlarms.xml]] Delay=3 Time Unit=MINUTES
Wed Jun 29 08:25:07 UTC 2016|Scheduler|Startup Completed..
Wed Jun 29 08:25:07 UTC 2016|Log Manager|Initialization Process Complete ......
Wed Jun 29 08:25:07 UTC 2016|Log Manager Factory|Log Manager READY! ID = 5d52d36d-00f8-4e5f-abb6-f05e0aef71ec
Setting logged in user info for ADD
[EL Finer]: connection: 2016-06-29 08:25:07.558--ServerSession(1088819099)--Thread(Thread[Test worker,5,main])--client acquired: 50147064
[EL Finer]: transaction: 2016-06-29 08:25:07.558--ClientSession(50147064)--Thread(Thread[Test worker,5,main])--acquire unit of work: 1008115024
[EL Finest]: connection: 2016-06-29 08:25:07.558--ServerSession(1088819099)--Connection(1890717185)--Thread(Thread[Test worker,5,main])--Connection acquired from connection pool [default].
[EL Finer]: transaction: 2016-06-29 08:25:07.559--ClientSession(50147064)--Connection(1890717185)--Thread(Thread[Test worker,5,main])--begin transaction
[EL Finest]: connection: 2016-06-29 08:25:07.559--ClientSession(50147064)--Thread(Thread[Test worker,5,main])--reconnecting to external connection pool
[EL Finest]: transaction: 2016-06-29 08:25:07.56--UnitOfWork(1008115024)--Thread(Thread[Test worker,5,main])--persist() operation called on: 87859,nv7QQvkXQZWCzWsC257TCVdvqdwc9BQsm4nG6zk6WqDteXrMco,3iRNSiD8VKuC88dLXfKNxdIlBh8SpgagvTqllf2wPJEIjLDrrC.
[EL Finest]: sequencing: 2016-06-29 08:25:07.56--UnitOfWork(1008115024)--Thread(Thread[Test worker,5,main])--assign sequence to the object (752A6CD8-1B97-4172-8E33-C765AC6C0C07 -> 87859,nv7QQvkXQZWCzWsC257TCVdvqdwc9BQsm4nG6zk6WqDteXrMco,3iRNSiD8VKuC88dLXfKNxdIlBh8SpgagvTqllf2wPJEIjLDrrC)
[EL Finer]: transaction: 2016-06-29 08:25:07.56--UnitOfWork(1008115024)--Thread(Thread[Test worker,5,main])--begin unit of work commit
[EL Finest]: query: 2016-06-29 08:25:07.561--UnitOfWork(1008115024)--Thread(Thread[Test worker,5,main])--Execute query InsertObjectQuery(87859,nv7QQvkXQZWCzWsC257TCVdvqdwc9BQsm4nG6zk6WqDteXrMco,3iRNSiD8VKuC88dLXfKNxdIlBh8SpgagvTqllf2wPJEIjLDrrC)
[EL Fine]: sql: 2016-06-29 08:25:07.561--ClientSession(50147064)--Connection(816394413)--Thread(Thread[Test worker,5,main])--INSERT INTO ast_UserAccessDomain_M (userAccessDomainId, domainDescription, domainHelp, domainIcon, domainName, userAccessDomain, versionId, createdBy, createdDate, updatedBy, updatedDate, activeStatus, txnAccessCode) VALUES (?, ?, ?, ?, ?, ?, ?, ?, ?, ?, ?, ?, ?)
	bind => [752A6CD8-1B97-4172-8E33-C765AC6C0C07, 3iRNSiD8VKuC88dLXfKNxdIlBh8SpgagvTqllf2wPJEIjLDrrC, 51immGhrCaBp5iBKegVieNcpN1DSTFrRDlshjz69b4xbGCJyeP, audLvSMWNTVrXyFDQ4i33nTcjvfHl6bxThCRLxJPtilWdFL8aw, nv7QQvkXQZWCzWsC257TCVdvqdwc9BQsm4nG6zk6WqDteXrMco, 87859, 1, AAAAA, 2016-06-29 08:25:07.555, AAAAA, 2016-06-29 08:25:07.555, 1, 51000]
[EL Finer]: transaction: 2016-06-29 08:25:07.563--ClientSession(50147064)--Connection(816394413)--Thread(Thread[Test worker,5,main])--commit transaction
[EL Finest]: connection: 2016-06-29 08:25:07.663--ServerSession(1088819099)--Connection(1890717185)--Thread(Thread[Test worker,5,main])--Connection released to connection pool [default].
[EL Finer]: transaction: 2016-06-29 08:25:07.663--UnitOfWork(1008115024)--Thread(Thread[Test worker,5,main])--end unit of work commit
[EL Finer]: transaction: 2016-06-29 08:25:07.663--UnitOfWork(1008115024)--Thread(Thread[Test worker,5,main])--resume unit of work
[EL Finer]: transaction: 2016-06-29 08:25:07.664--UnitOfWork(1008115024)--Thread(Thread[Test worker,5,main])--release unit of work
[EL Finer]: connection: 2016-06-29 08:25:07.664--ClientSession(50147064)--Thread(Thread[Test worker,5,main])--client released
[EL Finer]: connection: 2016-06-29 08:25:07.67--ServerSession(1088819099)--Thread(Thread[Test worker,5,main])--client acquired: 73277400
[EL Finer]: transaction: 2016-06-29 08:25:07.67--ClientSession(73277400)--Thread(Thread[Test worker,5,main])--acquire unit of work: 1065132069
[EL Finest]: connection: 2016-06-29 08:25:07.67--ServerSession(1088819099)--Connection(251002291)--Thread(Thread[Test worker,5,main])--Connection acquired from connection pool [default].
[EL Finer]: transaction: 2016-06-29 08:25:07.67--ClientSession(73277400)--Connection(251002291)--Thread(Thread[Test worker,5,main])--begin transaction
[EL Finest]: connection: 2016-06-29 08:25:07.67--ClientSession(73277400)--Thread(Thread[Test worker,5,main])--reconnecting to external connection pool
[EL Finer]: transaction: 2016-06-29 08:25:07.672--UnitOfWork(1065132069)--Thread(Thread[Test worker,5,main])--begin unit of work flush
[EL Finer]: transaction: 2016-06-29 08:25:07.672--UnitOfWork(1065132069)--Thread(Thread[Test worker,5,main])--end unit of work flush
[EL Finest]: query: 2016-06-29 08:25:07.672--UnitOfWork(1065132069)--Thread(Thread[Test worker,5,main])--Execute query ReadAllQuery(name="UserAccessDomain.findById" referenceClass=UserAccessDomain sql="SELECT userAccessDomainId, domainDescription, domainHelp, domainIcon, domainName, userAccessDomain, versionId, createdBy, createdDate, updatedBy, updatedDate, activeStatus, txnAccessCode FROM ast_UserAccessDomain_M WHERE ((activeStatus = ?) AND (userAccessDomainId = ?))")
[EL Fine]: sql: 2016-06-29 08:25:07.672--ClientSession(73277400)--Connection(798788762)--Thread(Thread[Test worker,5,main])--SELECT userAccessDomainId, domainDescription, domainHelp, domainIcon, domainName, userAccessDomain, versionId, createdBy, createdDate, updatedBy, updatedDate, activeStatus, txnAccessCode FROM ast_UserAccessDomain_M WHERE ((activeStatus = ?) AND (userAccessDomainId = ?))
	bind => [1, 752A6CD8-1B97-4172-8E33-C765AC6C0C07]
[EL Finer]: transaction: 2016-06-29 08:25:07.674--UnitOfWork(1065132069)--Thread(Thread[Test worker,5,main])--begin unit of work commit
[EL Finer]: transaction: 2016-06-29 08:25:07.674--ClientSession(73277400)--Connection(798788762)--Thread(Thread[Test worker,5,main])--commit transaction
[EL Finest]: connection: 2016-06-29 08:25:07.675--ServerSession(1088819099)--Connection(251002291)--Thread(Thread[Test worker,5,main])--Connection released to connection pool [default].
[EL Finer]: transaction: 2016-06-29 08:25:07.675--UnitOfWork(1065132069)--Thread(Thread[Test worker,5,main])--end unit of work commit
[EL Finer]: transaction: 2016-06-29 08:25:07.675--UnitOfWork(1065132069)--Thread(Thread[Test worker,5,main])--resume unit of work
[EL Finer]: transaction: 2016-06-29 08:25:07.675--UnitOfWork(1065132069)--Thread(Thread[Test worker,5,main])--release unit of work
[EL Finer]: connection: 2016-06-29 08:25:07.675--ClientSession(73277400)--Thread(Thread[Test worker,5,main])--client released
Setting logged in user info for UPDATE
[EL Finer]: connection: 2016-06-29 08:25:07.676--ServerSession(1088819099)--Thread(Thread[Test worker,5,main])--client acquired: 426852151
[EL Finer]: transaction: 2016-06-29 08:25:07.676--ClientSession(426852151)--Thread(Thread[Test worker,5,main])--acquire unit of work: 1508720877
[EL Finest]: connection: 2016-06-29 08:25:07.676--ServerSession(1088819099)--Connection(1732359610)--Thread(Thread[Test worker,5,main])--Connection acquired from connection pool [default].
[EL Finer]: transaction: 2016-06-29 08:25:07.676--ClientSession(426852151)--Connection(1732359610)--Thread(Thread[Test worker,5,main])--begin transaction
[EL Finest]: connection: 2016-06-29 08:25:07.676--ClientSession(426852151)--Thread(Thread[Test worker,5,main])--reconnecting to external connection pool
[EL Finest]: transaction: 2016-06-29 08:25:07.68--UnitOfWork(1508720877)--Thread(Thread[Test worker,5,main])--Merge clone with references 50072,XR17TvAIuU8tTnUWQlVbGtf66GClpjamlNLcxPAMog5HWcduIX,qw4DguntarxT5y9XWXPYAmQSl57gUXz9sm3Q1HXCNbyxijeQAB
[EL Finest]: query: 2016-06-29 08:25:07.68--UnitOfWork(1508720877)--Thread(Thread[Test worker,5,main])--Execute query ReadObjectQuery(referenceClass=UserAccessDomain )
[EL Fine]: sql: 2016-06-29 08:25:07.681--ClientSession(426852151)--Connection(1596131529)--Thread(Thread[Test worker,5,main])--SELECT userAccessDomainId, domainDescription, domainHelp, domainIcon, domainName, userAccessDomain, versionId, createdBy, createdDate, updatedBy, updatedDate, activeStatus, txnAccessCode FROM ast_UserAccessDomain_M WHERE (userAccessDomainId = ?)
	bind => [752A6CD8-1B97-4172-8E33-C765AC6C0C07]
[EL Finer]: transaction: 2016-06-29 08:25:07.682--UnitOfWork(1508720877)--Thread(Thread[Test worker,5,main])--begin unit of work commit
[EL Finest]: query: 2016-06-29 08:25:07.683--UnitOfWork(1508720877)--Thread(Thread[Test worker,5,main])--Execute query UpdateObjectQuery(50072,XR17TvAIuU8tTnUWQlVbGtf66GClpjamlNLcxPAMog5HWcduIX,qw4DguntarxT5y9XWXPYAmQSl57gUXz9sm3Q1HXCNbyxijeQAB)
[EL Fine]: sql: 2016-06-29 08:25:07.683--ClientSession(426852151)--Connection(1596131529)--Thread(Thread[Test worker,5,main])--UPDATE ast_UserAccessDomain_M SET domainDescription = ?, domainHelp = ?, domainIcon = ?, domainName = ?, userAccessDomain = ?, versionId = ? WHERE ((userAccessDomainId = ?) AND (versionId = ?))
	bind => [qw4DguntarxT5y9XWXPYAmQSl57gUXz9sm3Q1HXCNbyxijeQAB, OqsE6DGrl5DmCr0hp5xCRZdp0N2aNHlOVavV1rnNdYtRF8U9Hd, vSIxPqgEIkwF7ZcDfkz4EuEjlDlD55oQQjb4z5tvn1a6FxtBsN, XR17TvAIuU8tTnUWQlVbGtf66GClpjamlNLcxPAMog5HWcduIX, 50072, 2, 752A6CD8-1B97-4172-8E33-C765AC6C0C07, 1]
[EL Finer]: transaction: 2016-06-29 08:25:07.684--ClientSession(426852151)--Connection(1596131529)--Thread(Thread[Test worker,5,main])--commit transaction
[EL Finest]: connection: 2016-06-29 08:25:07.686--ServerSession(1088819099)--Connection(1732359610)--Thread(Thread[Test worker,5,main])--Connection released to connection pool [default].
[EL Finer]: transaction: 2016-06-29 08:25:07.687--UnitOfWork(1508720877)--Thread(Thread[Test worker,5,main])--end unit of work commit
[EL Finer]: transaction: 2016-06-29 08:25:07.687--UnitOfWork(1508720877)--Thread(Thread[Test worker,5,main])--resume unit of work
[EL Finer]: transaction: 2016-06-29 08:25:07.687--UnitOfWork(1508720877)--Thread(Thread[Test worker,5,main])--release unit of work
[EL Finer]: connection: 2016-06-29 08:25:07.687--ClientSession(426852151)--Thread(Thread[Test worker,5,main])--client released
[EL Finer]: connection: 2016-06-29 08:25:07.693--ServerSession(1088819099)--Thread(Thread[Test worker,5,main])--client acquired: 1893952584
[EL Finer]: transaction: 2016-06-29 08:25:07.693--ClientSession(1893952584)--Thread(Thread[Test worker,5,main])--acquire unit of work: 1658463454
[EL Finest]: connection: 2016-06-29 08:25:07.693--ServerSession(1088819099)--Connection(1605016965)--Thread(Thread[Test worker,5,main])--Connection acquired from connection pool [default].
[EL Finer]: transaction: 2016-06-29 08:25:07.694--ClientSession(1893952584)--Connection(1605016965)--Thread(Thread[Test worker,5,main])--begin transaction
[EL Finest]: connection: 2016-06-29 08:25:07.694--ClientSession(1893952584)--Thread(Thread[Test worker,5,main])--reconnecting to external connection pool
[EL Finer]: transaction: 2016-06-29 08:25:07.695--UnitOfWork(1658463454)--Thread(Thread[Test worker,5,main])--begin unit of work flush
[EL Finer]: transaction: 2016-06-29 08:25:07.695--UnitOfWork(1658463454)--Thread(Thread[Test worker,5,main])--end unit of work flush
[EL Finest]: query: 2016-06-29 08:25:07.695--UnitOfWork(1658463454)--Thread(Thread[Test worker,5,main])--Execute query ReadAllQuery(name="UserAccessDomain.findById" referenceClass=UserAccessDomain sql="SELECT userAccessDomainId, domainDescription, domainHelp, domainIcon, domainName, userAccessDomain, versionId, createdBy, createdDate, updatedBy, updatedDate, activeStatus, txnAccessCode FROM ast_UserAccessDomain_M WHERE ((activeStatus = ?) AND (userAccessDomainId = ?))")
[EL Fine]: sql: 2016-06-29 08:25:07.695--ClientSession(1893952584)--Connection(1091689778)--Thread(Thread[Test worker,5,main])--SELECT userAccessDomainId, domainDescription, domainHelp, domainIcon, domainName, userAccessDomain, versionId, createdBy, createdDate, updatedBy, updatedDate, activeStatus, txnAccessCode FROM ast_UserAccessDomain_M WHERE ((activeStatus = ?) AND (userAccessDomainId = ?))
	bind => [1, 752A6CD8-1B97-4172-8E33-C765AC6C0C07]
[EL Finer]: transaction: 2016-06-29 08:25:07.697--UnitOfWork(1658463454)--Thread(Thread[Test worker,5,main])--begin unit of work commit
[EL Finer]: transaction: 2016-06-29 08:25:07.697--ClientSession(1893952584)--Connection(1091689778)--Thread(Thread[Test worker,5,main])--commit transaction
[EL Finest]: connection: 2016-06-29 08:25:07.697--ServerSession(1088819099)--Connection(1605016965)--Thread(Thread[Test worker,5,main])--Connection released to connection pool [default].
[EL Finer]: transaction: 2016-06-29 08:25:07.698--UnitOfWork(1658463454)--Thread(Thread[Test worker,5,main])--end unit of work commit
[EL Finer]: transaction: 2016-06-29 08:25:07.698--UnitOfWork(1658463454)--Thread(Thread[Test worker,5,main])--resume unit of work
[EL Finer]: transaction: 2016-06-29 08:25:07.698--UnitOfWork(1658463454)--Thread(Thread[Test worker,5,main])--release unit of work
[EL Finer]: connection: 2016-06-29 08:25:07.698--ClientSession(1893952584)--Thread(Thread[Test worker,5,main])--client released
[EL Finer]: connection: 2016-06-29 08:25:07.704--ServerSession(1088819099)--Thread(Thread[Test worker,5,main])--client acquired: 479106798
[EL Finer]: transaction: 2016-06-29 08:25:07.704--ClientSession(479106798)--Thread(Thread[Test worker,5,main])--acquire unit of work: 1431761383
[EL Finest]: connection: 2016-06-29 08:25:07.704--ServerSession(1088819099)--Connection(1059299446)--Thread(Thread[Test worker,5,main])--Connection acquired from connection pool [default].
[EL Finer]: transaction: 2016-06-29 08:25:07.704--ClientSession(479106798)--Connection(1059299446)--Thread(Thread[Test worker,5,main])--begin transaction
[EL Finest]: connection: 2016-06-29 08:25:07.704--ClientSession(479106798)--Thread(Thread[Test worker,5,main])--reconnecting to external connection pool
[EL Finer]: transaction: 2016-06-29 08:25:07.705--UnitOfWork(1431761383)--Thread(Thread[Test worker,5,main])--begin unit of work flush
[EL Finer]: transaction: 2016-06-29 08:25:07.705--UnitOfWork(1431761383)--Thread(Thread[Test worker,5,main])--end unit of work flush
[EL Finest]: query: 2016-06-29 08:25:07.705--UnitOfWork(1431761383)--Thread(Thread[Test worker,5,main])--Execute query ReadAllQuery(name="UserAccessDomain.findById" referenceClass=UserAccessDomain sql="SELECT userAccessDomainId, domainDescription, domainHelp, domainIcon, domainName, userAccessDomain, versionId, createdBy, createdDate, updatedBy, updatedDate, activeStatus, txnAccessCode FROM ast_UserAccessDomain_M WHERE ((activeStatus = ?) AND (userAccessDomainId = ?))")
[EL Fine]: sql: 2016-06-29 08:25:07.706--ClientSession(479106798)--Connection(232188872)--Thread(Thread[Test worker,5,main])--SELECT userAccessDomainId, domainDescription, domainHelp, domainIcon, domainName, userAccessDomain, versionId, createdBy, createdDate, updatedBy, updatedDate, activeStatus, txnAccessCode FROM ast_UserAccessDomain_M WHERE ((activeStatus = ?) AND (userAccessDomainId = ?))
	bind => [1, 752A6CD8-1B97-4172-8E33-C765AC6C0C07]
[EL Finer]: transaction: 2016-06-29 08:25:07.707--UnitOfWork(1431761383)--Thread(Thread[Test worker,5,main])--begin unit of work commit
[EL Finer]: transaction: 2016-06-29 08:25:07.708--ClientSession(479106798)--Connection(232188872)--Thread(Thread[Test worker,5,main])--commit transaction
[EL Finest]: connection: 2016-06-29 08:25:07.708--ServerSession(1088819099)--Connection(1059299446)--Thread(Thread[Test worker,5,main])--Connection released to connection pool [default].
[EL Finer]: transaction: 2016-06-29 08:25:07.708--UnitOfWork(1431761383)--Thread(Thread[Test worker,5,main])--end unit of work commit
[EL Finer]: transaction: 2016-06-29 08:25:07.708--UnitOfWork(1431761383)--Thread(Thread[Test worker,5,main])--resume unit of work
[EL Finer]: transaction: 2016-06-29 08:25:07.708--UnitOfWork(1431761383)--Thread(Thread[Test worker,5,main])--release unit of work
[EL Finer]: connection: 2016-06-29 08:25:07.708--ClientSession(479106798)--Thread(Thread[Test worker,5,main])--client released
[EL Finer]: connection: 2016-06-29 08:25:07.745--ServerSession(1088819099)--Thread(Thread[Test worker,5,main])--client acquired: 1506399581
[EL Finer]: transaction: 2016-06-29 08:25:07.745--ClientSession(1506399581)--Thread(Thread[Test worker,5,main])--acquire unit of work: 1373043384
[EL Finest]: connection: 2016-06-29 08:25:07.745--ServerSession(1088819099)--Connection(2028367873)--Thread(Thread[Test worker,5,main])--Connection acquired from connection pool [default].
[EL Finer]: transaction: 2016-06-29 08:25:07.745--ClientSession(1506399581)--Connection(2028367873)--Thread(Thread[Test worker,5,main])--begin transaction
[EL Finest]: connection: 2016-06-29 08:25:07.745--ClientSession(1506399581)--Thread(Thread[Test worker,5,main])--reconnecting to external connection pool
[EL Finest]: transaction: 2016-06-29 08:25:07.75--UnitOfWork(1373043384)--Thread(Thread[Test worker,5,main])--persist() operation called on: 50072,nv7QQvkXQZWCzWsC257TCVdvqdwc9BQsm4nG6zk6WqDteXrMco,3iRNSiD8VKuC88dLXfKNxdIlBh8SpgagvTqllf2wPJEIjLDrrC.
[EL Finest]: sequencing: 2016-06-29 08:25:07.75--UnitOfWork(1373043384)--Thread(Thread[Test worker,5,main])--assign sequence to the object (ECB48323-7F6E-4E35-A035-067AFAADF9A7 -> 50072,nv7QQvkXQZWCzWsC257TCVdvqdwc9BQsm4nG6zk6WqDteXrMco,3iRNSiD8VKuC88dLXfKNxdIlBh8SpgagvTqllf2wPJEIjLDrrC)
[EL Finer]: transaction: 2016-06-29 08:25:07.75--UnitOfWork(1373043384)--Thread(Thread[Test worker,5,main])--begin unit of work commit
[EL Finest]: query: 2016-06-29 08:25:07.75--UnitOfWork(1373043384)--Thread(Thread[Test worker,5,main])--Execute query InsertObjectQuery(50072,nv7QQvkXQZWCzWsC257TCVdvqdwc9BQsm4nG6zk6WqDteXrMco,3iRNSiD8VKuC88dLXfKNxdIlBh8SpgagvTqllf2wPJEIjLDrrC)
[EL Fine]: sql: 2016-06-29 08:25:07.751--ClientSession(1506399581)--Connection(1037089581)--Thread(Thread[Test worker,5,main])--INSERT INTO ast_UserAccessDomain_M (userAccessDomainId, domainDescription, domainHelp, domainIcon, domainName, userAccessDomain, versionId, createdBy, createdDate, updatedBy, updatedDate, activeStatus, txnAccessCode) VALUES (?, ?, ?, ?, ?, ?, ?, ?, ?, ?, ?, ?, ?)
	bind => [ECB48323-7F6E-4E35-A035-067AFAADF9A7, 3iRNSiD8VKuC88dLXfKNxdIlBh8SpgagvTqllf2wPJEIjLDrrC, 51immGhrCaBp5iBKegVieNcpN1DSTFrRDlshjz69b4xbGCJyeP, audLvSMWNTVrXyFDQ4i33nTcjvfHl6bxThCRLxJPtilWdFL8aw, nv7QQvkXQZWCzWsC257TCVdvqdwc9BQsm4nG6zk6WqDteXrMco, 50072, 1, AAAAA, 2016-06-29 08:25:07.744, AAAAA, 2016-06-29 08:25:07.744, 1, 51000]
[EL Fine]: sql: 2016-06-29 08:25:07.752--ClientSession(1506399581)--Thread(Thread[Test worker,5,main])--SELECT 1
[EL Warning]: 2016-06-29 08:25:07.753--UnitOfWork(1373043384)--Thread(Thread[Test worker,5,main])--Local Exception Stack: 
Exception [EclipseLink-4002] (Eclipse Persistence Services - 2.5.1.v20130918-f2b9fc5): org.eclipse.persistence.exceptions.DatabaseException
Internal Exception: com.mysql.jdbc.exceptions.jdbc4.MySQLIntegrityConstraintViolationException: Duplicate entry '50072' for key 'userAccessDomain'
Error Code: 1062
Call: INSERT INTO ast_UserAccessDomain_M (userAccessDomainId, domainDescription, domainHelp, domainIcon, domainName, userAccessDomain, versionId, createdBy, createdDate, updatedBy, updatedDate, activeStatus, txnAccessCode) VALUES (?, ?, ?, ?, ?, ?, ?, ?, ?, ?, ?, ?, ?)
	bind => [ECB48323-7F6E-4E35-A035-067AFAADF9A7, 3iRNSiD8VKuC88dLXfKNxdIlBh8SpgagvTqllf2wPJEIjLDrrC, 51immGhrCaBp5iBKegVieNcpN1DSTFrRDlshjz69b4xbGCJyeP, audLvSMWNTVrXyFDQ4i33nTcjvfHl6bxThCRLxJPtilWdFL8aw, nv7QQvkXQZWCzWsC257TCVdvqdwc9BQsm4nG6zk6WqDteXrMco, 50072, 1, AAAAA, 2016-06-29 08:25:07.744, AAAAA, 2016-06-29 08:25:07.744, 1, 51000]
Query: InsertObjectQuery(50072,nv7QQvkXQZWCzWsC257TCVdvqdwc9BQsm4nG6zk6WqDteXrMco,3iRNSiD8VKuC88dLXfKNxdIlBh8SpgagvTqllf2wPJEIjLDrrC)
	at org.eclipse.persistence.exceptions.DatabaseException.sqlException(DatabaseException.java:331)
	at org.eclipse.persistence.internal.databaseaccess.DatabaseAccessor.executeDirectNoSelect(DatabaseAccessor.java:900)
	at org.eclipse.persistence.internal.databaseaccess.DatabaseAccessor.executeNoSelect(DatabaseAccessor.java:962)
	at org.eclipse.persistence.internal.databaseaccess.DatabaseAccessor.basicExecuteCall(DatabaseAccessor.java:631)
	at org.eclipse.persistence.internal.databaseaccess.DatabaseAccessor.executeCall(DatabaseAccessor.java:558)
	at org.eclipse.persistence.internal.sessions.AbstractSession.basicExecuteCall(AbstractSession.java:1991)
	at org.eclipse.persistence.sessions.server.ClientSession.executeCall(ClientSession.java:298)
	at org.eclipse.persistence.internal.queries.DatasourceCallQueryMechanism.executeCall(DatasourceCallQueryMechanism.java:242)
	at org.eclipse.persistence.internal.queries.DatasourceCallQueryMechanism.executeCall(DatasourceCallQueryMechanism.java:228)
	at org.eclipse.persistence.internal.queries.DatasourceCallQueryMechanism.insertObject(DatasourceCallQueryMechanism.java:377)
	at org.eclipse.persistence.internal.queries.StatementQueryMechanism.insertObject(StatementQueryMechanism.java:165)
	at org.eclipse.persistence.internal.queries.StatementQueryMechanism.insertObject(StatementQueryMechanism.java:180)
	at org.eclipse.persistence.internal.queries.DatabaseQueryMechanism.insertObjectForWrite(DatabaseQueryMechanism.java:489)
	at org.eclipse.persistence.queries.InsertObjectQuery.executeCommit(InsertObjectQuery.java:80)
	at org.eclipse.persistence.queries.InsertObjectQuery.executeCommitWithChangeSet(InsertObjectQuery.java:90)
	at org.eclipse.persistence.internal.queries.DatabaseQueryMechanism.executeWriteWithChangeSet(DatabaseQueryMechanism.java:301)
	at org.eclipse.persistence.queries.WriteObjectQuery.executeDatabaseQuery(WriteObjectQuery.java:58)
	at org.eclipse.persistence.queries.DatabaseQuery.execute(DatabaseQuery.java:899)
	at org.eclipse.persistence.queries.DatabaseQuery.executeInUnitOfWork(DatabaseQuery.java:798)
	at org.eclipse.persistence.queries.ObjectLevelModifyQuery.executeInUnitOfWorkObjectLevelModifyQuery(ObjectLevelModifyQuery.java:108)
	at org.eclipse.persistence.queries.ObjectLevelModifyQuery.executeInUnitOfWork(ObjectLevelModifyQuery.java:85)
	at org.eclipse.persistence.internal.sessions.UnitOfWorkImpl.internalExecuteQuery(UnitOfWorkImpl.java:2896)
	at org.eclipse.persistence.internal.sessions.AbstractSession.executeQuery(AbstractSession.java:1793)
	at org.eclipse.persistence.internal.sessions.AbstractSession.executeQuery(AbstractSession.java:1775)
	at org.eclipse.persistence.internal.sessions.AbstractSession.executeQuery(AbstractSession.java:1726)
	at org.eclipse.persistence.internal.sessions.CommitManager.commitNewObjectsForClassWithChangeSet(CommitManager.java:226)
	at org.eclipse.persistence.internal.sessions.CommitManager.commitAllObjectsWithChangeSet(CommitManager.java:125)
	at org.eclipse.persistence.internal.sessions.AbstractSession.writeAllObjectsWithChangeSet(AbstractSession.java:4196)
	at org.eclipse.persistence.internal.sessions.UnitOfWorkImpl.commitToDatabase(UnitOfWorkImpl.java:1441)
	at org.eclipse.persistence.internal.sessions.UnitOfWorkImpl.commitToDatabaseWithChangeSet(UnitOfWorkImpl.java:1531)
	at org.eclipse.persistence.internal.sessions.RepeatableWriteUnitOfWork.commitRootUnitOfWork(RepeatableWriteUnitOfWork.java:277)
	at org.eclipse.persistence.internal.sessions.UnitOfWorkImpl.commitAndResume(UnitOfWorkImpl.java:1169)
	at org.eclipse.persistence.internal.jpa.transaction.EntityTransactionImpl.commit(EntityTransactionImpl.java:132)
	at org.springframework.orm.jpa.JpaTransactionManager.doCommit(JpaTransactionManager.java:515)
	at org.springframework.transaction.support.AbstractPlatformTransactionManager.processCommit(AbstractPlatformTransactionManager.java:757)
	at org.springframework.transaction.support.AbstractPlatformTransactionManager.commit(AbstractPlatformTransactionManager.java:726)
	at org.springframework.transaction.interceptor.TransactionAspectSupport.commitTransactionAfterReturning(TransactionAspectSupport.java:478)
	at org.springframework.transaction.interceptor.TransactionAspectSupport.invokeWithinTransaction(TransactionAspectSupport.java:272)
	at org.springframework.transaction.interceptor.TransactionInterceptor.invoke(TransactionInterceptor.java:95)
	at org.springframework.aop.framework.ReflectiveMethodInvocation.proceed(ReflectiveMethodInvocation.java:172)
	at org.springframework.aop.interceptor.ExposeInvocationInterceptor.invoke(ExposeInvocationInterceptor.java:91)
	at org.springframework.aop.framework.ReflectiveMethodInvocation.proceed(ReflectiveMethodInvocation.java:172)
	at org.springframework.aop.framework.JdkDynamicAopProxy.invoke(JdkDynamicAopProxy.java:204)
	at com.sun.proxy.$Proxy106.save(Unknown Source)
	at com.app.server.service.appbasicsetup.usermanagement.UserAccessDomainTestCase.validateUserAccessDomain(UserAccessDomainTestCase.java:189)
	at com.app.server.service.appbasicsetup.usermanagement.UserAccessDomainTestCase.test5NegativeTesting(UserAccessDomainTestCase.java:266)
	at sun.reflect.NativeMethodAccessorImpl.invoke0(Native Method)
	at sun.reflect.NativeMethodAccessorImpl.invoke(NativeMethodAccessorImpl.java:57)
	at sun.reflect.DelegatingMethodAccessorImpl.invoke(DelegatingMethodAccessorImpl.java:43)
	at java.lang.reflect.Method.invoke(Method.java:606)
	at org.junit.runners.model.FrameworkMethod$1.runReflectiveCall(FrameworkMethod.java:47)
	at org.junit.internal.runners.model.ReflectiveCallable.run(ReflectiveCallable.java:12)
	at org.junit.runners.model.FrameworkMethod.invokeExplosively(FrameworkMethod.java:44)
	at org.junit.internal.runners.statements.InvokeMethod.evaluate(InvokeMethod.java:17)
	at org.junit.internal.runners.statements.RunBefores.evaluate(RunBefores.java:26)
	at org.springframework.test.context.junit4.statements.RunBeforeTestMethodCallbacks.evaluate(RunBeforeTestMethodCallbacks.java:74)
	at org.junit.internal.runners.statements.RunAfters.evaluate(RunAfters.java:27)
	at org.springframework.test.context.junit4.statements.RunAfterTestMethodCallbacks.evaluate(RunAfterTestMethodCallbacks.java:83)
	at org.springframework.test.context.junit4.statements.SpringRepeat.evaluate(SpringRepeat.java:72)
	at org.springframework.test.context.junit4.SpringJUnit4ClassRunner.runChild(SpringJUnit4ClassRunner.java:233)
	at org.springframework.test.context.junit4.SpringJUnit4ClassRunner.runChild(SpringJUnit4ClassRunner.java:87)
	at org.junit.runners.ParentRunner$3.run(ParentRunner.java:238)
	at org.junit.runners.ParentRunner$1.schedule(ParentRunner.java:63)
	at org.junit.runners.ParentRunner.runChildren(ParentRunner.java:236)
	at org.junit.runners.ParentRunner.access$000(ParentRunner.java:53)
	at org.junit.runners.ParentRunner$2.evaluate(ParentRunner.java:229)
	at org.junit.internal.runners.statements.RunBefores.evaluate(RunBefores.java:26)
	at org.springframework.test.context.junit4.statements.RunBeforeTestClassCallbacks.evaluate(RunBeforeTestClassCallbacks.java:61)
	at org.springframework.test.context.junit4.statements.RunAfterTestClassCallbacks.evaluate(RunAfterTestClassCallbacks.java:71)
	at org.junit.runners.ParentRunner.run(ParentRunner.java:309)
	at org.springframework.test.context.junit4.SpringJUnit4ClassRunner.run(SpringJUnit4ClassRunner.java:176)
	at org.gradle.api.internal.tasks.testing.junit.JUnitTestClassExecuter.runTestClass(JUnitTestClassExecuter.java:86)
	at org.gradle.api.internal.tasks.testing.junit.JUnitTestClassExecuter.execute(JUnitTestClassExecuter.java:49)
	at org.gradle.api.internal.tasks.testing.junit.JUnitTestClassProcessor.processTestClass(JUnitTestClassProcessor.java:64)
	at org.gradle.api.internal.tasks.testing.SuiteTestClassProcessor.processTestClass(SuiteTestClassProcessor.java:50)
	at sun.reflect.NativeMethodAccessorImpl.invoke0(Native Method)
	at sun.reflect.NativeMethodAccessorImpl.invoke(NativeMethodAccessorImpl.java:57)
	at sun.reflect.DelegatingMethodAccessorImpl.invoke(DelegatingMethodAccessorImpl.java:43)
	at java.lang.reflect.Method.invoke(Method.java:606)
	at org.gradle.messaging.dispatch.ReflectionDispatch.dispatch(ReflectionDispatch.java:35)
	at org.gradle.messaging.dispatch.ReflectionDispatch.dispatch(ReflectionDispatch.java:24)
	at org.gradle.messaging.dispatch.ContextClassLoaderDispatch.dispatch(ContextClassLoaderDispatch.java:32)
	at org.gradle.messaging.dispatch.ProxyDispatchAdapter$DispatchingInvocationHandler.invoke(ProxyDispatchAdapter.java:93)
	at com.sun.proxy.$Proxy2.processTestClass(Unknown Source)
	at org.gradle.api.internal.tasks.testing.worker.TestWorker.processTestClass(TestWorker.java:106)
	at sun.reflect.NativeMethodAccessorImpl.invoke0(Native Method)
	at sun.reflect.NativeMethodAccessorImpl.invoke(NativeMethodAccessorImpl.java:57)
	at sun.reflect.DelegatingMethodAccessorImpl.invoke(DelegatingMethodAccessorImpl.java:43)
	at java.lang.reflect.Method.invoke(Method.java:606)
	at org.gradle.messaging.dispatch.ReflectionDispatch.dispatch(ReflectionDispatch.java:35)
	at org.gradle.messaging.dispatch.ReflectionDispatch.dispatch(ReflectionDispatch.java:24)
	at org.gradle.messaging.remote.internal.hub.MessageHub$Handler.run(MessageHub.java:360)
	at org.gradle.internal.concurrent.DefaultExecutorFactory$StoppableExecutorImpl$1.run(DefaultExecutorFactory.java:64)
	at java.util.concurrent.ThreadPoolExecutor.runWorker(ThreadPoolExecutor.java:1145)
	at java.util.concurrent.ThreadPoolExecutor$Worker.run(ThreadPoolExecutor.java:615)
	at java.lang.Thread.run(Thread.java:745)
Caused by: com.mysql.jdbc.exceptions.jdbc4.MySQLIntegrityConstraintViolationException: Duplicate entry '50072' for key 'userAccessDomain'
	at sun.reflect.NativeConstructorAccessorImpl.newInstance0(Native Method)
	at sun.reflect.NativeConstructorAccessorImpl.newInstance(NativeConstructorAccessorImpl.java:57)
	at sun.reflect.DelegatingConstructorAccessorImpl.newInstance(DelegatingConstructorAccessorImpl.java:45)
	at java.lang.reflect.Constructor.newInstance(Constructor.java:526)
	at com.mysql.jdbc.Util.handleNewInstance(Util.java:408)
	at com.mysql.jdbc.Util.getInstance(Util.java:383)
	at com.mysql.jdbc.SQLError.createSQLException(SQLError.java:1049)
	at com.mysql.jdbc.MysqlIO.checkErrorPacket(MysqlIO.java:4226)
	at com.mysql.jdbc.MysqlIO.checkErrorPacket(MysqlIO.java:4158)
	at com.mysql.jdbc.MysqlIO.sendCommand(MysqlIO.java:2615)
	at com.mysql.jdbc.MysqlIO.sqlQueryDirect(MysqlIO.java:2776)
	at com.mysql.jdbc.ConnectionImpl.execSQL(ConnectionImpl.java:2840)
	at com.mysql.jdbc.PreparedStatement.executeInternal(PreparedStatement.java:2082)
	at com.mysql.jdbc.PreparedStatement.executeUpdate(PreparedStatement.java:2334)
	at com.mysql.jdbc.PreparedStatement.executeUpdate(PreparedStatement.java:2262)
	at com.mysql.jdbc.PreparedStatement.executeUpdate(PreparedStatement.java:2246)
	at org.apache.commons.dbcp.DelegatingPreparedStatement.executeUpdate(DelegatingPreparedStatement.java:105)
	at org.apache.commons.dbcp.DelegatingPreparedStatement.executeUpdate(DelegatingPreparedStatement.java:105)
	at org.eclipse.persistence.internal.databaseaccess.DatabaseAccessor.executeDirectNoSelect(DatabaseAccessor.java:890)
	... 94 more

[EL Finer]: transaction: 2016-06-29 08:25:07.754--ClientSession(1506399581)--Connection(1037089581)--Thread(Thread[Test worker,5,main])--rollback transaction
[EL Finest]: connection: 2016-06-29 08:25:07.757--ServerSession(1088819099)--Connection(2028367873)--Thread(Thread[Test worker,5,main])--Connection released to connection pool [default].
[EL Finer]: transaction: 2016-06-29 08:25:07.757--UnitOfWork(1373043384)--Thread(Thread[Test worker,5,main])--release unit of work
[EL Finer]: connection: 2016-06-29 08:25:07.757--ClientSession(1506399581)--Thread(Thread[Test worker,5,main])--client released
[EL Finer]: connection: 2016-06-29 08:25:07.765--ServerSession(1088819099)--Thread(Thread[Test worker,5,main])--client acquired: 1444172236
[EL Finer]: transaction: 2016-06-29 08:25:07.766--ClientSession(1444172236)--Thread(Thread[Test worker,5,main])--acquire unit of work: 1342592058
[EL Finest]: connection: 2016-06-29 08:25:07.766--ServerSession(1088819099)--Connection(1334039777)--Thread(Thread[Test worker,5,main])--Connection acquired from connection pool [default].
[EL Finer]: transaction: 2016-06-29 08:25:07.766--ClientSession(1444172236)--Connection(1334039777)--Thread(Thread[Test worker,5,main])--begin transaction
[EL Finest]: connection: 2016-06-29 08:25:07.766--ClientSession(1444172236)--Thread(Thread[Test worker,5,main])--reconnecting to external connection pool
[EL Finest]: query: 2016-06-29 08:25:07.767--UnitOfWork(1342592058)--Thread(Thread[Test worker,5,main])--Execute query ReadObjectQuery(name="readUserAccessDomain" referenceClass=UserAccessDomain sql="SELECT userAccessDomainId, domainDescription, domainHelp, domainIcon, domainName, userAccessDomain, versionId, createdBy, createdDate, updatedBy, updatedDate, activeStatus, txnAccessCode FROM ast_UserAccessDomain_M WHERE (userAccessDomainId = ?)")
[EL Fine]: sql: 2016-06-29 08:25:07.767--ClientSession(1444172236)--Connection(1205989746)--Thread(Thread[Test worker,5,main])--SELECT userAccessDomainId, domainDescription, domainHelp, domainIcon, domainName, userAccessDomain, versionId, createdBy, createdDate, updatedBy, updatedDate, activeStatus, txnAccessCode FROM ast_UserAccessDomain_M WHERE (userAccessDomainId = ?)
	bind => [752A6CD8-1B97-4172-8E33-C765AC6C0C07]
[EL Finest]: transaction: 2016-06-29 08:25:07.769--UnitOfWork(1342592058)--Thread(Thread[Test worker,5,main])--remove() operation called on: 50072,XR17TvAIuU8tTnUWQlVbGtf66GClpjamlNLcxPAMog5HWcduIX,qw4DguntarxT5y9XWXPYAmQSl57gUXz9sm3Q1HXCNbyxijeQAB
[EL Finer]: transaction: 2016-06-29 08:25:07.769--UnitOfWork(1342592058)--Thread(Thread[Test worker,5,main])--begin unit of work commit
[EL Finest]: query: 2016-06-29 08:25:07.769--UnitOfWork(1342592058)--Thread(Thread[Test worker,5,main])--Execute query DoesExistQuery(referenceClass=UserAccessDomain )
[EL Finest]: query: 2016-06-29 08:25:07.769--UnitOfWork(1342592058)--Thread(Thread[Test worker,5,main])--Execute query DeleteObjectQuery(50072,XR17TvAIuU8tTnUWQlVbGtf66GClpjamlNLcxPAMog5HWcduIX,qw4DguntarxT5y9XWXPYAmQSl57gUXz9sm3Q1HXCNbyxijeQAB)
[EL Fine]: sql: 2016-06-29 08:25:07.77--ClientSession(1444172236)--Connection(1205989746)--Thread(Thread[Test worker,5,main])--DELETE FROM ast_UserAccessDomain_M WHERE ((userAccessDomainId = ?) AND (versionId = ?))
	bind => [752A6CD8-1B97-4172-8E33-C765AC6C0C07, 2]
[EL Finer]: transaction: 2016-06-29 08:25:07.771--ClientSession(1444172236)--Connection(1205989746)--Thread(Thread[Test worker,5,main])--commit transaction
[EL Finest]: connection: 2016-06-29 08:25:07.773--ServerSession(1088819099)--Connection(1334039777)--Thread(Thread[Test worker,5,main])--Connection released to connection pool [default].
[EL Finer]: transaction: 2016-06-29 08:25:07.773--UnitOfWork(1342592058)--Thread(Thread[Test worker,5,main])--end unit of work commit
[EL Finer]: transaction: 2016-06-29 08:25:07.773--UnitOfWork(1342592058)--Thread(Thread[Test worker,5,main])--resume unit of work
[EL Finer]: transaction: 2016-06-29 08:25:07.773--UnitOfWork(1342592058)--Thread(Thread[Test worker,5,main])--release unit of work
[EL Finer]: connection: 2016-06-29 08:25:07.773--ClientSession(1444172236)--Thread(Thread[Test worker,5,main])--client released
]]></system-out>
  <system-err><![CDATA[UserAccessDomain.userAccessDomain may not be null
java.lang.SecurityException: UserAccessDomain.userAccessDomain may not be null
	at com.athena.server.pluggable.utils.helper.EntityValidatorHelper.validateEntity(EntityValidatorHelper.java:37)
	at com.app.shared.appbasicsetup.usermanagement.UserAccessDomain.isValid(UserAccessDomain.java:198)
	at com.app.server.service.appbasicsetup.usermanagement.UserAccessDomainTestCase.validateUserAccessDomain(UserAccessDomainTestCase.java:185)
	at com.app.server.service.appbasicsetup.usermanagement.UserAccessDomainTestCase.test5NegativeTesting(UserAccessDomainTestCase.java:224)
	at sun.reflect.NativeMethodAccessorImpl.invoke0(Native Method)
	at sun.reflect.NativeMethodAccessorImpl.invoke(NativeMethodAccessorImpl.java:57)
	at sun.reflect.DelegatingMethodAccessorImpl.invoke(DelegatingMethodAccessorImpl.java:43)
	at java.lang.reflect.Method.invoke(Method.java:606)
	at org.junit.runners.model.FrameworkMethod$1.runReflectiveCall(FrameworkMethod.java:47)
	at org.junit.internal.runners.model.ReflectiveCallable.run(ReflectiveCallable.java:12)
	at org.junit.runners.model.FrameworkMethod.invokeExplosively(FrameworkMethod.java:44)
	at org.junit.internal.runners.statements.InvokeMethod.evaluate(InvokeMethod.java:17)
	at org.junit.internal.runners.statements.RunBefores.evaluate(RunBefores.java:26)
	at org.springframework.test.context.junit4.statements.RunBeforeTestMethodCallbacks.evaluate(RunBeforeTestMethodCallbacks.java:74)
	at org.junit.internal.runners.statements.RunAfters.evaluate(RunAfters.java:27)
	at org.springframework.test.context.junit4.statements.RunAfterTestMethodCallbacks.evaluate(RunAfterTestMethodCallbacks.java:83)
	at org.springframework.test.context.junit4.statements.SpringRepeat.evaluate(SpringRepeat.java:72)
	at org.springframework.test.context.junit4.SpringJUnit4ClassRunner.runChild(SpringJUnit4ClassRunner.java:233)
	at org.springframework.test.context.junit4.SpringJUnit4ClassRunner.runChild(SpringJUnit4ClassRunner.java:87)
	at org.junit.runners.ParentRunner$3.run(ParentRunner.java:238)
	at org.junit.runners.ParentRunner$1.schedule(ParentRunner.java:63)
	at org.junit.runners.ParentRunner.runChildren(ParentRunner.java:236)
	at org.junit.runners.ParentRunner.access$000(ParentRunner.java:53)
	at org.junit.runners.ParentRunner$2.evaluate(ParentRunner.java:229)
	at org.junit.internal.runners.statements.RunBefores.evaluate(RunBefores.java:26)
	at org.springframework.test.context.junit4.statements.RunBeforeTestClassCallbacks.evaluate(RunBeforeTestClassCallbacks.java:61)
	at org.springframework.test.context.junit4.statements.RunAfterTestClassCallbacks.evaluate(RunAfterTestClassCallbacks.java:71)
	at org.junit.runners.ParentRunner.run(ParentRunner.java:309)
	at org.springframework.test.context.junit4.SpringJUnit4ClassRunner.run(SpringJUnit4ClassRunner.java:176)
	at org.gradle.api.internal.tasks.testing.junit.JUnitTestClassExecuter.runTestClass(JUnitTestClassExecuter.java:86)
	at org.gradle.api.internal.tasks.testing.junit.JUnitTestClassExecuter.execute(JUnitTestClassExecuter.java:49)
	at org.gradle.api.internal.tasks.testing.junit.JUnitTestClassProcessor.processTestClass(JUnitTestClassProcessor.java:64)
	at org.gradle.api.internal.tasks.testing.SuiteTestClassProcessor.processTestClass(SuiteTestClassProcessor.java:50)
	at sun.reflect.NativeMethodAccessorImpl.invoke0(Native Method)
	at sun.reflect.NativeMethodAccessorImpl.invoke(NativeMethodAccessorImpl.java:57)
	at sun.reflect.DelegatingMethodAccessorImpl.invoke(DelegatingMethodAccessorImpl.java:43)
	at java.lang.reflect.Method.invoke(Method.java:606)
	at org.gradle.messaging.dispatch.ReflectionDispatch.dispatch(ReflectionDispatch.java:35)
	at org.gradle.messaging.dispatch.ReflectionDispatch.dispatch(ReflectionDispatch.java:24)
	at org.gradle.messaging.dispatch.ContextClassLoaderDispatch.dispatch(ContextClassLoaderDispatch.java:32)
	at org.gradle.messaging.dispatch.ProxyDispatchAdapter$DispatchingInvocationHandler.invoke(ProxyDispatchAdapter.java:93)
	at com.sun.proxy.$Proxy2.processTestClass(Unknown Source)
	at org.gradle.api.internal.tasks.testing.worker.TestWorker.processTestClass(TestWorker.java:106)
	at sun.reflect.NativeMethodAccessorImpl.invoke0(Native Method)
	at sun.reflect.NativeMethodAccessorImpl.invoke(NativeMethodAccessorImpl.java:57)
	at sun.reflect.DelegatingMethodAccessorImpl.invoke(DelegatingMethodAccessorImpl.java:43)
	at java.lang.reflect.Method.invoke(Method.java:606)
	at org.gradle.messaging.dispatch.ReflectionDispatch.dispatch(ReflectionDispatch.java:35)
	at org.gradle.messaging.dispatch.ReflectionDispatch.dispatch(ReflectionDispatch.java:24)
	at org.gradle.messaging.remote.internal.hub.MessageHub$Handler.run(MessageHub.java:360)
	at org.gradle.internal.concurrent.DefaultExecutorFactory$StoppableExecutorImpl$1.run(DefaultExecutorFactory.java:64)
	at java.util.concurrent.ThreadPoolExecutor.runWorker(ThreadPoolExecutor.java:1145)
	at java.util.concurrent.ThreadPoolExecutor$Worker.run(ThreadPoolExecutor.java:615)
	at java.lang.Thread.run(Thread.java:745)
UserAccessDomain.userAccessDomain must be less than or equal to 99999
java.lang.SecurityException: UserAccessDomain.userAccessDomain must be less than or equal to 99999
	at com.athena.server.pluggable.utils.helper.EntityValidatorHelper.validateEntity(EntityValidatorHelper.java:37)
	at com.app.shared.appbasicsetup.usermanagement.UserAccessDomain.isValid(UserAccessDomain.java:198)
	at com.app.server.service.appbasicsetup.usermanagement.UserAccessDomainTestCase.validateUserAccessDomain(UserAccessDomainTestCase.java:183)
	at com.app.server.service.appbasicsetup.usermanagement.UserAccessDomainTestCase.test5NegativeTesting(UserAccessDomainTestCase.java:229)
	at sun.reflect.NativeMethodAccessorImpl.invoke0(Native Method)
	at sun.reflect.NativeMethodAccessorImpl.invoke(NativeMethodAccessorImpl.java:57)
	at sun.reflect.DelegatingMethodAccessorImpl.invoke(DelegatingMethodAccessorImpl.java:43)
	at java.lang.reflect.Method.invoke(Method.java:606)
	at org.junit.runners.model.FrameworkMethod$1.runReflectiveCall(FrameworkMethod.java:47)
	at org.junit.internal.runners.model.ReflectiveCallable.run(ReflectiveCallable.java:12)
	at org.junit.runners.model.FrameworkMethod.invokeExplosively(FrameworkMethod.java:44)
	at org.junit.internal.runners.statements.InvokeMethod.evaluate(InvokeMethod.java:17)
	at org.junit.internal.runners.statements.RunBefores.evaluate(RunBefores.java:26)
	at org.springframework.test.context.junit4.statements.RunBeforeTestMethodCallbacks.evaluate(RunBeforeTestMethodCallbacks.java:74)
	at org.junit.internal.runners.statements.RunAfters.evaluate(RunAfters.java:27)
	at org.springframework.test.context.junit4.statements.RunAfterTestMethodCallbacks.evaluate(RunAfterTestMethodCallbacks.java:83)
	at org.springframework.test.context.junit4.statements.SpringRepeat.evaluate(SpringRepeat.java:72)
	at org.springframework.test.context.junit4.SpringJUnit4ClassRunner.runChild(SpringJUnit4ClassRunner.java:233)
	at org.springframework.test.context.junit4.SpringJUnit4ClassRunner.runChild(SpringJUnit4ClassRunner.java:87)
	at org.junit.runners.ParentRunner$3.run(ParentRunner.java:238)
	at org.junit.runners.ParentRunner$1.schedule(ParentRunner.java:63)
	at org.junit.runners.ParentRunner.runChildren(ParentRunner.java:236)
	at org.junit.runners.ParentRunner.access$000(ParentRunner.java:53)
	at org.junit.runners.ParentRunner$2.evaluate(ParentRunner.java:229)
	at org.junit.internal.runners.statements.RunBefores.evaluate(RunBefores.java:26)
	at org.springframework.test.context.junit4.statements.RunBeforeTestClassCallbacks.evaluate(RunBeforeTestClassCallbacks.java:61)
	at org.springframework.test.context.junit4.statements.RunAfterTestClassCallbacks.evaluate(RunAfterTestClassCallbacks.java:71)
	at org.junit.runners.ParentRunner.run(ParentRunner.java:309)
	at org.springframework.test.context.junit4.SpringJUnit4ClassRunner.run(SpringJUnit4ClassRunner.java:176)
	at org.gradle.api.internal.tasks.testing.junit.JUnitTestClassExecuter.runTestClass(JUnitTestClassExecuter.java:86)
	at org.gradle.api.internal.tasks.testing.junit.JUnitTestClassExecuter.execute(JUnitTestClassExecuter.java:49)
	at org.gradle.api.internal.tasks.testing.junit.JUnitTestClassProcessor.processTestClass(JUnitTestClassProcessor.java:64)
	at org.gradle.api.internal.tasks.testing.SuiteTestClassProcessor.processTestClass(SuiteTestClassProcessor.java:50)
	at sun.reflect.NativeMethodAccessorImpl.invoke0(Native Method)
	at sun.reflect.NativeMethodAccessorImpl.invoke(NativeMethodAccessorImpl.java:57)
	at sun.reflect.DelegatingMethodAccessorImpl.invoke(DelegatingMethodAccessorImpl.java:43)
	at java.lang.reflect.Method.invoke(Method.java:606)
	at org.gradle.messaging.dispatch.ReflectionDispatch.dispatch(ReflectionDispatch.java:35)
	at org.gradle.messaging.dispatch.ReflectionDispatch.dispatch(ReflectionDispatch.java:24)
	at org.gradle.messaging.dispatch.ContextClassLoaderDispatch.dispatch(ContextClassLoaderDispatch.java:32)
	at org.gradle.messaging.dispatch.ProxyDispatchAdapter$DispatchingInvocationHandler.invoke(ProxyDispatchAdapter.java:93)
	at com.sun.proxy.$Proxy2.processTestClass(Unknown Source)
	at org.gradle.api.internal.tasks.testing.worker.TestWorker.processTestClass(TestWorker.java:106)
	at sun.reflect.NativeMethodAccessorImpl.invoke0(Native Method)
	at sun.reflect.NativeMethodAccessorImpl.invoke(NativeMethodAccessorImpl.java:57)
	at sun.reflect.DelegatingMethodAccessorImpl.invoke(DelegatingMethodAccessorImpl.java:43)
	at java.lang.reflect.Method.invoke(Method.java:606)
	at org.gradle.messaging.dispatch.ReflectionDispatch.dispatch(ReflectionDispatch.java:35)
	at org.gradle.messaging.dispatch.ReflectionDispatch.dispatch(ReflectionDispatch.java:24)
	at org.gradle.messaging.remote.internal.hub.MessageHub$Handler.run(MessageHub.java:360)
	at org.gradle.internal.concurrent.DefaultExecutorFactory$StoppableExecutorImpl$1.run(DefaultExecutorFactory.java:64)
	at java.util.concurrent.ThreadPoolExecutor.runWorker(ThreadPoolExecutor.java:1145)
	at java.util.concurrent.ThreadPoolExecutor$Worker.run(ThreadPoolExecutor.java:615)
	at java.lang.Thread.run(Thread.java:745)
UserAccessDomain.domainName may not be null
java.lang.SecurityException: UserAccessDomain.domainName may not be null
	at com.athena.server.pluggable.utils.helper.EntityValidatorHelper.validateEntity(EntityValidatorHelper.java:37)
	at com.app.shared.appbasicsetup.usermanagement.UserAccessDomain.isValid(UserAccessDomain.java:198)
	at com.app.server.service.appbasicsetup.usermanagement.UserAccessDomainTestCase.validateUserAccessDomain(UserAccessDomainTestCase.java:185)
	at com.app.server.service.appbasicsetup.usermanagement.UserAccessDomainTestCase.test5NegativeTesting(UserAccessDomainTestCase.java:235)
	at sun.reflect.NativeMethodAccessorImpl.invoke0(Native Method)
	at sun.reflect.NativeMethodAccessorImpl.invoke(NativeMethodAccessorImpl.java:57)
	at sun.reflect.DelegatingMethodAccessorImpl.invoke(DelegatingMethodAccessorImpl.java:43)
	at java.lang.reflect.Method.invoke(Method.java:606)
	at org.junit.runners.model.FrameworkMethod$1.runReflectiveCall(FrameworkMethod.java:47)
	at org.junit.internal.runners.model.ReflectiveCallable.run(ReflectiveCallable.java:12)
	at org.junit.runners.model.FrameworkMethod.invokeExplosively(FrameworkMethod.java:44)
	at org.junit.internal.runners.statements.InvokeMethod.evaluate(InvokeMethod.java:17)
	at org.junit.internal.runners.statements.RunBefores.evaluate(RunBefores.java:26)
	at org.springframework.test.context.junit4.statements.RunBeforeTestMethodCallbacks.evaluate(RunBeforeTestMethodCallbacks.java:74)
	at org.junit.internal.runners.statements.RunAfters.evaluate(RunAfters.java:27)
	at org.springframework.test.context.junit4.statements.RunAfterTestMethodCallbacks.evaluate(RunAfterTestMethodCallbacks.java:83)
	at org.springframework.test.context.junit4.statements.SpringRepeat.evaluate(SpringRepeat.java:72)
	at org.springframework.test.context.junit4.SpringJUnit4ClassRunner.runChild(SpringJUnit4ClassRunner.java:233)
	at org.springframework.test.context.junit4.SpringJUnit4ClassRunner.runChild(SpringJUnit4ClassRunner.java:87)
	at org.junit.runners.ParentRunner$3.run(ParentRunner.java:238)
	at org.junit.runners.ParentRunner$1.schedule(ParentRunner.java:63)
	at org.junit.runners.ParentRunner.runChildren(ParentRunner.java:236)
	at org.junit.runners.ParentRunner.access$000(ParentRunner.java:53)
	at org.junit.runners.ParentRunner$2.evaluate(ParentRunner.java:229)
	at org.junit.internal.runners.statements.RunBefores.evaluate(RunBefores.java:26)
	at org.springframework.test.context.junit4.statements.RunBeforeTestClassCallbacks.evaluate(RunBeforeTestClassCallbacks.java:61)
	at org.springframework.test.context.junit4.statements.RunAfterTestClassCallbacks.evaluate(RunAfterTestClassCallbacks.java:71)
	at org.junit.runners.ParentRunner.run(ParentRunner.java:309)
	at org.springframework.test.context.junit4.SpringJUnit4ClassRunner.run(SpringJUnit4ClassRunner.java:176)
	at org.gradle.api.internal.tasks.testing.junit.JUnitTestClassExecuter.runTestClass(JUnitTestClassExecuter.java:86)
	at org.gradle.api.internal.tasks.testing.junit.JUnitTestClassExecuter.execute(JUnitTestClassExecuter.java:49)
	at org.gradle.api.internal.tasks.testing.junit.JUnitTestClassProcessor.processTestClass(JUnitTestClassProcessor.java:64)
	at org.gradle.api.internal.tasks.testing.SuiteTestClassProcessor.processTestClass(SuiteTestClassProcessor.java:50)
	at sun.reflect.NativeMethodAccessorImpl.invoke0(Native Method)
	at sun.reflect.NativeMethodAccessorImpl.invoke(NativeMethodAccessorImpl.java:57)
	at sun.reflect.DelegatingMethodAccessorImpl.invoke(DelegatingMethodAccessorImpl.java:43)
	at java.lang.reflect.Method.invoke(Method.java:606)
	at org.gradle.messaging.dispatch.ReflectionDispatch.dispatch(ReflectionDispatch.java:35)
	at org.gradle.messaging.dispatch.ReflectionDispatch.dispatch(ReflectionDispatch.java:24)
	at org.gradle.messaging.dispatch.ContextClassLoaderDispatch.dispatch(ContextClassLoaderDispatch.java:32)
	at org.gradle.messaging.dispatch.ProxyDispatchAdapter$DispatchingInvocationHandler.invoke(ProxyDispatchAdapter.java:93)
	at com.sun.proxy.$Proxy2.processTestClass(Unknown Source)
	at org.gradle.api.internal.tasks.testing.worker.TestWorker.processTestClass(TestWorker.java:106)
	at sun.reflect.NativeMethodAccessorImpl.invoke0(Native Method)
	at sun.reflect.NativeMethodAccessorImpl.invoke(NativeMethodAccessorImpl.java:57)
	at sun.reflect.DelegatingMethodAccessorImpl.invoke(DelegatingMethodAccessorImpl.java:43)
	at java.lang.reflect.Method.invoke(Method.java:606)
	at org.gradle.messaging.dispatch.ReflectionDispatch.dispatch(ReflectionDispatch.java:35)
	at org.gradle.messaging.dispatch.ReflectionDispatch.dispatch(ReflectionDispatch.java:24)
	at org.gradle.messaging.remote.internal.hub.MessageHub$Handler.run(MessageHub.java:360)
	at org.gradle.internal.concurrent.DefaultExecutorFactory$StoppableExecutorImpl$1.run(DefaultExecutorFactory.java:64)
	at java.util.concurrent.ThreadPoolExecutor.runWorker(ThreadPoolExecutor.java:1145)
	at java.util.concurrent.ThreadPoolExecutor$Worker.run(ThreadPoolExecutor.java:615)
	at java.lang.Thread.run(Thread.java:745)
UserAccessDomain.domainName size must be between 3 and 256
java.lang.SecurityException: UserAccessDomain.domainName size must be between 3 and 256
	at com.athena.server.pluggable.utils.helper.EntityValidatorHelper.validateEntity(EntityValidatorHelper.java:37)
	at com.app.shared.appbasicsetup.usermanagement.UserAccessDomain.isValid(UserAccessDomain.java:198)
	at com.app.server.service.appbasicsetup.usermanagement.UserAccessDomainTestCase.validateUserAccessDomain(UserAccessDomainTestCase.java:183)
	at com.app.server.service.appbasicsetup.usermanagement.UserAccessDomainTestCase.test5NegativeTesting(UserAccessDomainTestCase.java:240)
	at sun.reflect.NativeMethodAccessorImpl.invoke0(Native Method)
	at sun.reflect.NativeMethodAccessorImpl.invoke(NativeMethodAccessorImpl.java:57)
	at sun.reflect.DelegatingMethodAccessorImpl.invoke(DelegatingMethodAccessorImpl.java:43)
	at java.lang.reflect.Method.invoke(Method.java:606)
	at org.junit.runners.model.FrameworkMethod$1.runReflectiveCall(FrameworkMethod.java:47)
	at org.junit.internal.runners.model.ReflectiveCallable.run(ReflectiveCallable.java:12)
	at org.junit.runners.model.FrameworkMethod.invokeExplosively(FrameworkMethod.java:44)
	at org.junit.internal.runners.statements.InvokeMethod.evaluate(InvokeMethod.java:17)
	at org.junit.internal.runners.statements.RunBefores.evaluate(RunBefores.java:26)
	at org.springframework.test.context.junit4.statements.RunBeforeTestMethodCallbacks.evaluate(RunBeforeTestMethodCallbacks.java:74)
	at org.junit.internal.runners.statements.RunAfters.evaluate(RunAfters.java:27)
	at org.springframework.test.context.junit4.statements.RunAfterTestMethodCallbacks.evaluate(RunAfterTestMethodCallbacks.java:83)
	at org.springframework.test.context.junit4.statements.SpringRepeat.evaluate(SpringRepeat.java:72)
	at org.springframework.test.context.junit4.SpringJUnit4ClassRunner.runChild(SpringJUnit4ClassRunner.java:233)
	at org.springframework.test.context.junit4.SpringJUnit4ClassRunner.runChild(SpringJUnit4ClassRunner.java:87)
	at org.junit.runners.ParentRunner$3.run(ParentRunner.java:238)
	at org.junit.runners.ParentRunner$1.schedule(ParentRunner.java:63)
	at org.junit.runners.ParentRunner.runChildren(ParentRunner.java:236)
	at org.junit.runners.ParentRunner.access$000(ParentRunner.java:53)
	at org.junit.runners.ParentRunner$2.evaluate(ParentRunner.java:229)
	at org.junit.internal.runners.statements.RunBefores.evaluate(RunBefores.java:26)
	at org.springframework.test.context.junit4.statements.RunBeforeTestClassCallbacks.evaluate(RunBeforeTestClassCallbacks.java:61)
	at org.springframework.test.context.junit4.statements.RunAfterTestClassCallbacks.evaluate(RunAfterTestClassCallbacks.java:71)
	at org.junit.runners.ParentRunner.run(ParentRunner.java:309)
	at org.springframework.test.context.junit4.SpringJUnit4ClassRunner.run(SpringJUnit4ClassRunner.java:176)
	at org.gradle.api.internal.tasks.testing.junit.JUnitTestClassExecuter.runTestClass(JUnitTestClassExecuter.java:86)
	at org.gradle.api.internal.tasks.testing.junit.JUnitTestClassExecuter.execute(JUnitTestClassExecuter.java:49)
	at org.gradle.api.internal.tasks.testing.junit.JUnitTestClassProcessor.processTestClass(JUnitTestClassProcessor.java:64)
	at org.gradle.api.internal.tasks.testing.SuiteTestClassProcessor.processTestClass(SuiteTestClassProcessor.java:50)
	at sun.reflect.NativeMethodAccessorImpl.invoke0(Native Method)
	at sun.reflect.NativeMethodAccessorImpl.invoke(NativeMethodAccessorImpl.java:57)
	at sun.reflect.DelegatingMethodAccessorImpl.invoke(DelegatingMethodAccessorImpl.java:43)
	at java.lang.reflect.Method.invoke(Method.java:606)
	at org.gradle.messaging.dispatch.ReflectionDispatch.dispatch(ReflectionDispatch.java:35)
	at org.gradle.messaging.dispatch.ReflectionDispatch.dispatch(ReflectionDispatch.java:24)
	at org.gradle.messaging.dispatch.ContextClassLoaderDispatch.dispatch(ContextClassLoaderDispatch.java:32)
	at org.gradle.messaging.dispatch.ProxyDispatchAdapter$DispatchingInvocationHandler.invoke(ProxyDispatchAdapter.java:93)
	at com.sun.proxy.$Proxy2.processTestClass(Unknown Source)
	at org.gradle.api.internal.tasks.testing.worker.TestWorker.processTestClass(TestWorker.java:106)
	at sun.reflect.NativeMethodAccessorImpl.invoke0(Native Method)
	at sun.reflect.NativeMethodAccessorImpl.invoke(NativeMethodAccessorImpl.java:57)
	at sun.reflect.DelegatingMethodAccessorImpl.invoke(DelegatingMethodAccessorImpl.java:43)
	at java.lang.reflect.Method.invoke(Method.java:606)
	at org.gradle.messaging.dispatch.ReflectionDispatch.dispatch(ReflectionDispatch.java:35)
	at org.gradle.messaging.dispatch.ReflectionDispatch.dispatch(ReflectionDispatch.java:24)
	at org.gradle.messaging.remote.internal.hub.MessageHub$Handler.run(MessageHub.java:360)
	at org.gradle.internal.concurrent.DefaultExecutorFactory$StoppableExecutorImpl$1.run(DefaultExecutorFactory.java:64)
	at java.util.concurrent.ThreadPoolExecutor.runWorker(ThreadPoolExecutor.java:1145)
	at java.util.concurrent.ThreadPoolExecutor$Worker.run(ThreadPoolExecutor.java:615)
	at java.lang.Thread.run(Thread.java:745)
UserAccessDomain.domainDescription may not be null
java.lang.SecurityException: UserAccessDomain.domainDescription may not be null
	at com.athena.server.pluggable.utils.helper.EntityValidatorHelper.validateEntity(EntityValidatorHelper.java:37)
	at com.app.shared.appbasicsetup.usermanagement.UserAccessDomain.isValid(UserAccessDomain.java:198)
	at com.app.server.service.appbasicsetup.usermanagement.UserAccessDomainTestCase.validateUserAccessDomain(UserAccessDomainTestCase.java:185)
	at com.app.server.service.appbasicsetup.usermanagement.UserAccessDomainTestCase.test5NegativeTesting(UserAccessDomainTestCase.java:246)
	at sun.reflect.NativeMethodAccessorImpl.invoke0(Native Method)
	at sun.reflect.NativeMethodAccessorImpl.invoke(NativeMethodAccessorImpl.java:57)
	at sun.reflect.DelegatingMethodAccessorImpl.invoke(DelegatingMethodAccessorImpl.java:43)
	at java.lang.reflect.Method.invoke(Method.java:606)
	at org.junit.runners.model.FrameworkMethod$1.runReflectiveCall(FrameworkMethod.java:47)
	at org.junit.internal.runners.model.ReflectiveCallable.run(ReflectiveCallable.java:12)
	at org.junit.runners.model.FrameworkMethod.invokeExplosively(FrameworkMethod.java:44)
	at org.junit.internal.runners.statements.InvokeMethod.evaluate(InvokeMethod.java:17)
	at org.junit.internal.runners.statements.RunBefores.evaluate(RunBefores.java:26)
	at org.springframework.test.context.junit4.statements.RunBeforeTestMethodCallbacks.evaluate(RunBeforeTestMethodCallbacks.java:74)
	at org.junit.internal.runners.statements.RunAfters.evaluate(RunAfters.java:27)
	at org.springframework.test.context.junit4.statements.RunAfterTestMethodCallbacks.evaluate(RunAfterTestMethodCallbacks.java:83)
	at org.springframework.test.context.junit4.statements.SpringRepeat.evaluate(SpringRepeat.java:72)
	at org.springframework.test.context.junit4.SpringJUnit4ClassRunner.runChild(SpringJUnit4ClassRunner.java:233)
	at org.springframework.test.context.junit4.SpringJUnit4ClassRunner.runChild(SpringJUnit4ClassRunner.java:87)
	at org.junit.runners.ParentRunner$3.run(ParentRunner.java:238)
	at org.junit.runners.ParentRunner$1.schedule(ParentRunner.java:63)
	at org.junit.runners.ParentRunner.runChildren(ParentRunner.java:236)
	at org.junit.runners.ParentRunner.access$000(ParentRunner.java:53)
	at org.junit.runners.ParentRunner$2.evaluate(ParentRunner.java:229)
	at org.junit.internal.runners.statements.RunBefores.evaluate(RunBefores.java:26)
	at org.springframework.test.context.junit4.statements.RunBeforeTestClassCallbacks.evaluate(RunBeforeTestClassCallbacks.java:61)
	at org.springframework.test.context.junit4.statements.RunAfterTestClassCallbacks.evaluate(RunAfterTestClassCallbacks.java:71)
	at org.junit.runners.ParentRunner.run(ParentRunner.java:309)
	at org.springframework.test.context.junit4.SpringJUnit4ClassRunner.run(SpringJUnit4ClassRunner.java:176)
	at org.gradle.api.internal.tasks.testing.junit.JUnitTestClassExecuter.runTestClass(JUnitTestClassExecuter.java:86)
	at org.gradle.api.internal.tasks.testing.junit.JUnitTestClassExecuter.execute(JUnitTestClassExecuter.java:49)
	at org.gradle.api.internal.tasks.testing.junit.JUnitTestClassProcessor.processTestClass(JUnitTestClassProcessor.java:64)
	at org.gradle.api.internal.tasks.testing.SuiteTestClassProcessor.processTestClass(SuiteTestClassProcessor.java:50)
	at sun.reflect.NativeMethodAccessorImpl.invoke0(Native Method)
	at sun.reflect.NativeMethodAccessorImpl.invoke(NativeMethodAccessorImpl.java:57)
	at sun.reflect.DelegatingMethodAccessorImpl.invoke(DelegatingMethodAccessorImpl.java:43)
	at java.lang.reflect.Method.invoke(Method.java:606)
	at org.gradle.messaging.dispatch.ReflectionDispatch.dispatch(ReflectionDispatch.java:35)
	at org.gradle.messaging.dispatch.ReflectionDispatch.dispatch(ReflectionDispatch.java:24)
	at org.gradle.messaging.dispatch.ContextClassLoaderDispatch.dispatch(ContextClassLoaderDispatch.java:32)
	at org.gradle.messaging.dispatch.ProxyDispatchAdapter$DispatchingInvocationHandler.invoke(ProxyDispatchAdapter.java:93)
	at com.sun.proxy.$Proxy2.processTestClass(Unknown Source)
	at org.gradle.api.internal.tasks.testing.worker.TestWorker.processTestClass(TestWorker.java:106)
	at sun.reflect.NativeMethodAccessorImpl.invoke0(Native Method)
	at sun.reflect.NativeMethodAccessorImpl.invoke(NativeMethodAccessorImpl.java:57)
	at sun.reflect.DelegatingMethodAccessorImpl.invoke(DelegatingMethodAccessorImpl.java:43)
	at java.lang.reflect.Method.invoke(Method.java:606)
	at org.gradle.messaging.dispatch.ReflectionDispatch.dispatch(ReflectionDispatch.java:35)
	at org.gradle.messaging.dispatch.ReflectionDispatch.dispatch(ReflectionDispatch.java:24)
	at org.gradle.messaging.remote.internal.hub.MessageHub$Handler.run(MessageHub.java:360)
	at org.gradle.internal.concurrent.DefaultExecutorFactory$StoppableExecutorImpl$1.run(DefaultExecutorFactory.java:64)
	at java.util.concurrent.ThreadPoolExecutor.runWorker(ThreadPoolExecutor.java:1145)
	at java.util.concurrent.ThreadPoolExecutor$Worker.run(ThreadPoolExecutor.java:615)
	at java.lang.Thread.run(Thread.java:745)
UserAccessDomain.domainDescription size must be between 3 and 256
java.lang.SecurityException: UserAccessDomain.domainDescription size must be between 3 and 256
	at com.athena.server.pluggable.utils.helper.EntityValidatorHelper.validateEntity(EntityValidatorHelper.java:37)
	at com.app.shared.appbasicsetup.usermanagement.UserAccessDomain.isValid(UserAccessDomain.java:198)
	at com.app.server.service.appbasicsetup.usermanagement.UserAccessDomainTestCase.validateUserAccessDomain(UserAccessDomainTestCase.java:183)
	at com.app.server.service.appbasicsetup.usermanagement.UserAccessDomainTestCase.test5NegativeTesting(UserAccessDomainTestCase.java:251)
	at sun.reflect.NativeMethodAccessorImpl.invoke0(Native Method)
	at sun.reflect.NativeMethodAccessorImpl.invoke(NativeMethodAccessorImpl.java:57)
	at sun.reflect.DelegatingMethodAccessorImpl.invoke(DelegatingMethodAccessorImpl.java:43)
	at java.lang.reflect.Method.invoke(Method.java:606)
	at org.junit.runners.model.FrameworkMethod$1.runReflectiveCall(FrameworkMethod.java:47)
	at org.junit.internal.runners.model.ReflectiveCallable.run(ReflectiveCallable.java:12)
	at org.junit.runners.model.FrameworkMethod.invokeExplosively(FrameworkMethod.java:44)
	at org.junit.internal.runners.statements.InvokeMethod.evaluate(InvokeMethod.java:17)
	at org.junit.internal.runners.statements.RunBefores.evaluate(RunBefores.java:26)
	at org.springframework.test.context.junit4.statements.RunBeforeTestMethodCallbacks.evaluate(RunBeforeTestMethodCallbacks.java:74)
	at org.junit.internal.runners.statements.RunAfters.evaluate(RunAfters.java:27)
	at org.springframework.test.context.junit4.statements.RunAfterTestMethodCallbacks.evaluate(RunAfterTestMethodCallbacks.java:83)
	at org.springframework.test.context.junit4.statements.SpringRepeat.evaluate(SpringRepeat.java:72)
	at org.springframework.test.context.junit4.SpringJUnit4ClassRunner.runChild(SpringJUnit4ClassRunner.java:233)
	at org.springframework.test.context.junit4.SpringJUnit4ClassRunner.runChild(SpringJUnit4ClassRunner.java:87)
	at org.junit.runners.ParentRunner$3.run(ParentRunner.java:238)
	at org.junit.runners.ParentRunner$1.schedule(ParentRunner.java:63)
	at org.junit.runners.ParentRunner.runChildren(ParentRunner.java:236)
	at org.junit.runners.ParentRunner.access$000(ParentRunner.java:53)
	at org.junit.runners.ParentRunner$2.evaluate(ParentRunner.java:229)
	at org.junit.internal.runners.statements.RunBefores.evaluate(RunBefores.java:26)
	at org.springframework.test.context.junit4.statements.RunBeforeTestClassCallbacks.evaluate(RunBeforeTestClassCallbacks.java:61)
	at org.springframework.test.context.junit4.statements.RunAfterTestClassCallbacks.evaluate(RunAfterTestClassCallbacks.java:71)
	at org.junit.runners.ParentRunner.run(ParentRunner.java:309)
	at org.springframework.test.context.junit4.SpringJUnit4ClassRunner.run(SpringJUnit4ClassRunner.java:176)
	at org.gradle.api.internal.tasks.testing.junit.JUnitTestClassExecuter.runTestClass(JUnitTestClassExecuter.java:86)
	at org.gradle.api.internal.tasks.testing.junit.JUnitTestClassExecuter.execute(JUnitTestClassExecuter.java:49)
	at org.gradle.api.internal.tasks.testing.junit.JUnitTestClassProcessor.processTestClass(JUnitTestClassProcessor.java:64)
	at org.gradle.api.internal.tasks.testing.SuiteTestClassProcessor.processTestClass(SuiteTestClassProcessor.java:50)
	at sun.reflect.NativeMethodAccessorImpl.invoke0(Native Method)
	at sun.reflect.NativeMethodAccessorImpl.invoke(NativeMethodAccessorImpl.java:57)
	at sun.reflect.DelegatingMethodAccessorImpl.invoke(DelegatingMethodAccessorImpl.java:43)
	at java.lang.reflect.Method.invoke(Method.java:606)
	at org.gradle.messaging.dispatch.ReflectionDispatch.dispatch(ReflectionDispatch.java:35)
	at org.gradle.messaging.dispatch.ReflectionDispatch.dispatch(ReflectionDispatch.java:24)
	at org.gradle.messaging.dispatch.ContextClassLoaderDispatch.dispatch(ContextClassLoaderDispatch.java:32)
	at org.gradle.messaging.dispatch.ProxyDispatchAdapter$DispatchingInvocationHandler.invoke(ProxyDispatchAdapter.java:93)
	at com.sun.proxy.$Proxy2.processTestClass(Unknown Source)
	at org.gradle.api.internal.tasks.testing.worker.TestWorker.processTestClass(TestWorker.java:106)
	at sun.reflect.NativeMethodAccessorImpl.invoke0(Native Method)
	at sun.reflect.NativeMethodAccessorImpl.invoke(NativeMethodAccessorImpl.java:57)
	at sun.reflect.DelegatingMethodAccessorImpl.invoke(DelegatingMethodAccessorImpl.java:43)
	at java.lang.reflect.Method.invoke(Method.java:606)
	at org.gradle.messaging.dispatch.ReflectionDispatch.dispatch(ReflectionDispatch.java:35)
	at org.gradle.messaging.dispatch.ReflectionDispatch.dispatch(ReflectionDispatch.java:24)
	at org.gradle.messaging.remote.internal.hub.MessageHub$Handler.run(MessageHub.java:360)
	at org.gradle.internal.concurrent.DefaultExecutorFactory$StoppableExecutorImpl$1.run(DefaultExecutorFactory.java:64)
	at java.util.concurrent.ThreadPoolExecutor.runWorker(ThreadPoolExecutor.java:1145)
	at java.util.concurrent.ThreadPoolExecutor$Worker.run(ThreadPoolExecutor.java:615)
	at java.lang.Thread.run(Thread.java:745)
UserAccessDomain.domainHelp size must be between 3 and 2048
java.lang.SecurityException: UserAccessDomain.domainHelp size must be between 3 and 2048
	at com.athena.server.pluggable.utils.helper.EntityValidatorHelper.validateEntity(EntityValidatorHelper.java:37)
	at com.app.shared.appbasicsetup.usermanagement.UserAccessDomain.isValid(UserAccessDomain.java:198)
	at com.app.server.service.appbasicsetup.usermanagement.UserAccessDomainTestCase.validateUserAccessDomain(UserAccessDomainTestCase.java:183)
	at com.app.server.service.appbasicsetup.usermanagement.UserAccessDomainTestCase.test5NegativeTesting(UserAccessDomainTestCase.java:256)
	at sun.reflect.NativeMethodAccessorImpl.invoke0(Native Method)
	at sun.reflect.NativeMethodAccessorImpl.invoke(NativeMethodAccessorImpl.java:57)
	at sun.reflect.DelegatingMethodAccessorImpl.invoke(DelegatingMethodAccessorImpl.java:43)
	at java.lang.reflect.Method.invoke(Method.java:606)
	at org.junit.runners.model.FrameworkMethod$1.runReflectiveCall(FrameworkMethod.java:47)
	at org.junit.internal.runners.model.ReflectiveCallable.run(ReflectiveCallable.java:12)
	at org.junit.runners.model.FrameworkMethod.invokeExplosively(FrameworkMethod.java:44)
	at org.junit.internal.runners.statements.InvokeMethod.evaluate(InvokeMethod.java:17)
	at org.junit.internal.runners.statements.RunBefores.evaluate(RunBefores.java:26)
	at org.springframework.test.context.junit4.statements.RunBeforeTestMethodCallbacks.evaluate(RunBeforeTestMethodCallbacks.java:74)
	at org.junit.internal.runners.statements.RunAfters.evaluate(RunAfters.java:27)
	at org.springframework.test.context.junit4.statements.RunAfterTestMethodCallbacks.evaluate(RunAfterTestMethodCallbacks.java:83)
	at org.springframework.test.context.junit4.statements.SpringRepeat.evaluate(SpringRepeat.java:72)
	at org.springframework.test.context.junit4.SpringJUnit4ClassRunner.runChild(SpringJUnit4ClassRunner.java:233)
	at org.springframework.test.context.junit4.SpringJUnit4ClassRunner.runChild(SpringJUnit4ClassRunner.java:87)
	at org.junit.runners.ParentRunner$3.run(ParentRunner.java:238)
	at org.junit.runners.ParentRunner$1.schedule(ParentRunner.java:63)
	at org.junit.runners.ParentRunner.runChildren(ParentRunner.java:236)
	at org.junit.runners.ParentRunner.access$000(ParentRunner.java:53)
	at org.junit.runners.ParentRunner$2.evaluate(ParentRunner.java:229)
	at org.junit.internal.runners.statements.RunBefores.evaluate(RunBefores.java:26)
	at org.springframework.test.context.junit4.statements.RunBeforeTestClassCallbacks.evaluate(RunBeforeTestClassCallbacks.java:61)
	at org.springframework.test.context.junit4.statements.RunAfterTestClassCallbacks.evaluate(RunAfterTestClassCallbacks.java:71)
	at org.junit.runners.ParentRunner.run(ParentRunner.java:309)
	at org.springframework.test.context.junit4.SpringJUnit4ClassRunner.run(SpringJUnit4ClassRunner.java:176)
	at org.gradle.api.internal.tasks.testing.junit.JUnitTestClassExecuter.runTestClass(JUnitTestClassExecuter.java:86)
	at org.gradle.api.internal.tasks.testing.junit.JUnitTestClassExecuter.execute(JUnitTestClassExecuter.java:49)
	at org.gradle.api.internal.tasks.testing.junit.JUnitTestClassProcessor.processTestClass(JUnitTestClassProcessor.java:64)
	at org.gradle.api.internal.tasks.testing.SuiteTestClassProcessor.processTestClass(SuiteTestClassProcessor.java:50)
	at sun.reflect.NativeMethodAccessorImpl.invoke0(Native Method)
	at sun.reflect.NativeMethodAccessorImpl.invoke(NativeMethodAccessorImpl.java:57)
	at sun.reflect.DelegatingMethodAccessorImpl.invoke(DelegatingMethodAccessorImpl.java:43)
	at java.lang.reflect.Method.invoke(Method.java:606)
	at org.gradle.messaging.dispatch.ReflectionDispatch.dispatch(ReflectionDispatch.java:35)
	at org.gradle.messaging.dispatch.ReflectionDispatch.dispatch(ReflectionDispatch.java:24)
	at org.gradle.messaging.dispatch.ContextClassLoaderDispatch.dispatch(ContextClassLoaderDispatch.java:32)
	at org.gradle.messaging.dispatch.ProxyDispatchAdapter$DispatchingInvocationHandler.invoke(ProxyDispatchAdapter.java:93)
	at com.sun.proxy.$Proxy2.processTestClass(Unknown Source)
	at org.gradle.api.internal.tasks.testing.worker.TestWorker.processTestClass(TestWorker.java:106)
	at sun.reflect.NativeMethodAccessorImpl.invoke0(Native Method)
	at sun.reflect.NativeMethodAccessorImpl.invoke(NativeMethodAccessorImpl.java:57)
	at sun.reflect.DelegatingMethodAccessorImpl.invoke(DelegatingMethodAccessorImpl.java:43)
	at java.lang.reflect.Method.invoke(Method.java:606)
	at org.gradle.messaging.dispatch.ReflectionDispatch.dispatch(ReflectionDispatch.java:35)
	at org.gradle.messaging.dispatch.ReflectionDispatch.dispatch(ReflectionDispatch.java:24)
	at org.gradle.messaging.remote.internal.hub.MessageHub$Handler.run(MessageHub.java:360)
	at org.gradle.internal.concurrent.DefaultExecutorFactory$StoppableExecutorImpl$1.run(DefaultExecutorFactory.java:64)
	at java.util.concurrent.ThreadPoolExecutor.runWorker(ThreadPoolExecutor.java:1145)
	at java.util.concurrent.ThreadPoolExecutor$Worker.run(ThreadPoolExecutor.java:615)
	at java.lang.Thread.run(Thread.java:745)
UserAccessDomain.domainIcon size must be between 3 and 256
java.lang.SecurityException: UserAccessDomain.domainIcon size must be between 3 and 256
	at com.athena.server.pluggable.utils.helper.EntityValidatorHelper.validateEntity(EntityValidatorHelper.java:37)
	at com.app.shared.appbasicsetup.usermanagement.UserAccessDomain.isValid(UserAccessDomain.java:198)
	at com.app.server.service.appbasicsetup.usermanagement.UserAccessDomainTestCase.validateUserAccessDomain(UserAccessDomainTestCase.java:183)
	at com.app.server.service.appbasicsetup.usermanagement.UserAccessDomainTestCase.test5NegativeTesting(UserAccessDomainTestCase.java:261)
	at sun.reflect.NativeMethodAccessorImpl.invoke0(Native Method)
	at sun.reflect.NativeMethodAccessorImpl.invoke(NativeMethodAccessorImpl.java:57)
	at sun.reflect.DelegatingMethodAccessorImpl.invoke(DelegatingMethodAccessorImpl.java:43)
	at java.lang.reflect.Method.invoke(Method.java:606)
	at org.junit.runners.model.FrameworkMethod$1.runReflectiveCall(FrameworkMethod.java:47)
	at org.junit.internal.runners.model.ReflectiveCallable.run(ReflectiveCallable.java:12)
	at org.junit.runners.model.FrameworkMethod.invokeExplosively(FrameworkMethod.java:44)
	at org.junit.internal.runners.statements.InvokeMethod.evaluate(InvokeMethod.java:17)
	at org.junit.internal.runners.statements.RunBefores.evaluate(RunBefores.java:26)
	at org.springframework.test.context.junit4.statements.RunBeforeTestMethodCallbacks.evaluate(RunBeforeTestMethodCallbacks.java:74)
	at org.junit.internal.runners.statements.RunAfters.evaluate(RunAfters.java:27)
	at org.springframework.test.context.junit4.statements.RunAfterTestMethodCallbacks.evaluate(RunAfterTestMethodCallbacks.java:83)
	at org.springframework.test.context.junit4.statements.SpringRepeat.evaluate(SpringRepeat.java:72)
	at org.springframework.test.context.junit4.SpringJUnit4ClassRunner.runChild(SpringJUnit4ClassRunner.java:233)
	at org.springframework.test.context.junit4.SpringJUnit4ClassRunner.runChild(SpringJUnit4ClassRunner.java:87)
	at org.junit.runners.ParentRunner$3.run(ParentRunner.java:238)
	at org.junit.runners.ParentRunner$1.schedule(ParentRunner.java:63)
	at org.junit.runners.ParentRunner.runChildren(ParentRunner.java:236)
	at org.junit.runners.ParentRunner.access$000(ParentRunner.java:53)
	at org.junit.runners.ParentRunner$2.evaluate(ParentRunner.java:229)
	at org.junit.internal.runners.statements.RunBefores.evaluate(RunBefores.java:26)
	at org.springframework.test.context.junit4.statements.RunBeforeTestClassCallbacks.evaluate(RunBeforeTestClassCallbacks.java:61)
	at org.springframework.test.context.junit4.statements.RunAfterTestClassCallbacks.evaluate(RunAfterTestClassCallbacks.java:71)
	at org.junit.runners.ParentRunner.run(ParentRunner.java:309)
	at org.springframework.test.context.junit4.SpringJUnit4ClassRunner.run(SpringJUnit4ClassRunner.java:176)
	at org.gradle.api.internal.tasks.testing.junit.JUnitTestClassExecuter.runTestClass(JUnitTestClassExecuter.java:86)
	at org.gradle.api.internal.tasks.testing.junit.JUnitTestClassExecuter.execute(JUnitTestClassExecuter.java:49)
	at org.gradle.api.internal.tasks.testing.junit.JUnitTestClassProcessor.processTestClass(JUnitTestClassProcessor.java:64)
	at org.gradle.api.internal.tasks.testing.SuiteTestClassProcessor.processTestClass(SuiteTestClassProcessor.java:50)
	at sun.reflect.NativeMethodAccessorImpl.invoke0(Native Method)
	at sun.reflect.NativeMethodAccessorImpl.invoke(NativeMethodAccessorImpl.java:57)
	at sun.reflect.DelegatingMethodAccessorImpl.invoke(DelegatingMethodAccessorImpl.java:43)
	at java.lang.reflect.Method.invoke(Method.java:606)
	at org.gradle.messaging.dispatch.ReflectionDispatch.dispatch(ReflectionDispatch.java:35)
	at org.gradle.messaging.dispatch.ReflectionDispatch.dispatch(ReflectionDispatch.java:24)
	at org.gradle.messaging.dispatch.ContextClassLoaderDispatch.dispatch(ContextClassLoaderDispatch.java:32)
	at org.gradle.messaging.dispatch.ProxyDispatchAdapter$DispatchingInvocationHandler.invoke(ProxyDispatchAdapter.java:93)
	at com.sun.proxy.$Proxy2.processTestClass(Unknown Source)
	at org.gradle.api.internal.tasks.testing.worker.TestWorker.processTestClass(TestWorker.java:106)
	at sun.reflect.NativeMethodAccessorImpl.invoke0(Native Method)
	at sun.reflect.NativeMethodAccessorImpl.invoke(NativeMethodAccessorImpl.java:57)
	at sun.reflect.DelegatingMethodAccessorImpl.invoke(DelegatingMethodAccessorImpl.java:43)
	at java.lang.reflect.Method.invoke(Method.java:606)
	at org.gradle.messaging.dispatch.ReflectionDispatch.dispatch(ReflectionDispatch.java:35)
	at org.gradle.messaging.dispatch.ReflectionDispatch.dispatch(ReflectionDispatch.java:24)
	at org.gradle.messaging.remote.internal.hub.MessageHub$Handler.run(MessageHub.java:360)
	at org.gradle.internal.concurrent.DefaultExecutorFactory$StoppableExecutorImpl$1.run(DefaultExecutorFactory.java:64)
	at java.util.concurrent.ThreadPoolExecutor.runWorker(ThreadPoolExecutor.java:1145)
	at java.util.concurrent.ThreadPoolExecutor$Worker.run(ThreadPoolExecutor.java:615)
	at java.lang.Thread.run(Thread.java:745)
org.springframework.transaction.TransactionSystemException: Could not commit JPA transaction; nested exception is javax.persistence.RollbackException: Exception [EclipseLink-4002] (Eclipse Persistence Services - 2.5.1.v20130918-f2b9fc5): org.eclipse.persistence.exceptions.DatabaseException
Internal Exception: com.mysql.jdbc.exceptions.jdbc4.MySQLIntegrityConstraintViolationException: Duplicate entry '50072' for key 'userAccessDomain'
Error Code: 1062
Call: INSERT INTO ast_UserAccessDomain_M (userAccessDomainId, domainDescription, domainHelp, domainIcon, domainName, userAccessDomain, versionId, createdBy, createdDate, updatedBy, updatedDate, activeStatus, txnAccessCode) VALUES (?, ?, ?, ?, ?, ?, ?, ?, ?, ?, ?, ?, ?)
	bind => [ECB48323-7F6E-4E35-A035-067AFAADF9A7, 3iRNSiD8VKuC88dLXfKNxdIlBh8SpgagvTqllf2wPJEIjLDrrC, 51immGhrCaBp5iBKegVieNcpN1DSTFrRDlshjz69b4xbGCJyeP, audLvSMWNTVrXyFDQ4i33nTcjvfHl6bxThCRLxJPtilWdFL8aw, nv7QQvkXQZWCzWsC257TCVdvqdwc9BQsm4nG6zk6WqDteXrMco, 50072, 1, AAAAA, 2016-06-29 08:25:07.744, AAAAA, 2016-06-29 08:25:07.744, 1, 51000]
Query: InsertObjectQuery(50072,nv7QQvkXQZWCzWsC257TCVdvqdwc9BQsm4nG6zk6WqDteXrMco,3iRNSiD8VKuC88dLXfKNxdIlBh8SpgagvTqllf2wPJEIjLDrrC)
	at org.springframework.orm.jpa.JpaTransactionManager.doCommit(JpaTransactionManager.java:524)
	at org.springframework.transaction.support.AbstractPlatformTransactionManager.processCommit(AbstractPlatformTransactionManager.java:757)
	at org.springframework.transaction.support.AbstractPlatformTransactionManager.commit(AbstractPlatformTransactionManager.java:726)
	at org.springframework.transaction.interceptor.TransactionAspectSupport.commitTransactionAfterReturning(TransactionAspectSupport.java:478)
	at org.springframework.transaction.interceptor.TransactionAspectSupport.invokeWithinTransaction(TransactionAspectSupport.java:272)
	at org.springframework.transaction.interceptor.TransactionInterceptor.invoke(TransactionInterceptor.java:95)
	at org.springframework.aop.framework.ReflectiveMethodInvocation.proceed(ReflectiveMethodInvocation.java:172)
	at org.springframework.aop.interceptor.ExposeInvocationInterceptor.invoke(ExposeInvocationInterceptor.java:91)
	at org.springframework.aop.framework.ReflectiveMethodInvocation.proceed(ReflectiveMethodInvocation.java:172)
	at org.springframework.aop.framework.JdkDynamicAopProxy.invoke(JdkDynamicAopProxy.java:204)
	at com.sun.proxy.$Proxy106.save(Unknown Source)
	at com.app.server.service.appbasicsetup.usermanagement.UserAccessDomainTestCase.validateUserAccessDomain(UserAccessDomainTestCase.java:189)
	at com.app.server.service.appbasicsetup.usermanagement.UserAccessDomainTestCase.test5NegativeTesting(UserAccessDomainTestCase.java:266)
	at sun.reflect.NativeMethodAccessorImpl.invoke0(Native Method)
	at sun.reflect.NativeMethodAccessorImpl.invoke(NativeMethodAccessorImpl.java:57)
	at sun.reflect.DelegatingMethodAccessorImpl.invoke(DelegatingMethodAccessorImpl.java:43)
	at java.lang.reflect.Method.invoke(Method.java:606)
	at org.junit.runners.model.FrameworkMethod$1.runReflectiveCall(FrameworkMethod.java:47)
	at org.junit.internal.runners.model.ReflectiveCallable.run(ReflectiveCallable.java:12)
	at org.junit.runners.model.FrameworkMethod.invokeExplosively(FrameworkMethod.java:44)
	at org.junit.internal.runners.statements.InvokeMethod.evaluate(InvokeMethod.java:17)
	at org.junit.internal.runners.statements.RunBefores.evaluate(RunBefores.java:26)
	at org.springframework.test.context.junit4.statements.RunBeforeTestMethodCallbacks.evaluate(RunBeforeTestMethodCallbacks.java:74)
	at org.junit.internal.runners.statements.RunAfters.evaluate(RunAfters.java:27)
	at org.springframework.test.context.junit4.statements.RunAfterTestMethodCallbacks.evaluate(RunAfterTestMethodCallbacks.java:83)
	at org.springframework.test.context.junit4.statements.SpringRepeat.evaluate(SpringRepeat.java:72)
	at org.springframework.test.context.junit4.SpringJUnit4ClassRunner.runChild(SpringJUnit4ClassRunner.java:233)
	at org.springframework.test.context.junit4.SpringJUnit4ClassRunner.runChild(SpringJUnit4ClassRunner.java:87)
	at org.junit.runners.ParentRunner$3.run(ParentRunner.java:238)
	at org.junit.runners.ParentRunner$1.schedule(ParentRunner.java:63)
	at org.junit.runners.ParentRunner.runChildren(ParentRunner.java:236)
	at org.junit.runners.ParentRunner.access$000(ParentRunner.java:53)
	at org.junit.runners.ParentRunner$2.evaluate(ParentRunner.java:229)
	at org.junit.internal.runners.statements.RunBefores.evaluate(RunBefores.java:26)
	at org.springframework.test.context.junit4.statements.RunBeforeTestClassCallbacks.evaluate(RunBeforeTestClassCallbacks.java:61)
	at org.springframework.test.context.junit4.statements.RunAfterTestClassCallbacks.evaluate(RunAfterTestClassCallbacks.java:71)
	at org.junit.runners.ParentRunner.run(ParentRunner.java:309)
	at org.springframework.test.context.junit4.SpringJUnit4ClassRunner.run(SpringJUnit4ClassRunner.java:176)
	at org.gradle.api.internal.tasks.testing.junit.JUnitTestClassExecuter.runTestClass(JUnitTestClassExecuter.java:86)
	at org.gradle.api.internal.tasks.testing.junit.JUnitTestClassExecuter.execute(JUnitTestClassExecuter.java:49)
	at org.gradle.api.internal.tasks.testing.junit.JUnitTestClassProcessor.processTestClass(JUnitTestClassProcessor.java:64)
	at org.gradle.api.internal.tasks.testing.SuiteTestClassProcessor.processTestClass(SuiteTestClassProcessor.java:50)
	at sun.reflect.NativeMethodAccessorImpl.invoke0(Native Method)
	at sun.reflect.NativeMethodAccessorImpl.invoke(NativeMethodAccessorImpl.java:57)
	at sun.reflect.DelegatingMethodAccessorImpl.invoke(DelegatingMethodAccessorImpl.java:43)
	at java.lang.reflect.Method.invoke(Method.java:606)
	at org.gradle.messaging.dispatch.ReflectionDispatch.dispatch(ReflectionDispatch.java:35)
	at org.gradle.messaging.dispatch.ReflectionDispatch.dispatch(ReflectionDispatch.java:24)
	at org.gradle.messaging.dispatch.ContextClassLoaderDispatch.dispatch(ContextClassLoaderDispatch.java:32)
	at org.gradle.messaging.dispatch.ProxyDispatchAdapter$DispatchingInvocationHandler.invoke(ProxyDispatchAdapter.java:93)
	at com.sun.proxy.$Proxy2.processTestClass(Unknown Source)
	at org.gradle.api.internal.tasks.testing.worker.TestWorker.processTestClass(TestWorker.java:106)
	at sun.reflect.NativeMethodAccessorImpl.invoke0(Native Method)
	at sun.reflect.NativeMethodAccessorImpl.invoke(NativeMethodAccessorImpl.java:57)
	at sun.reflect.DelegatingMethodAccessorImpl.invoke(DelegatingMethodAccessorImpl.java:43)
	at java.lang.reflect.Method.invoke(Method.java:606)
	at org.gradle.messaging.dispatch.ReflectionDispatch.dispatch(ReflectionDispatch.java:35)
	at org.gradle.messaging.dispatch.ReflectionDispatch.dispatch(ReflectionDispatch.java:24)
	at org.gradle.messaging.remote.internal.hub.MessageHub$Handler.run(MessageHub.java:360)
	at org.gradle.internal.concurrent.DefaultExecutorFactory$StoppableExecutorImpl$1.run(DefaultExecutorFactory.java:64)
	at java.util.concurrent.ThreadPoolExecutor.runWorker(ThreadPoolExecutor.java:1145)
	at java.util.concurrent.ThreadPoolExecutor$Worker.run(ThreadPoolExecutor.java:615)
	at java.lang.Thread.run(Thread.java:745)
Caused by: javax.persistence.RollbackException: Exception [EclipseLink-4002] (Eclipse Persistence Services - 2.5.1.v20130918-f2b9fc5): org.eclipse.persistence.exceptions.DatabaseException
Internal Exception: com.mysql.jdbc.exceptions.jdbc4.MySQLIntegrityConstraintViolationException: Duplicate entry '50072' for key 'userAccessDomain'
Error Code: 1062
Call: INSERT INTO ast_UserAccessDomain_M (userAccessDomainId, domainDescription, domainHelp, domainIcon, domainName, userAccessDomain, versionId, createdBy, createdDate, updatedBy, updatedDate, activeStatus, txnAccessCode) VALUES (?, ?, ?, ?, ?, ?, ?, ?, ?, ?, ?, ?, ?)
	bind => [ECB48323-7F6E-4E35-A035-067AFAADF9A7, 3iRNSiD8VKuC88dLXfKNxdIlBh8SpgagvTqllf2wPJEIjLDrrC, 51immGhrCaBp5iBKegVieNcpN1DSTFrRDlshjz69b4xbGCJyeP, audLvSMWNTVrXyFDQ4i33nTcjvfHl6bxThCRLxJPtilWdFL8aw, nv7QQvkXQZWCzWsC257TCVdvqdwc9BQsm4nG6zk6WqDteXrMco, 50072, 1, AAAAA, 2016-06-29 08:25:07.744, AAAAA, 2016-06-29 08:25:07.744, 1, 51000]
Query: InsertObjectQuery(50072,nv7QQvkXQZWCzWsC257TCVdvqdwc9BQsm4nG6zk6WqDteXrMco,3iRNSiD8VKuC88dLXfKNxdIlBh8SpgagvTqllf2wPJEIjLDrrC)
	at org.eclipse.persistence.internal.jpa.transaction.EntityTransactionImpl.commit(EntityTransactionImpl.java:157)
	at org.springframework.orm.jpa.JpaTransactionManager.doCommit(JpaTransactionManager.java:515)
	... 62 more
Caused by: Exception [EclipseLink-4002] (Eclipse Persistence Services - 2.5.1.v20130918-f2b9fc5): org.eclipse.persistence.exceptions.DatabaseException
Internal Exception: com.mysql.jdbc.exceptions.jdbc4.MySQLIntegrityConstraintViolationException: Duplicate entry '50072' for key 'userAccessDomain'
Error Code: 1062
Call: INSERT INTO ast_UserAccessDomain_M (userAccessDomainId, domainDescription, domainHelp, domainIcon, domainName, userAccessDomain, versionId, createdBy, createdDate, updatedBy, updatedDate, activeStatus, txnAccessCode) VALUES (?, ?, ?, ?, ?, ?, ?, ?, ?, ?, ?, ?, ?)
	bind => [ECB48323-7F6E-4E35-A035-067AFAADF9A7, 3iRNSiD8VKuC88dLXfKNxdIlBh8SpgagvTqllf2wPJEIjLDrrC, 51immGhrCaBp5iBKegVieNcpN1DSTFrRDlshjz69b4xbGCJyeP, audLvSMWNTVrXyFDQ4i33nTcjvfHl6bxThCRLxJPtilWdFL8aw, nv7QQvkXQZWCzWsC257TCVdvqdwc9BQsm4nG6zk6WqDteXrMco, 50072, 1, AAAAA, 2016-06-29 08:25:07.744, AAAAA, 2016-06-29 08:25:07.744, 1, 51000]
Query: InsertObjectQuery(50072,nv7QQvkXQZWCzWsC257TCVdvqdwc9BQsm4nG6zk6WqDteXrMco,3iRNSiD8VKuC88dLXfKNxdIlBh8SpgagvTqllf2wPJEIjLDrrC)
	at org.eclipse.persistence.exceptions.DatabaseException.sqlException(DatabaseException.java:331)
	at org.eclipse.persistence.internal.databaseaccess.DatabaseAccessor.executeDirectNoSelect(DatabaseAccessor.java:900)
	at org.eclipse.persistence.internal.databaseaccess.DatabaseAccessor.executeNoSelect(DatabaseAccessor.java:962)
	at org.eclipse.persistence.internal.databaseaccess.DatabaseAccessor.basicExecuteCall(DatabaseAccessor.java:631)
	at org.eclipse.persistence.internal.databaseaccess.DatabaseAccessor.executeCall(DatabaseAccessor.java:558)
	at org.eclipse.persistence.internal.sessions.AbstractSession.basicExecuteCall(AbstractSession.java:1991)
	at org.eclipse.persistence.sessions.server.ClientSession.executeCall(ClientSession.java:298)
	at org.eclipse.persistence.internal.queries.DatasourceCallQueryMechanism.executeCall(DatasourceCallQueryMechanism.java:242)
	at org.eclipse.persistence.internal.queries.DatasourceCallQueryMechanism.executeCall(DatasourceCallQueryMechanism.java:228)
	at org.eclipse.persistence.internal.queries.DatasourceCallQueryMechanism.insertObject(DatasourceCallQueryMechanism.java:377)
	at org.eclipse.persistence.internal.queries.StatementQueryMechanism.insertObject(StatementQueryMechanism.java:165)
	at org.eclipse.persistence.internal.queries.StatementQueryMechanism.insertObject(StatementQueryMechanism.java:180)
	at org.eclipse.persistence.internal.queries.DatabaseQueryMechanism.insertObjectForWrite(DatabaseQueryMechanism.java:489)
	at org.eclipse.persistence.queries.InsertObjectQuery.executeCommit(InsertObjectQuery.java:80)
	at org.eclipse.persistence.queries.InsertObjectQuery.executeCommitWithChangeSet(InsertObjectQuery.java:90)
	at org.eclipse.persistence.internal.queries.DatabaseQueryMechanism.executeWriteWithChangeSet(DatabaseQueryMechanism.java:301)
	at org.eclipse.persistence.queries.WriteObjectQuery.executeDatabaseQuery(WriteObjectQuery.java:58)
	at org.eclipse.persistence.queries.DatabaseQuery.execute(DatabaseQuery.java:899)
	at org.eclipse.persistence.queries.DatabaseQuery.executeInUnitOfWork(DatabaseQuery.java:798)
	at org.eclipse.persistence.queries.ObjectLevelModifyQuery.executeInUnitOfWorkObjectLevelModifyQuery(ObjectLevelModifyQuery.java:108)
	at org.eclipse.persistence.queries.ObjectLevelModifyQuery.executeInUnitOfWork(ObjectLevelModifyQuery.java:85)
	at org.eclipse.persistence.internal.sessions.UnitOfWorkImpl.internalExecuteQuery(UnitOfWorkImpl.java:2896)
	at org.eclipse.persistence.internal.sessions.AbstractSession.executeQuery(AbstractSession.java:1793)
	at org.eclipse.persistence.internal.sessions.AbstractSession.executeQuery(AbstractSession.java:1775)
	at org.eclipse.persistence.internal.sessions.AbstractSession.executeQuery(AbstractSession.java:1726)
	at org.eclipse.persistence.internal.sessions.CommitManager.commitNewObjectsForClassWithChangeSet(CommitManager.java:226)
	at org.eclipse.persistence.internal.sessions.CommitManager.commitAllObjectsWithChangeSet(CommitManager.java:125)
	at org.eclipse.persistence.internal.sessions.AbstractSession.writeAllObjectsWithChangeSet(AbstractSession.java:4196)
	at org.eclipse.persistence.internal.sessions.UnitOfWorkImpl.commitToDatabase(UnitOfWorkImpl.java:1441)
	at org.eclipse.persistence.internal.sessions.UnitOfWorkImpl.commitToDatabaseWithChangeSet(UnitOfWorkImpl.java:1531)
	at org.eclipse.persistence.internal.sessions.RepeatableWriteUnitOfWork.commitRootUnitOfWork(RepeatableWriteUnitOfWork.java:277)
	at org.eclipse.persistence.internal.sessions.UnitOfWorkImpl.commitAndResume(UnitOfWorkImpl.java:1169)
	at org.eclipse.persistence.internal.jpa.transaction.EntityTransactionImpl.commit(EntityTransactionImpl.java:132)
	... 63 more
Caused by: com.mysql.jdbc.exceptions.jdbc4.MySQLIntegrityConstraintViolationException: Duplicate entry '50072' for key 'userAccessDomain'
	at sun.reflect.NativeConstructorAccessorImpl.newInstance0(Native Method)
	at sun.reflect.NativeConstructorAccessorImpl.newInstance(NativeConstructorAccessorImpl.java:57)
	at sun.reflect.DelegatingConstructorAccessorImpl.newInstance(DelegatingConstructorAccessorImpl.java:45)
	at java.lang.reflect.Constructor.newInstance(Constructor.java:526)
	at com.mysql.jdbc.Util.handleNewInstance(Util.java:408)
	at com.mysql.jdbc.Util.getInstance(Util.java:383)
	at com.mysql.jdbc.SQLError.createSQLException(SQLError.java:1049)
	at com.mysql.jdbc.MysqlIO.checkErrorPacket(MysqlIO.java:4226)
	at com.mysql.jdbc.MysqlIO.checkErrorPacket(MysqlIO.java:4158)
	at com.mysql.jdbc.MysqlIO.sendCommand(MysqlIO.java:2615)
	at com.mysql.jdbc.MysqlIO.sqlQueryDirect(MysqlIO.java:2776)
	at com.mysql.jdbc.ConnectionImpl.execSQL(ConnectionImpl.java:2840)
	at com.mysql.jdbc.PreparedStatement.executeInternal(PreparedStatement.java:2082)
	at com.mysql.jdbc.PreparedStatement.executeUpdate(PreparedStatement.java:2334)
	at com.mysql.jdbc.PreparedStatement.executeUpdate(PreparedStatement.java:2262)
	at com.mysql.jdbc.PreparedStatement.executeUpdate(PreparedStatement.java:2246)
	at org.apache.commons.dbcp.DelegatingPreparedStatement.executeUpdate(DelegatingPreparedStatement.java:105)
	at org.apache.commons.dbcp.DelegatingPreparedStatement.executeUpdate(DelegatingPreparedStatement.java:105)
	at org.eclipse.persistence.internal.databaseaccess.DatabaseAccessor.executeDirectNoSelect(DatabaseAccessor.java:890)
	... 94 more
]]></system-err>
</testsuite>
