<?xml version="1.0" encoding="UTF-8"?>
<testsuite name="com.app.server.service.appbasicsetup.aaa.PublicApiTestCase" tests="5" skipped="0" failures="0" errors="0" timestamp="2016-06-29T08:25:05" hostname="f4c97bdd9de9" time="0.11">
  <properties/>
  <testcase name="test1Save" classname="com.app.server.service.appbasicsetup.aaa.PublicApiTestCase" time="0.038"/>
  <testcase name="test2Update" classname="com.app.server.service.appbasicsetup.aaa.PublicApiTestCase" time="0.027"/>
  <testcase name="test3FindById" classname="com.app.server.service.appbasicsetup.aaa.PublicApiTestCase" time="0.012"/>
  <testcase name="test5NegativeTesting" classname="com.app.server.service.appbasicsetup.aaa.PublicApiTestCase" time="0.013"/>
  <testcase name="test6Delete" classname="com.app.server.service.appbasicsetup.aaa.PublicApiTestCase" time="0.019"/>
  <system-out><![CDATA[Wed Jun 29 08:25:05 UTC 2016|Log Manager Factory|Initialization Process started.....
Wed Jun 29 08:25:05 UTC 2016|Log Manager|Initialized with Path = [/home/applifire/workspace/newtest1/src/main/webapp/WEB-INF/conf]
Wed Jun 29 08:25:05 UTC 2016|Alarm Manager|Initialized with Path = [/home/applifire/workspace/newtest1/src/main/webapp/WEB-INF/conf]
Wed Jun 29 08:25:05 UTC 2016|Alarm Manager|Loading Alarms ......
Wed Jun 29 08:25:05 UTC 2016|Alarm XML Parser|FWA|XML Parsing Complete........ 
Wed Jun 29 08:25:05 UTC 2016|Alarm File Manager|FWA|Alarm File Status.. [ApplicationFrameworkAlarms.xml]|Version=15|Status=Done 
Wed Jun 29 08:25:05 UTC 2016|Alarm File Manager|FWA|Alarm Stats = ( BC/AL=4/676 SYS=4/10 [676/0]  TPL=0/0 [0/0]  APP= A.Map=[759]  E.Map EC/RC=[322/67] )
Wed Jun 29 08:25:05 UTC 2016|Alarm XML Parser|APP|XML Parsing Complete........ 
Wed Jun 29 08:25:05 UTC 2016|Alarm File Manager|APP|Alarm File Status.. [ApplicationAlarms.xml]|Version=1|Status=Done 
Wed Jun 29 08:25:05 UTC 2016|Alarm File Manager|APP|Alarm Stats = ( BC/AL=4/676 SYS=4/10 [676/0]  TPL=0/0 [0/0]  APP=0/0 [0/0]  A.Map=[759]  E.Map EC/RC=[322/67] )
Wed Jun 29 08:25:05 UTC 2016|ApplicationAlarmContext| <><><><><> Create App Alarms ....  <><><><><> 
Wed Jun 29 08:25:05 UTC 2016|ApplicationAlarmContext|Alarms are generated ONLY in Development Mode.. 
Wed Jun 29 08:25:05 UTC 2016|Alarm Manager|APP|Alarm Stats = ( BC/AL=4/676 SYS=4/10 [676/0]  TPL=0/0 [0/0]  APP=0/0 [0/0]  A.Map=[759]  E.Map EC/RC=[322/67] )
Wed Jun 29 08:25:05 UTC 2016|Alarm Manager|Initialized Exception Lookup...
Wed Jun 29 08:25:05 UTC 2016|Log Manager|Initialize Log Config File ......
Wed Jun 29 08:25:05 UTC 2016|Pluggable Connectors|Adding Connectors : StandardOutputConnector isEnabled=true isDefault=false isFallBack=true
Wed Jun 29 08:25:05 UTC 2016|Pluggable Connectors|Adding Connectors : StandardFileConnector isEnabled=true isDefault=false isFallBack=false
Wed Jun 29 08:25:05 UTC 2016|Pluggable Connectors|Adding Connectors : Sprinkler isEnabled=true isDefault=true isFallBack=false
Wed Jun 29 08:25:05 UTC 2016|Pluggable Connectors|Default Connector Name : com.spartan.logger.core.LogMessenger
Wed Jun 29 08:25:05 UTC 2016|Log Config Parser|Connector Least Log Level =[4]  FallBack Log Level =[3]
Wed Jun 29 08:25:05 UTC 2016|Log Manager|Loading Default Connector for Logging ......
Wed Jun 29 08:25:05 UTC 2016|Log Manager|Loading class .. com.spartan.logger.core.LogMessenger
Wed Jun 29 08:25:05 UTC 2016|Plugggable Connector|Connector class com.spartan.logger.core.LogMessenger Initialized... @ Log Level = 3
Wed Jun 29 08:25:05 UTC 2016|Log Manager|Starting the Default Connector [com.spartan.logger.core.LogMessenger@29a02f] ....
Wed Jun 29 08:25:05 UTC 2016|Scheduler|Starting the Scheduler ......
Wed Jun 29 08:25:05 UTC 2016|Scheduler|Adding [LMID=[5d52d36d-00f8-4e5f-abb6-f05e0aef71ec]] Delay=5 Time Unit=MINUTES
Wed Jun 29 08:25:05 UTC 2016|Scheduler|Adding [App Alarm Manager File=[ApplicationAlarms.xml]] Delay=30 Time Unit=MINUTES
Wed Jun 29 08:25:05 UTC 2016|Scheduler|Adding [FW Alarm Manager File=[ApplicationFrameworkAlarms.xml]] Delay=3 Time Unit=MINUTES
Wed Jun 29 08:25:05 UTC 2016|Scheduler|Startup Completed..
Wed Jun 29 08:25:05 UTC 2016|Log Manager|Initialization Process Complete ......
Wed Jun 29 08:25:05 UTC 2016|Log Manager Factory|Log Manager READY! ID = 5d52d36d-00f8-4e5f-abb6-f05e0aef71ec
Setting logged in user info for ADD
[EL Finer]: connection: 2016-06-29 08:25:05.799--ServerSession(1088819099)--Thread(Thread[Test worker,5,main])--client acquired: 2019057873
[EL Finer]: transaction: 2016-06-29 08:25:05.799--ClientSession(2019057873)--Thread(Thread[Test worker,5,main])--acquire unit of work: 1916565264
[EL Finest]: connection: 2016-06-29 08:25:05.799--ServerSession(1088819099)--Connection(1605170695)--Thread(Thread[Test worker,5,main])--Connection acquired from connection pool [default].
[EL Finer]: transaction: 2016-06-29 08:25:05.799--ClientSession(2019057873)--Connection(1605170695)--Thread(Thread[Test worker,5,main])--begin transaction
[EL Finest]: connection: 2016-06-29 08:25:05.799--ClientSession(2019057873)--Thread(Thread[Test worker,5,main])--reconnecting to external connection pool
[EL Finest]: transaction: 2016-06-29 08:25:05.801--UnitOfWork(1916565264)--Thread(Thread[Test worker,5,main])--persist() operation called on: .
[EL Finest]: sequencing: 2016-06-29 08:25:05.801--UnitOfWork(1916565264)--Thread(Thread[Test worker,5,main])--assign sequence to the object (8C0AC076-5ECE-4E81-B9BA-EAA90CD8B8E6 -> )
Wed Jun 29 08:25:05 UTC 2016|Unknown Alarm = ABSAA322100200 Alarm Split = ABS-AA-3-2-2-100-200
[EL Finer]: transaction: 2016-06-29 08:25:05.801--UnitOfWork(1916565264)--Thread(Thread[Test worker,5,main])--begin unit of work commit
[EL Finest]: query: 2016-06-29 08:25:05.802--UnitOfWork(1916565264)--Thread(Thread[Test worker,5,main])--Execute query InsertObjectQuery()
[EL Fine]: sql: 2016-06-29 08:25:05.802--ClientSession(2019057873)--Connection(1610874018)--Thread(Thread[Test worker,5,main])--INSERT INTO ast_PublicApi_M (apiId, apiData, versionId, createdBy, createdDate, updatedBy, updatedDate, activeStatus, txnAccessCode) VALUES (?, ?, ?, ?, ?, ?, ?, ?, ?)
	bind => [8C0AC076-5ECE-4E81-B9BA-EAA90CD8B8E6, d9TrPl1oYBbyktMnV8Mft5gmYyK5VNrnIG3IfbjZQJX8oF5BJz, 1, AAAAA, 2016-06-29 08:25:05.796, AAAAA, 2016-06-29 08:25:05.796, 1, 51000]
[EL Finer]: transaction: 2016-06-29 08:25:05.804--ClientSession(2019057873)--Connection(1610874018)--Thread(Thread[Test worker,5,main])--commit transaction
[EL Finest]: connection: 2016-06-29 08:25:05.807--ServerSession(1088819099)--Connection(1605170695)--Thread(Thread[Test worker,5,main])--Connection released to connection pool [default].
[EL Finer]: transaction: 2016-06-29 08:25:05.808--UnitOfWork(1916565264)--Thread(Thread[Test worker,5,main])--end unit of work commit
[EL Finer]: transaction: 2016-06-29 08:25:05.808--UnitOfWork(1916565264)--Thread(Thread[Test worker,5,main])--resume unit of work
[EL Finer]: transaction: 2016-06-29 08:25:05.808--UnitOfWork(1916565264)--Thread(Thread[Test worker,5,main])--release unit of work
[EL Finer]: connection: 2016-06-29 08:25:05.808--ClientSession(2019057873)--Thread(Thread[Test worker,5,main])--client released
[EL Finer]: connection: 2016-06-29 08:25:05.815--ServerSession(1088819099)--Thread(Thread[Test worker,5,main])--client acquired: 1890337262
[EL Finer]: transaction: 2016-06-29 08:25:05.815--ClientSession(1890337262)--Thread(Thread[Test worker,5,main])--acquire unit of work: 1025288716
[EL Finest]: connection: 2016-06-29 08:25:05.815--ServerSession(1088819099)--Connection(618666284)--Thread(Thread[Test worker,5,main])--Connection acquired from connection pool [default].
[EL Finer]: transaction: 2016-06-29 08:25:05.815--ClientSession(1890337262)--Connection(618666284)--Thread(Thread[Test worker,5,main])--begin transaction
[EL Finest]: connection: 2016-06-29 08:25:05.815--ClientSession(1890337262)--Thread(Thread[Test worker,5,main])--reconnecting to external connection pool
[EL Finer]: transaction: 2016-06-29 08:25:05.817--UnitOfWork(1025288716)--Thread(Thread[Test worker,5,main])--begin unit of work flush
[EL Finer]: transaction: 2016-06-29 08:25:05.817--UnitOfWork(1025288716)--Thread(Thread[Test worker,5,main])--end unit of work flush
[EL Finest]: query: 2016-06-29 08:25:05.817--UnitOfWork(1025288716)--Thread(Thread[Test worker,5,main])--Execute query ReadAllQuery(name="PublicApi.findById" referenceClass=PublicApi sql="SELECT apiId, apiData, versionId, createdBy, createdDate, updatedBy, updatedDate, activeStatus, txnAccessCode FROM ast_PublicApi_M WHERE ((activeStatus = ?) AND (apiId = ?))")
[EL Fine]: sql: 2016-06-29 08:25:05.818--ClientSession(1890337262)--Connection(1623589648)--Thread(Thread[Test worker,5,main])--SELECT apiId, apiData, versionId, createdBy, createdDate, updatedBy, updatedDate, activeStatus, txnAccessCode FROM ast_PublicApi_M WHERE ((activeStatus = ?) AND (apiId = ?))
	bind => [1, 8C0AC076-5ECE-4E81-B9BA-EAA90CD8B8E6]
Wed Jun 29 08:25:05 UTC 2016|Unknown Alarm = ABSAA324100200 Alarm Split = ABS-AA-3-2-4-100-200
[EL Finer]: transaction: 2016-06-29 08:25:05.82--UnitOfWork(1025288716)--Thread(Thread[Test worker,5,main])--begin unit of work commit
[EL Finer]: transaction: 2016-06-29 08:25:05.82--ClientSession(1890337262)--Connection(1623589648)--Thread(Thread[Test worker,5,main])--commit transaction
[EL Finest]: connection: 2016-06-29 08:25:05.82--ServerSession(1088819099)--Connection(618666284)--Thread(Thread[Test worker,5,main])--Connection released to connection pool [default].
[EL Finer]: transaction: 2016-06-29 08:25:05.821--UnitOfWork(1025288716)--Thread(Thread[Test worker,5,main])--end unit of work commit
[EL Finer]: transaction: 2016-06-29 08:25:05.821--UnitOfWork(1025288716)--Thread(Thread[Test worker,5,main])--resume unit of work
[EL Finer]: transaction: 2016-06-29 08:25:05.821--UnitOfWork(1025288716)--Thread(Thread[Test worker,5,main])--release unit of work
[EL Finer]: connection: 2016-06-29 08:25:05.821--ClientSession(1890337262)--Thread(Thread[Test worker,5,main])--client released
Setting logged in user info for UPDATE
[EL Finer]: connection: 2016-06-29 08:25:05.822--ServerSession(1088819099)--Thread(Thread[Test worker,5,main])--client acquired: 1951351709
[EL Finer]: transaction: 2016-06-29 08:25:05.822--ClientSession(1951351709)--Thread(Thread[Test worker,5,main])--acquire unit of work: 2145399826
[EL Finest]: connection: 2016-06-29 08:25:05.822--ServerSession(1088819099)--Connection(1484442452)--Thread(Thread[Test worker,5,main])--Connection acquired from connection pool [default].
[EL Finer]: transaction: 2016-06-29 08:25:05.822--ClientSession(1951351709)--Connection(1484442452)--Thread(Thread[Test worker,5,main])--begin transaction
[EL Finest]: connection: 2016-06-29 08:25:05.822--ClientSession(1951351709)--Thread(Thread[Test worker,5,main])--reconnecting to external connection pool
[EL Finest]: transaction: 2016-06-29 08:25:05.827--UnitOfWork(2145399826)--Thread(Thread[Test worker,5,main])--Merge clone with references 
[EL Finest]: query: 2016-06-29 08:25:05.827--UnitOfWork(2145399826)--Thread(Thread[Test worker,5,main])--Execute query ReadObjectQuery(referenceClass=PublicApi )
[EL Fine]: sql: 2016-06-29 08:25:05.828--ClientSession(1951351709)--Connection(1605805829)--Thread(Thread[Test worker,5,main])--SELECT apiId, apiData, versionId, createdBy, createdDate, updatedBy, updatedDate, activeStatus, txnAccessCode FROM ast_PublicApi_M WHERE (apiId = ?)
	bind => [8C0AC076-5ECE-4E81-B9BA-EAA90CD8B8E6]
Wed Jun 29 08:25:05 UTC 2016|Unknown Alarm = ABSAA321100200 Alarm Split = ABS-AA-3-2-1-100-200
[EL Finer]: transaction: 2016-06-29 08:25:05.83--UnitOfWork(2145399826)--Thread(Thread[Test worker,5,main])--begin unit of work commit
[EL Finest]: query: 2016-06-29 08:25:05.83--UnitOfWork(2145399826)--Thread(Thread[Test worker,5,main])--Execute query UpdateObjectQuery()
[EL Fine]: sql: 2016-06-29 08:25:05.831--ClientSession(1951351709)--Connection(1605805829)--Thread(Thread[Test worker,5,main])--UPDATE ast_PublicApi_M SET apiData = ?, versionId = ? WHERE ((apiId = ?) AND (versionId = ?))
	bind => [Ajri1eP1tAU3QiWT02l0klKsXykulAJpL20sQkWT4PDc310jJf, 2, 8C0AC076-5ECE-4E81-B9BA-EAA90CD8B8E6, 1]
[EL Finer]: transaction: 2016-06-29 08:25:05.832--ClientSession(1951351709)--Connection(1605805829)--Thread(Thread[Test worker,5,main])--commit transaction
[EL Finest]: connection: 2016-06-29 08:25:05.835--ServerSession(1088819099)--Connection(1484442452)--Thread(Thread[Test worker,5,main])--Connection released to connection pool [default].
[EL Finer]: transaction: 2016-06-29 08:25:05.835--UnitOfWork(2145399826)--Thread(Thread[Test worker,5,main])--end unit of work commit
[EL Finer]: transaction: 2016-06-29 08:25:05.835--UnitOfWork(2145399826)--Thread(Thread[Test worker,5,main])--resume unit of work
[EL Finer]: transaction: 2016-06-29 08:25:05.835--UnitOfWork(2145399826)--Thread(Thread[Test worker,5,main])--release unit of work
[EL Finer]: connection: 2016-06-29 08:25:05.836--ClientSession(1951351709)--Thread(Thread[Test worker,5,main])--client released
[EL Finer]: connection: 2016-06-29 08:25:05.842--ServerSession(1088819099)--Thread(Thread[Test worker,5,main])--client acquired: 1354435210
[EL Finer]: transaction: 2016-06-29 08:25:05.842--ClientSession(1354435210)--Thread(Thread[Test worker,5,main])--acquire unit of work: 665916270
[EL Finest]: connection: 2016-06-29 08:25:05.842--ServerSession(1088819099)--Connection(1517465373)--Thread(Thread[Test worker,5,main])--Connection acquired from connection pool [default].
[EL Finer]: transaction: 2016-06-29 08:25:05.842--ClientSession(1354435210)--Connection(1517465373)--Thread(Thread[Test worker,5,main])--begin transaction
[EL Finest]: connection: 2016-06-29 08:25:05.842--ClientSession(1354435210)--Thread(Thread[Test worker,5,main])--reconnecting to external connection pool
[EL Finer]: transaction: 2016-06-29 08:25:05.844--UnitOfWork(665916270)--Thread(Thread[Test worker,5,main])--begin unit of work flush
[EL Finer]: transaction: 2016-06-29 08:25:05.844--UnitOfWork(665916270)--Thread(Thread[Test worker,5,main])--end unit of work flush
[EL Finest]: query: 2016-06-29 08:25:05.844--UnitOfWork(665916270)--Thread(Thread[Test worker,5,main])--Execute query ReadAllQuery(name="PublicApi.findById" referenceClass=PublicApi sql="SELECT apiId, apiData, versionId, createdBy, createdDate, updatedBy, updatedDate, activeStatus, txnAccessCode FROM ast_PublicApi_M WHERE ((activeStatus = ?) AND (apiId = ?))")
[EL Fine]: sql: 2016-06-29 08:25:05.844--ClientSession(1354435210)--Connection(1606886291)--Thread(Thread[Test worker,5,main])--SELECT apiId, apiData, versionId, createdBy, createdDate, updatedBy, updatedDate, activeStatus, txnAccessCode FROM ast_PublicApi_M WHERE ((activeStatus = ?) AND (apiId = ?))
	bind => [1, 8C0AC076-5ECE-4E81-B9BA-EAA90CD8B8E6]
Wed Jun 29 08:25:05 UTC 2016|Unknown Alarm = ABSAA324100200 Alarm Split = ABS-AA-3-2-4-100-200
[EL Finer]: transaction: 2016-06-29 08:25:05.846--UnitOfWork(665916270)--Thread(Thread[Test worker,5,main])--begin unit of work commit
[EL Finer]: transaction: 2016-06-29 08:25:05.846--ClientSession(1354435210)--Connection(1606886291)--Thread(Thread[Test worker,5,main])--commit transaction
[EL Finest]: connection: 2016-06-29 08:25:05.847--ServerSession(1088819099)--Connection(1517465373)--Thread(Thread[Test worker,5,main])--Connection released to connection pool [default].
[EL Finer]: transaction: 2016-06-29 08:25:05.847--UnitOfWork(665916270)--Thread(Thread[Test worker,5,main])--end unit of work commit
[EL Finer]: transaction: 2016-06-29 08:25:05.847--UnitOfWork(665916270)--Thread(Thread[Test worker,5,main])--resume unit of work
[EL Finer]: transaction: 2016-06-29 08:25:05.847--UnitOfWork(665916270)--Thread(Thread[Test worker,5,main])--release unit of work
[EL Finer]: connection: 2016-06-29 08:25:05.847--ClientSession(1354435210)--Thread(Thread[Test worker,5,main])--client released
[EL Finer]: connection: 2016-06-29 08:25:05.867--ServerSession(1088819099)--Thread(Thread[Test worker,5,main])--client acquired: 52036431
[EL Finer]: transaction: 2016-06-29 08:25:05.868--ClientSession(52036431)--Thread(Thread[Test worker,5,main])--acquire unit of work: 550451488
[EL Finest]: connection: 2016-06-29 08:25:05.868--ServerSession(1088819099)--Connection(78607540)--Thread(Thread[Test worker,5,main])--Connection acquired from connection pool [default].
[EL Finer]: transaction: 2016-06-29 08:25:05.868--ClientSession(52036431)--Connection(78607540)--Thread(Thread[Test worker,5,main])--begin transaction
[EL Finest]: connection: 2016-06-29 08:25:05.868--ClientSession(52036431)--Thread(Thread[Test worker,5,main])--reconnecting to external connection pool
[EL Finest]: query: 2016-06-29 08:25:05.869--UnitOfWork(550451488)--Thread(Thread[Test worker,5,main])--Execute query ReadObjectQuery(name="readPublicApi" referenceClass=PublicApi sql="SELECT apiId, apiData, versionId, createdBy, createdDate, updatedBy, updatedDate, activeStatus, txnAccessCode FROM ast_PublicApi_M WHERE (apiId = ?)")
[EL Fine]: sql: 2016-06-29 08:25:05.869--ClientSession(52036431)--Connection(2025024393)--Thread(Thread[Test worker,5,main])--SELECT apiId, apiData, versionId, createdBy, createdDate, updatedBy, updatedDate, activeStatus, txnAccessCode FROM ast_PublicApi_M WHERE (apiId = ?)
	bind => [8C0AC076-5ECE-4E81-B9BA-EAA90CD8B8E6]
[EL Finest]: transaction: 2016-06-29 08:25:05.871--UnitOfWork(550451488)--Thread(Thread[Test worker,5,main])--remove() operation called on: 
Wed Jun 29 08:25:05 UTC 2016|Unknown Alarm = ABSAA328100200 Alarm Split = ABS-AA-3-2-8-100-200
[EL Finer]: transaction: 2016-06-29 08:25:05.871--UnitOfWork(550451488)--Thread(Thread[Test worker,5,main])--begin unit of work commit
[EL Finest]: query: 2016-06-29 08:25:05.872--UnitOfWork(550451488)--Thread(Thread[Test worker,5,main])--Execute query DoesExistQuery(referenceClass=PublicApi )
[EL Finest]: query: 2016-06-29 08:25:05.872--UnitOfWork(550451488)--Thread(Thread[Test worker,5,main])--Execute query DeleteObjectQuery()
[EL Fine]: sql: 2016-06-29 08:25:05.872--ClientSession(52036431)--Connection(2025024393)--Thread(Thread[Test worker,5,main])--DELETE FROM ast_PublicApi_M WHERE ((apiId = ?) AND (versionId = ?))
	bind => [8C0AC076-5ECE-4E81-B9BA-EAA90CD8B8E6, 2]
[EL Finer]: transaction: 2016-06-29 08:25:05.873--ClientSession(52036431)--Connection(2025024393)--Thread(Thread[Test worker,5,main])--commit transaction
[EL Finest]: connection: 2016-06-29 08:25:05.879--ServerSession(1088819099)--Connection(78607540)--Thread(Thread[Test worker,5,main])--Connection released to connection pool [default].
[EL Finer]: transaction: 2016-06-29 08:25:05.88--UnitOfWork(550451488)--Thread(Thread[Test worker,5,main])--end unit of work commit
[EL Finer]: transaction: 2016-06-29 08:25:05.88--UnitOfWork(550451488)--Thread(Thread[Test worker,5,main])--resume unit of work
[EL Finer]: transaction: 2016-06-29 08:25:05.88--UnitOfWork(550451488)--Thread(Thread[Test worker,5,main])--release unit of work
[EL Finer]: connection: 2016-06-29 08:25:05.88--ClientSession(52036431)--Thread(Thread[Test worker,5,main])--client released
]]></system-out>
  <system-err><![CDATA[PublicApi.apiData may not be null
java.lang.SecurityException: PublicApi.apiData may not be null
	at com.athena.server.pluggable.utils.helper.EntityValidatorHelper.validateEntity(EntityValidatorHelper.java:37)
	at com.app.shared.appbasicsetup.aaa.PublicApi.isValid(PublicApi.java:135)
	at com.app.server.service.appbasicsetup.aaa.PublicApiTestCase.validatePublicApi(PublicApiTestCase.java:177)
	at com.app.server.service.appbasicsetup.aaa.PublicApiTestCase.test5NegativeTesting(PublicApiTestCase.java:208)
	at sun.reflect.NativeMethodAccessorImpl.invoke0(Native Method)
	at sun.reflect.NativeMethodAccessorImpl.invoke(NativeMethodAccessorImpl.java:57)
	at sun.reflect.DelegatingMethodAccessorImpl.invoke(DelegatingMethodAccessorImpl.java:43)
	at java.lang.reflect.Method.invoke(Method.java:606)
	at org.junit.runners.model.FrameworkMethod$1.runReflectiveCall(FrameworkMethod.java:47)
	at org.junit.internal.runners.model.ReflectiveCallable.run(ReflectiveCallable.java:12)
	at org.junit.runners.model.FrameworkMethod.invokeExplosively(FrameworkMethod.java:44)
	at org.junit.internal.runners.statements.InvokeMethod.evaluate(InvokeMethod.java:17)
	at org.junit.internal.runners.statements.RunBefores.evaluate(RunBefores.java:26)
	at org.springframework.test.context.junit4.statements.RunBeforeTestMethodCallbacks.evaluate(RunBeforeTestMethodCallbacks.java:74)
	at org.junit.internal.runners.statements.RunAfters.evaluate(RunAfters.java:27)
	at org.springframework.test.context.junit4.statements.RunAfterTestMethodCallbacks.evaluate(RunAfterTestMethodCallbacks.java:83)
	at org.springframework.test.context.junit4.statements.SpringRepeat.evaluate(SpringRepeat.java:72)
	at org.springframework.test.context.junit4.SpringJUnit4ClassRunner.runChild(SpringJUnit4ClassRunner.java:233)
	at org.springframework.test.context.junit4.SpringJUnit4ClassRunner.runChild(SpringJUnit4ClassRunner.java:87)
	at org.junit.runners.ParentRunner$3.run(ParentRunner.java:238)
	at org.junit.runners.ParentRunner$1.schedule(ParentRunner.java:63)
	at org.junit.runners.ParentRunner.runChildren(ParentRunner.java:236)
	at org.junit.runners.ParentRunner.access$000(ParentRunner.java:53)
	at org.junit.runners.ParentRunner$2.evaluate(ParentRunner.java:229)
	at org.junit.internal.runners.statements.RunBefores.evaluate(RunBefores.java:26)
	at org.springframework.test.context.junit4.statements.RunBeforeTestClassCallbacks.evaluate(RunBeforeTestClassCallbacks.java:61)
	at org.springframework.test.context.junit4.statements.RunAfterTestClassCallbacks.evaluate(RunAfterTestClassCallbacks.java:71)
	at org.junit.runners.ParentRunner.run(ParentRunner.java:309)
	at org.springframework.test.context.junit4.SpringJUnit4ClassRunner.run(SpringJUnit4ClassRunner.java:176)
	at org.gradle.api.internal.tasks.testing.junit.JUnitTestClassExecuter.runTestClass(JUnitTestClassExecuter.java:86)
	at org.gradle.api.internal.tasks.testing.junit.JUnitTestClassExecuter.execute(JUnitTestClassExecuter.java:49)
	at org.gradle.api.internal.tasks.testing.junit.JUnitTestClassProcessor.processTestClass(JUnitTestClassProcessor.java:64)
	at org.gradle.api.internal.tasks.testing.SuiteTestClassProcessor.processTestClass(SuiteTestClassProcessor.java:50)
	at sun.reflect.NativeMethodAccessorImpl.invoke0(Native Method)
	at sun.reflect.NativeMethodAccessorImpl.invoke(NativeMethodAccessorImpl.java:57)
	at sun.reflect.DelegatingMethodAccessorImpl.invoke(DelegatingMethodAccessorImpl.java:43)
	at java.lang.reflect.Method.invoke(Method.java:606)
	at org.gradle.messaging.dispatch.ReflectionDispatch.dispatch(ReflectionDispatch.java:35)
	at org.gradle.messaging.dispatch.ReflectionDispatch.dispatch(ReflectionDispatch.java:24)
	at org.gradle.messaging.dispatch.ContextClassLoaderDispatch.dispatch(ContextClassLoaderDispatch.java:32)
	at org.gradle.messaging.dispatch.ProxyDispatchAdapter$DispatchingInvocationHandler.invoke(ProxyDispatchAdapter.java:93)
	at com.sun.proxy.$Proxy2.processTestClass(Unknown Source)
	at org.gradle.api.internal.tasks.testing.worker.TestWorker.processTestClass(TestWorker.java:106)
	at sun.reflect.NativeMethodAccessorImpl.invoke0(Native Method)
	at sun.reflect.NativeMethodAccessorImpl.invoke(NativeMethodAccessorImpl.java:57)
	at sun.reflect.DelegatingMethodAccessorImpl.invoke(DelegatingMethodAccessorImpl.java:43)
	at java.lang.reflect.Method.invoke(Method.java:606)
	at org.gradle.messaging.dispatch.ReflectionDispatch.dispatch(ReflectionDispatch.java:35)
	at org.gradle.messaging.dispatch.ReflectionDispatch.dispatch(ReflectionDispatch.java:24)
	at org.gradle.messaging.remote.internal.hub.MessageHub$Handler.run(MessageHub.java:360)
	at org.gradle.internal.concurrent.DefaultExecutorFactory$StoppableExecutorImpl$1.run(DefaultExecutorFactory.java:64)
	at java.util.concurrent.ThreadPoolExecutor.runWorker(ThreadPoolExecutor.java:1145)
	at java.util.concurrent.ThreadPoolExecutor$Worker.run(ThreadPoolExecutor.java:615)
	at java.lang.Thread.run(Thread.java:745)
PublicApi.apiData size must be between 1 and 256
java.lang.SecurityException: PublicApi.apiData size must be between 1 and 256
	at com.athena.server.pluggable.utils.helper.EntityValidatorHelper.validateEntity(EntityValidatorHelper.java:37)
	at com.app.shared.appbasicsetup.aaa.PublicApi.isValid(PublicApi.java:135)
	at com.app.server.service.appbasicsetup.aaa.PublicApiTestCase.validatePublicApi(PublicApiTestCase.java:175)
	at com.app.server.service.appbasicsetup.aaa.PublicApiTestCase.test5NegativeTesting(PublicApiTestCase.java:213)
	at sun.reflect.NativeMethodAccessorImpl.invoke0(Native Method)
	at sun.reflect.NativeMethodAccessorImpl.invoke(NativeMethodAccessorImpl.java:57)
	at sun.reflect.DelegatingMethodAccessorImpl.invoke(DelegatingMethodAccessorImpl.java:43)
	at java.lang.reflect.Method.invoke(Method.java:606)
	at org.junit.runners.model.FrameworkMethod$1.runReflectiveCall(FrameworkMethod.java:47)
	at org.junit.internal.runners.model.ReflectiveCallable.run(ReflectiveCallable.java:12)
	at org.junit.runners.model.FrameworkMethod.invokeExplosively(FrameworkMethod.java:44)
	at org.junit.internal.runners.statements.InvokeMethod.evaluate(InvokeMethod.java:17)
	at org.junit.internal.runners.statements.RunBefores.evaluate(RunBefores.java:26)
	at org.springframework.test.context.junit4.statements.RunBeforeTestMethodCallbacks.evaluate(RunBeforeTestMethodCallbacks.java:74)
	at org.junit.internal.runners.statements.RunAfters.evaluate(RunAfters.java:27)
	at org.springframework.test.context.junit4.statements.RunAfterTestMethodCallbacks.evaluate(RunAfterTestMethodCallbacks.java:83)
	at org.springframework.test.context.junit4.statements.SpringRepeat.evaluate(SpringRepeat.java:72)
	at org.springframework.test.context.junit4.SpringJUnit4ClassRunner.runChild(SpringJUnit4ClassRunner.java:233)
	at org.springframework.test.context.junit4.SpringJUnit4ClassRunner.runChild(SpringJUnit4ClassRunner.java:87)
	at org.junit.runners.ParentRunner$3.run(ParentRunner.java:238)
	at org.junit.runners.ParentRunner$1.schedule(ParentRunner.java:63)
	at org.junit.runners.ParentRunner.runChildren(ParentRunner.java:236)
	at org.junit.runners.ParentRunner.access$000(ParentRunner.java:53)
	at org.junit.runners.ParentRunner$2.evaluate(ParentRunner.java:229)
	at org.junit.internal.runners.statements.RunBefores.evaluate(RunBefores.java:26)
	at org.springframework.test.context.junit4.statements.RunBeforeTestClassCallbacks.evaluate(RunBeforeTestClassCallbacks.java:61)
	at org.springframework.test.context.junit4.statements.RunAfterTestClassCallbacks.evaluate(RunAfterTestClassCallbacks.java:71)
	at org.junit.runners.ParentRunner.run(ParentRunner.java:309)
	at org.springframework.test.context.junit4.SpringJUnit4ClassRunner.run(SpringJUnit4ClassRunner.java:176)
	at org.gradle.api.internal.tasks.testing.junit.JUnitTestClassExecuter.runTestClass(JUnitTestClassExecuter.java:86)
	at org.gradle.api.internal.tasks.testing.junit.JUnitTestClassExecuter.execute(JUnitTestClassExecuter.java:49)
	at org.gradle.api.internal.tasks.testing.junit.JUnitTestClassProcessor.processTestClass(JUnitTestClassProcessor.java:64)
	at org.gradle.api.internal.tasks.testing.SuiteTestClassProcessor.processTestClass(SuiteTestClassProcessor.java:50)
	at sun.reflect.NativeMethodAccessorImpl.invoke0(Native Method)
	at sun.reflect.NativeMethodAccessorImpl.invoke(NativeMethodAccessorImpl.java:57)
	at sun.reflect.DelegatingMethodAccessorImpl.invoke(DelegatingMethodAccessorImpl.java:43)
	at java.lang.reflect.Method.invoke(Method.java:606)
	at org.gradle.messaging.dispatch.ReflectionDispatch.dispatch(ReflectionDispatch.java:35)
	at org.gradle.messaging.dispatch.ReflectionDispatch.dispatch(ReflectionDispatch.java:24)
	at org.gradle.messaging.dispatch.ContextClassLoaderDispatch.dispatch(ContextClassLoaderDispatch.java:32)
	at org.gradle.messaging.dispatch.ProxyDispatchAdapter$DispatchingInvocationHandler.invoke(ProxyDispatchAdapter.java:93)
	at com.sun.proxy.$Proxy2.processTestClass(Unknown Source)
	at org.gradle.api.internal.tasks.testing.worker.TestWorker.processTestClass(TestWorker.java:106)
	at sun.reflect.NativeMethodAccessorImpl.invoke0(Native Method)
	at sun.reflect.NativeMethodAccessorImpl.invoke(NativeMethodAccessorImpl.java:57)
	at sun.reflect.DelegatingMethodAccessorImpl.invoke(DelegatingMethodAccessorImpl.java:43)
	at java.lang.reflect.Method.invoke(Method.java:606)
	at org.gradle.messaging.dispatch.ReflectionDispatch.dispatch(ReflectionDispatch.java:35)
	at org.gradle.messaging.dispatch.ReflectionDispatch.dispatch(ReflectionDispatch.java:24)
	at org.gradle.messaging.remote.internal.hub.MessageHub$Handler.run(MessageHub.java:360)
	at org.gradle.internal.concurrent.DefaultExecutorFactory$StoppableExecutorImpl$1.run(DefaultExecutorFactory.java:64)
	at java.util.concurrent.ThreadPoolExecutor.runWorker(ThreadPoolExecutor.java:1145)
	at java.util.concurrent.ThreadPoolExecutor$Worker.run(ThreadPoolExecutor.java:615)
	at java.lang.Thread.run(Thread.java:745)
]]></system-err>
</testsuite>
