<?xml version="1.0" encoding="UTF-8"?>
<testsuite name="com.app.server.service.organization.contactmanagement.ContactTypeTestCase" tests="5" skipped="0" failures="0" errors="0" timestamp="2016-06-29T08:25:15" hostname="f4c97bdd9de9" time="0.109">
  <properties/>
  <testcase name="test1Save" classname="com.app.server.service.organization.contactmanagement.ContactTypeTestCase" time="0.034"/>
  <testcase name="test2Update" classname="com.app.server.service.organization.contactmanagement.ContactTypeTestCase" time="0.021"/>
  <testcase name="test3FindById" classname="com.app.server.service.organization.contactmanagement.ContactTypeTestCase" time="0.015"/>
  <testcase name="test5NegativeTesting" classname="com.app.server.service.organization.contactmanagement.ContactTypeTestCase" time="0.02"/>
  <testcase name="test6Delete" classname="com.app.server.service.organization.contactmanagement.ContactTypeTestCase" time="0.018"/>
  <system-out><![CDATA[Wed Jun 29 08:25:15 UTC 2016|Log Manager Factory|Initialization Process started.....
Wed Jun 29 08:25:15 UTC 2016|Log Manager|Initialized with Path = [/home/applifire/workspace/newtest1/src/main/webapp/WEB-INF/conf]
Wed Jun 29 08:25:15 UTC 2016|Alarm Manager|Initialized with Path = [/home/applifire/workspace/newtest1/src/main/webapp/WEB-INF/conf]
Wed Jun 29 08:25:15 UTC 2016|Alarm Manager|Loading Alarms ......
Wed Jun 29 08:25:15 UTC 2016|Alarm XML Parser|FWA|XML Parsing Complete........ 
Wed Jun 29 08:25:15 UTC 2016|Alarm File Manager|FWA|Alarm File Status.. [ApplicationFrameworkAlarms.xml]|Version=15|Status=Done 
Wed Jun 29 08:25:15 UTC 2016|Alarm File Manager|FWA|Alarm Stats = ( BC/AL=4/676 SYS=4/10 [676/0]  TPL=0/0 [0/0]  APP= A.Map=[759]  E.Map EC/RC=[322/67] )
Wed Jun 29 08:25:15 UTC 2016|Alarm XML Parser|APP|XML Parsing Complete........ 
Wed Jun 29 08:25:15 UTC 2016|Alarm File Manager|APP|Alarm File Status.. [ApplicationAlarms.xml]|Version=1|Status=Done 
Wed Jun 29 08:25:15 UTC 2016|Alarm File Manager|APP|Alarm Stats = ( BC/AL=4/676 SYS=4/10 [676/0]  TPL=0/0 [0/0]  APP=0/0 [0/0]  A.Map=[759]  E.Map EC/RC=[322/67] )
Wed Jun 29 08:25:15 UTC 2016|ApplicationAlarmContext| <><><><><> Create App Alarms ....  <><><><><> 
Wed Jun 29 08:25:15 UTC 2016|ApplicationAlarmContext|Alarms are generated ONLY in Development Mode.. 
Wed Jun 29 08:25:15 UTC 2016|Alarm Manager|APP|Alarm Stats = ( BC/AL=4/676 SYS=4/10 [676/0]  TPL=0/0 [0/0]  APP=0/0 [0/0]  A.Map=[759]  E.Map EC/RC=[322/67] )
Wed Jun 29 08:25:15 UTC 2016|Alarm Manager|Initialized Exception Lookup...
Wed Jun 29 08:25:15 UTC 2016|Log Manager|Initialize Log Config File ......
Wed Jun 29 08:25:15 UTC 2016|Pluggable Connectors|Adding Connectors : StandardOutputConnector isEnabled=true isDefault=false isFallBack=true
Wed Jun 29 08:25:15 UTC 2016|Pluggable Connectors|Adding Connectors : StandardFileConnector isEnabled=true isDefault=false isFallBack=false
Wed Jun 29 08:25:15 UTC 2016|Pluggable Connectors|Adding Connectors : Sprinkler isEnabled=true isDefault=true isFallBack=false
Wed Jun 29 08:25:15 UTC 2016|Pluggable Connectors|Default Connector Name : com.spartan.logger.core.LogMessenger
Wed Jun 29 08:25:15 UTC 2016|Log Config Parser|Connector Least Log Level =[4]  FallBack Log Level =[3]
Wed Jun 29 08:25:15 UTC 2016|Log Manager|Loading Default Connector for Logging ......
Wed Jun 29 08:25:15 UTC 2016|Log Manager|Loading class .. com.spartan.logger.core.LogMessenger
Wed Jun 29 08:25:15 UTC 2016|Plugggable Connector|Connector class com.spartan.logger.core.LogMessenger Initialized... @ Log Level = 3
Wed Jun 29 08:25:15 UTC 2016|Log Manager|Starting the Default Connector [com.spartan.logger.core.LogMessenger@43dc2314] ....
Wed Jun 29 08:25:15 UTC 2016|Scheduler|Starting the Scheduler ......
Wed Jun 29 08:25:15 UTC 2016|Scheduler|Adding [LMID=[5d52d36d-00f8-4e5f-abb6-f05e0aef71ec]] Delay=5 Time Unit=MINUTES
Wed Jun 29 08:25:15 UTC 2016|Scheduler|Adding [App Alarm Manager File=[ApplicationAlarms.xml]] Delay=30 Time Unit=MINUTES
Wed Jun 29 08:25:15 UTC 2016|Scheduler|Adding [FW Alarm Manager File=[ApplicationFrameworkAlarms.xml]] Delay=3 Time Unit=MINUTES
Wed Jun 29 08:25:15 UTC 2016|Scheduler|Startup Completed..
Wed Jun 29 08:25:15 UTC 2016|Log Manager|Initialization Process Complete ......
Wed Jun 29 08:25:15 UTC 2016|Log Manager Factory|Log Manager READY! ID = 5d52d36d-00f8-4e5f-abb6-f05e0aef71ec
Setting logged in user info for ADD
[EL Finer]: connection: 2016-06-29 08:25:15.944--ServerSession(1088819099)--Thread(Thread[Test worker,5,main])--client acquired: 1327345927
[EL Finer]: transaction: 2016-06-29 08:25:15.944--ClientSession(1327345927)--Thread(Thread[Test worker,5,main])--acquire unit of work: 642870053
[EL Finest]: connection: 2016-06-29 08:25:15.944--ServerSession(1088819099)--Connection(726752714)--Thread(Thread[Test worker,5,main])--Connection acquired from connection pool [default].
[EL Finer]: transaction: 2016-06-29 08:25:15.944--ClientSession(1327345927)--Connection(726752714)--Thread(Thread[Test worker,5,main])--begin transaction
[EL Finest]: connection: 2016-06-29 08:25:15.945--ClientSession(1327345927)--Thread(Thread[Test worker,5,main])--reconnecting to external connection pool
[EL Finest]: transaction: 2016-06-29 08:25:15.946--UnitOfWork(642870053)--Thread(Thread[Test worker,5,main])--persist() operation called on: 9SGjnbR1nbCVInVYE4H5RLYCNussnI7pWZQ4eZlh82EEVBgaP9.
[EL Finest]: sequencing: 2016-06-29 08:25:15.946--UnitOfWork(642870053)--Thread(Thread[Test worker,5,main])--assign sequence to the object (252EDE36-123F-4635-A757-548E6C730029 -> 9SGjnbR1nbCVInVYE4H5RLYCNussnI7pWZQ4eZlh82EEVBgaP9)
[EL Finer]: transaction: 2016-06-29 08:25:15.946--UnitOfWork(642870053)--Thread(Thread[Test worker,5,main])--begin unit of work commit
[EL Finest]: query: 2016-06-29 08:25:15.946--UnitOfWork(642870053)--Thread(Thread[Test worker,5,main])--Execute query InsertObjectQuery(9SGjnbR1nbCVInVYE4H5RLYCNussnI7pWZQ4eZlh82EEVBgaP9)
[EL Fine]: sql: 2016-06-29 08:25:15.947--ClientSession(1327345927)--Connection(1545278375)--Thread(Thread[Test worker,5,main])--INSERT INTO ast_ContactType_M (contactTypeId, contactType, contactTypeDesc, contactTypeIcon, versionId, createdBy, createdDate, updatedBy, updatedDate, activeStatus, txnAccessCode) VALUES (?, ?, ?, ?, ?, ?, ?, ?, ?, ?, ?)
	bind => [252EDE36-123F-4635-A757-548E6C730029, 9SGjnbR1nbCVInVYE4H5RLYCNussnI7pWZQ4eZlh82EEVBgaP9, BuPgxl6s2Ar4afIiwbMAndgQchKzZnqaepUSdwiSsyUqV4vx3a, qA6pCL8i4ccQiLdQKHVw5sgFVydMcv2TNf1OL7CZM7bjJZZgdk, 1, AAAAA, 2016-06-29 08:25:15.942, AAAAA, 2016-06-29 08:25:15.942, 1, 51000]
[EL Finer]: transaction: 2016-06-29 08:25:15.948--ClientSession(1327345927)--Connection(1545278375)--Thread(Thread[Test worker,5,main])--commit transaction
[EL Finest]: connection: 2016-06-29 08:25:15.952--ServerSession(1088819099)--Connection(726752714)--Thread(Thread[Test worker,5,main])--Connection released to connection pool [default].
[EL Finer]: transaction: 2016-06-29 08:25:15.952--UnitOfWork(642870053)--Thread(Thread[Test worker,5,main])--end unit of work commit
[EL Finer]: transaction: 2016-06-29 08:25:15.952--UnitOfWork(642870053)--Thread(Thread[Test worker,5,main])--resume unit of work
[EL Finer]: transaction: 2016-06-29 08:25:15.953--UnitOfWork(642870053)--Thread(Thread[Test worker,5,main])--release unit of work
[EL Finer]: connection: 2016-06-29 08:25:15.953--ClientSession(1327345927)--Thread(Thread[Test worker,5,main])--client released
[EL Finer]: connection: 2016-06-29 08:25:15.959--ServerSession(1088819099)--Thread(Thread[Test worker,5,main])--client acquired: 1131962248
[EL Finer]: transaction: 2016-06-29 08:25:15.959--ClientSession(1131962248)--Thread(Thread[Test worker,5,main])--acquire unit of work: 331873363
[EL Finest]: connection: 2016-06-29 08:25:15.959--ServerSession(1088819099)--Connection(780580682)--Thread(Thread[Test worker,5,main])--Connection acquired from connection pool [default].
[EL Finer]: transaction: 2016-06-29 08:25:15.959--ClientSession(1131962248)--Connection(780580682)--Thread(Thread[Test worker,5,main])--begin transaction
[EL Finest]: connection: 2016-06-29 08:25:15.959--ClientSession(1131962248)--Thread(Thread[Test worker,5,main])--reconnecting to external connection pool
[EL Finer]: transaction: 2016-06-29 08:25:15.961--UnitOfWork(331873363)--Thread(Thread[Test worker,5,main])--begin unit of work flush
[EL Finer]: transaction: 2016-06-29 08:25:15.961--UnitOfWork(331873363)--Thread(Thread[Test worker,5,main])--end unit of work flush
[EL Finest]: query: 2016-06-29 08:25:15.961--UnitOfWork(331873363)--Thread(Thread[Test worker,5,main])--Execute query ReadAllQuery(name="ContactType.findById" referenceClass=ContactType sql="SELECT contactTypeId, contactType, contactTypeDesc, contactTypeIcon, versionId, createdBy, createdDate, updatedBy, updatedDate, activeStatus, txnAccessCode FROM ast_ContactType_M WHERE ((activeStatus = ?) AND (contactTypeId = ?))")
[EL Fine]: sql: 2016-06-29 08:25:15.961--ClientSession(1131962248)--Connection(2041762435)--Thread(Thread[Test worker,5,main])--SELECT contactTypeId, contactType, contactTypeDesc, contactTypeIcon, versionId, createdBy, createdDate, updatedBy, updatedDate, activeStatus, txnAccessCode FROM ast_ContactType_M WHERE ((activeStatus = ?) AND (contactTypeId = ?))
	bind => [1, 252EDE36-123F-4635-A757-548E6C730029]
[EL Finer]: transaction: 2016-06-29 08:25:15.963--UnitOfWork(331873363)--Thread(Thread[Test worker,5,main])--begin unit of work commit
[EL Finer]: transaction: 2016-06-29 08:25:15.963--ClientSession(1131962248)--Connection(2041762435)--Thread(Thread[Test worker,5,main])--commit transaction
[EL Finest]: connection: 2016-06-29 08:25:15.963--ServerSession(1088819099)--Connection(780580682)--Thread(Thread[Test worker,5,main])--Connection released to connection pool [default].
[EL Finer]: transaction: 2016-06-29 08:25:15.964--UnitOfWork(331873363)--Thread(Thread[Test worker,5,main])--end unit of work commit
[EL Finer]: transaction: 2016-06-29 08:25:15.964--UnitOfWork(331873363)--Thread(Thread[Test worker,5,main])--resume unit of work
[EL Finer]: transaction: 2016-06-29 08:25:15.964--UnitOfWork(331873363)--Thread(Thread[Test worker,5,main])--release unit of work
[EL Finer]: connection: 2016-06-29 08:25:15.964--ClientSession(1131962248)--Thread(Thread[Test worker,5,main])--client released
Setting logged in user info for UPDATE
[EL Finer]: connection: 2016-06-29 08:25:15.965--ServerSession(1088819099)--Thread(Thread[Test worker,5,main])--client acquired: 415206994
[EL Finer]: transaction: 2016-06-29 08:25:15.965--ClientSession(415206994)--Thread(Thread[Test worker,5,main])--acquire unit of work: 1209579055
[EL Finest]: connection: 2016-06-29 08:25:15.965--ServerSession(1088819099)--Connection(1314974883)--Thread(Thread[Test worker,5,main])--Connection acquired from connection pool [default].
[EL Finer]: transaction: 2016-06-29 08:25:15.965--ClientSession(415206994)--Connection(1314974883)--Thread(Thread[Test worker,5,main])--begin transaction
[EL Finest]: connection: 2016-06-29 08:25:15.965--ClientSession(415206994)--Thread(Thread[Test worker,5,main])--reconnecting to external connection pool
[EL Finest]: transaction: 2016-06-29 08:25:15.967--UnitOfWork(1209579055)--Thread(Thread[Test worker,5,main])--Merge clone with references vBg2CywBmn0tFaiSWDHSaAKyOCb3uZxG8djdhrSiSW2wWzaFPd
[EL Finest]: query: 2016-06-29 08:25:15.967--UnitOfWork(1209579055)--Thread(Thread[Test worker,5,main])--Execute query ReadObjectQuery(referenceClass=ContactType )
[EL Fine]: sql: 2016-06-29 08:25:15.968--ClientSession(415206994)--Connection(189715194)--Thread(Thread[Test worker,5,main])--SELECT contactTypeId, contactType, contactTypeDesc, contactTypeIcon, versionId, createdBy, createdDate, updatedBy, updatedDate, activeStatus, txnAccessCode FROM ast_ContactType_M WHERE (contactTypeId = ?)
	bind => [252EDE36-123F-4635-A757-548E6C730029]
[EL Finer]: transaction: 2016-06-29 08:25:15.969--UnitOfWork(1209579055)--Thread(Thread[Test worker,5,main])--begin unit of work commit
[EL Finest]: query: 2016-06-29 08:25:15.97--UnitOfWork(1209579055)--Thread(Thread[Test worker,5,main])--Execute query UpdateObjectQuery(vBg2CywBmn0tFaiSWDHSaAKyOCb3uZxG8djdhrSiSW2wWzaFPd)
[EL Fine]: sql: 2016-06-29 08:25:15.97--ClientSession(415206994)--Connection(189715194)--Thread(Thread[Test worker,5,main])--UPDATE ast_ContactType_M SET contactType = ?, contactTypeDesc = ?, contactTypeIcon = ?, versionId = ? WHERE ((contactTypeId = ?) AND (versionId = ?))
	bind => [vBg2CywBmn0tFaiSWDHSaAKyOCb3uZxG8djdhrSiSW2wWzaFPd, r60snk9YdZWPp2opRFifNVSrQ5KsL8IOS9NybX9wI3uGdY2Dkv, DgtxTxrAC5kZfKUQxwscp54NWq10jl5iw2IvrOd2ChrAYSQruo, 2, 252EDE36-123F-4635-A757-548E6C730029, 1]
[EL Finer]: transaction: 2016-06-29 08:25:15.971--ClientSession(415206994)--Connection(189715194)--Thread(Thread[Test worker,5,main])--commit transaction
[EL Finest]: connection: 2016-06-29 08:25:15.973--ServerSession(1088819099)--Connection(1314974883)--Thread(Thread[Test worker,5,main])--Connection released to connection pool [default].
[EL Finer]: transaction: 2016-06-29 08:25:15.973--UnitOfWork(1209579055)--Thread(Thread[Test worker,5,main])--end unit of work commit
[EL Finer]: transaction: 2016-06-29 08:25:15.973--UnitOfWork(1209579055)--Thread(Thread[Test worker,5,main])--resume unit of work
[EL Finer]: transaction: 2016-06-29 08:25:15.974--UnitOfWork(1209579055)--Thread(Thread[Test worker,5,main])--release unit of work
[EL Finer]: connection: 2016-06-29 08:25:15.974--ClientSession(415206994)--Thread(Thread[Test worker,5,main])--client released
[EL Finer]: connection: 2016-06-29 08:25:15.983--ServerSession(1088819099)--Thread(Thread[Test worker,5,main])--client acquired: 125043492
[EL Finer]: transaction: 2016-06-29 08:25:15.984--ClientSession(125043492)--Thread(Thread[Test worker,5,main])--acquire unit of work: 1366963278
[EL Finest]: connection: 2016-06-29 08:25:15.984--ServerSession(1088819099)--Connection(771757740)--Thread(Thread[Test worker,5,main])--Connection acquired from connection pool [default].
[EL Finer]: transaction: 2016-06-29 08:25:15.984--ClientSession(125043492)--Connection(771757740)--Thread(Thread[Test worker,5,main])--begin transaction
[EL Finest]: connection: 2016-06-29 08:25:15.984--ClientSession(125043492)--Thread(Thread[Test worker,5,main])--reconnecting to external connection pool
[EL Finer]: transaction: 2016-06-29 08:25:15.985--UnitOfWork(1366963278)--Thread(Thread[Test worker,5,main])--begin unit of work flush
[EL Finer]: transaction: 2016-06-29 08:25:15.985--UnitOfWork(1366963278)--Thread(Thread[Test worker,5,main])--end unit of work flush
[EL Finest]: query: 2016-06-29 08:25:15.985--UnitOfWork(1366963278)--Thread(Thread[Test worker,5,main])--Execute query ReadAllQuery(name="ContactType.findById" referenceClass=ContactType sql="SELECT contactTypeId, contactType, contactTypeDesc, contactTypeIcon, versionId, createdBy, createdDate, updatedBy, updatedDate, activeStatus, txnAccessCode FROM ast_ContactType_M WHERE ((activeStatus = ?) AND (contactTypeId = ?))")
[EL Fine]: sql: 2016-06-29 08:25:15.986--ClientSession(125043492)--Connection(218976278)--Thread(Thread[Test worker,5,main])--SELECT contactTypeId, contactType, contactTypeDesc, contactTypeIcon, versionId, createdBy, createdDate, updatedBy, updatedDate, activeStatus, txnAccessCode FROM ast_ContactType_M WHERE ((activeStatus = ?) AND (contactTypeId = ?))
	bind => [1, 252EDE36-123F-4635-A757-548E6C730029]
[EL Finer]: transaction: 2016-06-29 08:25:15.987--UnitOfWork(1366963278)--Thread(Thread[Test worker,5,main])--begin unit of work commit
[EL Finer]: transaction: 2016-06-29 08:25:15.988--ClientSession(125043492)--Connection(218976278)--Thread(Thread[Test worker,5,main])--commit transaction
[EL Finest]: connection: 2016-06-29 08:25:15.988--ServerSession(1088819099)--Connection(771757740)--Thread(Thread[Test worker,5,main])--Connection released to connection pool [default].
[EL Finer]: transaction: 2016-06-29 08:25:15.988--UnitOfWork(1366963278)--Thread(Thread[Test worker,5,main])--end unit of work commit
[EL Finer]: transaction: 2016-06-29 08:25:15.988--UnitOfWork(1366963278)--Thread(Thread[Test worker,5,main])--resume unit of work
[EL Finer]: transaction: 2016-06-29 08:25:15.989--UnitOfWork(1366963278)--Thread(Thread[Test worker,5,main])--release unit of work
[EL Finer]: connection: 2016-06-29 08:25:15.989--ClientSession(125043492)--Thread(Thread[Test worker,5,main])--client released
[EL Finer]: connection: 2016-06-29 08:25:16.019--ServerSession(1088819099)--Thread(Thread[Test worker,5,main])--client acquired: 1619978176
[EL Finer]: transaction: 2016-06-29 08:25:16.019--ClientSession(1619978176)--Thread(Thread[Test worker,5,main])--acquire unit of work: 1175527366
[EL Finest]: connection: 2016-06-29 08:25:16.019--ServerSession(1088819099)--Connection(238887962)--Thread(Thread[Test worker,5,main])--Connection acquired from connection pool [default].
[EL Finer]: transaction: 2016-06-29 08:25:16.019--ClientSession(1619978176)--Connection(238887962)--Thread(Thread[Test worker,5,main])--begin transaction
[EL Finest]: connection: 2016-06-29 08:25:16.019--ClientSession(1619978176)--Thread(Thread[Test worker,5,main])--reconnecting to external connection pool
[EL Finest]: query: 2016-06-29 08:25:16.021--UnitOfWork(1175527366)--Thread(Thread[Test worker,5,main])--Execute query ReadObjectQuery(name="readContactType" referenceClass=ContactType sql="SELECT contactTypeId, contactType, contactTypeDesc, contactTypeIcon, versionId, createdBy, createdDate, updatedBy, updatedDate, activeStatus, txnAccessCode FROM ast_ContactType_M WHERE (contactTypeId = ?)")
[EL Fine]: sql: 2016-06-29 08:25:16.021--ClientSession(1619978176)--Connection(291002820)--Thread(Thread[Test worker,5,main])--SELECT contactTypeId, contactType, contactTypeDesc, contactTypeIcon, versionId, createdBy, createdDate, updatedBy, updatedDate, activeStatus, txnAccessCode FROM ast_ContactType_M WHERE (contactTypeId = ?)
	bind => [252EDE36-123F-4635-A757-548E6C730029]
[EL Finest]: transaction: 2016-06-29 08:25:16.022--UnitOfWork(1175527366)--Thread(Thread[Test worker,5,main])--remove() operation called on: vBg2CywBmn0tFaiSWDHSaAKyOCb3uZxG8djdhrSiSW2wWzaFPd
[EL Finer]: transaction: 2016-06-29 08:25:16.023--UnitOfWork(1175527366)--Thread(Thread[Test worker,5,main])--begin unit of work commit
[EL Finest]: query: 2016-06-29 08:25:16.023--UnitOfWork(1175527366)--Thread(Thread[Test worker,5,main])--Execute query DoesExistQuery(referenceClass=ContactType )
[EL Finest]: query: 2016-06-29 08:25:16.023--UnitOfWork(1175527366)--Thread(Thread[Test worker,5,main])--Execute query DeleteObjectQuery(vBg2CywBmn0tFaiSWDHSaAKyOCb3uZxG8djdhrSiSW2wWzaFPd)
[EL Fine]: sql: 2016-06-29 08:25:16.023--ClientSession(1619978176)--Connection(291002820)--Thread(Thread[Test worker,5,main])--DELETE FROM ast_ContactType_M WHERE ((contactTypeId = ?) AND (versionId = ?))
	bind => [252EDE36-123F-4635-A757-548E6C730029, 2]
[EL Finer]: transaction: 2016-06-29 08:25:16.024--ClientSession(1619978176)--Connection(291002820)--Thread(Thread[Test worker,5,main])--commit transaction
[EL Finest]: connection: 2016-06-29 08:25:16.027--ServerSession(1088819099)--Connection(238887962)--Thread(Thread[Test worker,5,main])--Connection released to connection pool [default].
[EL Finer]: transaction: 2016-06-29 08:25:16.027--UnitOfWork(1175527366)--Thread(Thread[Test worker,5,main])--end unit of work commit
[EL Finer]: transaction: 2016-06-29 08:25:16.027--UnitOfWork(1175527366)--Thread(Thread[Test worker,5,main])--resume unit of work
[EL Finer]: transaction: 2016-06-29 08:25:16.027--UnitOfWork(1175527366)--Thread(Thread[Test worker,5,main])--release unit of work
[EL Finer]: connection: 2016-06-29 08:25:16.028--ClientSession(1619978176)--Thread(Thread[Test worker,5,main])--client released
]]></system-out>
  <system-err><![CDATA[ContactType.contactType may not be null
java.lang.SecurityException: ContactType.contactType may not be null
	at com.athena.server.pluggable.utils.helper.EntityValidatorHelper.validateEntity(EntityValidatorHelper.java:37)
	at com.app.shared.organization.contactmanagement.ContactType.isValid(ContactType.java:163)
	at com.app.server.service.organization.contactmanagement.ContactTypeTestCase.validateContactType(ContactTypeTestCase.java:181)
	at com.app.server.service.organization.contactmanagement.ContactTypeTestCase.test5NegativeTesting(ContactTypeTestCase.java:214)
	at sun.reflect.NativeMethodAccessorImpl.invoke0(Native Method)
	at sun.reflect.NativeMethodAccessorImpl.invoke(NativeMethodAccessorImpl.java:57)
	at sun.reflect.DelegatingMethodAccessorImpl.invoke(DelegatingMethodAccessorImpl.java:43)
	at java.lang.reflect.Method.invoke(Method.java:606)
	at org.junit.runners.model.FrameworkMethod$1.runReflectiveCall(FrameworkMethod.java:47)
	at org.junit.internal.runners.model.ReflectiveCallable.run(ReflectiveCallable.java:12)
	at org.junit.runners.model.FrameworkMethod.invokeExplosively(FrameworkMethod.java:44)
	at org.junit.internal.runners.statements.InvokeMethod.evaluate(InvokeMethod.java:17)
	at org.junit.internal.runners.statements.RunBefores.evaluate(RunBefores.java:26)
	at org.springframework.test.context.junit4.statements.RunBeforeTestMethodCallbacks.evaluate(RunBeforeTestMethodCallbacks.java:74)
	at org.junit.internal.runners.statements.RunAfters.evaluate(RunAfters.java:27)
	at org.springframework.test.context.junit4.statements.RunAfterTestMethodCallbacks.evaluate(RunAfterTestMethodCallbacks.java:83)
	at org.springframework.test.context.junit4.statements.SpringRepeat.evaluate(SpringRepeat.java:72)
	at org.springframework.test.context.junit4.SpringJUnit4ClassRunner.runChild(SpringJUnit4ClassRunner.java:233)
	at org.springframework.test.context.junit4.SpringJUnit4ClassRunner.runChild(SpringJUnit4ClassRunner.java:87)
	at org.junit.runners.ParentRunner$3.run(ParentRunner.java:238)
	at org.junit.runners.ParentRunner$1.schedule(ParentRunner.java:63)
	at org.junit.runners.ParentRunner.runChildren(ParentRunner.java:236)
	at org.junit.runners.ParentRunner.access$000(ParentRunner.java:53)
	at org.junit.runners.ParentRunner$2.evaluate(ParentRunner.java:229)
	at org.junit.internal.runners.statements.RunBefores.evaluate(RunBefores.java:26)
	at org.springframework.test.context.junit4.statements.RunBeforeTestClassCallbacks.evaluate(RunBeforeTestClassCallbacks.java:61)
	at org.springframework.test.context.junit4.statements.RunAfterTestClassCallbacks.evaluate(RunAfterTestClassCallbacks.java:71)
	at org.junit.runners.ParentRunner.run(ParentRunner.java:309)
	at org.springframework.test.context.junit4.SpringJUnit4ClassRunner.run(SpringJUnit4ClassRunner.java:176)
	at org.gradle.api.internal.tasks.testing.junit.JUnitTestClassExecuter.runTestClass(JUnitTestClassExecuter.java:86)
	at org.gradle.api.internal.tasks.testing.junit.JUnitTestClassExecuter.execute(JUnitTestClassExecuter.java:49)
	at org.gradle.api.internal.tasks.testing.junit.JUnitTestClassProcessor.processTestClass(JUnitTestClassProcessor.java:64)
	at org.gradle.api.internal.tasks.testing.SuiteTestClassProcessor.processTestClass(SuiteTestClassProcessor.java:50)
	at sun.reflect.GeneratedMethodAccessor105.invoke(Unknown Source)
	at sun.reflect.DelegatingMethodAccessorImpl.invoke(DelegatingMethodAccessorImpl.java:43)
	at java.lang.reflect.Method.invoke(Method.java:606)
	at org.gradle.messaging.dispatch.ReflectionDispatch.dispatch(ReflectionDispatch.java:35)
	at org.gradle.messaging.dispatch.ReflectionDispatch.dispatch(ReflectionDispatch.java:24)
	at org.gradle.messaging.dispatch.ContextClassLoaderDispatch.dispatch(ContextClassLoaderDispatch.java:32)
	at org.gradle.messaging.dispatch.ProxyDispatchAdapter$DispatchingInvocationHandler.invoke(ProxyDispatchAdapter.java:93)
	at com.sun.proxy.$Proxy2.processTestClass(Unknown Source)
	at org.gradle.api.internal.tasks.testing.worker.TestWorker.processTestClass(TestWorker.java:106)
	at sun.reflect.GeneratedMethodAccessor104.invoke(Unknown Source)
	at sun.reflect.DelegatingMethodAccessorImpl.invoke(DelegatingMethodAccessorImpl.java:43)
	at java.lang.reflect.Method.invoke(Method.java:606)
	at org.gradle.messaging.dispatch.ReflectionDispatch.dispatch(ReflectionDispatch.java:35)
	at org.gradle.messaging.dispatch.ReflectionDispatch.dispatch(ReflectionDispatch.java:24)
	at org.gradle.messaging.remote.internal.hub.MessageHub$Handler.run(MessageHub.java:360)
	at org.gradle.internal.concurrent.DefaultExecutorFactory$StoppableExecutorImpl$1.run(DefaultExecutorFactory.java:64)
	at java.util.concurrent.ThreadPoolExecutor.runWorker(ThreadPoolExecutor.java:1145)
	at java.util.concurrent.ThreadPoolExecutor$Worker.run(ThreadPoolExecutor.java:615)
	at java.lang.Thread.run(Thread.java:745)
ContactType.contactType size must be between 0 and 128
java.lang.SecurityException: ContactType.contactType size must be between 0 and 128
	at com.athena.server.pluggable.utils.helper.EntityValidatorHelper.validateEntity(EntityValidatorHelper.java:37)
	at com.app.shared.organization.contactmanagement.ContactType.isValid(ContactType.java:163)
	at com.app.server.service.organization.contactmanagement.ContactTypeTestCase.validateContactType(ContactTypeTestCase.java:179)
	at com.app.server.service.organization.contactmanagement.ContactTypeTestCase.test5NegativeTesting(ContactTypeTestCase.java:219)
	at sun.reflect.NativeMethodAccessorImpl.invoke0(Native Method)
	at sun.reflect.NativeMethodAccessorImpl.invoke(NativeMethodAccessorImpl.java:57)
	at sun.reflect.DelegatingMethodAccessorImpl.invoke(DelegatingMethodAccessorImpl.java:43)
	at java.lang.reflect.Method.invoke(Method.java:606)
	at org.junit.runners.model.FrameworkMethod$1.runReflectiveCall(FrameworkMethod.java:47)
	at org.junit.internal.runners.model.ReflectiveCallable.run(ReflectiveCallable.java:12)
	at org.junit.runners.model.FrameworkMethod.invokeExplosively(FrameworkMethod.java:44)
	at org.junit.internal.runners.statements.InvokeMethod.evaluate(InvokeMethod.java:17)
	at org.junit.internal.runners.statements.RunBefores.evaluate(RunBefores.java:26)
	at org.springframework.test.context.junit4.statements.RunBeforeTestMethodCallbacks.evaluate(RunBeforeTestMethodCallbacks.java:74)
	at org.junit.internal.runners.statements.RunAfters.evaluate(RunAfters.java:27)
	at org.springframework.test.context.junit4.statements.RunAfterTestMethodCallbacks.evaluate(RunAfterTestMethodCallbacks.java:83)
	at org.springframework.test.context.junit4.statements.SpringRepeat.evaluate(SpringRepeat.java:72)
	at org.springframework.test.context.junit4.SpringJUnit4ClassRunner.runChild(SpringJUnit4ClassRunner.java:233)
	at org.springframework.test.context.junit4.SpringJUnit4ClassRunner.runChild(SpringJUnit4ClassRunner.java:87)
	at org.junit.runners.ParentRunner$3.run(ParentRunner.java:238)
	at org.junit.runners.ParentRunner$1.schedule(ParentRunner.java:63)
	at org.junit.runners.ParentRunner.runChildren(ParentRunner.java:236)
	at org.junit.runners.ParentRunner.access$000(ParentRunner.java:53)
	at org.junit.runners.ParentRunner$2.evaluate(ParentRunner.java:229)
	at org.junit.internal.runners.statements.RunBefores.evaluate(RunBefores.java:26)
	at org.springframework.test.context.junit4.statements.RunBeforeTestClassCallbacks.evaluate(RunBeforeTestClassCallbacks.java:61)
	at org.springframework.test.context.junit4.statements.RunAfterTestClassCallbacks.evaluate(RunAfterTestClassCallbacks.java:71)
	at org.junit.runners.ParentRunner.run(ParentRunner.java:309)
	at org.springframework.test.context.junit4.SpringJUnit4ClassRunner.run(SpringJUnit4ClassRunner.java:176)
	at org.gradle.api.internal.tasks.testing.junit.JUnitTestClassExecuter.runTestClass(JUnitTestClassExecuter.java:86)
	at org.gradle.api.internal.tasks.testing.junit.JUnitTestClassExecuter.execute(JUnitTestClassExecuter.java:49)
	at org.gradle.api.internal.tasks.testing.junit.JUnitTestClassProcessor.processTestClass(JUnitTestClassProcessor.java:64)
	at org.gradle.api.internal.tasks.testing.SuiteTestClassProcessor.processTestClass(SuiteTestClassProcessor.java:50)
	at sun.reflect.GeneratedMethodAccessor105.invoke(Unknown Source)
	at sun.reflect.DelegatingMethodAccessorImpl.invoke(DelegatingMethodAccessorImpl.java:43)
	at java.lang.reflect.Method.invoke(Method.java:606)
	at org.gradle.messaging.dispatch.ReflectionDispatch.dispatch(ReflectionDispatch.java:35)
	at org.gradle.messaging.dispatch.ReflectionDispatch.dispatch(ReflectionDispatch.java:24)
	at org.gradle.messaging.dispatch.ContextClassLoaderDispatch.dispatch(ContextClassLoaderDispatch.java:32)
	at org.gradle.messaging.dispatch.ProxyDispatchAdapter$DispatchingInvocationHandler.invoke(ProxyDispatchAdapter.java:93)
	at com.sun.proxy.$Proxy2.processTestClass(Unknown Source)
	at org.gradle.api.internal.tasks.testing.worker.TestWorker.processTestClass(TestWorker.java:106)
	at sun.reflect.GeneratedMethodAccessor104.invoke(Unknown Source)
	at sun.reflect.DelegatingMethodAccessorImpl.invoke(DelegatingMethodAccessorImpl.java:43)
	at java.lang.reflect.Method.invoke(Method.java:606)
	at org.gradle.messaging.dispatch.ReflectionDispatch.dispatch(ReflectionDispatch.java:35)
	at org.gradle.messaging.dispatch.ReflectionDispatch.dispatch(ReflectionDispatch.java:24)
	at org.gradle.messaging.remote.internal.hub.MessageHub$Handler.run(MessageHub.java:360)
	at org.gradle.internal.concurrent.DefaultExecutorFactory$StoppableExecutorImpl$1.run(DefaultExecutorFactory.java:64)
	at java.util.concurrent.ThreadPoolExecutor.runWorker(ThreadPoolExecutor.java:1145)
	at java.util.concurrent.ThreadPoolExecutor$Worker.run(ThreadPoolExecutor.java:615)
	at java.lang.Thread.run(Thread.java:745)
ContactType.contactTypeDesc size must be between 0 and 256
java.lang.SecurityException: ContactType.contactTypeDesc size must be between 0 and 256
	at com.athena.server.pluggable.utils.helper.EntityValidatorHelper.validateEntity(EntityValidatorHelper.java:37)
	at com.app.shared.organization.contactmanagement.ContactType.isValid(ContactType.java:163)
	at com.app.server.service.organization.contactmanagement.ContactTypeTestCase.validateContactType(ContactTypeTestCase.java:179)
	at com.app.server.service.organization.contactmanagement.ContactTypeTestCase.test5NegativeTesting(ContactTypeTestCase.java:224)
	at sun.reflect.NativeMethodAccessorImpl.invoke0(Native Method)
	at sun.reflect.NativeMethodAccessorImpl.invoke(NativeMethodAccessorImpl.java:57)
	at sun.reflect.DelegatingMethodAccessorImpl.invoke(DelegatingMethodAccessorImpl.java:43)
	at java.lang.reflect.Method.invoke(Method.java:606)
	at org.junit.runners.model.FrameworkMethod$1.runReflectiveCall(FrameworkMethod.java:47)
	at org.junit.internal.runners.model.ReflectiveCallable.run(ReflectiveCallable.java:12)
	at org.junit.runners.model.FrameworkMethod.invokeExplosively(FrameworkMethod.java:44)
	at org.junit.internal.runners.statements.InvokeMethod.evaluate(InvokeMethod.java:17)
	at org.junit.internal.runners.statements.RunBefores.evaluate(RunBefores.java:26)
	at org.springframework.test.context.junit4.statements.RunBeforeTestMethodCallbacks.evaluate(RunBeforeTestMethodCallbacks.java:74)
	at org.junit.internal.runners.statements.RunAfters.evaluate(RunAfters.java:27)
	at org.springframework.test.context.junit4.statements.RunAfterTestMethodCallbacks.evaluate(RunAfterTestMethodCallbacks.java:83)
	at org.springframework.test.context.junit4.statements.SpringRepeat.evaluate(SpringRepeat.java:72)
	at org.springframework.test.context.junit4.SpringJUnit4ClassRunner.runChild(SpringJUnit4ClassRunner.java:233)
	at org.springframework.test.context.junit4.SpringJUnit4ClassRunner.runChild(SpringJUnit4ClassRunner.java:87)
	at org.junit.runners.ParentRunner$3.run(ParentRunner.java:238)
	at org.junit.runners.ParentRunner$1.schedule(ParentRunner.java:63)
	at org.junit.runners.ParentRunner.runChildren(ParentRunner.java:236)
	at org.junit.runners.ParentRunner.access$000(ParentRunner.java:53)
	at org.junit.runners.ParentRunner$2.evaluate(ParentRunner.java:229)
	at org.junit.internal.runners.statements.RunBefores.evaluate(RunBefores.java:26)
	at org.springframework.test.context.junit4.statements.RunBeforeTestClassCallbacks.evaluate(RunBeforeTestClassCallbacks.java:61)
	at org.springframework.test.context.junit4.statements.RunAfterTestClassCallbacks.evaluate(RunAfterTestClassCallbacks.java:71)
	at org.junit.runners.ParentRunner.run(ParentRunner.java:309)
	at org.springframework.test.context.junit4.SpringJUnit4ClassRunner.run(SpringJUnit4ClassRunner.java:176)
	at org.gradle.api.internal.tasks.testing.junit.JUnitTestClassExecuter.runTestClass(JUnitTestClassExecuter.java:86)
	at org.gradle.api.internal.tasks.testing.junit.JUnitTestClassExecuter.execute(JUnitTestClassExecuter.java:49)
	at org.gradle.api.internal.tasks.testing.junit.JUnitTestClassProcessor.processTestClass(JUnitTestClassProcessor.java:64)
	at org.gradle.api.internal.tasks.testing.SuiteTestClassProcessor.processTestClass(SuiteTestClassProcessor.java:50)
	at sun.reflect.GeneratedMethodAccessor105.invoke(Unknown Source)
	at sun.reflect.DelegatingMethodAccessorImpl.invoke(DelegatingMethodAccessorImpl.java:43)
	at java.lang.reflect.Method.invoke(Method.java:606)
	at org.gradle.messaging.dispatch.ReflectionDispatch.dispatch(ReflectionDispatch.java:35)
	at org.gradle.messaging.dispatch.ReflectionDispatch.dispatch(ReflectionDispatch.java:24)
	at org.gradle.messaging.dispatch.ContextClassLoaderDispatch.dispatch(ContextClassLoaderDispatch.java:32)
	at org.gradle.messaging.dispatch.ProxyDispatchAdapter$DispatchingInvocationHandler.invoke(ProxyDispatchAdapter.java:93)
	at com.sun.proxy.$Proxy2.processTestClass(Unknown Source)
	at org.gradle.api.internal.tasks.testing.worker.TestWorker.processTestClass(TestWorker.java:106)
	at sun.reflect.GeneratedMethodAccessor104.invoke(Unknown Source)
	at sun.reflect.DelegatingMethodAccessorImpl.invoke(DelegatingMethodAccessorImpl.java:43)
	at java.lang.reflect.Method.invoke(Method.java:606)
	at org.gradle.messaging.dispatch.ReflectionDispatch.dispatch(ReflectionDispatch.java:35)
	at org.gradle.messaging.dispatch.ReflectionDispatch.dispatch(ReflectionDispatch.java:24)
	at org.gradle.messaging.remote.internal.hub.MessageHub$Handler.run(MessageHub.java:360)
	at org.gradle.internal.concurrent.DefaultExecutorFactory$StoppableExecutorImpl$1.run(DefaultExecutorFactory.java:64)
	at java.util.concurrent.ThreadPoolExecutor.runWorker(ThreadPoolExecutor.java:1145)
	at java.util.concurrent.ThreadPoolExecutor$Worker.run(ThreadPoolExecutor.java:615)
	at java.lang.Thread.run(Thread.java:745)
ContactType.contactTypeIcon size must be between 0 and 128
java.lang.SecurityException: ContactType.contactTypeIcon size must be between 0 and 128
	at com.athena.server.pluggable.utils.helper.EntityValidatorHelper.validateEntity(EntityValidatorHelper.java:37)
	at com.app.shared.organization.contactmanagement.ContactType.isValid(ContactType.java:163)
	at com.app.server.service.organization.contactmanagement.ContactTypeTestCase.validateContactType(ContactTypeTestCase.java:179)
	at com.app.server.service.organization.contactmanagement.ContactTypeTestCase.test5NegativeTesting(ContactTypeTestCase.java:229)
	at sun.reflect.NativeMethodAccessorImpl.invoke0(Native Method)
	at sun.reflect.NativeMethodAccessorImpl.invoke(NativeMethodAccessorImpl.java:57)
	at sun.reflect.DelegatingMethodAccessorImpl.invoke(DelegatingMethodAccessorImpl.java:43)
	at java.lang.reflect.Method.invoke(Method.java:606)
	at org.junit.runners.model.FrameworkMethod$1.runReflectiveCall(FrameworkMethod.java:47)
	at org.junit.internal.runners.model.ReflectiveCallable.run(ReflectiveCallable.java:12)
	at org.junit.runners.model.FrameworkMethod.invokeExplosively(FrameworkMethod.java:44)
	at org.junit.internal.runners.statements.InvokeMethod.evaluate(InvokeMethod.java:17)
	at org.junit.internal.runners.statements.RunBefores.evaluate(RunBefores.java:26)
	at org.springframework.test.context.junit4.statements.RunBeforeTestMethodCallbacks.evaluate(RunBeforeTestMethodCallbacks.java:74)
	at org.junit.internal.runners.statements.RunAfters.evaluate(RunAfters.java:27)
	at org.springframework.test.context.junit4.statements.RunAfterTestMethodCallbacks.evaluate(RunAfterTestMethodCallbacks.java:83)
	at org.springframework.test.context.junit4.statements.SpringRepeat.evaluate(SpringRepeat.java:72)
	at org.springframework.test.context.junit4.SpringJUnit4ClassRunner.runChild(SpringJUnit4ClassRunner.java:233)
	at org.springframework.test.context.junit4.SpringJUnit4ClassRunner.runChild(SpringJUnit4ClassRunner.java:87)
	at org.junit.runners.ParentRunner$3.run(ParentRunner.java:238)
	at org.junit.runners.ParentRunner$1.schedule(ParentRunner.java:63)
	at org.junit.runners.ParentRunner.runChildren(ParentRunner.java:236)
	at org.junit.runners.ParentRunner.access$000(ParentRunner.java:53)
	at org.junit.runners.ParentRunner$2.evaluate(ParentRunner.java:229)
	at org.junit.internal.runners.statements.RunBefores.evaluate(RunBefores.java:26)
	at org.springframework.test.context.junit4.statements.RunBeforeTestClassCallbacks.evaluate(RunBeforeTestClassCallbacks.java:61)
	at org.springframework.test.context.junit4.statements.RunAfterTestClassCallbacks.evaluate(RunAfterTestClassCallbacks.java:71)
	at org.junit.runners.ParentRunner.run(ParentRunner.java:309)
	at org.springframework.test.context.junit4.SpringJUnit4ClassRunner.run(SpringJUnit4ClassRunner.java:176)
	at org.gradle.api.internal.tasks.testing.junit.JUnitTestClassExecuter.runTestClass(JUnitTestClassExecuter.java:86)
	at org.gradle.api.internal.tasks.testing.junit.JUnitTestClassExecuter.execute(JUnitTestClassExecuter.java:49)
	at org.gradle.api.internal.tasks.testing.junit.JUnitTestClassProcessor.processTestClass(JUnitTestClassProcessor.java:64)
	at org.gradle.api.internal.tasks.testing.SuiteTestClassProcessor.processTestClass(SuiteTestClassProcessor.java:50)
	at sun.reflect.GeneratedMethodAccessor105.invoke(Unknown Source)
	at sun.reflect.DelegatingMethodAccessorImpl.invoke(DelegatingMethodAccessorImpl.java:43)
	at java.lang.reflect.Method.invoke(Method.java:606)
	at org.gradle.messaging.dispatch.ReflectionDispatch.dispatch(ReflectionDispatch.java:35)
	at org.gradle.messaging.dispatch.ReflectionDispatch.dispatch(ReflectionDispatch.java:24)
	at org.gradle.messaging.dispatch.ContextClassLoaderDispatch.dispatch(ContextClassLoaderDispatch.java:32)
	at org.gradle.messaging.dispatch.ProxyDispatchAdapter$DispatchingInvocationHandler.invoke(ProxyDispatchAdapter.java:93)
	at com.sun.proxy.$Proxy2.processTestClass(Unknown Source)
	at org.gradle.api.internal.tasks.testing.worker.TestWorker.processTestClass(TestWorker.java:106)
	at sun.reflect.GeneratedMethodAccessor104.invoke(Unknown Source)
	at sun.reflect.DelegatingMethodAccessorImpl.invoke(DelegatingMethodAccessorImpl.java:43)
	at java.lang.reflect.Method.invoke(Method.java:606)
	at org.gradle.messaging.dispatch.ReflectionDispatch.dispatch(ReflectionDispatch.java:35)
	at org.gradle.messaging.dispatch.ReflectionDispatch.dispatch(ReflectionDispatch.java:24)
	at org.gradle.messaging.remote.internal.hub.MessageHub$Handler.run(MessageHub.java:360)
	at org.gradle.internal.concurrent.DefaultExecutorFactory$StoppableExecutorImpl$1.run(DefaultExecutorFactory.java:64)
	at java.util.concurrent.ThreadPoolExecutor.runWorker(ThreadPoolExecutor.java:1145)
	at java.util.concurrent.ThreadPoolExecutor$Worker.run(ThreadPoolExecutor.java:615)
	at java.lang.Thread.run(Thread.java:745)
]]></system-err>
</testsuite>
