<?xml version="1.0" encoding="UTF-8"?>
<testsuite name="com.app.server.service.organization.contactmanagement.CommunicationGroupTestCase" tests="5" skipped="0" failures="0" errors="0" timestamp="2016-06-29T08:25:16" hostname="f4c97bdd9de9" time="0.141">
  <properties/>
  <testcase name="test1Save" classname="com.app.server.service.organization.contactmanagement.CommunicationGroupTestCase" time="0.089"/>
  <testcase name="test2Update" classname="com.app.server.service.organization.contactmanagement.CommunicationGroupTestCase" time="0.02"/>
  <testcase name="test3FindById" classname="com.app.server.service.organization.contactmanagement.CommunicationGroupTestCase" time="0.009"/>
  <testcase name="test5NegativeTesting" classname="com.app.server.service.organization.contactmanagement.CommunicationGroupTestCase" time="0.01"/>
  <testcase name="test6Delete" classname="com.app.server.service.organization.contactmanagement.CommunicationGroupTestCase" time="0.013"/>
  <system-out><![CDATA[Wed Jun 29 08:25:16 UTC 2016|Log Manager Factory|Initialization Process started.....
Wed Jun 29 08:25:16 UTC 2016|Log Manager|Initialized with Path = [/home/applifire/workspace/newtest1/src/main/webapp/WEB-INF/conf]
Wed Jun 29 08:25:16 UTC 2016|Alarm Manager|Initialized with Path = [/home/applifire/workspace/newtest1/src/main/webapp/WEB-INF/conf]
Wed Jun 29 08:25:16 UTC 2016|Alarm Manager|Loading Alarms ......
Wed Jun 29 08:25:16 UTC 2016|Alarm XML Parser|FWA|XML Parsing Complete........ 
Wed Jun 29 08:25:16 UTC 2016|Alarm File Manager|FWA|Alarm File Status.. [ApplicationFrameworkAlarms.xml]|Version=15|Status=Done 
Wed Jun 29 08:25:16 UTC 2016|Alarm File Manager|FWA|Alarm Stats = ( BC/AL=4/676 SYS=4/10 [676/0]  TPL=0/0 [0/0]  APP= A.Map=[759]  E.Map EC/RC=[322/67] )
Wed Jun 29 08:25:16 UTC 2016|Alarm XML Parser|APP|XML Parsing Complete........ 
Wed Jun 29 08:25:16 UTC 2016|Alarm File Manager|APP|Alarm File Status.. [ApplicationAlarms.xml]|Version=1|Status=Done 
Wed Jun 29 08:25:16 UTC 2016|Alarm File Manager|APP|Alarm Stats = ( BC/AL=4/676 SYS=4/10 [676/0]  TPL=0/0 [0/0]  APP=0/0 [0/0]  A.Map=[759]  E.Map EC/RC=[322/67] )
Wed Jun 29 08:25:16 UTC 2016|ApplicationAlarmContext| <><><><><> Create App Alarms ....  <><><><><> 
Wed Jun 29 08:25:16 UTC 2016|ApplicationAlarmContext|Alarms are generated ONLY in Development Mode.. 
Wed Jun 29 08:25:16 UTC 2016|Alarm Manager|APP|Alarm Stats = ( BC/AL=4/676 SYS=4/10 [676/0]  TPL=0/0 [0/0]  APP=0/0 [0/0]  A.Map=[759]  E.Map EC/RC=[322/67] )
Wed Jun 29 08:25:16 UTC 2016|Alarm Manager|Initialized Exception Lookup...
Wed Jun 29 08:25:16 UTC 2016|Log Manager|Initialize Log Config File ......
Wed Jun 29 08:25:16 UTC 2016|Pluggable Connectors|Adding Connectors : StandardOutputConnector isEnabled=true isDefault=false isFallBack=true
Wed Jun 29 08:25:16 UTC 2016|Pluggable Connectors|Adding Connectors : StandardFileConnector isEnabled=true isDefault=false isFallBack=false
Wed Jun 29 08:25:16 UTC 2016|Pluggable Connectors|Adding Connectors : Sprinkler isEnabled=true isDefault=true isFallBack=false
Wed Jun 29 08:25:16 UTC 2016|Pluggable Connectors|Default Connector Name : com.spartan.logger.core.LogMessenger
Wed Jun 29 08:25:16 UTC 2016|Log Config Parser|Connector Least Log Level =[4]  FallBack Log Level =[3]
Wed Jun 29 08:25:16 UTC 2016|Log Manager|Loading Default Connector for Logging ......
Wed Jun 29 08:25:16 UTC 2016|Log Manager|Loading class .. com.spartan.logger.core.LogMessenger
Wed Jun 29 08:25:16 UTC 2016|Plugggable Connector|Connector class com.spartan.logger.core.LogMessenger Initialized... @ Log Level = 3
Wed Jun 29 08:25:16 UTC 2016|Log Manager|Starting the Default Connector [com.spartan.logger.core.LogMessenger@79356efa] ....
Wed Jun 29 08:25:16 UTC 2016|Scheduler|Starting the Scheduler ......
Wed Jun 29 08:25:16 UTC 2016|Scheduler|Adding [LMID=[5d52d36d-00f8-4e5f-abb6-f05e0aef71ec]] Delay=5 Time Unit=MINUTES
Wed Jun 29 08:25:16 UTC 2016|Scheduler|Adding [App Alarm Manager File=[ApplicationAlarms.xml]] Delay=30 Time Unit=MINUTES
Wed Jun 29 08:25:16 UTC 2016|Scheduler|Adding [FW Alarm Manager File=[ApplicationFrameworkAlarms.xml]] Delay=3 Time Unit=MINUTES
Wed Jun 29 08:25:16 UTC 2016|Scheduler|Startup Completed..
Wed Jun 29 08:25:16 UTC 2016|Log Manager|Initialization Process Complete ......
Wed Jun 29 08:25:16 UTC 2016|Log Manager Factory|Log Manager READY! ID = 5d52d36d-00f8-4e5f-abb6-f05e0aef71ec
Setting logged in user info for ADD
[EL Finer]: connection: 2016-06-29 08:25:16.064--ServerSession(1088819099)--Thread(Thread[Test worker,5,main])--client acquired: 1870910392
[EL Finer]: transaction: 2016-06-29 08:25:16.065--ClientSession(1870910392)--Thread(Thread[Test worker,5,main])--acquire unit of work: 935398970
[EL Finest]: connection: 2016-06-29 08:25:16.065--ServerSession(1088819099)--Connection(1670192750)--Thread(Thread[Test worker,5,main])--Connection acquired from connection pool [default].
[EL Finer]: transaction: 2016-06-29 08:25:16.065--ClientSession(1870910392)--Connection(1670192750)--Thread(Thread[Test worker,5,main])--begin transaction
[EL Finest]: connection: 2016-06-29 08:25:16.065--ClientSession(1870910392)--Thread(Thread[Test worker,5,main])--reconnecting to external connection pool
[EL Finest]: transaction: 2016-06-29 08:25:16.066--UnitOfWork(935398970)--Thread(Thread[Test worker,5,main])--persist() operation called on: IpF1Q27gXJZJ1RSZYqsmrZyRMaABTgKfzdSmiIhOIxOgCLqfUE.
[EL Finest]: sequencing: 2016-06-29 08:25:16.066--UnitOfWork(935398970)--Thread(Thread[Test worker,5,main])--assign sequence to the object (1B4F6EDF-ECAB-439F-9FBF-50ED68052ABE -> IpF1Q27gXJZJ1RSZYqsmrZyRMaABTgKfzdSmiIhOIxOgCLqfUE)
[EL Finer]: transaction: 2016-06-29 08:25:16.067--UnitOfWork(935398970)--Thread(Thread[Test worker,5,main])--begin unit of work commit
[EL Finest]: query: 2016-06-29 08:25:16.067--UnitOfWork(935398970)--Thread(Thread[Test worker,5,main])--Execute query InsertObjectQuery(IpF1Q27gXJZJ1RSZYqsmrZyRMaABTgKfzdSmiIhOIxOgCLqfUE)
[EL Fine]: sql: 2016-06-29 08:25:16.067--ClientSession(1870910392)--Connection(780253381)--Thread(Thread[Test worker,5,main])--INSERT INTO ast_CommunicationGroup_M (commGroupId, commGroupDescription, commGroupName, versionId, createdBy, createdDate, updatedBy, updatedDate, activeStatus, txnAccessCode) VALUES (?, ?, ?, ?, ?, ?, ?, ?, ?, ?)
	bind => [1B4F6EDF-ECAB-439F-9FBF-50ED68052ABE, 5TbjxV1wpIs263SBhZiXQTfOBvQ3Fu7tdJ0MXcISUlA28OouY2, IpF1Q27gXJZJ1RSZYqsmrZyRMaABTgKfzdSmiIhOIxOgCLqfUE, 1, AAAAA, 2016-06-29 08:25:16.063, AAAAA, 2016-06-29 08:25:16.063, 1, 51000]
[EL Finer]: transaction: 2016-06-29 08:25:16.068--ClientSession(1870910392)--Connection(780253381)--Thread(Thread[Test worker,5,main])--commit transaction
[EL Finest]: connection: 2016-06-29 08:25:16.129--ServerSession(1088819099)--Connection(1670192750)--Thread(Thread[Test worker,5,main])--Connection released to connection pool [default].
[EL Finer]: transaction: 2016-06-29 08:25:16.129--UnitOfWork(935398970)--Thread(Thread[Test worker,5,main])--end unit of work commit
[EL Finer]: transaction: 2016-06-29 08:25:16.129--UnitOfWork(935398970)--Thread(Thread[Test worker,5,main])--resume unit of work
[EL Finer]: transaction: 2016-06-29 08:25:16.129--UnitOfWork(935398970)--Thread(Thread[Test worker,5,main])--release unit of work
[EL Finer]: connection: 2016-06-29 08:25:16.129--ClientSession(1870910392)--Thread(Thread[Test worker,5,main])--client released
[EL Finer]: connection: 2016-06-29 08:25:16.136--ServerSession(1088819099)--Thread(Thread[Test worker,5,main])--client acquired: 1241489488
[EL Finer]: transaction: 2016-06-29 08:25:16.136--ClientSession(1241489488)--Thread(Thread[Test worker,5,main])--acquire unit of work: 762710564
[EL Finest]: connection: 2016-06-29 08:25:16.136--ServerSession(1088819099)--Connection(546560205)--Thread(Thread[Test worker,5,main])--Connection acquired from connection pool [default].
[EL Finer]: transaction: 2016-06-29 08:25:16.136--ClientSession(1241489488)--Connection(546560205)--Thread(Thread[Test worker,5,main])--begin transaction
[EL Finest]: connection: 2016-06-29 08:25:16.136--ClientSession(1241489488)--Thread(Thread[Test worker,5,main])--reconnecting to external connection pool
[EL Finer]: transaction: 2016-06-29 08:25:16.138--UnitOfWork(762710564)--Thread(Thread[Test worker,5,main])--begin unit of work flush
[EL Finer]: transaction: 2016-06-29 08:25:16.138--UnitOfWork(762710564)--Thread(Thread[Test worker,5,main])--end unit of work flush
[EL Finest]: query: 2016-06-29 08:25:16.138--UnitOfWork(762710564)--Thread(Thread[Test worker,5,main])--Execute query ReadAllQuery(name="CommunicationGroup.findById" referenceClass=CommunicationGroup sql="SELECT commGroupId, commGroupDescription, commGroupName, versionId, createdBy, createdDate, updatedBy, updatedDate, activeStatus, txnAccessCode FROM ast_CommunicationGroup_M WHERE ((activeStatus = ?) AND (commGroupId = ?))")
[EL Fine]: sql: 2016-06-29 08:25:16.138--ClientSession(1241489488)--Connection(1713300079)--Thread(Thread[Test worker,5,main])--SELECT commGroupId, commGroupDescription, commGroupName, versionId, createdBy, createdDate, updatedBy, updatedDate, activeStatus, txnAccessCode FROM ast_CommunicationGroup_M WHERE ((activeStatus = ?) AND (commGroupId = ?))
	bind => [1, 1B4F6EDF-ECAB-439F-9FBF-50ED68052ABE]
[EL Finer]: transaction: 2016-06-29 08:25:16.14--UnitOfWork(762710564)--Thread(Thread[Test worker,5,main])--begin unit of work commit
[EL Finer]: transaction: 2016-06-29 08:25:16.14--ClientSession(1241489488)--Connection(1713300079)--Thread(Thread[Test worker,5,main])--commit transaction
[EL Finest]: connection: 2016-06-29 08:25:16.14--ServerSession(1088819099)--Connection(546560205)--Thread(Thread[Test worker,5,main])--Connection released to connection pool [default].
[EL Finer]: transaction: 2016-06-29 08:25:16.14--UnitOfWork(762710564)--Thread(Thread[Test worker,5,main])--end unit of work commit
[EL Finer]: transaction: 2016-06-29 08:25:16.14--UnitOfWork(762710564)--Thread(Thread[Test worker,5,main])--resume unit of work
[EL Finer]: transaction: 2016-06-29 08:25:16.141--UnitOfWork(762710564)--Thread(Thread[Test worker,5,main])--release unit of work
[EL Finer]: connection: 2016-06-29 08:25:16.141--ClientSession(1241489488)--Thread(Thread[Test worker,5,main])--client released
Setting logged in user info for UPDATE
[EL Finer]: connection: 2016-06-29 08:25:16.141--ServerSession(1088819099)--Thread(Thread[Test worker,5,main])--client acquired: 639778218
[EL Finer]: transaction: 2016-06-29 08:25:16.141--ClientSession(639778218)--Thread(Thread[Test worker,5,main])--acquire unit of work: 301889397
[EL Finest]: connection: 2016-06-29 08:25:16.141--ServerSession(1088819099)--Connection(1498721165)--Thread(Thread[Test worker,5,main])--Connection acquired from connection pool [default].
[EL Finer]: transaction: 2016-06-29 08:25:16.141--ClientSession(639778218)--Connection(1498721165)--Thread(Thread[Test worker,5,main])--begin transaction
[EL Finest]: connection: 2016-06-29 08:25:16.142--ClientSession(639778218)--Thread(Thread[Test worker,5,main])--reconnecting to external connection pool
[EL Finest]: transaction: 2016-06-29 08:25:16.143--UnitOfWork(301889397)--Thread(Thread[Test worker,5,main])--Merge clone with references 3rTewrDUrJiW99isktOKaJaGU7KppHT52cEWfbrdy1V6Vxzry7
[EL Finest]: query: 2016-06-29 08:25:16.144--UnitOfWork(301889397)--Thread(Thread[Test worker,5,main])--Execute query ReadObjectQuery(referenceClass=CommunicationGroup )
[EL Fine]: sql: 2016-06-29 08:25:16.144--ClientSession(639778218)--Connection(1763272278)--Thread(Thread[Test worker,5,main])--SELECT commGroupId, commGroupDescription, commGroupName, versionId, createdBy, createdDate, updatedBy, updatedDate, activeStatus, txnAccessCode FROM ast_CommunicationGroup_M WHERE (commGroupId = ?)
	bind => [1B4F6EDF-ECAB-439F-9FBF-50ED68052ABE]
[EL Finer]: transaction: 2016-06-29 08:25:16.145--UnitOfWork(301889397)--Thread(Thread[Test worker,5,main])--begin unit of work commit
[EL Finest]: query: 2016-06-29 08:25:16.145--UnitOfWork(301889397)--Thread(Thread[Test worker,5,main])--Execute query UpdateObjectQuery(3rTewrDUrJiW99isktOKaJaGU7KppHT52cEWfbrdy1V6Vxzry7)
[EL Fine]: sql: 2016-06-29 08:25:16.146--ClientSession(639778218)--Connection(1763272278)--Thread(Thread[Test worker,5,main])--UPDATE ast_CommunicationGroup_M SET commGroupDescription = ?, commGroupName = ?, versionId = ? WHERE ((commGroupId = ?) AND (versionId = ?))
	bind => [ME4UnmB2ec2VyhjoUYbHxqXBksoqnvrxSsAw7e0KfVBS0SOKPZ, 3rTewrDUrJiW99isktOKaJaGU7KppHT52cEWfbrdy1V6Vxzry7, 2, 1B4F6EDF-ECAB-439F-9FBF-50ED68052ABE, 1]
[EL Finer]: transaction: 2016-06-29 08:25:16.147--ClientSession(639778218)--Connection(1763272278)--Thread(Thread[Test worker,5,main])--commit transaction
[EL Finest]: connection: 2016-06-29 08:25:16.149--ServerSession(1088819099)--Connection(1498721165)--Thread(Thread[Test worker,5,main])--Connection released to connection pool [default].
[EL Finer]: transaction: 2016-06-29 08:25:16.149--UnitOfWork(301889397)--Thread(Thread[Test worker,5,main])--end unit of work commit
[EL Finer]: transaction: 2016-06-29 08:25:16.149--UnitOfWork(301889397)--Thread(Thread[Test worker,5,main])--resume unit of work
[EL Finer]: transaction: 2016-06-29 08:25:16.149--UnitOfWork(301889397)--Thread(Thread[Test worker,5,main])--release unit of work
[EL Finer]: connection: 2016-06-29 08:25:16.149--ClientSession(639778218)--Thread(Thread[Test worker,5,main])--client released
[EL Finer]: connection: 2016-06-29 08:25:16.155--ServerSession(1088819099)--Thread(Thread[Test worker,5,main])--client acquired: 730522265
[EL Finer]: transaction: 2016-06-29 08:25:16.155--ClientSession(730522265)--Thread(Thread[Test worker,5,main])--acquire unit of work: 723697956
[EL Finest]: connection: 2016-06-29 08:25:16.155--ServerSession(1088819099)--Connection(1991653531)--Thread(Thread[Test worker,5,main])--Connection acquired from connection pool [default].
[EL Finer]: transaction: 2016-06-29 08:25:16.156--ClientSession(730522265)--Connection(1991653531)--Thread(Thread[Test worker,5,main])--begin transaction
[EL Finest]: connection: 2016-06-29 08:25:16.156--ClientSession(730522265)--Thread(Thread[Test worker,5,main])--reconnecting to external connection pool
[EL Finer]: transaction: 2016-06-29 08:25:16.156--UnitOfWork(723697956)--Thread(Thread[Test worker,5,main])--begin unit of work flush
[EL Finer]: transaction: 2016-06-29 08:25:16.157--UnitOfWork(723697956)--Thread(Thread[Test worker,5,main])--end unit of work flush
[EL Finest]: query: 2016-06-29 08:25:16.157--UnitOfWork(723697956)--Thread(Thread[Test worker,5,main])--Execute query ReadAllQuery(name="CommunicationGroup.findById" referenceClass=CommunicationGroup sql="SELECT commGroupId, commGroupDescription, commGroupName, versionId, createdBy, createdDate, updatedBy, updatedDate, activeStatus, txnAccessCode FROM ast_CommunicationGroup_M WHERE ((activeStatus = ?) AND (commGroupId = ?))")
[EL Fine]: sql: 2016-06-29 08:25:16.157--ClientSession(730522265)--Connection(462282319)--Thread(Thread[Test worker,5,main])--SELECT commGroupId, commGroupDescription, commGroupName, versionId, createdBy, createdDate, updatedBy, updatedDate, activeStatus, txnAccessCode FROM ast_CommunicationGroup_M WHERE ((activeStatus = ?) AND (commGroupId = ?))
	bind => [1, 1B4F6EDF-ECAB-439F-9FBF-50ED68052ABE]
[EL Finer]: transaction: 2016-06-29 08:25:16.158--UnitOfWork(723697956)--Thread(Thread[Test worker,5,main])--begin unit of work commit
[EL Finer]: transaction: 2016-06-29 08:25:16.158--ClientSession(730522265)--Connection(462282319)--Thread(Thread[Test worker,5,main])--commit transaction
[EL Finest]: connection: 2016-06-29 08:25:16.159--ServerSession(1088819099)--Connection(1991653531)--Thread(Thread[Test worker,5,main])--Connection released to connection pool [default].
[EL Finer]: transaction: 2016-06-29 08:25:16.159--UnitOfWork(723697956)--Thread(Thread[Test worker,5,main])--end unit of work commit
[EL Finer]: transaction: 2016-06-29 08:25:16.159--UnitOfWork(723697956)--Thread(Thread[Test worker,5,main])--resume unit of work
[EL Finer]: transaction: 2016-06-29 08:25:16.159--UnitOfWork(723697956)--Thread(Thread[Test worker,5,main])--release unit of work
[EL Finer]: connection: 2016-06-29 08:25:16.159--ClientSession(730522265)--Thread(Thread[Test worker,5,main])--client released
[EL Finer]: connection: 2016-06-29 08:25:16.175--ServerSession(1088819099)--Thread(Thread[Test worker,5,main])--client acquired: 1002837938
[EL Finer]: transaction: 2016-06-29 08:25:16.175--ClientSession(1002837938)--Thread(Thread[Test worker,5,main])--acquire unit of work: 1245562310
[EL Finest]: connection: 2016-06-29 08:25:16.175--ServerSession(1088819099)--Connection(495153214)--Thread(Thread[Test worker,5,main])--Connection acquired from connection pool [default].
[EL Finer]: transaction: 2016-06-29 08:25:16.175--ClientSession(1002837938)--Connection(495153214)--Thread(Thread[Test worker,5,main])--begin transaction
[EL Finest]: connection: 2016-06-29 08:25:16.175--ClientSession(1002837938)--Thread(Thread[Test worker,5,main])--reconnecting to external connection pool
[EL Finest]: query: 2016-06-29 08:25:16.176--UnitOfWork(1245562310)--Thread(Thread[Test worker,5,main])--Execute query ReadObjectQuery(name="readCommunicationGroup" referenceClass=CommunicationGroup sql="SELECT commGroupId, commGroupDescription, commGroupName, versionId, createdBy, createdDate, updatedBy, updatedDate, activeStatus, txnAccessCode FROM ast_CommunicationGroup_M WHERE (commGroupId = ?)")
[EL Fine]: sql: 2016-06-29 08:25:16.176--ClientSession(1002837938)--Connection(1205897660)--Thread(Thread[Test worker,5,main])--SELECT commGroupId, commGroupDescription, commGroupName, versionId, createdBy, createdDate, updatedBy, updatedDate, activeStatus, txnAccessCode FROM ast_CommunicationGroup_M WHERE (commGroupId = ?)
	bind => [1B4F6EDF-ECAB-439F-9FBF-50ED68052ABE]
[EL Finest]: transaction: 2016-06-29 08:25:16.178--UnitOfWork(1245562310)--Thread(Thread[Test worker,5,main])--remove() operation called on: 3rTewrDUrJiW99isktOKaJaGU7KppHT52cEWfbrdy1V6Vxzry7
[EL Finer]: transaction: 2016-06-29 08:25:16.178--UnitOfWork(1245562310)--Thread(Thread[Test worker,5,main])--begin unit of work commit
[EL Finest]: query: 2016-06-29 08:25:16.178--UnitOfWork(1245562310)--Thread(Thread[Test worker,5,main])--Execute query DoesExistQuery(referenceClass=CommunicationGroup )
[EL Finest]: query: 2016-06-29 08:25:16.178--UnitOfWork(1245562310)--Thread(Thread[Test worker,5,main])--Execute query DeleteObjectQuery(3rTewrDUrJiW99isktOKaJaGU7KppHT52cEWfbrdy1V6Vxzry7)
[EL Fine]: sql: 2016-06-29 08:25:16.178--ClientSession(1002837938)--Connection(1205897660)--Thread(Thread[Test worker,5,main])--DELETE FROM ast_CommunicationGroup_M WHERE ((commGroupId = ?) AND (versionId = ?))
	bind => [1B4F6EDF-ECAB-439F-9FBF-50ED68052ABE, 2]
[EL Finer]: transaction: 2016-06-29 08:25:16.179--ClientSession(1002837938)--Connection(1205897660)--Thread(Thread[Test worker,5,main])--commit transaction
[EL Finest]: connection: 2016-06-29 08:25:16.182--ServerSession(1088819099)--Connection(495153214)--Thread(Thread[Test worker,5,main])--Connection released to connection pool [default].
[EL Finer]: transaction: 2016-06-29 08:25:16.182--UnitOfWork(1245562310)--Thread(Thread[Test worker,5,main])--end unit of work commit
[EL Finer]: transaction: 2016-06-29 08:25:16.182--UnitOfWork(1245562310)--Thread(Thread[Test worker,5,main])--resume unit of work
[EL Finer]: transaction: 2016-06-29 08:25:16.182--UnitOfWork(1245562310)--Thread(Thread[Test worker,5,main])--release unit of work
[EL Finer]: connection: 2016-06-29 08:25:16.182--ClientSession(1002837938)--Thread(Thread[Test worker,5,main])--client released
]]></system-out>
  <system-err><![CDATA[CommunicationGroup.commGroupName may not be null
java.lang.SecurityException: CommunicationGroup.commGroupName may not be null
	at com.athena.server.pluggable.utils.helper.EntityValidatorHelper.validateEntity(EntityValidatorHelper.java:37)
	at com.app.shared.organization.contactmanagement.CommunicationGroup.isValid(CommunicationGroup.java:150)
	at com.app.server.service.organization.contactmanagement.CommunicationGroupTestCase.validateCommunicationGroup(CommunicationGroupTestCase.java:179)
	at com.app.server.service.organization.contactmanagement.CommunicationGroupTestCase.test5NegativeTesting(CommunicationGroupTestCase.java:211)
	at sun.reflect.NativeMethodAccessorImpl.invoke0(Native Method)
	at sun.reflect.NativeMethodAccessorImpl.invoke(NativeMethodAccessorImpl.java:57)
	at sun.reflect.DelegatingMethodAccessorImpl.invoke(DelegatingMethodAccessorImpl.java:43)
	at java.lang.reflect.Method.invoke(Method.java:606)
	at org.junit.runners.model.FrameworkMethod$1.runReflectiveCall(FrameworkMethod.java:47)
	at org.junit.internal.runners.model.ReflectiveCallable.run(ReflectiveCallable.java:12)
	at org.junit.runners.model.FrameworkMethod.invokeExplosively(FrameworkMethod.java:44)
	at org.junit.internal.runners.statements.InvokeMethod.evaluate(InvokeMethod.java:17)
	at org.junit.internal.runners.statements.RunBefores.evaluate(RunBefores.java:26)
	at org.springframework.test.context.junit4.statements.RunBeforeTestMethodCallbacks.evaluate(RunBeforeTestMethodCallbacks.java:74)
	at org.junit.internal.runners.statements.RunAfters.evaluate(RunAfters.java:27)
	at org.springframework.test.context.junit4.statements.RunAfterTestMethodCallbacks.evaluate(RunAfterTestMethodCallbacks.java:83)
	at org.springframework.test.context.junit4.statements.SpringRepeat.evaluate(SpringRepeat.java:72)
	at org.springframework.test.context.junit4.SpringJUnit4ClassRunner.runChild(SpringJUnit4ClassRunner.java:233)
	at org.springframework.test.context.junit4.SpringJUnit4ClassRunner.runChild(SpringJUnit4ClassRunner.java:87)
	at org.junit.runners.ParentRunner$3.run(ParentRunner.java:238)
	at org.junit.runners.ParentRunner$1.schedule(ParentRunner.java:63)
	at org.junit.runners.ParentRunner.runChildren(ParentRunner.java:236)
	at org.junit.runners.ParentRunner.access$000(ParentRunner.java:53)
	at org.junit.runners.ParentRunner$2.evaluate(ParentRunner.java:229)
	at org.junit.internal.runners.statements.RunBefores.evaluate(RunBefores.java:26)
	at org.springframework.test.context.junit4.statements.RunBeforeTestClassCallbacks.evaluate(RunBeforeTestClassCallbacks.java:61)
	at org.springframework.test.context.junit4.statements.RunAfterTestClassCallbacks.evaluate(RunAfterTestClassCallbacks.java:71)
	at org.junit.runners.ParentRunner.run(ParentRunner.java:309)
	at org.springframework.test.context.junit4.SpringJUnit4ClassRunner.run(SpringJUnit4ClassRunner.java:176)
	at org.gradle.api.internal.tasks.testing.junit.JUnitTestClassExecuter.runTestClass(JUnitTestClassExecuter.java:86)
	at org.gradle.api.internal.tasks.testing.junit.JUnitTestClassExecuter.execute(JUnitTestClassExecuter.java:49)
	at org.gradle.api.internal.tasks.testing.junit.JUnitTestClassProcessor.processTestClass(JUnitTestClassProcessor.java:64)
	at org.gradle.api.internal.tasks.testing.SuiteTestClassProcessor.processTestClass(SuiteTestClassProcessor.java:50)
	at sun.reflect.GeneratedMethodAccessor105.invoke(Unknown Source)
	at sun.reflect.DelegatingMethodAccessorImpl.invoke(DelegatingMethodAccessorImpl.java:43)
	at java.lang.reflect.Method.invoke(Method.java:606)
	at org.gradle.messaging.dispatch.ReflectionDispatch.dispatch(ReflectionDispatch.java:35)
	at org.gradle.messaging.dispatch.ReflectionDispatch.dispatch(ReflectionDispatch.java:24)
	at org.gradle.messaging.dispatch.ContextClassLoaderDispatch.dispatch(ContextClassLoaderDispatch.java:32)
	at org.gradle.messaging.dispatch.ProxyDispatchAdapter$DispatchingInvocationHandler.invoke(ProxyDispatchAdapter.java:93)
	at com.sun.proxy.$Proxy2.processTestClass(Unknown Source)
	at org.gradle.api.internal.tasks.testing.worker.TestWorker.processTestClass(TestWorker.java:106)
	at sun.reflect.GeneratedMethodAccessor104.invoke(Unknown Source)
	at sun.reflect.DelegatingMethodAccessorImpl.invoke(DelegatingMethodAccessorImpl.java:43)
	at java.lang.reflect.Method.invoke(Method.java:606)
	at org.gradle.messaging.dispatch.ReflectionDispatch.dispatch(ReflectionDispatch.java:35)
	at org.gradle.messaging.dispatch.ReflectionDispatch.dispatch(ReflectionDispatch.java:24)
	at org.gradle.messaging.remote.internal.hub.MessageHub$Handler.run(MessageHub.java:360)
	at org.gradle.internal.concurrent.DefaultExecutorFactory$StoppableExecutorImpl$1.run(DefaultExecutorFactory.java:64)
	at java.util.concurrent.ThreadPoolExecutor.runWorker(ThreadPoolExecutor.java:1145)
	at java.util.concurrent.ThreadPoolExecutor$Worker.run(ThreadPoolExecutor.java:615)
	at java.lang.Thread.run(Thread.java:745)
CommunicationGroup.commGroupName size must be between 0 and 128
java.lang.SecurityException: CommunicationGroup.commGroupName size must be between 0 and 128
	at com.athena.server.pluggable.utils.helper.EntityValidatorHelper.validateEntity(EntityValidatorHelper.java:37)
	at com.app.shared.organization.contactmanagement.CommunicationGroup.isValid(CommunicationGroup.java:150)
	at com.app.server.service.organization.contactmanagement.CommunicationGroupTestCase.validateCommunicationGroup(CommunicationGroupTestCase.java:177)
	at com.app.server.service.organization.contactmanagement.CommunicationGroupTestCase.test5NegativeTesting(CommunicationGroupTestCase.java:216)
	at sun.reflect.NativeMethodAccessorImpl.invoke0(Native Method)
	at sun.reflect.NativeMethodAccessorImpl.invoke(NativeMethodAccessorImpl.java:57)
	at sun.reflect.DelegatingMethodAccessorImpl.invoke(DelegatingMethodAccessorImpl.java:43)
	at java.lang.reflect.Method.invoke(Method.java:606)
	at org.junit.runners.model.FrameworkMethod$1.runReflectiveCall(FrameworkMethod.java:47)
	at org.junit.internal.runners.model.ReflectiveCallable.run(ReflectiveCallable.java:12)
	at org.junit.runners.model.FrameworkMethod.invokeExplosively(FrameworkMethod.java:44)
	at org.junit.internal.runners.statements.InvokeMethod.evaluate(InvokeMethod.java:17)
	at org.junit.internal.runners.statements.RunBefores.evaluate(RunBefores.java:26)
	at org.springframework.test.context.junit4.statements.RunBeforeTestMethodCallbacks.evaluate(RunBeforeTestMethodCallbacks.java:74)
	at org.junit.internal.runners.statements.RunAfters.evaluate(RunAfters.java:27)
	at org.springframework.test.context.junit4.statements.RunAfterTestMethodCallbacks.evaluate(RunAfterTestMethodCallbacks.java:83)
	at org.springframework.test.context.junit4.statements.SpringRepeat.evaluate(SpringRepeat.java:72)
	at org.springframework.test.context.junit4.SpringJUnit4ClassRunner.runChild(SpringJUnit4ClassRunner.java:233)
	at org.springframework.test.context.junit4.SpringJUnit4ClassRunner.runChild(SpringJUnit4ClassRunner.java:87)
	at org.junit.runners.ParentRunner$3.run(ParentRunner.java:238)
	at org.junit.runners.ParentRunner$1.schedule(ParentRunner.java:63)
	at org.junit.runners.ParentRunner.runChildren(ParentRunner.java:236)
	at org.junit.runners.ParentRunner.access$000(ParentRunner.java:53)
	at org.junit.runners.ParentRunner$2.evaluate(ParentRunner.java:229)
	at org.junit.internal.runners.statements.RunBefores.evaluate(RunBefores.java:26)
	at org.springframework.test.context.junit4.statements.RunBeforeTestClassCallbacks.evaluate(RunBeforeTestClassCallbacks.java:61)
	at org.springframework.test.context.junit4.statements.RunAfterTestClassCallbacks.evaluate(RunAfterTestClassCallbacks.java:71)
	at org.junit.runners.ParentRunner.run(ParentRunner.java:309)
	at org.springframework.test.context.junit4.SpringJUnit4ClassRunner.run(SpringJUnit4ClassRunner.java:176)
	at org.gradle.api.internal.tasks.testing.junit.JUnitTestClassExecuter.runTestClass(JUnitTestClassExecuter.java:86)
	at org.gradle.api.internal.tasks.testing.junit.JUnitTestClassExecuter.execute(JUnitTestClassExecuter.java:49)
	at org.gradle.api.internal.tasks.testing.junit.JUnitTestClassProcessor.processTestClass(JUnitTestClassProcessor.java:64)
	at org.gradle.api.internal.tasks.testing.SuiteTestClassProcessor.processTestClass(SuiteTestClassProcessor.java:50)
	at sun.reflect.GeneratedMethodAccessor105.invoke(Unknown Source)
	at sun.reflect.DelegatingMethodAccessorImpl.invoke(DelegatingMethodAccessorImpl.java:43)
	at java.lang.reflect.Method.invoke(Method.java:606)
	at org.gradle.messaging.dispatch.ReflectionDispatch.dispatch(ReflectionDispatch.java:35)
	at org.gradle.messaging.dispatch.ReflectionDispatch.dispatch(ReflectionDispatch.java:24)
	at org.gradle.messaging.dispatch.ContextClassLoaderDispatch.dispatch(ContextClassLoaderDispatch.java:32)
	at org.gradle.messaging.dispatch.ProxyDispatchAdapter$DispatchingInvocationHandler.invoke(ProxyDispatchAdapter.java:93)
	at com.sun.proxy.$Proxy2.processTestClass(Unknown Source)
	at org.gradle.api.internal.tasks.testing.worker.TestWorker.processTestClass(TestWorker.java:106)
	at sun.reflect.GeneratedMethodAccessor104.invoke(Unknown Source)
	at sun.reflect.DelegatingMethodAccessorImpl.invoke(DelegatingMethodAccessorImpl.java:43)
	at java.lang.reflect.Method.invoke(Method.java:606)
	at org.gradle.messaging.dispatch.ReflectionDispatch.dispatch(ReflectionDispatch.java:35)
	at org.gradle.messaging.dispatch.ReflectionDispatch.dispatch(ReflectionDispatch.java:24)
	at org.gradle.messaging.remote.internal.hub.MessageHub$Handler.run(MessageHub.java:360)
	at org.gradle.internal.concurrent.DefaultExecutorFactory$StoppableExecutorImpl$1.run(DefaultExecutorFactory.java:64)
	at java.util.concurrent.ThreadPoolExecutor.runWorker(ThreadPoolExecutor.java:1145)
	at java.util.concurrent.ThreadPoolExecutor$Worker.run(ThreadPoolExecutor.java:615)
	at java.lang.Thread.run(Thread.java:745)
CommunicationGroup.commGroupDescription size must be between 0 and 256
java.lang.SecurityException: CommunicationGroup.commGroupDescription size must be between 0 and 256
	at com.athena.server.pluggable.utils.helper.EntityValidatorHelper.validateEntity(EntityValidatorHelper.java:37)
	at com.app.shared.organization.contactmanagement.CommunicationGroup.isValid(CommunicationGroup.java:150)
	at com.app.server.service.organization.contactmanagement.CommunicationGroupTestCase.validateCommunicationGroup(CommunicationGroupTestCase.java:177)
	at com.app.server.service.organization.contactmanagement.CommunicationGroupTestCase.test5NegativeTesting(CommunicationGroupTestCase.java:221)
	at sun.reflect.NativeMethodAccessorImpl.invoke0(Native Method)
	at sun.reflect.NativeMethodAccessorImpl.invoke(NativeMethodAccessorImpl.java:57)
	at sun.reflect.DelegatingMethodAccessorImpl.invoke(DelegatingMethodAccessorImpl.java:43)
	at java.lang.reflect.Method.invoke(Method.java:606)
	at org.junit.runners.model.FrameworkMethod$1.runReflectiveCall(FrameworkMethod.java:47)
	at org.junit.internal.runners.model.ReflectiveCallable.run(ReflectiveCallable.java:12)
	at org.junit.runners.model.FrameworkMethod.invokeExplosively(FrameworkMethod.java:44)
	at org.junit.internal.runners.statements.InvokeMethod.evaluate(InvokeMethod.java:17)
	at org.junit.internal.runners.statements.RunBefores.evaluate(RunBefores.java:26)
	at org.springframework.test.context.junit4.statements.RunBeforeTestMethodCallbacks.evaluate(RunBeforeTestMethodCallbacks.java:74)
	at org.junit.internal.runners.statements.RunAfters.evaluate(RunAfters.java:27)
	at org.springframework.test.context.junit4.statements.RunAfterTestMethodCallbacks.evaluate(RunAfterTestMethodCallbacks.java:83)
	at org.springframework.test.context.junit4.statements.SpringRepeat.evaluate(SpringRepeat.java:72)
	at org.springframework.test.context.junit4.SpringJUnit4ClassRunner.runChild(SpringJUnit4ClassRunner.java:233)
	at org.springframework.test.context.junit4.SpringJUnit4ClassRunner.runChild(SpringJUnit4ClassRunner.java:87)
	at org.junit.runners.ParentRunner$3.run(ParentRunner.java:238)
	at org.junit.runners.ParentRunner$1.schedule(ParentRunner.java:63)
	at org.junit.runners.ParentRunner.runChildren(ParentRunner.java:236)
	at org.junit.runners.ParentRunner.access$000(ParentRunner.java:53)
	at org.junit.runners.ParentRunner$2.evaluate(ParentRunner.java:229)
	at org.junit.internal.runners.statements.RunBefores.evaluate(RunBefores.java:26)
	at org.springframework.test.context.junit4.statements.RunBeforeTestClassCallbacks.evaluate(RunBeforeTestClassCallbacks.java:61)
	at org.springframework.test.context.junit4.statements.RunAfterTestClassCallbacks.evaluate(RunAfterTestClassCallbacks.java:71)
	at org.junit.runners.ParentRunner.run(ParentRunner.java:309)
	at org.springframework.test.context.junit4.SpringJUnit4ClassRunner.run(SpringJUnit4ClassRunner.java:176)
	at org.gradle.api.internal.tasks.testing.junit.JUnitTestClassExecuter.runTestClass(JUnitTestClassExecuter.java:86)
	at org.gradle.api.internal.tasks.testing.junit.JUnitTestClassExecuter.execute(JUnitTestClassExecuter.java:49)
	at org.gradle.api.internal.tasks.testing.junit.JUnitTestClassProcessor.processTestClass(JUnitTestClassProcessor.java:64)
	at org.gradle.api.internal.tasks.testing.SuiteTestClassProcessor.processTestClass(SuiteTestClassProcessor.java:50)
	at sun.reflect.GeneratedMethodAccessor105.invoke(Unknown Source)
	at sun.reflect.DelegatingMethodAccessorImpl.invoke(DelegatingMethodAccessorImpl.java:43)
	at java.lang.reflect.Method.invoke(Method.java:606)
	at org.gradle.messaging.dispatch.ReflectionDispatch.dispatch(ReflectionDispatch.java:35)
	at org.gradle.messaging.dispatch.ReflectionDispatch.dispatch(ReflectionDispatch.java:24)
	at org.gradle.messaging.dispatch.ContextClassLoaderDispatch.dispatch(ContextClassLoaderDispatch.java:32)
	at org.gradle.messaging.dispatch.ProxyDispatchAdapter$DispatchingInvocationHandler.invoke(ProxyDispatchAdapter.java:93)
	at com.sun.proxy.$Proxy2.processTestClass(Unknown Source)
	at org.gradle.api.internal.tasks.testing.worker.TestWorker.processTestClass(TestWorker.java:106)
	at sun.reflect.GeneratedMethodAccessor104.invoke(Unknown Source)
	at sun.reflect.DelegatingMethodAccessorImpl.invoke(DelegatingMethodAccessorImpl.java:43)
	at java.lang.reflect.Method.invoke(Method.java:606)
	at org.gradle.messaging.dispatch.ReflectionDispatch.dispatch(ReflectionDispatch.java:35)
	at org.gradle.messaging.dispatch.ReflectionDispatch.dispatch(ReflectionDispatch.java:24)
	at org.gradle.messaging.remote.internal.hub.MessageHub$Handler.run(MessageHub.java:360)
	at org.gradle.internal.concurrent.DefaultExecutorFactory$StoppableExecutorImpl$1.run(DefaultExecutorFactory.java:64)
	at java.util.concurrent.ThreadPoolExecutor.runWorker(ThreadPoolExecutor.java:1145)
	at java.util.concurrent.ThreadPoolExecutor$Worker.run(ThreadPoolExecutor.java:615)
	at java.lang.Thread.run(Thread.java:745)
]]></system-err>
</testsuite>
